<?xml version="1.0" encoding="UTF-8"?>
<!-- Generated by org.testng.reporters.JUnitXMLReporter -->
<testsuite hostname="WTC-5159473-l2" ignored="5" name="MFAC_Test" tests="25" failures="0" timestamp="01 Nov 2018 02:15:39 GMT" time="30.233" errors="0">
  <testcase name="SetEvironmentLevel" time="0.012" classname="SupportClasses.Set_Environment"/>
  <testcase name="IssuePin" time="2.062" classname="TestNG.MFAC"/>
  <testcase name="IssuePin" time="2.312" classname="TestNG.MFAC"/>
  <testcase name="IssuePin" time="5.96" classname="TestNG.MFAC"/>
  <testcase name="IssuePin" time="6.486" classname="TestNG.MFAC"/>
  <testcase name="VerifyPinValid" time="6.939" classname="TestNG.MFAC"/>
  <testcase name="VerifyPinValid" time="7.069" classname="TestNG.MFAC"/>
  <testcase name="VerifyPinValid" time="7.188" classname="TestNG.MFAC"/>
  <testcase name="VerifyPinValid" time="7.34" classname="TestNG.MFAC"/>
  <testcase name="VerifyPinNoLongerValid" time="15.247" classname="TestNG.MFAC"/>
  <testcase name="VerifyPinNoLongerValid" time="15.395" classname="TestNG.MFAC"/>
  <testcase name="VerifyPinNoLongerValid" time="15.603" classname="TestNG.MFAC"/>
  <testcase name="IssuePinVelocity" time="15.769" classname="TestNG.MFAC"/>
  <testcase name="IssuePinVelocity" time="16.483" classname="TestNG.MFAC"/>
  <testcase name="IssuePinVelocity" time="18.373" classname="TestNG.MFAC"/>
  <testcase name="VerifyPinNoLongerValid" time="18.669" classname="TestNG.MFAC"/>
  <testcase name="IssuePinVelocity" time="19.324" classname="TestNG.MFAC"/>
  <testcase name="VerifyPinVelocity" time="20.778" classname="TestNG.MFAC"/>
  <testcase name="VerifyPinVelocity" time="22.525" classname="TestNG.MFAC"/>
  <testcase name="VerifyPinVelocity" time="23.078" classname="TestNG.MFAC"/>
  <testcase name="VerifyPinVelocity" time="23.21" classname="TestNG.MFAC"/>
  <testcase name="AddressVelocity" time="26.919" classname="TestNG.MFAC"/>
  <testcase name="AddressVelocity" time="27.883" classname="TestNG.MFAC"/>
  <testcase name="AddressVelocity" time="28.048" classname="TestNG.MFAC"/>
  <testcase name="AddressVelocity" time="28.42" classname="TestNG.MFAC"/>
  <testcase name="IssuePinExpiration" time="0.0" classname="TestNG.MFAC">
    <ignored/>
  </testcase> <!-- IssuePinExpiration -->
  <testcase name="AdditionalEnrollmentExpiration" time="0.0" classname="TestNG.MFAC">
    <ignored/>
  </testcase> <!-- AdditionalEnrollmentExpiration -->
  <testcase name="DetermineLockoutTime" time="0.0" classname="TestNG.MFAC">
    <ignored/>
  </testcase> <!-- DetermineLockoutTime -->
  <testcase name="AdditionalEnrollmentExpirationValidate" time="0.0" classname="TestNG.MFAC">
    <ignored/>
  </testcase> <!-- AdditionalEnrollmentExpirationValidate -->
  <testcase name="IssuePinExpirationValidate" time="0.0" classname="TestNG.MFAC">
    <ignored/>
  </testcase> <!-- IssuePinExpirationValidate -->
</testsuite> <!-- MFAC_Test -->
