<?xml version="1.0" encoding="UTF-8"?>
<!-- Generated by org.testng.reporters.JUnitXMLReporter -->
<testsuite hostname="WTC-5159473-l2" ignored="1" name="MFAC_Test" tests="36" failures="0" timestamp="26 Oct 2018 15:03:03 GMT" time="1831.676" errors="0">
  <testcase name="testMethod" time="0.099" classname="SupportClasses.Set_Environment"/>
  <testcase name="IssuePinExpiration" time="1.053" classname="TestNG.MFAC"/>
  <testcase name="IssuePinExpiration" time="3.619" classname="TestNG.MFAC"/>
  <testcase name="IssuePinExpiration" time="4.297" classname="TestNG.MFAC"/>
  <testcase name="AdditionalEnrollmentExpiration" time="6.487" classname="TestNG.MFAC"/>
  <testcase name="IssuePinExpiration" time="6.68" classname="TestNG.MFAC"/>
  <testcase name="AdditionalEnrollmentExpiration" time="6.858" classname="TestNG.MFAC"/>
  <testcase name="AdditionalEnrollmentExpiration" time="7.661" classname="TestNG.MFAC"/>
  <testcase name="AdditionalEnrollmentExpiration" time="7.747" classname="TestNG.MFAC"/>
  <testcase name="IssuePin" time="1.355" classname="TestNG.MFAC"/>
  <testcase name="IssuePin" time="1.924" classname="TestNG.MFAC"/>
  <testcase name="IssuePin" time="2.831" classname="TestNG.MFAC"/>
  <testcase name="IssuePin" time="3.635" classname="TestNG.MFAC"/>
  <testcase name="VerifyPinValid" time="3.936" classname="TestNG.MFAC"/>
  <testcase name="IssuePinVelocity" time="6.823" classname="TestNG.MFAC"/>
  <testcase name="VerifyPinNoLongerValid" time="6.978" classname="TestNG.MFAC"/>
  <testcase name="VerifyPinValid" time="7.221" classname="TestNG.MFAC"/>
  <testcase name="VerifyPinValid" time="8.455" classname="TestNG.MFAC"/>
  <testcase name="VerifyPinNoLongerValid" time="9.084" classname="TestNG.MFAC"/>
  <testcase name="VerifyPinNoLongerValid" time="9.577" classname="TestNG.MFAC"/>
  <testcase name="VerifyPinValid" time="9.857" classname="TestNG.MFAC"/>
  <testcase name="IssuePinVelocity" time="10.282" classname="TestNG.MFAC"/>
  <testcase name="VerifyPinNoLongerValid" time="10.64" classname="TestNG.MFAC"/>
  <testcase name="VerifyPinVelocity" time="11.886" classname="TestNG.MFAC"/>
  <testcase name="IssuePinVelocity" time="12.283" classname="TestNG.MFAC"/>
  <testcase name="VerifyPinVelocity" time="13.156" classname="TestNG.MFAC"/>
  <testcase name="IssuePinVelocity" time="13.672" classname="TestNG.MFAC"/>
  <testcase name="VerifyPinVelocity" time="13.935" classname="TestNG.MFAC"/>
  <testcase name="VerifyPinVelocity" time="15.298" classname="TestNG.MFAC"/>
  <testcase name="AddressVelocity" time="16.745" classname="TestNG.MFAC"/>
  <testcase name="AddressVelocity" time="17.558" classname="TestNG.MFAC"/>
  <testcase name="AddressVelocity" time="18.296" classname="TestNG.MFAC"/>
  <testcase name="AddressVelocity" time="18.601" classname="TestNG.MFAC"/>
  <testcase name="AdditionalEnrollmentExpirationValidate" time="600.69" classname="TestNG.MFAC"/>
  <testcase name="IssuePinExpirationValidate" time="600.817" classname="TestNG.MFAC"/>
  <testcase name="IssuePinExpirationValidate" time="1800.971" classname="TestNG.MFAC"/>
  <testcase name="DetermineLockoutTime" time="0.0" classname="TestNG.MFAC">
    <ignored/>
  </testcase> <!-- DetermineLockoutTime -->
</testsuite> <!-- MFAC_Test -->
