<html>
<head>
<title>TestNG:  MFAC_Test</title>
<link href="../testng.css" rel="stylesheet" type="text/css" />
<link href="../my-testng.css" rel="stylesheet" type="text/css" />

<style type="text/css">
.log { display: none;} 
.stack-trace { display: none;} 
</style>
<script type="text/javascript">
<!--
function flip(e) {
  current = e.style.display;
  if (current == 'block') {
    e.style.display = 'none';
    return 0;
  }
  else {
    e.style.display = 'block';
    return 1;
  }
}

function toggleBox(szDivId, elem, msg1, msg2)
{
  var res = -1;  if (document.getElementById) {
    res = flip(document.getElementById(szDivId));
  }
  else if (document.all) {
    // this is the way old msie versions work
    res = flip(document.all[szDivId]);
  }
  if(elem) {
    if(res == 0) elem.innerHTML = msg1; else elem.innerHTML = msg2;
  }

}

function toggleAllBoxes() {
  if (document.getElementsByTagName) {
    d = document.getElementsByTagName('div');
    for (i = 0; i < d.length; i++) {
      if (d[i].className == 'log') {
        flip(d[i]);
      }
    }
  }
}

// -->
</script>

</head>
<body>
<h2 align='center'>MFAC_Test</h2><table border='1' align="center">
<tr>
<td>Tests passed/Failed/Skipped:</td><td>14/18/0</td>
</tr><tr>
<td>Started on:</td><td>Fri Jan 04 13:57:59 CST 2019</td>
</tr>
<tr><td>Total time:</td><td>47 seconds (47828 ms)</td>
</tr><tr>
<td>Included groups:</td><td></td>
</tr><tr>
<td>Excluded groups:</td><td></td>
</tr>
</table><p/>
<small><i>(Hover the method name to see the test class name)</i></small><p/>
<table width='100%' border='1' class='invocation-failed'>
<tr><td colspan='4' align='center'><b>FAILED TESTS</b></td></tr>
<tr><td><b>Test method</b></td>
<td width="30%"><b>Exception</b></td>
<td width="10%"><b>Time (seconds)</b></td>
<td><b>Instance</b></td>
</tr>
<tr>
<td title='MFAC.MFAC.AddressVelocity()'><b>AddressVelocity</b><br>Test class: MFAC.MFAC<br>Parameters: FDM-POSTCARD-PIN, l7xx1892f99a6f88470ba29abc141cd7bd8d, http://mfacdrt-cos-vip.test.cloud.fedex.com:9090/mfac/v3/addressVelocityCheck, 10</td>
<td><div><pre>java.lang.AssertionError: 
Expected: a string containing &quot;ALLOW&quot;
     but: was &quot;{&quot;transactionId&quot;:&quot;3dad53b6-0308-46e0-9cc1-7d46afc09c8a&quot;,&quot;errors&quot;:[{&quot;code&quot;:&quot;DENY&quot;,&quot;message&quot;:&quot;Unfortunately, too many failed attempts for registration have occurred. Please try again later.&quot;}]}&quot;
	at org.hamcrest.MatcherAssert.assertThat(MatcherAssert.java:20)
	at org.junit.Assert.assertThat(Assert.java:956)
	at org.junit.Assert.assertThat(Assert.java:923)
	at MFAC.MFAC.AddressVelocity(MFAC.java:128)
	at java.util.concurrent.FutureTask.run(Unknown Source)
	at java.util.concurrent.Executors$RunnableAdapter.call(Unknown Source)
	at java.util.concurrent.FutureTask.run(Unknown Source)
	at java.util.concurrent.ThreadPoolExecutor.runWorker(Unknown Source)
	at java.util.concurrent.ThreadPoolExecutor$Worker.run(Unknown Source)
	at java.lang.Thread.run(Unknown Source)
... Removed 9 stack frames</pre></div><a href='#' onClick='toggleBox("stack-trace485084631", this, "Click to show all stack frames", "Click to hide stack frames")'>Click to show all stack frames</a>
<div class='stack-trace' id='stack-trace485084631'><pre>java.lang.AssertionError: 
Expected: a string containing &quot;ALLOW&quot;
     but: was &quot;{&quot;transactionId&quot;:&quot;3dad53b6-0308-46e0-9cc1-7d46afc09c8a&quot;,&quot;errors&quot;:[{&quot;code&quot;:&quot;DENY&quot;,&quot;message&quot;:&quot;Unfortunately, too many failed attempts for registration have occurred. Please try again later.&quot;}]}&quot;
	at org.hamcrest.MatcherAssert.assertThat(MatcherAssert.java:20)
	at org.junit.Assert.assertThat(Assert.java:956)
	at org.junit.Assert.assertThat(Assert.java:923)
	at MFAC.MFAC.AddressVelocity(MFAC.java:128)
	at sun.reflect.NativeMethodAccessorImpl.invoke0(Native Method)
	at sun.reflect.NativeMethodAccessorImpl.invoke(Unknown Source)
	at sun.reflect.DelegatingMethodAccessorImpl.invoke(Unknown Source)
	at java.lang.reflect.Method.invoke(Unknown Source)
	at org.testng.internal.MethodInvocationHelper.invokeMethod(MethodInvocationHelper.java:124)
	at org.testng.internal.Invoker.invokeMethod(Invoker.java:580)
	at org.testng.internal.Invoker.invokeTestMethod(Invoker.java:716)
	at org.testng.internal.TestMethodWithDataProviderMethodWorker.call(TestMethodWithDataProviderMethodWorker.java:71)
	at org.testng.internal.TestMethodWithDataProviderMethodWorker.call(TestMethodWithDataProviderMethodWorker.java:14)
	at java.util.concurrent.FutureTask.run(Unknown Source)
	at java.util.concurrent.Executors$RunnableAdapter.call(Unknown Source)
	at java.util.concurrent.FutureTask.run(Unknown Source)
	at java.util.concurrent.ThreadPoolExecutor.runWorker(Unknown Source)
	at java.util.concurrent.ThreadPoolExecutor$Worker.run(Unknown Source)
	at java.lang.Thread.run(Unknown Source)
</pre></div></td>
<td>40</td>
<td>MFAC.MFAC@48a242ce</td></tr>
<tr>
<td title='MFAC.MFAC.AddressVelocity()'><b>AddressVelocity</b><br>Test class: MFAC.MFAC<br>Parameters: FDM-POSTCARD-PIN, l7xx1892f99a6f88470ba29abc141cd7bd8d, https://apidrt.idev.fedex.com:8443/security/v1/addresses/velocitycheck, 10</td>
<td><div><pre>java.lang.AssertionError: 
Expected: a string containing &quot;ALLOW&quot;
     but: was &quot;{&quot;transactionId&quot;:&quot;9c3c6113-9f92-421b-b241-0bb708b38521&quot;,&quot;errors&quot;:[{&quot;code&quot;:&quot;DENY&quot;,&quot;message&quot;:&quot;Unfortunately, too many failed attempts for registration have occurred. Please try again later.&quot;}]}&quot;
	at org.hamcrest.MatcherAssert.assertThat(MatcherAssert.java:20)
	at org.junit.Assert.assertThat(Assert.java:956)
	at org.junit.Assert.assertThat(Assert.java:923)
	at MFAC.MFAC.AddressVelocity(MFAC.java:128)
	at java.util.concurrent.FutureTask.run(Unknown Source)
	at java.util.concurrent.Executors$RunnableAdapter.call(Unknown Source)
	at java.util.concurrent.FutureTask.run(Unknown Source)
	at java.util.concurrent.ThreadPoolExecutor.runWorker(Unknown Source)
	at java.util.concurrent.ThreadPoolExecutor$Worker.run(Unknown Source)
	at java.lang.Thread.run(Unknown Source)
... Removed 9 stack frames</pre></div><a href='#' onClick='toggleBox("stack-trace1504999334", this, "Click to show all stack frames", "Click to hide stack frames")'>Click to show all stack frames</a>
<div class='stack-trace' id='stack-trace1504999334'><pre>java.lang.AssertionError: 
Expected: a string containing &quot;ALLOW&quot;
     but: was &quot;{&quot;transactionId&quot;:&quot;9c3c6113-9f92-421b-b241-0bb708b38521&quot;,&quot;errors&quot;:[{&quot;code&quot;:&quot;DENY&quot;,&quot;message&quot;:&quot;Unfortunately, too many failed attempts for registration have occurred. Please try again later.&quot;}]}&quot;
	at org.hamcrest.MatcherAssert.assertThat(MatcherAssert.java:20)
	at org.junit.Assert.assertThat(Assert.java:956)
	at org.junit.Assert.assertThat(Assert.java:923)
	at MFAC.MFAC.AddressVelocity(MFAC.java:128)
	at sun.reflect.NativeMethodAccessorImpl.invoke0(Native Method)
	at sun.reflect.NativeMethodAccessorImpl.invoke(Unknown Source)
	at sun.reflect.DelegatingMethodAccessorImpl.invoke(Unknown Source)
	at java.lang.reflect.Method.invoke(Unknown Source)
	at org.testng.internal.MethodInvocationHelper.invokeMethod(MethodInvocationHelper.java:124)
	at org.testng.internal.Invoker.invokeMethod(Invoker.java:580)
	at org.testng.internal.Invoker.invokeTestMethod(Invoker.java:716)
	at org.testng.internal.TestMethodWithDataProviderMethodWorker.call(TestMethodWithDataProviderMethodWorker.java:71)
	at org.testng.internal.TestMethodWithDataProviderMethodWorker.call(TestMethodWithDataProviderMethodWorker.java:14)
	at java.util.concurrent.FutureTask.run(Unknown Source)
	at java.util.concurrent.Executors$RunnableAdapter.call(Unknown Source)
	at java.util.concurrent.FutureTask.run(Unknown Source)
	at java.util.concurrent.ThreadPoolExecutor.runWorker(Unknown Source)
	at java.util.concurrent.ThreadPoolExecutor$Worker.run(Unknown Source)
	at java.lang.Thread.run(Unknown Source)
</pre></div></td>
<td>42</td>
<td>MFAC.MFAC@48a242ce</td></tr>
<tr>
<td title='MFAC.MFAC.AddressVelocity()'><b>AddressVelocity</b><br>Test class: MFAC.MFAC<br>Parameters: FDM-PHONE-PIN, l7xx1892f99a6f88470ba29abc141cd7bd8d, http://mfacdrt-cos-vip.test.cloud.fedex.com:9090/mfac/v3/addressVelocityCheck, 10</td>
<td><div><pre>java.lang.AssertionError: 
Expected: a string containing &quot;ALLOW&quot;
     but: was &quot;{&quot;transactionId&quot;:&quot;0a5047d8-8ce0-49c8-8f46-94aff94ed40b&quot;,&quot;errors&quot;:[{&quot;code&quot;:&quot;DENY&quot;,&quot;message&quot;:&quot;Unfortunately, too many failed attempts for registration have occurred. Please try again later.&quot;}]}&quot;
	at org.hamcrest.MatcherAssert.assertThat(MatcherAssert.java:20)
	at org.junit.Assert.assertThat(Assert.java:956)
	at org.junit.Assert.assertThat(Assert.java:923)
	at MFAC.MFAC.AddressVelocity(MFAC.java:128)
	at java.util.concurrent.FutureTask.run(Unknown Source)
	at java.util.concurrent.Executors$RunnableAdapter.call(Unknown Source)
	at java.util.concurrent.FutureTask.run(Unknown Source)
	at java.util.concurrent.ThreadPoolExecutor.runWorker(Unknown Source)
	at java.util.concurrent.ThreadPoolExecutor$Worker.run(Unknown Source)
	at java.lang.Thread.run(Unknown Source)
... Removed 9 stack frames</pre></div><a href='#' onClick='toggleBox("stack-trace54181836", this, "Click to show all stack frames", "Click to hide stack frames")'>Click to show all stack frames</a>
<div class='stack-trace' id='stack-trace54181836'><pre>java.lang.AssertionError: 
Expected: a string containing &quot;ALLOW&quot;
     but: was &quot;{&quot;transactionId&quot;:&quot;0a5047d8-8ce0-49c8-8f46-94aff94ed40b&quot;,&quot;errors&quot;:[{&quot;code&quot;:&quot;DENY&quot;,&quot;message&quot;:&quot;Unfortunately, too many failed attempts for registration have occurred. Please try again later.&quot;}]}&quot;
	at org.hamcrest.MatcherAssert.assertThat(MatcherAssert.java:20)
	at org.junit.Assert.assertThat(Assert.java:956)
	at org.junit.Assert.assertThat(Assert.java:923)
	at MFAC.MFAC.AddressVelocity(MFAC.java:128)
	at sun.reflect.NativeMethodAccessorImpl.invoke0(Native Method)
	at sun.reflect.NativeMethodAccessorImpl.invoke(Unknown Source)
	at sun.reflect.DelegatingMethodAccessorImpl.invoke(Unknown Source)
	at java.lang.reflect.Method.invoke(Unknown Source)
	at org.testng.internal.MethodInvocationHelper.invokeMethod(MethodInvocationHelper.java:124)
	at org.testng.internal.Invoker.invokeMethod(Invoker.java:580)
	at org.testng.internal.Invoker.invokeTestMethod(Invoker.java:716)
	at org.testng.internal.TestMethodWithDataProviderMethodWorker.call(TestMethodWithDataProviderMethodWorker.java:71)
	at org.testng.internal.TestMethodWithDataProviderMethodWorker.call(TestMethodWithDataProviderMethodWorker.java:14)
	at java.util.concurrent.FutureTask.run(Unknown Source)
	at java.util.concurrent.Executors$RunnableAdapter.call(Unknown Source)
	at java.util.concurrent.FutureTask.run(Unknown Source)
	at java.util.concurrent.ThreadPoolExecutor.runWorker(Unknown Source)
	at java.util.concurrent.ThreadPoolExecutor$Worker.run(Unknown Source)
	at java.lang.Thread.run(Unknown Source)
</pre></div></td>
<td>43</td>
<td>MFAC.MFAC@48a242ce</td></tr>
<tr>
<td title='MFAC.MFAC.AddressVelocity()'><b>AddressVelocity</b><br>Test class: MFAC.MFAC<br>Parameters: FDM-PHONE-PIN, l7xx1892f99a6f88470ba29abc141cd7bd8d, https://apidrt.idev.fedex.com:8443/security/v1/addresses/velocitycheck, 10</td>
<td><div><pre>java.lang.AssertionError: 
Expected: a string containing &quot;ALLOW&quot;
     but: was &quot;{&quot;transactionId&quot;:&quot;ac9565d8-511d-4b2c-b47c-ef8a4e2ec05a&quot;,&quot;errors&quot;:[{&quot;code&quot;:&quot;DENY&quot;,&quot;message&quot;:&quot;Unfortunately, too many failed attempts for registration have occurred. Please try again later.&quot;}]}&quot;
	at org.hamcrest.MatcherAssert.assertThat(MatcherAssert.java:20)
	at org.junit.Assert.assertThat(Assert.java:956)
	at org.junit.Assert.assertThat(Assert.java:923)
	at MFAC.MFAC.AddressVelocity(MFAC.java:128)
	at java.util.concurrent.FutureTask.run(Unknown Source)
	at java.util.concurrent.Executors$RunnableAdapter.call(Unknown Source)
	at java.util.concurrent.FutureTask.run(Unknown Source)
	at java.util.concurrent.ThreadPoolExecutor.runWorker(Unknown Source)
	at java.util.concurrent.ThreadPoolExecutor$Worker.run(Unknown Source)
	at java.lang.Thread.run(Unknown Source)
... Removed 9 stack frames</pre></div><a href='#' onClick='toggleBox("stack-trace70649892", this, "Click to show all stack frames", "Click to hide stack frames")'>Click to show all stack frames</a>
<div class='stack-trace' id='stack-trace70649892'><pre>java.lang.AssertionError: 
Expected: a string containing &quot;ALLOW&quot;
     but: was &quot;{&quot;transactionId&quot;:&quot;ac9565d8-511d-4b2c-b47c-ef8a4e2ec05a&quot;,&quot;errors&quot;:[{&quot;code&quot;:&quot;DENY&quot;,&quot;message&quot;:&quot;Unfortunately, too many failed attempts for registration have occurred. Please try again later.&quot;}]}&quot;
	at org.hamcrest.MatcherAssert.assertThat(MatcherAssert.java:20)
	at org.junit.Assert.assertThat(Assert.java:956)
	at org.junit.Assert.assertThat(Assert.java:923)
	at MFAC.MFAC.AddressVelocity(MFAC.java:128)
	at sun.reflect.NativeMethodAccessorImpl.invoke0(Native Method)
	at sun.reflect.NativeMethodAccessorImpl.invoke(Unknown Source)
	at sun.reflect.DelegatingMethodAccessorImpl.invoke(Unknown Source)
	at java.lang.reflect.Method.invoke(Unknown Source)
	at org.testng.internal.MethodInvocationHelper.invokeMethod(MethodInvocationHelper.java:124)
	at org.testng.internal.Invoker.invokeMethod(Invoker.java:580)
	at org.testng.internal.Invoker.invokeTestMethod(Invoker.java:716)
	at org.testng.internal.TestMethodWithDataProviderMethodWorker.call(TestMethodWithDataProviderMethodWorker.java:71)
	at org.testng.internal.TestMethodWithDataProviderMethodWorker.call(TestMethodWithDataProviderMethodWorker.java:14)
	at java.util.concurrent.FutureTask.run(Unknown Source)
	at java.util.concurrent.Executors$RunnableAdapter.call(Unknown Source)
	at java.util.concurrent.FutureTask.run(Unknown Source)
	at java.util.concurrent.ThreadPoolExecutor.runWorker(Unknown Source)
	at java.util.concurrent.ThreadPoolExecutor$Worker.run(Unknown Source)
	at java.lang.Thread.run(Unknown Source)
</pre></div></td>
<td>45</td>
<td>MFAC.MFAC@48a242ce</td></tr>
<tr>
<td title='MFAC.MFAC.IssuePin()'><b>IssuePin</b><br>Test class: MFAC.MFAC<br>Parameters: FDM-PHONE-PIN, l7xx1892f99a6f88470ba29abc141cd7bd8d, https://apidrt.idev.fedex.com:8443/security/v1/pin</td>
<td><div><pre>java.lang.AssertionError: 
Expected: (a string containing &quot;pinOTP&quot; and a string containing &quot;pinExpirationDate&quot;)
     but: a string containing &quot;pinOTP&quot; was &quot;{&quot;transactionId&quot;:&quot;e893f324-8bcf-4fb9-932e-87f227a0ca9d&quot;,&quot;errors&quot;:[{&quot;code&quot;:&quot;5700&quot;,&quot;message&quot;:&quot;Unfortunately, you have exceeded your마ttempts for verification. Please try again later.&quot;}]}&quot;
	at org.hamcrest.MatcherAssert.assertThat(MatcherAssert.java:20)
	at org.junit.Assert.assertThat(Assert.java:956)
	at org.junit.Assert.assertThat(Assert.java:923)
	at MFAC.MFAC.IssuePin(MFAC.java:147)
	at java.util.concurrent.FutureTask.run(Unknown Source)
	at java.util.concurrent.Executors$RunnableAdapter.call(Unknown Source)
	at java.util.concurrent.FutureTask.run(Unknown Source)
	at java.util.concurrent.ThreadPoolExecutor.runWorker(Unknown Source)
	at java.util.concurrent.ThreadPoolExecutor$Worker.run(Unknown Source)
	at java.lang.Thread.run(Unknown Source)
... Removed 9 stack frames</pre></div><a href='#' onClick='toggleBox("stack-trace1680316524", this, "Click to show all stack frames", "Click to hide stack frames")'>Click to show all stack frames</a>
<div class='stack-trace' id='stack-trace1680316524'><pre>java.lang.AssertionError: 
Expected: (a string containing &quot;pinOTP&quot; and a string containing &quot;pinExpirationDate&quot;)
     but: a string containing &quot;pinOTP&quot; was &quot;{&quot;transactionId&quot;:&quot;e893f324-8bcf-4fb9-932e-87f227a0ca9d&quot;,&quot;errors&quot;:[{&quot;code&quot;:&quot;5700&quot;,&quot;message&quot;:&quot;Unfortunately, you have exceeded your마ttempts for verification. Please try again later.&quot;}]}&quot;
	at org.hamcrest.MatcherAssert.assertThat(MatcherAssert.java:20)
	at org.junit.Assert.assertThat(Assert.java:956)
	at org.junit.Assert.assertThat(Assert.java:923)
	at MFAC.MFAC.IssuePin(MFAC.java:147)
	at sun.reflect.NativeMethodAccessorImpl.invoke0(Native Method)
	at sun.reflect.NativeMethodAccessorImpl.invoke(Unknown Source)
	at sun.reflect.DelegatingMethodAccessorImpl.invoke(Unknown Source)
	at java.lang.reflect.Method.invoke(Unknown Source)
	at org.testng.internal.MethodInvocationHelper.invokeMethod(MethodInvocationHelper.java:124)
	at org.testng.internal.Invoker.invokeMethod(Invoker.java:580)
	at org.testng.internal.Invoker.invokeTestMethod(Invoker.java:716)
	at org.testng.internal.TestMethodWithDataProviderMethodWorker.call(TestMethodWithDataProviderMethodWorker.java:71)
	at org.testng.internal.TestMethodWithDataProviderMethodWorker.call(TestMethodWithDataProviderMethodWorker.java:14)
	at java.util.concurrent.FutureTask.run(Unknown Source)
	at java.util.concurrent.Executors$RunnableAdapter.call(Unknown Source)
	at java.util.concurrent.FutureTask.run(Unknown Source)
	at java.util.concurrent.ThreadPoolExecutor.runWorker(Unknown Source)
	at java.util.concurrent.ThreadPoolExecutor$Worker.run(Unknown Source)
	at java.lang.Thread.run(Unknown Source)
</pre></div></td>
<td>1</td>
<td>MFAC.MFAC@48a242ce</td></tr>
<tr>
<td title='MFAC.MFAC.IssuePin()'><b>IssuePin</b><br>Test class: MFAC.MFAC<br>Parameters: FDM-PHONE-PIN, l7xx1892f99a6f88470ba29abc141cd7bd8d, http://mfacdrt-cos-vip.test.cloud.fedex.com:9090/mfac/v3/issuePIN</td>
<td><div><pre>java.lang.AssertionError: 
Expected: (a string containing &quot;pinOTP&quot; and a string containing &quot;pinExpirationDate&quot;)
     but: a string containing &quot;pinOTP&quot; was &quot;{&quot;transactionId&quot;:&quot;55a4af70-1d59-4c1f-a720-bb244fa9d33a&quot;,&quot;errors&quot;:[{&quot;code&quot;:&quot;5700&quot;,&quot;message&quot;:&quot;Unfortunately, you have exceeded your마ttempts for verification. Please try again later.&quot;}]}&quot;
	at org.hamcrest.MatcherAssert.assertThat(MatcherAssert.java:20)
	at org.junit.Assert.assertThat(Assert.java:956)
	at org.junit.Assert.assertThat(Assert.java:923)
	at MFAC.MFAC.IssuePin(MFAC.java:147)
	at java.util.concurrent.FutureTask.run(Unknown Source)
	at java.util.concurrent.Executors$RunnableAdapter.call(Unknown Source)
	at java.util.concurrent.FutureTask.run(Unknown Source)
	at java.util.concurrent.ThreadPoolExecutor.runWorker(Unknown Source)
	at java.util.concurrent.ThreadPoolExecutor$Worker.run(Unknown Source)
	at java.lang.Thread.run(Unknown Source)
... Removed 9 stack frames</pre></div><a href='#' onClick='toggleBox("stack-trace870101515", this, "Click to show all stack frames", "Click to hide stack frames")'>Click to show all stack frames</a>
<div class='stack-trace' id='stack-trace870101515'><pre>java.lang.AssertionError: 
Expected: (a string containing &quot;pinOTP&quot; and a string containing &quot;pinExpirationDate&quot;)
     but: a string containing &quot;pinOTP&quot; was &quot;{&quot;transactionId&quot;:&quot;55a4af70-1d59-4c1f-a720-bb244fa9d33a&quot;,&quot;errors&quot;:[{&quot;code&quot;:&quot;5700&quot;,&quot;message&quot;:&quot;Unfortunately, you have exceeded your마ttempts for verification. Please try again later.&quot;}]}&quot;
	at org.hamcrest.MatcherAssert.assertThat(MatcherAssert.java:20)
	at org.junit.Assert.assertThat(Assert.java:956)
	at org.junit.Assert.assertThat(Assert.java:923)
	at MFAC.MFAC.IssuePin(MFAC.java:147)
	at sun.reflect.NativeMethodAccessorImpl.invoke0(Native Method)
	at sun.reflect.NativeMethodAccessorImpl.invoke(Unknown Source)
	at sun.reflect.DelegatingMethodAccessorImpl.invoke(Unknown Source)
	at java.lang.reflect.Method.invoke(Unknown Source)
	at org.testng.internal.MethodInvocationHelper.invokeMethod(MethodInvocationHelper.java:124)
	at org.testng.internal.Invoker.invokeMethod(Invoker.java:580)
	at org.testng.internal.Invoker.invokeTestMethod(Invoker.java:716)
	at org.testng.internal.TestMethodWithDataProviderMethodWorker.call(TestMethodWithDataProviderMethodWorker.java:71)
	at org.testng.internal.TestMethodWithDataProviderMethodWorker.call(TestMethodWithDataProviderMethodWorker.java:14)
	at java.util.concurrent.FutureTask.run(Unknown Source)
	at java.util.concurrent.Executors$RunnableAdapter.call(Unknown Source)
	at java.util.concurrent.FutureTask.run(Unknown Source)
	at java.util.concurrent.ThreadPoolExecutor.runWorker(Unknown Source)
	at java.util.concurrent.ThreadPoolExecutor$Worker.run(Unknown Source)
	at java.lang.Thread.run(Unknown Source)
</pre></div></td>
<td>3</td>
<td>MFAC.MFAC@48a242ce</td></tr>
<tr>
<td title='MFAC.MFAC.IssuePinVelocity()'><b>IssuePinVelocity</b><br>Test class: MFAC.MFAC<br>Parameters: FDM-PHONE-PIN, l7xx1892f99a6f88470ba29abc141cd7bd8d, http://mfacdrt-cos-vip.test.cloud.fedex.com:9090/mfac/v3/issuePIN, 3</td>
<td><div><pre>java.lang.AssertionError: 
Expected: (a string containing &quot;pinOTP&quot; and a string containing &quot;pinExpirationDate&quot;)
     but: a string containing &quot;pinOTP&quot; was &quot;{&quot;transactionId&quot;:&quot;3a6d91ce-b228-4889-aecd-00b4cae9e251&quot;,&quot;errors&quot;:[{&quot;code&quot;:&quot;5700&quot;,&quot;message&quot;:&quot;Unfortunately, you have exceeded your마ttempts for verification. Please try again later.&quot;}]}&quot;
	at org.hamcrest.MatcherAssert.assertThat(MatcherAssert.java:20)
	at org.junit.Assert.assertThat(Assert.java:956)
	at org.junit.Assert.assertThat(Assert.java:923)
	at MFAC.MFAC.IssuePinVelocity(MFAC.java:165)
	at java.util.concurrent.FutureTask.run(Unknown Source)
	at java.util.concurrent.Executors$RunnableAdapter.call(Unknown Source)
	at java.util.concurrent.FutureTask.run(Unknown Source)
	at java.util.concurrent.ThreadPoolExecutor.runWorker(Unknown Source)
	at java.util.concurrent.ThreadPoolExecutor$Worker.run(Unknown Source)
	at java.lang.Thread.run(Unknown Source)
... Removed 9 stack frames</pre></div><a href='#' onClick='toggleBox("stack-trace1440504922", this, "Click to show all stack frames", "Click to hide stack frames")'>Click to show all stack frames</a>
<div class='stack-trace' id='stack-trace1440504922'><pre>java.lang.AssertionError: 
Expected: (a string containing &quot;pinOTP&quot; and a string containing &quot;pinExpirationDate&quot;)
     but: a string containing &quot;pinOTP&quot; was &quot;{&quot;transactionId&quot;:&quot;3a6d91ce-b228-4889-aecd-00b4cae9e251&quot;,&quot;errors&quot;:[{&quot;code&quot;:&quot;5700&quot;,&quot;message&quot;:&quot;Unfortunately, you have exceeded your마ttempts for verification. Please try again later.&quot;}]}&quot;
	at org.hamcrest.MatcherAssert.assertThat(MatcherAssert.java:20)
	at org.junit.Assert.assertThat(Assert.java:956)
	at org.junit.Assert.assertThat(Assert.java:923)
	at MFAC.MFAC.IssuePinVelocity(MFAC.java:165)
	at sun.reflect.NativeMethodAccessorImpl.invoke0(Native Method)
	at sun.reflect.NativeMethodAccessorImpl.invoke(Unknown Source)
	at sun.reflect.DelegatingMethodAccessorImpl.invoke(Unknown Source)
	at java.lang.reflect.Method.invoke(Unknown Source)
	at org.testng.internal.MethodInvocationHelper.invokeMethod(MethodInvocationHelper.java:124)
	at org.testng.internal.Invoker.invokeMethod(Invoker.java:580)
	at org.testng.internal.Invoker.invokeTestMethod(Invoker.java:716)
	at org.testng.internal.TestMethodWithDataProviderMethodWorker.call(TestMethodWithDataProviderMethodWorker.java:71)
	at org.testng.internal.TestMethodWithDataProviderMethodWorker.call(TestMethodWithDataProviderMethodWorker.java:14)
	at java.util.concurrent.FutureTask.run(Unknown Source)
	at java.util.concurrent.Executors$RunnableAdapter.call(Unknown Source)
	at java.util.concurrent.FutureTask.run(Unknown Source)
	at java.util.concurrent.ThreadPoolExecutor.runWorker(Unknown Source)
	at java.util.concurrent.ThreadPoolExecutor$Worker.run(Unknown Source)
	at java.lang.Thread.run(Unknown Source)
</pre></div></td>
<td>17</td>
<td>MFAC.MFAC@48a242ce</td></tr>
<tr>
<td title='MFAC.MFAC.IssuePinVelocity()'><b>IssuePinVelocity</b><br>Test class: MFAC.MFAC<br>Parameters: FDM-PHONE-PIN, l7xx1892f99a6f88470ba29abc141cd7bd8d, https://apidrt.idev.fedex.com:8443/security/v1/pin, 3</td>
<td><div><pre>java.lang.AssertionError: 
Expected: (a string containing &quot;pinOTP&quot; and a string containing &quot;pinExpirationDate&quot;)
     but: a string containing &quot;pinOTP&quot; was &quot;{&quot;transactionId&quot;:&quot;d9fb1147-8fa0-4f39-83ea-4315c2fe9b50&quot;,&quot;errors&quot;:[{&quot;code&quot;:&quot;5700&quot;,&quot;message&quot;:&quot;Unfortunately, you have exceeded your마ttempts for verification. Please try again later.&quot;}]}&quot;
	at org.hamcrest.MatcherAssert.assertThat(MatcherAssert.java:20)
	at org.junit.Assert.assertThat(Assert.java:956)
	at org.junit.Assert.assertThat(Assert.java:923)
	at MFAC.MFAC.IssuePinVelocity(MFAC.java:165)
	at java.util.concurrent.FutureTask.run(Unknown Source)
	at java.util.concurrent.Executors$RunnableAdapter.call(Unknown Source)
	at java.util.concurrent.FutureTask.run(Unknown Source)
	at java.util.concurrent.ThreadPoolExecutor.runWorker(Unknown Source)
	at java.util.concurrent.ThreadPoolExecutor$Worker.run(Unknown Source)
	at java.lang.Thread.run(Unknown Source)
... Removed 9 stack frames</pre></div><a href='#' onClick='toggleBox("stack-trace239887628", this, "Click to show all stack frames", "Click to hide stack frames")'>Click to show all stack frames</a>
<div class='stack-trace' id='stack-trace239887628'><pre>java.lang.AssertionError: 
Expected: (a string containing &quot;pinOTP&quot; and a string containing &quot;pinExpirationDate&quot;)
     but: a string containing &quot;pinOTP&quot; was &quot;{&quot;transactionId&quot;:&quot;d9fb1147-8fa0-4f39-83ea-4315c2fe9b50&quot;,&quot;errors&quot;:[{&quot;code&quot;:&quot;5700&quot;,&quot;message&quot;:&quot;Unfortunately, you have exceeded your마ttempts for verification. Please try again later.&quot;}]}&quot;
	at org.hamcrest.MatcherAssert.assertThat(MatcherAssert.java:20)
	at org.junit.Assert.assertThat(Assert.java:956)
	at org.junit.Assert.assertThat(Assert.java:923)
	at MFAC.MFAC.IssuePinVelocity(MFAC.java:165)
	at sun.reflect.NativeMethodAccessorImpl.invoke0(Native Method)
	at sun.reflect.NativeMethodAccessorImpl.invoke(Unknown Source)
	at sun.reflect.DelegatingMethodAccessorImpl.invoke(Unknown Source)
	at java.lang.reflect.Method.invoke(Unknown Source)
	at org.testng.internal.MethodInvocationHelper.invokeMethod(MethodInvocationHelper.java:124)
	at org.testng.internal.Invoker.invokeMethod(Invoker.java:580)
	at org.testng.internal.Invoker.invokeTestMethod(Invoker.java:716)
	at org.testng.internal.TestMethodWithDataProviderMethodWorker.call(TestMethodWithDataProviderMethodWorker.java:71)
	at org.testng.internal.TestMethodWithDataProviderMethodWorker.call(TestMethodWithDataProviderMethodWorker.java:14)
	at java.util.concurrent.FutureTask.run(Unknown Source)
	at java.util.concurrent.Executors$RunnableAdapter.call(Unknown Source)
	at java.util.concurrent.FutureTask.run(Unknown Source)
	at java.util.concurrent.ThreadPoolExecutor.runWorker(Unknown Source)
	at java.util.concurrent.ThreadPoolExecutor$Worker.run(Unknown Source)
	at java.lang.Thread.run(Unknown Source)
</pre></div></td>
<td>26</td>
<td>MFAC.MFAC@48a242ce</td></tr>
<tr>
<td title='MFAC.MFAC.VerifyPinNoLongerValid()'><b>VerifyPinNoLongerValid</b><br>Test class: MFAC.MFAC<br>Parameters: FDM-PHONE-PIN, l7xx1892f99a6f88470ba29abc141cd7bd8d, https://apidrt.idev.fedex.com:8443/security/v1/pin, https://apidrt.idev.fedex.com:8443/security/v1/pin/verify</td>
<td><div><pre>java.lang.AssertionError: 
Expected: a string containing &quot;pinOTP&quot;
     but: was &quot;{&quot;transactionId&quot;:&quot;188e2f15-bfe6-4266-a55e-3ea609177be6&quot;,&quot;errors&quot;:[{&quot;code&quot;:&quot;5700&quot;,&quot;message&quot;:&quot;Unfortunately, you have exceeded your마ttempts for verification. Please try again later.&quot;}]}&quot;
	at org.hamcrest.MatcherAssert.assertThat(MatcherAssert.java:20)
	at org.junit.Assert.assertThat(Assert.java:956)
	at org.junit.Assert.assertThat(Assert.java:923)
	at MFAC.MFAC.VerifyPinNoLongerValid(MFAC.java:229)
	at java.util.concurrent.FutureTask.run(Unknown Source)
	at java.util.concurrent.Executors$RunnableAdapter.call(Unknown Source)
	at java.util.concurrent.FutureTask.run(Unknown Source)
	at java.util.concurrent.ThreadPoolExecutor.runWorker(Unknown Source)
	at java.util.concurrent.ThreadPoolExecutor$Worker.run(Unknown Source)
	at java.lang.Thread.run(Unknown Source)
... Removed 9 stack frames</pre></div><a href='#' onClick='toggleBox("stack-trace1535209307", this, "Click to show all stack frames", "Click to hide stack frames")'>Click to show all stack frames</a>
<div class='stack-trace' id='stack-trace1535209307'><pre>java.lang.AssertionError: 
Expected: a string containing &quot;pinOTP&quot;
     but: was &quot;{&quot;transactionId&quot;:&quot;188e2f15-bfe6-4266-a55e-3ea609177be6&quot;,&quot;errors&quot;:[{&quot;code&quot;:&quot;5700&quot;,&quot;message&quot;:&quot;Unfortunately, you have exceeded your마ttempts for verification. Please try again later.&quot;}]}&quot;
	at org.hamcrest.MatcherAssert.assertThat(MatcherAssert.java:20)
	at org.junit.Assert.assertThat(Assert.java:956)
	at org.junit.Assert.assertThat(Assert.java:923)
	at MFAC.MFAC.VerifyPinNoLongerValid(MFAC.java:229)
	at sun.reflect.NativeMethodAccessorImpl.invoke0(Native Method)
	at sun.reflect.NativeMethodAccessorImpl.invoke(Unknown Source)
	at sun.reflect.DelegatingMethodAccessorImpl.invoke(Unknown Source)
	at java.lang.reflect.Method.invoke(Unknown Source)
	at org.testng.internal.MethodInvocationHelper.invokeMethod(MethodInvocationHelper.java:124)
	at org.testng.internal.Invoker.invokeMethod(Invoker.java:580)
	at org.testng.internal.Invoker.invokeTestMethod(Invoker.java:716)
	at org.testng.internal.TestMethodWithDataProviderMethodWorker.call(TestMethodWithDataProviderMethodWorker.java:71)
	at org.testng.internal.TestMethodWithDataProviderMethodWorker.call(TestMethodWithDataProviderMethodWorker.java:14)
	at java.util.concurrent.FutureTask.run(Unknown Source)
	at java.util.concurrent.Executors$RunnableAdapter.call(Unknown Source)
	at java.util.concurrent.FutureTask.run(Unknown Source)
	at java.util.concurrent.ThreadPoolExecutor.runWorker(Unknown Source)
	at java.util.concurrent.ThreadPoolExecutor$Worker.run(Unknown Source)
	at java.lang.Thread.run(Unknown Source)
</pre></div></td>
<td>4</td>
<td>MFAC.MFAC@48a242ce</td></tr>
<tr>
<td title='MFAC.MFAC.VerifyPinNoLongerValid()'><b>VerifyPinNoLongerValid</b><br>Test class: MFAC.MFAC<br>Parameters: FDM-PHONE-PIN, l7xx1892f99a6f88470ba29abc141cd7bd8d, http://mfacdrt-cos-vip.test.cloud.fedex.com:9090/mfac/v3/issuePIN, http://mfacdrt-cos-vip.test.cloud.fedex.com:9090/mfac/v3/verifyPIN</td>
<td><div><pre>java.lang.AssertionError: 
Expected: a string containing &quot;pinOTP&quot;
     but: was &quot;{&quot;transactionId&quot;:&quot;f0075d9f-ec17-4e1b-bebe-fbe4c77a23b1&quot;,&quot;errors&quot;:[{&quot;code&quot;:&quot;5700&quot;,&quot;message&quot;:&quot;Unfortunately, you have exceeded your마ttempts for verification. Please try again later.&quot;}]}&quot;
	at org.hamcrest.MatcherAssert.assertThat(MatcherAssert.java:20)
	at org.junit.Assert.assertThat(Assert.java:956)
	at org.junit.Assert.assertThat(Assert.java:923)
	at MFAC.MFAC.VerifyPinNoLongerValid(MFAC.java:229)
	at java.util.concurrent.FutureTask.run(Unknown Source)
	at java.util.concurrent.Executors$RunnableAdapter.call(Unknown Source)
	at java.util.concurrent.FutureTask.run(Unknown Source)
	at java.util.concurrent.ThreadPoolExecutor.runWorker(Unknown Source)
	at java.util.concurrent.ThreadPoolExecutor$Worker.run(Unknown Source)
	at java.lang.Thread.run(Unknown Source)
... Removed 9 stack frames</pre></div><a href='#' onClick='toggleBox("stack-trace579417209", this, "Click to show all stack frames", "Click to hide stack frames")'>Click to show all stack frames</a>
<div class='stack-trace' id='stack-trace579417209'><pre>java.lang.AssertionError: 
Expected: a string containing &quot;pinOTP&quot;
     but: was &quot;{&quot;transactionId&quot;:&quot;f0075d9f-ec17-4e1b-bebe-fbe4c77a23b1&quot;,&quot;errors&quot;:[{&quot;code&quot;:&quot;5700&quot;,&quot;message&quot;:&quot;Unfortunately, you have exceeded your마ttempts for verification. Please try again later.&quot;}]}&quot;
	at org.hamcrest.MatcherAssert.assertThat(MatcherAssert.java:20)
	at org.junit.Assert.assertThat(Assert.java:956)
	at org.junit.Assert.assertThat(Assert.java:923)
	at MFAC.MFAC.VerifyPinNoLongerValid(MFAC.java:229)
	at sun.reflect.NativeMethodAccessorImpl.invoke0(Native Method)
	at sun.reflect.NativeMethodAccessorImpl.invoke(Unknown Source)
	at sun.reflect.DelegatingMethodAccessorImpl.invoke(Unknown Source)
	at java.lang.reflect.Method.invoke(Unknown Source)
	at org.testng.internal.MethodInvocationHelper.invokeMethod(MethodInvocationHelper.java:124)
	at org.testng.internal.Invoker.invokeMethod(Invoker.java:580)
	at org.testng.internal.Invoker.invokeTestMethod(Invoker.java:716)
	at org.testng.internal.TestMethodWithDataProviderMethodWorker.call(TestMethodWithDataProviderMethodWorker.java:71)
	at org.testng.internal.TestMethodWithDataProviderMethodWorker.call(TestMethodWithDataProviderMethodWorker.java:14)
	at java.util.concurrent.FutureTask.run(Unknown Source)
	at java.util.concurrent.Executors$RunnableAdapter.call(Unknown Source)
	at java.util.concurrent.FutureTask.run(Unknown Source)
	at java.util.concurrent.ThreadPoolExecutor.runWorker(Unknown Source)
	at java.util.concurrent.ThreadPoolExecutor$Worker.run(Unknown Source)
	at java.lang.Thread.run(Unknown Source)
</pre></div></td>
<td>9</td>
<td>MFAC.MFAC@48a242ce</td></tr>
<tr>
<td title='MFAC.MFAC.VerifyPinValid()'><b>VerifyPinValid</b><br>Test class: MFAC.MFAC<br>Parameters: FDM-PHONE-PIN, l7xx1892f99a6f88470ba29abc141cd7bd8d, https://apidrt.idev.fedex.com:8443/security/v1/pin, https://apidrt.idev.fedex.com:8443/security/v1/pin/verify</td>
<td><div><pre>java.lang.AssertionError: 
Expected: a string containing &quot;pinExpirationDate&quot;
     but: was &quot;{&quot;transactionId&quot;:&quot;073ffdfb-e1a8-4dba-a9c2-b9e838374690&quot;,&quot;errors&quot;:[{&quot;code&quot;:&quot;5700&quot;,&quot;message&quot;:&quot;Unfortunately, you have exceeded your마ttempts for verification. Please try again later.&quot;}]}&quot;
	at org.hamcrest.MatcherAssert.assertThat(MatcherAssert.java:20)
	at org.junit.Assert.assertThat(Assert.java:956)
	at org.junit.Assert.assertThat(Assert.java:923)
	at MFAC.MFAC.VerifyPinValid(MFAC.java:184)
	at java.util.concurrent.FutureTask.run(Unknown Source)
	at java.util.concurrent.Executors$RunnableAdapter.call(Unknown Source)
	at java.util.concurrent.FutureTask.run(Unknown Source)
	at java.util.concurrent.ThreadPoolExecutor.runWorker(Unknown Source)
	at java.util.concurrent.ThreadPoolExecutor$Worker.run(Unknown Source)
	at java.lang.Thread.run(Unknown Source)
... Removed 9 stack frames</pre></div><a href='#' onClick='toggleBox("stack-trace1501090233", this, "Click to show all stack frames", "Click to hide stack frames")'>Click to show all stack frames</a>
<div class='stack-trace' id='stack-trace1501090233'><pre>java.lang.AssertionError: 
Expected: a string containing &quot;pinExpirationDate&quot;
     but: was &quot;{&quot;transactionId&quot;:&quot;073ffdfb-e1a8-4dba-a9c2-b9e838374690&quot;,&quot;errors&quot;:[{&quot;code&quot;:&quot;5700&quot;,&quot;message&quot;:&quot;Unfortunately, you have exceeded your마ttempts for verification. Please try again later.&quot;}]}&quot;
	at org.hamcrest.MatcherAssert.assertThat(MatcherAssert.java:20)
	at org.junit.Assert.assertThat(Assert.java:956)
	at org.junit.Assert.assertThat(Assert.java:923)
	at MFAC.MFAC.VerifyPinValid(MFAC.java:184)
	at sun.reflect.NativeMethodAccessorImpl.invoke0(Native Method)
	at sun.reflect.NativeMethodAccessorImpl.invoke(Unknown Source)
	at sun.reflect.DelegatingMethodAccessorImpl.invoke(Unknown Source)
	at java.lang.reflect.Method.invoke(Unknown Source)
	at org.testng.internal.MethodInvocationHelper.invokeMethod(MethodInvocationHelper.java:124)
	at org.testng.internal.Invoker.invokeMethod(Invoker.java:580)
	at org.testng.internal.Invoker.invokeTestMethod(Invoker.java:716)
	at org.testng.internal.TestMethodWithDataProviderMethodWorker.call(TestMethodWithDataProviderMethodWorker.java:71)
	at org.testng.internal.TestMethodWithDataProviderMethodWorker.call(TestMethodWithDataProviderMethodWorker.java:14)
	at java.util.concurrent.FutureTask.run(Unknown Source)
	at java.util.concurrent.Executors$RunnableAdapter.call(Unknown Source)
	at java.util.concurrent.FutureTask.run(Unknown Source)
	at java.util.concurrent.ThreadPoolExecutor.runWorker(Unknown Source)
	at java.util.concurrent.ThreadPoolExecutor$Worker.run(Unknown Source)
	at java.lang.Thread.run(Unknown Source)
</pre></div></td>
<td>6</td>
<td>MFAC.MFAC@48a242ce</td></tr>
<tr>
<td title='MFAC.MFAC.VerifyPinValid()'><b>VerifyPinValid</b><br>Test class: MFAC.MFAC<br>Parameters: FDM-PHONE-PIN, l7xx1892f99a6f88470ba29abc141cd7bd8d, http://mfacdrt-cos-vip.test.cloud.fedex.com:9090/mfac/v3/issuePIN, http://mfacdrt-cos-vip.test.cloud.fedex.com:9090/mfac/v3/verifyPIN</td>
<td><div><pre>java.lang.AssertionError: 
Expected: a string containing &quot;pinExpirationDate&quot;
     but: was &quot;{&quot;transactionId&quot;:&quot;457f03e1-281a-4338-906d-362b63b197b5&quot;,&quot;errors&quot;:[{&quot;code&quot;:&quot;5700&quot;,&quot;message&quot;:&quot;Unfortunately, you have exceeded your마ttempts for verification. Please try again later.&quot;}]}&quot;
	at org.hamcrest.MatcherAssert.assertThat(MatcherAssert.java:20)
	at org.junit.Assert.assertThat(Assert.java:956)
	at org.junit.Assert.assertThat(Assert.java:923)
	at MFAC.MFAC.VerifyPinValid(MFAC.java:184)
	at java.util.concurrent.FutureTask.run(Unknown Source)
	at java.util.concurrent.Executors$RunnableAdapter.call(Unknown Source)
	at java.util.concurrent.FutureTask.run(Unknown Source)
	at java.util.concurrent.ThreadPoolExecutor.runWorker(Unknown Source)
	at java.util.concurrent.ThreadPoolExecutor$Worker.run(Unknown Source)
	at java.lang.Thread.run(Unknown Source)
... Removed 9 stack frames</pre></div><a href='#' onClick='toggleBox("stack-trace988528463", this, "Click to show all stack frames", "Click to hide stack frames")'>Click to show all stack frames</a>
<div class='stack-trace' id='stack-trace988528463'><pre>java.lang.AssertionError: 
Expected: a string containing &quot;pinExpirationDate&quot;
     but: was &quot;{&quot;transactionId&quot;:&quot;457f03e1-281a-4338-906d-362b63b197b5&quot;,&quot;errors&quot;:[{&quot;code&quot;:&quot;5700&quot;,&quot;message&quot;:&quot;Unfortunately, you have exceeded your마ttempts for verification. Please try again later.&quot;}]}&quot;
	at org.hamcrest.MatcherAssert.assertThat(MatcherAssert.java:20)
	at org.junit.Assert.assertThat(Assert.java:956)
	at org.junit.Assert.assertThat(Assert.java:923)
	at MFAC.MFAC.VerifyPinValid(MFAC.java:184)
	at sun.reflect.NativeMethodAccessorImpl.invoke0(Native Method)
	at sun.reflect.NativeMethodAccessorImpl.invoke(Unknown Source)
	at sun.reflect.DelegatingMethodAccessorImpl.invoke(Unknown Source)
	at java.lang.reflect.Method.invoke(Unknown Source)
	at org.testng.internal.MethodInvocationHelper.invokeMethod(MethodInvocationHelper.java:124)
	at org.testng.internal.Invoker.invokeMethod(Invoker.java:580)
	at org.testng.internal.Invoker.invokeTestMethod(Invoker.java:716)
	at org.testng.internal.TestMethodWithDataProviderMethodWorker.call(TestMethodWithDataProviderMethodWorker.java:71)
	at org.testng.internal.TestMethodWithDataProviderMethodWorker.call(TestMethodWithDataProviderMethodWorker.java:14)
	at java.util.concurrent.FutureTask.run(Unknown Source)
	at java.util.concurrent.Executors$RunnableAdapter.call(Unknown Source)
	at java.util.concurrent.FutureTask.run(Unknown Source)
	at java.util.concurrent.ThreadPoolExecutor.runWorker(Unknown Source)
	at java.util.concurrent.ThreadPoolExecutor$Worker.run(Unknown Source)
	at java.lang.Thread.run(Unknown Source)
</pre></div></td>
<td>7</td>
<td>MFAC.MFAC@48a242ce</td></tr>
<tr>
<td title='MFAC.MFAC.VerifyPinVelocity()'><b>VerifyPinVelocity</b><br>Test class: MFAC.MFAC<br>Parameters: FDM-PHONE-PIN, l7xx1892f99a6f88470ba29abc141cd7bd8d, https://apidrt.idev.fedex.com:8443/security/v1/pin, https://apidrt.idev.fedex.com:8443/security/v1/pin/verify, 3, 1</td>
<td><div><pre>java.lang.AssertionError: 
Expected: a string containing &quot;pinExpirationDate&quot;
     but: was &quot;{&quot;transactionId&quot;:&quot;4f73e5ba-8a59-4031-9c8d-54c00a4c3843&quot;,&quot;errors&quot;:[{&quot;code&quot;:&quot;5700&quot;,&quot;message&quot;:&quot;Unfortunately, you have exceeded your마ttempts for verification. Please try again later.&quot;}]}&quot;
	at org.hamcrest.MatcherAssert.assertThat(MatcherAssert.java:20)
	at org.junit.Assert.assertThat(Assert.java:956)
	at org.junit.Assert.assertThat(Assert.java:923)
	at MFAC.MFAC.VerifyPinVelocity(MFAC.java:202)
	at java.util.concurrent.FutureTask.run(Unknown Source)
	at java.util.concurrent.Executors$RunnableAdapter.call(Unknown Source)
	at java.util.concurrent.FutureTask.run(Unknown Source)
	at java.util.concurrent.ThreadPoolExecutor.runWorker(Unknown Source)
	at java.util.concurrent.ThreadPoolExecutor$Worker.run(Unknown Source)
	at java.lang.Thread.run(Unknown Source)
... Removed 9 stack frames</pre></div><a href='#' onClick='toggleBox("stack-trace395805073", this, "Click to show all stack frames", "Click to hide stack frames")'>Click to show all stack frames</a>
<div class='stack-trace' id='stack-trace395805073'><pre>java.lang.AssertionError: 
Expected: a string containing &quot;pinExpirationDate&quot;
     but: was &quot;{&quot;transactionId&quot;:&quot;4f73e5ba-8a59-4031-9c8d-54c00a4c3843&quot;,&quot;errors&quot;:[{&quot;code&quot;:&quot;5700&quot;,&quot;message&quot;:&quot;Unfortunately, you have exceeded your마ttempts for verification. Please try again later.&quot;}]}&quot;
	at org.hamcrest.MatcherAssert.assertThat(MatcherAssert.java:20)
	at org.junit.Assert.assertThat(Assert.java:956)
	at org.junit.Assert.assertThat(Assert.java:923)
	at MFAC.MFAC.VerifyPinVelocity(MFAC.java:202)
	at sun.reflect.NativeMethodAccessorImpl.invoke0(Native Method)
	at sun.reflect.NativeMethodAccessorImpl.invoke(Unknown Source)
	at sun.reflect.DelegatingMethodAccessorImpl.invoke(Unknown Source)
	at java.lang.reflect.Method.invoke(Unknown Source)
	at org.testng.internal.MethodInvocationHelper.invokeMethod(MethodInvocationHelper.java:124)
	at org.testng.internal.Invoker.invokeMethod(Invoker.java:580)
	at org.testng.internal.Invoker.invokeTestMethod(Invoker.java:716)
	at org.testng.internal.TestMethodWithDataProviderMethodWorker.call(TestMethodWithDataProviderMethodWorker.java:71)
	at org.testng.internal.TestMethodWithDataProviderMethodWorker.call(TestMethodWithDataProviderMethodWorker.java:14)
	at java.util.concurrent.FutureTask.run(Unknown Source)
	at java.util.concurrent.Executors$RunnableAdapter.call(Unknown Source)
	at java.util.concurrent.FutureTask.run(Unknown Source)
	at java.util.concurrent.ThreadPoolExecutor.runWorker(Unknown Source)
	at java.util.concurrent.ThreadPoolExecutor$Worker.run(Unknown Source)
	at java.lang.Thread.run(Unknown Source)
</pre></div></td>
<td>8</td>
<td>MFAC.MFAC@48a242ce</td></tr>
<tr>
<td title='MFAC.MFAC.VerifyPinVelocity()'><b>VerifyPinVelocity</b><br>Test class: MFAC.MFAC<br>Parameters: FDM-PHONE-PIN, l7xx1892f99a6f88470ba29abc141cd7bd8d, http://mfacdrt-cos-vip.test.cloud.fedex.com:9090/mfac/v3/issuePIN, http://mfacdrt-cos-vip.test.cloud.fedex.com:9090/mfac/v3/verifyPIN, 3, 2</td>
<td><div><pre>java.lang.AssertionError: 
Expected: a string containing &quot;pinExpirationDate&quot;
     but: was &quot;{&quot;transactionId&quot;:&quot;f241662e-68ee-4fdc-b9df-551ca9c2117a&quot;,&quot;errors&quot;:[{&quot;code&quot;:&quot;5700&quot;,&quot;message&quot;:&quot;Unfortunately, you have exceeded your마ttempts for verification. Please try again later.&quot;}]}&quot;
	at org.hamcrest.MatcherAssert.assertThat(MatcherAssert.java:20)
	at org.junit.Assert.assertThat(Assert.java:956)
	at org.junit.Assert.assertThat(Assert.java:923)
	at MFAC.MFAC.VerifyPinVelocity(MFAC.java:202)
	at java.util.concurrent.FutureTask.run(Unknown Source)
	at java.util.concurrent.Executors$RunnableAdapter.call(Unknown Source)
	at java.util.concurrent.FutureTask.run(Unknown Source)
	at java.util.concurrent.ThreadPoolExecutor.runWorker(Unknown Source)
	at java.util.concurrent.ThreadPoolExecutor$Worker.run(Unknown Source)
	at java.lang.Thread.run(Unknown Source)
... Removed 9 stack frames</pre></div><a href='#' onClick='toggleBox("stack-trace987366658", this, "Click to show all stack frames", "Click to hide stack frames")'>Click to show all stack frames</a>
<div class='stack-trace' id='stack-trace987366658'><pre>java.lang.AssertionError: 
Expected: a string containing &quot;pinExpirationDate&quot;
     but: was &quot;{&quot;transactionId&quot;:&quot;f241662e-68ee-4fdc-b9df-551ca9c2117a&quot;,&quot;errors&quot;:[{&quot;code&quot;:&quot;5700&quot;,&quot;message&quot;:&quot;Unfortunately, you have exceeded your마ttempts for verification. Please try again later.&quot;}]}&quot;
	at org.hamcrest.MatcherAssert.assertThat(MatcherAssert.java:20)
	at org.junit.Assert.assertThat(Assert.java:956)
	at org.junit.Assert.assertThat(Assert.java:923)
	at MFAC.MFAC.VerifyPinVelocity(MFAC.java:202)
	at sun.reflect.NativeMethodAccessorImpl.invoke0(Native Method)
	at sun.reflect.NativeMethodAccessorImpl.invoke(Unknown Source)
	at sun.reflect.DelegatingMethodAccessorImpl.invoke(Unknown Source)
	at java.lang.reflect.Method.invoke(Unknown Source)
	at org.testng.internal.MethodInvocationHelper.invokeMethod(MethodInvocationHelper.java:124)
	at org.testng.internal.Invoker.invokeMethod(Invoker.java:580)
	at org.testng.internal.Invoker.invokeTestMethod(Invoker.java:716)
	at org.testng.internal.TestMethodWithDataProviderMethodWorker.call(TestMethodWithDataProviderMethodWorker.java:71)
	at org.testng.internal.TestMethodWithDataProviderMethodWorker.call(TestMethodWithDataProviderMethodWorker.java:14)
	at java.util.concurrent.FutureTask.run(Unknown Source)
	at java.util.concurrent.Executors$RunnableAdapter.call(Unknown Source)
	at java.util.concurrent.FutureTask.run(Unknown Source)
	at java.util.concurrent.ThreadPoolExecutor.runWorker(Unknown Source)
	at java.util.concurrent.ThreadPoolExecutor$Worker.run(Unknown Source)
	at java.lang.Thread.run(Unknown Source)
</pre></div></td>
<td>11</td>
<td>MFAC.MFAC@48a242ce</td></tr>
<tr>
<td title='MFAC.MFAC.VerifyPinVelocity()'><b>VerifyPinVelocity</b><br>Test class: MFAC.MFAC<br>Parameters: FDM-PHONE-PIN, l7xx1892f99a6f88470ba29abc141cd7bd8d, http://mfacdrt-cos-vip.test.cloud.fedex.com:9090/mfac/v3/issuePIN, http://mfacdrt-cos-vip.test.cloud.fedex.com:9090/mfac/v3/verifyPIN, 3, 1</td>
<td><div><pre>java.lang.AssertionError: 
Expected: a string containing &quot;pinExpirationDate&quot;
     but: was &quot;{&quot;transactionId&quot;:&quot;78036544-d96d-4be3-97e7-c661fe83f058&quot;,&quot;errors&quot;:[{&quot;code&quot;:&quot;5700&quot;,&quot;message&quot;:&quot;Unfortunately, you have exceeded your마ttempts for verification. Please try again later.&quot;}]}&quot;
	at org.hamcrest.MatcherAssert.assertThat(MatcherAssert.java:20)
	at org.junit.Assert.assertThat(Assert.java:956)
	at org.junit.Assert.assertThat(Assert.java:923)
	at MFAC.MFAC.VerifyPinVelocity(MFAC.java:202)
	at java.util.concurrent.FutureTask.run(Unknown Source)
	at java.util.concurrent.Executors$RunnableAdapter.call(Unknown Source)
	at java.util.concurrent.FutureTask.run(Unknown Source)
	at java.util.concurrent.ThreadPoolExecutor.runWorker(Unknown Source)
	at java.util.concurrent.ThreadPoolExecutor$Worker.run(Unknown Source)
	at java.lang.Thread.run(Unknown Source)
... Removed 9 stack frames</pre></div><a href='#' onClick='toggleBox("stack-trace1602045046", this, "Click to show all stack frames", "Click to hide stack frames")'>Click to show all stack frames</a>
<div class='stack-trace' id='stack-trace1602045046'><pre>java.lang.AssertionError: 
Expected: a string containing &quot;pinExpirationDate&quot;
     but: was &quot;{&quot;transactionId&quot;:&quot;78036544-d96d-4be3-97e7-c661fe83f058&quot;,&quot;errors&quot;:[{&quot;code&quot;:&quot;5700&quot;,&quot;message&quot;:&quot;Unfortunately, you have exceeded your마ttempts for verification. Please try again later.&quot;}]}&quot;
	at org.hamcrest.MatcherAssert.assertThat(MatcherAssert.java:20)
	at org.junit.Assert.assertThat(Assert.java:956)
	at org.junit.Assert.assertThat(Assert.java:923)
	at MFAC.MFAC.VerifyPinVelocity(MFAC.java:202)
	at sun.reflect.NativeMethodAccessorImpl.invoke0(Native Method)
	at sun.reflect.NativeMethodAccessorImpl.invoke(Unknown Source)
	at sun.reflect.DelegatingMethodAccessorImpl.invoke(Unknown Source)
	at java.lang.reflect.Method.invoke(Unknown Source)
	at org.testng.internal.MethodInvocationHelper.invokeMethod(MethodInvocationHelper.java:124)
	at org.testng.internal.Invoker.invokeMethod(Invoker.java:580)
	at org.testng.internal.Invoker.invokeTestMethod(Invoker.java:716)
	at org.testng.internal.TestMethodWithDataProviderMethodWorker.call(TestMethodWithDataProviderMethodWorker.java:71)
	at org.testng.internal.TestMethodWithDataProviderMethodWorker.call(TestMethodWithDataProviderMethodWorker.java:14)
	at java.util.concurrent.FutureTask.run(Unknown Source)
	at java.util.concurrent.Executors$RunnableAdapter.call(Unknown Source)
	at java.util.concurrent.FutureTask.run(Unknown Source)
	at java.util.concurrent.ThreadPoolExecutor.runWorker(Unknown Source)
	at java.util.concurrent.ThreadPoolExecutor$Worker.run(Unknown Source)
	at java.lang.Thread.run(Unknown Source)
</pre></div></td>
<td>19</td>
<td>MFAC.MFAC@48a242ce</td></tr>
<tr>
<td title='MFAC.MFAC.VerifyPinVelocity()'><b>VerifyPinVelocity</b><br>Test class: MFAC.MFAC<br>Parameters: FDM-PHONE-PIN, l7xx1892f99a6f88470ba29abc141cd7bd8d, https://apidrt.idev.fedex.com:8443/security/v1/pin, https://apidrt.idev.fedex.com:8443/security/v1/pin/verify, 3, 2</td>
<td><div><pre>java.lang.AssertionError: 
Expected: a string containing &quot;pinExpirationDate&quot;
     but: was &quot;{&quot;transactionId&quot;:&quot;c6634b42-5654-4227-b86f-b55ebe8dfa3b&quot;,&quot;errors&quot;:[{&quot;code&quot;:&quot;5700&quot;,&quot;message&quot;:&quot;Unfortunately, you have exceeded your마ttempts for verification. Please try again later.&quot;}]}&quot;
	at org.hamcrest.MatcherAssert.assertThat(MatcherAssert.java:20)
	at org.junit.Assert.assertThat(Assert.java:956)
	at org.junit.Assert.assertThat(Assert.java:923)
	at MFAC.MFAC.VerifyPinVelocity(MFAC.java:202)
	at java.util.concurrent.FutureTask.run(Unknown Source)
	at java.util.concurrent.Executors$RunnableAdapter.call(Unknown Source)
	at java.util.concurrent.FutureTask.run(Unknown Source)
	at java.util.concurrent.ThreadPoolExecutor.runWorker(Unknown Source)
	at java.util.concurrent.ThreadPoolExecutor$Worker.run(Unknown Source)
	at java.lang.Thread.run(Unknown Source)
... Removed 9 stack frames</pre></div><a href='#' onClick='toggleBox("stack-trace714442468", this, "Click to show all stack frames", "Click to hide stack frames")'>Click to show all stack frames</a>
<div class='stack-trace' id='stack-trace714442468'><pre>java.lang.AssertionError: 
Expected: a string containing &quot;pinExpirationDate&quot;
     but: was &quot;{&quot;transactionId&quot;:&quot;c6634b42-5654-4227-b86f-b55ebe8dfa3b&quot;,&quot;errors&quot;:[{&quot;code&quot;:&quot;5700&quot;,&quot;message&quot;:&quot;Unfortunately, you have exceeded your마ttempts for verification. Please try again later.&quot;}]}&quot;
	at org.hamcrest.MatcherAssert.assertThat(MatcherAssert.java:20)
	at org.junit.Assert.assertThat(Assert.java:956)
	at org.junit.Assert.assertThat(Assert.java:923)
	at MFAC.MFAC.VerifyPinVelocity(MFAC.java:202)
	at sun.reflect.NativeMethodAccessorImpl.invoke0(Native Method)
	at sun.reflect.NativeMethodAccessorImpl.invoke(Unknown Source)
	at sun.reflect.DelegatingMethodAccessorImpl.invoke(Unknown Source)
	at java.lang.reflect.Method.invoke(Unknown Source)
	at org.testng.internal.MethodInvocationHelper.invokeMethod(MethodInvocationHelper.java:124)
	at org.testng.internal.Invoker.invokeMethod(Invoker.java:580)
	at org.testng.internal.Invoker.invokeTestMethod(Invoker.java:716)
	at org.testng.internal.TestMethodWithDataProviderMethodWorker.call(TestMethodWithDataProviderMethodWorker.java:71)
	at org.testng.internal.TestMethodWithDataProviderMethodWorker.call(TestMethodWithDataProviderMethodWorker.java:14)
	at java.util.concurrent.FutureTask.run(Unknown Source)
	at java.util.concurrent.Executors$RunnableAdapter.call(Unknown Source)
	at java.util.concurrent.FutureTask.run(Unknown Source)
	at java.util.concurrent.ThreadPoolExecutor.runWorker(Unknown Source)
	at java.util.concurrent.ThreadPoolExecutor$Worker.run(Unknown Source)
	at java.lang.Thread.run(Unknown Source)
</pre></div></td>
<td>21</td>
<td>MFAC.MFAC@48a242ce</td></tr>
<tr>
<td title='MFAC.MFAC.VerifyPinVelocity()'><b>VerifyPinVelocity</b><br>Test class: MFAC.MFAC<br>Parameters: FDM-PHONE-PIN, l7xx1892f99a6f88470ba29abc141cd7bd8d, https://apidrt.idev.fedex.com:8443/security/v1/pin, https://apidrt.idev.fedex.com:8443/security/v1/pin/verify, 3, 3</td>
<td><div><pre>java.lang.AssertionError: 
Expected: a string containing &quot;pinExpirationDate&quot;
     but: was &quot;{&quot;transactionId&quot;:&quot;cc0718ef-0690-49a3-92fa-e4e81b35d6e1&quot;,&quot;errors&quot;:[{&quot;code&quot;:&quot;5700&quot;,&quot;message&quot;:&quot;Unfortunately, you have exceeded your마ttempts for verification. Please try again later.&quot;}]}&quot;
	at org.hamcrest.MatcherAssert.assertThat(MatcherAssert.java:20)
	at org.junit.Assert.assertThat(Assert.java:956)
	at org.junit.Assert.assertThat(Assert.java:923)
	at MFAC.MFAC.VerifyPinVelocity(MFAC.java:202)
	at java.util.concurrent.FutureTask.run(Unknown Source)
	at java.util.concurrent.Executors$RunnableAdapter.call(Unknown Source)
	at java.util.concurrent.FutureTask.run(Unknown Source)
	at java.util.concurrent.ThreadPoolExecutor.runWorker(Unknown Source)
	at java.util.concurrent.ThreadPoolExecutor$Worker.run(Unknown Source)
	at java.lang.Thread.run(Unknown Source)
... Removed 9 stack frames</pre></div><a href='#' onClick='toggleBox("stack-trace326776905", this, "Click to show all stack frames", "Click to hide stack frames")'>Click to show all stack frames</a>
<div class='stack-trace' id='stack-trace326776905'><pre>java.lang.AssertionError: 
Expected: a string containing &quot;pinExpirationDate&quot;
     but: was &quot;{&quot;transactionId&quot;:&quot;cc0718ef-0690-49a3-92fa-e4e81b35d6e1&quot;,&quot;errors&quot;:[{&quot;code&quot;:&quot;5700&quot;,&quot;message&quot;:&quot;Unfortunately, you have exceeded your마ttempts for verification. Please try again later.&quot;}]}&quot;
	at org.hamcrest.MatcherAssert.assertThat(MatcherAssert.java:20)
	at org.junit.Assert.assertThat(Assert.java:956)
	at org.junit.Assert.assertThat(Assert.java:923)
	at MFAC.MFAC.VerifyPinVelocity(MFAC.java:202)
	at sun.reflect.NativeMethodAccessorImpl.invoke0(Native Method)
	at sun.reflect.NativeMethodAccessorImpl.invoke(Unknown Source)
	at sun.reflect.DelegatingMethodAccessorImpl.invoke(Unknown Source)
	at java.lang.reflect.Method.invoke(Unknown Source)
	at org.testng.internal.MethodInvocationHelper.invokeMethod(MethodInvocationHelper.java:124)
	at org.testng.internal.Invoker.invokeMethod(Invoker.java:580)
	at org.testng.internal.Invoker.invokeTestMethod(Invoker.java:716)
	at org.testng.internal.TestMethodWithDataProviderMethodWorker.call(TestMethodWithDataProviderMethodWorker.java:71)
	at org.testng.internal.TestMethodWithDataProviderMethodWorker.call(TestMethodWithDataProviderMethodWorker.java:14)
	at java.util.concurrent.FutureTask.run(Unknown Source)
	at java.util.concurrent.Executors$RunnableAdapter.call(Unknown Source)
	at java.util.concurrent.FutureTask.run(Unknown Source)
	at java.util.concurrent.ThreadPoolExecutor.runWorker(Unknown Source)
	at java.util.concurrent.ThreadPoolExecutor$Worker.run(Unknown Source)
	at java.lang.Thread.run(Unknown Source)
</pre></div></td>
<td>23</td>
<td>MFAC.MFAC@48a242ce</td></tr>
<tr>
<td title='MFAC.MFAC.VerifyPinVelocity()'><b>VerifyPinVelocity</b><br>Test class: MFAC.MFAC<br>Parameters: FDM-PHONE-PIN, l7xx1892f99a6f88470ba29abc141cd7bd8d, http://mfacdrt-cos-vip.test.cloud.fedex.com:9090/mfac/v3/issuePIN, http://mfacdrt-cos-vip.test.cloud.fedex.com:9090/mfac/v3/verifyPIN, 3, 3</td>
<td><div><pre>java.lang.AssertionError: 
Expected: a string containing &quot;pinExpirationDate&quot;
     but: was &quot;{&quot;transactionId&quot;:&quot;558cc13d-5b86-4c0a-ad0c-7b7de57433d3&quot;,&quot;errors&quot;:[{&quot;code&quot;:&quot;5700&quot;,&quot;message&quot;:&quot;Unfortunately, you have exceeded your마ttempts for verification. Please try again later.&quot;}]}&quot;
	at org.hamcrest.MatcherAssert.assertThat(MatcherAssert.java:20)
	at org.junit.Assert.assertThat(Assert.java:956)
	at org.junit.Assert.assertThat(Assert.java:923)
	at MFAC.MFAC.VerifyPinVelocity(MFAC.java:202)
	at java.util.concurrent.FutureTask.run(Unknown Source)
	at java.util.concurrent.Executors$RunnableAdapter.call(Unknown Source)
	at java.util.concurrent.FutureTask.run(Unknown Source)
	at java.util.concurrent.ThreadPoolExecutor.runWorker(Unknown Source)
	at java.util.concurrent.ThreadPoolExecutor$Worker.run(Unknown Source)
	at java.lang.Thread.run(Unknown Source)
... Removed 9 stack frames</pre></div><a href='#' onClick='toggleBox("stack-trace238750350", this, "Click to show all stack frames", "Click to hide stack frames")'>Click to show all stack frames</a>
<div class='stack-trace' id='stack-trace238750350'><pre>java.lang.AssertionError: 
Expected: a string containing &quot;pinExpirationDate&quot;
     but: was &quot;{&quot;transactionId&quot;:&quot;558cc13d-5b86-4c0a-ad0c-7b7de57433d3&quot;,&quot;errors&quot;:[{&quot;code&quot;:&quot;5700&quot;,&quot;message&quot;:&quot;Unfortunately, you have exceeded your마ttempts for verification. Please try again later.&quot;}]}&quot;
	at org.hamcrest.MatcherAssert.assertThat(MatcherAssert.java:20)
	at org.junit.Assert.assertThat(Assert.java:956)
	at org.junit.Assert.assertThat(Assert.java:923)
	at MFAC.MFAC.VerifyPinVelocity(MFAC.java:202)
	at sun.reflect.NativeMethodAccessorImpl.invoke0(Native Method)
	at sun.reflect.NativeMethodAccessorImpl.invoke(Unknown Source)
	at sun.reflect.DelegatingMethodAccessorImpl.invoke(Unknown Source)
	at java.lang.reflect.Method.invoke(Unknown Source)
	at org.testng.internal.MethodInvocationHelper.invokeMethod(MethodInvocationHelper.java:124)
	at org.testng.internal.Invoker.invokeMethod(Invoker.java:580)
	at org.testng.internal.Invoker.invokeTestMethod(Invoker.java:716)
	at org.testng.internal.TestMethodWithDataProviderMethodWorker.call(TestMethodWithDataProviderMethodWorker.java:71)
	at org.testng.internal.TestMethodWithDataProviderMethodWorker.call(TestMethodWithDataProviderMethodWorker.java:14)
	at java.util.concurrent.FutureTask.run(Unknown Source)
	at java.util.concurrent.Executors$RunnableAdapter.call(Unknown Source)
	at java.util.concurrent.FutureTask.run(Unknown Source)
	at java.util.concurrent.ThreadPoolExecutor.runWorker(Unknown Source)
	at java.util.concurrent.ThreadPoolExecutor$Worker.run(Unknown Source)
	at java.lang.Thread.run(Unknown Source)
</pre></div></td>
<td>24</td>
<td>MFAC.MFAC@48a242ce</td></tr>
</table><p>
<table width='100%' border='1' class='invocation-passed'>
<tr><td colspan='4' align='center'><b>PASSED TESTS</b></td></tr>
<tr><td><b>Test method</b></td>
<td width="30%"><b>Exception</b></td>
<td width="10%"><b>Time (seconds)</b></td>
<td><b>Instance</b></td>
</tr>
<tr>
<td title='MFAC.MFAC.IssuePin()'><b>IssuePin</b><br>Test class: MFAC.MFAC<br>Parameters: FDM-POSTCARD-PIN, l7xx1892f99a6f88470ba29abc141cd7bd8d, http://mfacdrt-cos-vip.test.cloud.fedex.com:9090/mfac/v3/issuePIN</td>
<td></td>
<td>2</td>
<td>MFAC.MFAC@48a242ce</td></tr>
<tr>
<td title='MFAC.MFAC.IssuePin()'><b>IssuePin</b><br>Test class: MFAC.MFAC<br>Parameters: FDM-POSTCARD-PIN, l7xx1892f99a6f88470ba29abc141cd7bd8d, https://apidrt.idev.fedex.com:8443/security/v1/pin</td>
<td></td>
<td>6</td>
<td>MFAC.MFAC@48a242ce</td></tr>
<tr>
<td title='MFAC.MFAC.IssuePinVelocity()'><b>IssuePinVelocity</b><br>Test class: MFAC.MFAC<br>Parameters: FDM-POSTCARD-PIN, l7xx1892f99a6f88470ba29abc141cd7bd8d, http://mfacdrt-cos-vip.test.cloud.fedex.com:9090/mfac/v3/issuePIN, 3</td>
<td></td>
<td>38</td>
<td>MFAC.MFAC@48a242ce</td></tr>
<tr>
<td title='MFAC.MFAC.IssuePinVelocity()'><b>IssuePinVelocity</b><br>Test class: MFAC.MFAC<br>Parameters: FDM-POSTCARD-PIN, l7xx1892f99a6f88470ba29abc141cd7bd8d, https://apidrt.idev.fedex.com:8443/security/v1/pin, 3</td>
<td></td>
<td>44</td>
<td>MFAC.MFAC@48a242ce</td></tr>
<tr>
<td title='MFAC.MFAC.VerifyPinNoLongerValid()'><b>VerifyPinNoLongerValid</b><br>Test class: MFAC.MFAC<br>Parameters: FDM-POSTCARD-PIN, l7xx1892f99a6f88470ba29abc141cd7bd8d, https://apidrt.idev.fedex.com:8443/security/v1/pin, https://apidrt.idev.fedex.com:8443/security/v1/pin/verify</td>
<td></td>
<td>43</td>
<td>MFAC.MFAC@48a242ce</td></tr>
<tr>
<td title='MFAC.MFAC.VerifyPinNoLongerValid()'><b>VerifyPinNoLongerValid</b><br>Test class: MFAC.MFAC<br>Parameters: FDM-POSTCARD-PIN, l7xx1892f99a6f88470ba29abc141cd7bd8d, http://mfacdrt-cos-vip.test.cloud.fedex.com:9090/mfac/v3/issuePIN, http://mfacdrt-cos-vip.test.cloud.fedex.com:9090/mfac/v3/verifyPIN</td>
<td></td>
<td>45</td>
<td>MFAC.MFAC@48a242ce</td></tr>
<tr>
<td title='MFAC.MFAC.VerifyPinValid()'><b>VerifyPinValid</b><br>Test class: MFAC.MFAC<br>Parameters: FDM-POSTCARD-PIN, l7xx1892f99a6f88470ba29abc141cd7bd8d, https://apidrt.idev.fedex.com:8443/security/v1/pin, https://apidrt.idev.fedex.com:8443/security/v1/pin/verify</td>
<td></td>
<td>28</td>
<td>MFAC.MFAC@48a242ce</td></tr>
<tr>
<td title='MFAC.MFAC.VerifyPinValid()'><b>VerifyPinValid</b><br>Test class: MFAC.MFAC<br>Parameters: FDM-POSTCARD-PIN, l7xx1892f99a6f88470ba29abc141cd7bd8d, http://mfacdrt-cos-vip.test.cloud.fedex.com:9090/mfac/v3/issuePIN, http://mfacdrt-cos-vip.test.cloud.fedex.com:9090/mfac/v3/verifyPIN</td>
<td></td>
<td>28</td>
<td>MFAC.MFAC@48a242ce</td></tr>
<tr>
<td title='MFAC.MFAC.VerifyPinVelocity()'><b>VerifyPinVelocity</b><br>Test class: MFAC.MFAC<br>Parameters: FDM-POSTCARD-PIN, l7xx1892f99a6f88470ba29abc141cd7bd8d, http://mfacdrt-cos-vip.test.cloud.fedex.com:9090/mfac/v3/issuePIN, http://mfacdrt-cos-vip.test.cloud.fedex.com:9090/mfac/v3/verifyPIN, 3, 1</td>
<td></td>
<td>40</td>
<td>MFAC.MFAC@48a242ce</td></tr>
<tr>
<td title='MFAC.MFAC.VerifyPinVelocity()'><b>VerifyPinVelocity</b><br>Test class: MFAC.MFAC<br>Parameters: FDM-POSTCARD-PIN, l7xx1892f99a6f88470ba29abc141cd7bd8d, https://apidrt.idev.fedex.com:8443/security/v1/pin, https://apidrt.idev.fedex.com:8443/security/v1/pin/verify, 3, 1</td>
<td></td>
<td>42</td>
<td>MFAC.MFAC@48a242ce</td></tr>
<tr>
<td title='MFAC.MFAC.VerifyPinVelocity()'><b>VerifyPinVelocity</b><br>Test class: MFAC.MFAC<br>Parameters: FDM-POSTCARD-PIN, l7xx1892f99a6f88470ba29abc141cd7bd8d, https://apidrt.idev.fedex.com:8443/security/v1/pin, https://apidrt.idev.fedex.com:8443/security/v1/pin/verify, 3, 2</td>
<td></td>
<td>43</td>
<td>MFAC.MFAC@48a242ce</td></tr>
<tr>
<td title='MFAC.MFAC.VerifyPinVelocity()'><b>VerifyPinVelocity</b><br>Test class: MFAC.MFAC<br>Parameters: FDM-POSTCARD-PIN, l7xx1892f99a6f88470ba29abc141cd7bd8d, http://mfacdrt-cos-vip.test.cloud.fedex.com:9090/mfac/v3/issuePIN, http://mfacdrt-cos-vip.test.cloud.fedex.com:9090/mfac/v3/verifyPIN, 3, 2</td>
<td></td>
<td>44</td>
<td>MFAC.MFAC@48a242ce</td></tr>
<tr>
<td title='MFAC.MFAC.VerifyPinVelocity()'><b>VerifyPinVelocity</b><br>Test class: MFAC.MFAC<br>Parameters: FDM-POSTCARD-PIN, l7xx1892f99a6f88470ba29abc141cd7bd8d, https://apidrt.idev.fedex.com:8443/security/v1/pin, https://apidrt.idev.fedex.com:8443/security/v1/pin/verify, 3, 3</td>
<td></td>
<td>37</td>
<td>MFAC.MFAC@48a242ce</td></tr>
<tr>
<td title='MFAC.MFAC.VerifyPinVelocity()'><b>VerifyPinVelocity</b><br>Test class: MFAC.MFAC<br>Parameters: FDM-POSTCARD-PIN, l7xx1892f99a6f88470ba29abc141cd7bd8d, http://mfacdrt-cos-vip.test.cloud.fedex.com:9090/mfac/v3/issuePIN, http://mfacdrt-cos-vip.test.cloud.fedex.com:9090/mfac/v3/verifyPIN, 3, 3</td>
<td></td>
<td>35</td>
<td>MFAC.MFAC@48a242ce</td></tr>
</table><p>
<table width='100%' border='1' class='invocation-skipped'>
<tr><td colspan='4' align='center'><b>SKIPPED TESTS</b></td></tr>
<tr><td><b>Test method</b></td>
<td width="30%"><b>Exception</b></td>
<td width="10%"><b>Time (seconds)</b></td>
<td><b>Instance</b></td>
</tr>
<tr>
<td title='SupportClasses.Set_Environment.SetEvironmentLevel()'><b>SetEvironmentLevel</b><br>Test class: SupportClasses.Set_Environment<br>Parameters: 3</td>
<td><div><pre>org.testng.SkipException: Forcing skip, will be deleted from report later
	at SupportClasses.Set_Environment.SetEvironmentLevel(Set_Environment.java:25)
	at java.util.concurrent.ThreadPoolExecutor.runWorker(Unknown Source)
	at java.util.concurrent.ThreadPoolExecutor$Worker.run(Unknown Source)
	at java.lang.Thread.run(Unknown Source)
... Removed 10 stack frames</pre></div><a href='#' onClick='toggleBox("stack-trace1869453303", this, "Click to show all stack frames", "Click to hide stack frames")'>Click to show all stack frames</a>
<div class='stack-trace' id='stack-trace1869453303'><pre>org.testng.SkipException: Forcing skip, will be deleted from report later
	at SupportClasses.Set_Environment.SetEvironmentLevel(Set_Environment.java:25)
	at sun.reflect.NativeMethodAccessorImpl.invoke0(Native Method)
	at sun.reflect.NativeMethodAccessorImpl.invoke(Unknown Source)
	at sun.reflect.DelegatingMethodAccessorImpl.invoke(Unknown Source)
	at java.lang.reflect.Method.invoke(Unknown Source)
	at org.testng.internal.MethodInvocationHelper.invokeMethod(MethodInvocationHelper.java:124)
	at org.testng.internal.Invoker.invokeMethod(Invoker.java:580)
	at org.testng.internal.Invoker.invokeTestMethod(Invoker.java:716)
	at org.testng.internal.Invoker.invokeTestMethods(Invoker.java:988)
	at org.testng.internal.TestMethodWorker.invokeTestMethods(TestMethodWorker.java:125)
	at org.testng.internal.TestMethodWorker.run(TestMethodWorker.java:109)
	at java.util.concurrent.ThreadPoolExecutor.runWorker(Unknown Source)
	at java.util.concurrent.ThreadPoolExecutor$Worker.run(Unknown Source)
	at java.lang.Thread.run(Unknown Source)
</pre></div></td>
<td>0</td>
<td>SupportClasses.Set_Environment@1d7acb34</td></tr>
</table><p>
</body>
</html>