<?xml version="1.0" encoding="UTF-8"?>
<testng-results skipped="0" failed="0" ignored="1" total="2" passed="1">
  <reporter-output>
  </reporter-output>
  <suite name="Default suite" duration-ms="1758161" started-at="2019-01-07T22:43:50Z" finished-at="2019-01-07T23:13:09Z">
    <groups>
    </groups>
    <test name="Default test" duration-ms="1758161" started-at="2019-01-07T22:43:50Z" finished-at="2019-01-07T23:13:09Z">
      <class name="USRC.USRC_General">
        <test-method status="PASS" signature="beforeClass()[pri:0, instance:USRC.USRC_General@548e6d58]" name="beforeClass" is-config="true" duration-ms="17" started-at="2019-01-07T22:43:50Z" finished-at="2019-01-07T22:43:50Z">
          <reporter-output>
          </reporter-output>
        </test-method> <!-- beforeClass -->
        <test-method status="PASS" signature="CheckLogin(Data_Structures.USRC_Data, java.lang.String, java.lang.String)[pri:0, instance:USRC.USRC_General@548e6d58]" name="CheckLogin" duration-ms="1756872" started-at="2019-01-07T22:43:52Z" data-provider="dp" finished-at="2019-01-07T23:13:09Z">
          <params>
            <param index="0">
              <value>
                <![CDATA[Data_Structures.USRC_Data@72e60634]]>
              </value>
            </param>
            <param index="1">
              <value>
                <![CDATA[L3USCreate122618T104229twvh]]>
              </value>
            </param>
            <param index="2">
              <value>
                <![CDATA[Test1234]]>
              </value>
            </param>
          </params>
          <reporter-output>
          </reporter-output>
        </test-method> <!-- CheckLogin -->
      </class> <!-- USRC.USRC_General -->
    </test> <!-- Default test -->
  </suite> <!-- Default suite -->
</testng-results>
