<?xml version="1.0" encoding="UTF-8"?>
<testng-results skipped="0" failed="0" ignored="0" total="33" passed="33">
  <reporter-output>
  </reporter-output>
  <suite name="MFAC_Suit" duration-ms="26814" started-at="2018-12-14T17:59:19Z" finished-at="2018-12-14T17:59:46Z">
    <groups>
    </groups>
    <test name="MFAC_Test" duration-ms="26814" started-at="2018-12-14T17:59:19Z" finished-at="2018-12-14T17:59:46Z">
      <class name="MFAC.MFAC">
        <test-method status="PASS" signature="beforeClass()[pri:0, instance:MFAC.MFAC@5f71c76a]" name="beforeClass" is-config="true" duration-ms="24" started-at="2018-12-14T17:59:19Z" finished-at="2018-12-14T17:59:19Z">
          <reporter-output>
          </reporter-output>
        </test-method> <!-- beforeClass -->
        <test-method status="PASS" signature="IssuePinVelocity(java.lang.String, java.lang.String, java.lang.String, int)[pri:2, instance:MFAC.MFAC@5f71c76a]" name="IssuePinVelocity" duration-ms="19913" started-at="2018-12-14T17:59:21Z" data-provider="dp" finished-at="2018-12-14T17:59:41Z">
          <params>
            <param index="0">
              <value>
                <![CDATA[FDM-PHONE-PIN]]>
              </value>
            </param>
            <param index="1">
              <value>
                <![CDATA[l7xx1892f99a6f88470ba29abc141cd7bd8d]]>
              </value>
            </param>
            <param index="2">
              <value>
                <![CDATA[https://apidrt.idev.fedex.com:8443/security/v1/pin]]>
              </value>
            </param>
            <param index="3">
              <value>
                <![CDATA[3]]>
              </value>
            </param>
          </params>
          <reporter-output>
          </reporter-output>
        </test-method> <!-- IssuePinVelocity -->
        <test-method status="PASS" signature="IssuePinVelocity(java.lang.String, java.lang.String, java.lang.String, int)[pri:2, instance:MFAC.MFAC@5f71c76a]" name="IssuePinVelocity" duration-ms="10112" started-at="2018-12-14T17:59:21Z" data-provider="dp" finished-at="2018-12-14T17:59:31Z">
          <params>
            <param index="0">
              <value>
                <![CDATA[FDM-POSTCARD-PIN]]>
              </value>
            </param>
            <param index="1">
              <value>
                <![CDATA[l7xx1892f99a6f88470ba29abc141cd7bd8d]]>
              </value>
            </param>
            <param index="2">
              <value>
                <![CDATA[https://apidrt.idev.fedex.com:8443/security/v1/pin]]>
              </value>
            </param>
            <param index="3">
              <value>
                <![CDATA[3]]>
              </value>
            </param>
          </params>
          <reporter-output>
          </reporter-output>
        </test-method> <!-- IssuePinVelocity -->
        <test-method status="PASS" signature="IssuePin(java.lang.String, java.lang.String, java.lang.String)[pri:2, instance:MFAC.MFAC@5f71c76a]" name="IssuePin" duration-ms="2648" started-at="2018-12-14T17:59:21Z" data-provider="dp" finished-at="2018-12-14T17:59:24Z">
          <params>
            <param index="0">
              <value>
                <![CDATA[FDM-POSTCARD-PIN]]>
              </value>
            </param>
            <param index="1">
              <value>
                <![CDATA[l7xx1892f99a6f88470ba29abc141cd7bd8d]]>
              </value>
            </param>
            <param index="2">
              <value>
                <![CDATA[https://apidrt.idev.fedex.com:8443/security/v1/pin]]>
              </value>
            </param>
          </params>
          <reporter-output>
          </reporter-output>
        </test-method> <!-- IssuePin -->
        <test-method status="PASS" signature="VerifyPinNoLongerValid(java.lang.String, java.lang.String, java.lang.String, java.lang.String)[pri:2, instance:MFAC.MFAC@5f71c76a]" name="VerifyPinNoLongerValid" duration-ms="15320" started-at="2018-12-14T17:59:21Z" data-provider="dp" finished-at="2018-12-14T17:59:36Z">
          <params>
            <param index="0">
              <value>
                <![CDATA[FDM-POSTCARD-PIN]]>
              </value>
            </param>
            <param index="1">
              <value>
                <![CDATA[l7xx1892f99a6f88470ba29abc141cd7bd8d]]>
              </value>
            </param>
            <param index="2">
              <value>
                <![CDATA[https://apidrt.idev.fedex.com:8443/security/v1/pin]]>
              </value>
            </param>
            <param index="3">
              <value>
                <![CDATA[https://apidrt.idev.fedex.com:8443/security/v1/pin/verify]]>
              </value>
            </param>
          </params>
          <reporter-output>
          </reporter-output>
        </test-method> <!-- VerifyPinNoLongerValid -->
        <test-method status="PASS" signature="AddressVelocity(java.lang.String, java.lang.String, java.lang.String, int)[pri:2, instance:MFAC.MFAC@5f71c76a]" name="AddressVelocity" duration-ms="24795" started-at="2018-12-14T17:59:21Z" data-provider="dp" finished-at="2018-12-14T17:59:46Z">
          <params>
            <param index="0">
              <value>
                <![CDATA[FDM-POSTCARD-PIN]]>
              </value>
            </param>
            <param index="1">
              <value>
                <![CDATA[l7xx1892f99a6f88470ba29abc141cd7bd8d]]>
              </value>
            </param>
            <param index="2">
              <value>
                <![CDATA[https://apidrt.idev.fedex.com:8443/security/v1/addresses/velocitycheck]]>
              </value>
            </param>
            <param index="3">
              <value>
                <![CDATA[10]]>
              </value>
            </param>
          </params>
          <reporter-output>
          </reporter-output>
        </test-method> <!-- AddressVelocity -->
        <test-method status="PASS" signature="VerifyPinVelocity(java.lang.String, java.lang.String, java.lang.String, java.lang.String, int, int)[pri:2, instance:MFAC.MFAC@5f71c76a]" name="VerifyPinVelocity" duration-ms="11420" started-at="2018-12-14T17:59:21Z" data-provider="dp" finished-at="2018-12-14T17:59:33Z">
          <params>
            <param index="0">
              <value>
                <![CDATA[FDM-PHONE-PIN]]>
              </value>
            </param>
            <param index="1">
              <value>
                <![CDATA[l7xx1892f99a6f88470ba29abc141cd7bd8d]]>
              </value>
            </param>
            <param index="2">
              <value>
                <![CDATA[http://mfacdrt-cos-vip.test.cloud.fedex.com:9090/mfac/v3/issuePIN]]>
              </value>
            </param>
            <param index="3">
              <value>
                <![CDATA[http://mfacdrt-cos-vip.test.cloud.fedex.com:9090/mfac/v3/verifyPIN]]>
              </value>
            </param>
            <param index="4">
              <value>
                <![CDATA[3]]>
              </value>
            </param>
            <param index="5">
              <value>
                <![CDATA[1]]>
              </value>
            </param>
          </params>
          <reporter-output>
          </reporter-output>
        </test-method> <!-- VerifyPinVelocity -->
        <test-method status="PASS" signature="VerifyPinValid(java.lang.String, java.lang.String, java.lang.String, java.lang.String)[pri:2, instance:MFAC.MFAC@5f71c76a]" name="VerifyPinValid" duration-ms="11672" started-at="2018-12-14T17:59:21Z" data-provider="dp" finished-at="2018-12-14T17:59:33Z">
          <params>
            <param index="0">
              <value>
                <![CDATA[FDM-POSTCARD-PIN]]>
              </value>
            </param>
            <param index="1">
              <value>
                <![CDATA[l7xx1892f99a6f88470ba29abc141cd7bd8d]]>
              </value>
            </param>
            <param index="2">
              <value>
                <![CDATA[https://apidrt.idev.fedex.com:8443/security/v1/pin]]>
              </value>
            </param>
            <param index="3">
              <value>
                <![CDATA[https://apidrt.idev.fedex.com:8443/security/v1/pin/verify]]>
              </value>
            </param>
          </params>
          <reporter-output>
          </reporter-output>
        </test-method> <!-- VerifyPinValid -->
        <test-method status="PASS" signature="VerifyPinVelocity(java.lang.String, java.lang.String, java.lang.String, java.lang.String, int, int)[pri:2, instance:MFAC.MFAC@5f71c76a]" name="VerifyPinVelocity" duration-ms="4371" started-at="2018-12-14T17:59:21Z" data-provider="dp" finished-at="2018-12-14T17:59:26Z">
          <params>
            <param index="0">
              <value>
                <![CDATA[FDM-PHONE-PIN]]>
              </value>
            </param>
            <param index="1">
              <value>
                <![CDATA[l7xx1892f99a6f88470ba29abc141cd7bd8d]]>
              </value>
            </param>
            <param index="2">
              <value>
                <![CDATA[https://apidrt.idev.fedex.com:8443/security/v1/pin]]>
              </value>
            </param>
            <param index="3">
              <value>
                <![CDATA[https://apidrt.idev.fedex.com:8443/security/v1/pin/verify]]>
              </value>
            </param>
            <param index="4">
              <value>
                <![CDATA[3]]>
              </value>
            </param>
            <param index="5">
              <value>
                <![CDATA[1]]>
              </value>
            </param>
          </params>
          <reporter-output>
          </reporter-output>
        </test-method> <!-- VerifyPinVelocity -->
        <test-method status="PASS" signature="AddressVelocity(java.lang.String, java.lang.String, java.lang.String, int)[pri:2, instance:MFAC.MFAC@5f71c76a]" name="AddressVelocity" duration-ms="24269" started-at="2018-12-14T17:59:21Z" data-provider="dp" finished-at="2018-12-14T17:59:45Z">
          <params>
            <param index="0">
              <value>
                <![CDATA[FDM-PHONE-PIN]]>
              </value>
            </param>
            <param index="1">
              <value>
                <![CDATA[l7xx1892f99a6f88470ba29abc141cd7bd8d]]>
              </value>
            </param>
            <param index="2">
              <value>
                <![CDATA[http://mfacdrt-cos-vip.test.cloud.fedex.com:9090/mfac/v3/addressVelocityCheck]]>
              </value>
            </param>
            <param index="3">
              <value>
                <![CDATA[10]]>
              </value>
            </param>
          </params>
          <reporter-output>
          </reporter-output>
        </test-method> <!-- AddressVelocity -->
        <test-method status="PASS" signature="AddressVelocity(java.lang.String, java.lang.String, java.lang.String, int)[pri:2, instance:MFAC.MFAC@5f71c76a]" name="AddressVelocity" duration-ms="24463" started-at="2018-12-14T17:59:21Z" data-provider="dp" finished-at="2018-12-14T17:59:46Z">
          <params>
            <param index="0">
              <value>
                <![CDATA[FDM-POSTCARD-PIN]]>
              </value>
            </param>
            <param index="1">
              <value>
                <![CDATA[l7xx1892f99a6f88470ba29abc141cd7bd8d]]>
              </value>
            </param>
            <param index="2">
              <value>
                <![CDATA[http://mfacdrt-cos-vip.test.cloud.fedex.com:9090/mfac/v3/addressVelocityCheck]]>
              </value>
            </param>
            <param index="3">
              <value>
                <![CDATA[10]]>
              </value>
            </param>
          </params>
          <reporter-output>
          </reporter-output>
        </test-method> <!-- AddressVelocity -->
        <test-method status="PASS" signature="AddressVelocity(java.lang.String, java.lang.String, java.lang.String, int)[pri:2, instance:MFAC.MFAC@5f71c76a]" name="AddressVelocity" duration-ms="22997" started-at="2018-12-14T17:59:21Z" data-provider="dp" finished-at="2018-12-14T17:59:44Z">
          <params>
            <param index="0">
              <value>
                <![CDATA[FDM-PHONE-PIN]]>
              </value>
            </param>
            <param index="1">
              <value>
                <![CDATA[l7xx1892f99a6f88470ba29abc141cd7bd8d]]>
              </value>
            </param>
            <param index="2">
              <value>
                <![CDATA[https://apidrt.idev.fedex.com:8443/security/v1/addresses/velocitycheck]]>
              </value>
            </param>
            <param index="3">
              <value>
                <![CDATA[10]]>
              </value>
            </param>
          </params>
          <reporter-output>
          </reporter-output>
        </test-method> <!-- AddressVelocity -->
        <test-method status="PASS" signature="VerifyPinValid(java.lang.String, java.lang.String, java.lang.String, java.lang.String)[pri:2, instance:MFAC.MFAC@5f71c76a]" name="VerifyPinValid" duration-ms="10471" started-at="2018-12-14T17:59:21Z" data-provider="dp" finished-at="2018-12-14T17:59:32Z">
          <params>
            <param index="0">
              <value>
                <![CDATA[FDM-PHONE-PIN]]>
              </value>
            </param>
            <param index="1">
              <value>
                <![CDATA[l7xx1892f99a6f88470ba29abc141cd7bd8d]]>
              </value>
            </param>
            <param index="2">
              <value>
                <![CDATA[https://apidrt.idev.fedex.com:8443/security/v1/pin]]>
              </value>
            </param>
            <param index="3">
              <value>
                <![CDATA[https://apidrt.idev.fedex.com:8443/security/v1/pin/verify]]>
              </value>
            </param>
          </params>
          <reporter-output>
          </reporter-output>
        </test-method> <!-- VerifyPinValid -->
        <test-method status="PASS" signature="VerifyPinVelocity(java.lang.String, java.lang.String, java.lang.String, java.lang.String, int, int)[pri:2, instance:MFAC.MFAC@5f71c76a]" name="VerifyPinVelocity" duration-ms="18969" started-at="2018-12-14T17:59:21Z" data-provider="dp" finished-at="2018-12-14T17:59:40Z">
          <params>
            <param index="0">
              <value>
                <![CDATA[FDM-PHONE-PIN]]>
              </value>
            </param>
            <param index="1">
              <value>
                <![CDATA[l7xx1892f99a6f88470ba29abc141cd7bd8d]]>
              </value>
            </param>
            <param index="2">
              <value>
                <![CDATA[http://mfacdrt-cos-vip.test.cloud.fedex.com:9090/mfac/v3/issuePIN]]>
              </value>
            </param>
            <param index="3">
              <value>
                <![CDATA[http://mfacdrt-cos-vip.test.cloud.fedex.com:9090/mfac/v3/verifyPIN]]>
              </value>
            </param>
            <param index="4">
              <value>
                <![CDATA[3]]>
              </value>
            </param>
            <param index="5">
              <value>
                <![CDATA[2]]>
              </value>
            </param>
          </params>
          <reporter-output>
          </reporter-output>
        </test-method> <!-- VerifyPinVelocity -->
        <test-method status="PASS" signature="VerifyPinNoLongerValid(java.lang.String, java.lang.String, java.lang.String, java.lang.String)[pri:2, instance:MFAC.MFAC@5f71c76a]" name="VerifyPinNoLongerValid" duration-ms="21778" started-at="2018-12-14T17:59:21Z" data-provider="dp" finished-at="2018-12-14T17:59:43Z">
          <params>
            <param index="0">
              <value>
                <![CDATA[FDM-POSTCARD-PIN]]>
              </value>
            </param>
            <param index="1">
              <value>
                <![CDATA[l7xx1892f99a6f88470ba29abc141cd7bd8d]]>
              </value>
            </param>
            <param index="2">
              <value>
                <![CDATA[http://mfacdrt-cos-vip.test.cloud.fedex.com:9090/mfac/v3/issuePIN]]>
              </value>
            </param>
            <param index="3">
              <value>
                <![CDATA[http://mfacdrt-cos-vip.test.cloud.fedex.com:9090/mfac/v3/verifyPIN]]>
              </value>
            </param>
          </params>
          <reporter-output>
          </reporter-output>
        </test-method> <!-- VerifyPinNoLongerValid -->
        <test-method status="PASS" signature="VerifyPinVelocity(java.lang.String, java.lang.String, java.lang.String, java.lang.String, int, int)[pri:2, instance:MFAC.MFAC@5f71c76a]" name="VerifyPinVelocity" duration-ms="15762" started-at="2018-12-14T17:59:21Z" data-provider="dp" finished-at="2018-12-14T17:59:37Z">
          <params>
            <param index="0">
              <value>
                <![CDATA[FDM-PHONE-PIN]]>
              </value>
            </param>
            <param index="1">
              <value>
                <![CDATA[l7xx1892f99a6f88470ba29abc141cd7bd8d]]>
              </value>
            </param>
            <param index="2">
              <value>
                <![CDATA[https://apidrt.idev.fedex.com:8443/security/v1/pin]]>
              </value>
            </param>
            <param index="3">
              <value>
                <![CDATA[https://apidrt.idev.fedex.com:8443/security/v1/pin/verify]]>
              </value>
            </param>
            <param index="4">
              <value>
                <![CDATA[3]]>
              </value>
            </param>
            <param index="5">
              <value>
                <![CDATA[2]]>
              </value>
            </param>
          </params>
          <reporter-output>
          </reporter-output>
        </test-method> <!-- VerifyPinVelocity -->
        <test-method status="PASS" signature="VerifyPinNoLongerValid(java.lang.String, java.lang.String, java.lang.String, java.lang.String)[pri:2, instance:MFAC.MFAC@5f71c76a]" name="VerifyPinNoLongerValid" duration-ms="21702" started-at="2018-12-14T17:59:21Z" data-provider="dp" finished-at="2018-12-14T17:59:43Z">
          <params>
            <param index="0">
              <value>
                <![CDATA[FDM-PHONE-PIN]]>
              </value>
            </param>
            <param index="1">
              <value>
                <![CDATA[l7xx1892f99a6f88470ba29abc141cd7bd8d]]>
              </value>
            </param>
            <param index="2">
              <value>
                <![CDATA[https://apidrt.idev.fedex.com:8443/security/v1/pin]]>
              </value>
            </param>
            <param index="3">
              <value>
                <![CDATA[https://apidrt.idev.fedex.com:8443/security/v1/pin/verify]]>
              </value>
            </param>
          </params>
          <reporter-output>
          </reporter-output>
        </test-method> <!-- VerifyPinNoLongerValid -->
        <test-method status="PASS" signature="VerifyPinVelocity(java.lang.String, java.lang.String, java.lang.String, java.lang.String, int, int)[pri:2, instance:MFAC.MFAC@5f71c76a]" name="VerifyPinVelocity" duration-ms="22122" started-at="2018-12-14T17:59:21Z" data-provider="dp" finished-at="2018-12-14T17:59:43Z">
          <params>
            <param index="0">
              <value>
                <![CDATA[FDM-PHONE-PIN]]>
              </value>
            </param>
            <param index="1">
              <value>
                <![CDATA[l7xx1892f99a6f88470ba29abc141cd7bd8d]]>
              </value>
            </param>
            <param index="2">
              <value>
                <![CDATA[https://apidrt.idev.fedex.com:8443/security/v1/pin]]>
              </value>
            </param>
            <param index="3">
              <value>
                <![CDATA[https://apidrt.idev.fedex.com:8443/security/v1/pin/verify]]>
              </value>
            </param>
            <param index="4">
              <value>
                <![CDATA[3]]>
              </value>
            </param>
            <param index="5">
              <value>
                <![CDATA[3]]>
              </value>
            </param>
          </params>
          <reporter-output>
          </reporter-output>
        </test-method> <!-- VerifyPinVelocity -->
        <test-method status="PASS" signature="IssuePinVelocity(java.lang.String, java.lang.String, java.lang.String, int)[pri:2, instance:MFAC.MFAC@5f71c76a]" name="IssuePinVelocity" duration-ms="19599" started-at="2018-12-14T17:59:21Z" data-provider="dp" finished-at="2018-12-14T17:59:41Z">
          <params>
            <param index="0">
              <value>
                <![CDATA[FDM-POSTCARD-PIN]]>
              </value>
            </param>
            <param index="1">
              <value>
                <![CDATA[l7xx1892f99a6f88470ba29abc141cd7bd8d]]>
              </value>
            </param>
            <param index="2">
              <value>
                <![CDATA[http://mfacdrt-cos-vip.test.cloud.fedex.com:9090/mfac/v3/issuePIN]]>
              </value>
            </param>
            <param index="3">
              <value>
                <![CDATA[3]]>
              </value>
            </param>
          </params>
          <reporter-output>
          </reporter-output>
        </test-method> <!-- IssuePinVelocity -->
        <test-method status="PASS" signature="IssuePinVelocity(java.lang.String, java.lang.String, java.lang.String, int)[pri:2, instance:MFAC.MFAC@5f71c76a]" name="IssuePinVelocity" duration-ms="18550" started-at="2018-12-14T17:59:21Z" data-provider="dp" finished-at="2018-12-14T17:59:40Z">
          <params>
            <param index="0">
              <value>
                <![CDATA[FDM-PHONE-PIN]]>
              </value>
            </param>
            <param index="1">
              <value>
                <![CDATA[l7xx1892f99a6f88470ba29abc141cd7bd8d]]>
              </value>
            </param>
            <param index="2">
              <value>
                <![CDATA[http://mfacdrt-cos-vip.test.cloud.fedex.com:9090/mfac/v3/issuePIN]]>
              </value>
            </param>
            <param index="3">
              <value>
                <![CDATA[3]]>
              </value>
            </param>
          </params>
          <reporter-output>
          </reporter-output>
        </test-method> <!-- IssuePinVelocity -->
        <test-method status="PASS" signature="VerifyPinVelocity(java.lang.String, java.lang.String, java.lang.String, java.lang.String, int, int)[pri:2, instance:MFAC.MFAC@5f71c76a]" name="VerifyPinVelocity" duration-ms="12013" started-at="2018-12-14T17:59:21Z" data-provider="dp" finished-at="2018-12-14T17:59:33Z">
          <params>
            <param index="0">
              <value>
                <![CDATA[FDM-POSTCARD-PIN]]>
              </value>
            </param>
            <param index="1">
              <value>
                <![CDATA[l7xx1892f99a6f88470ba29abc141cd7bd8d]]>
              </value>
            </param>
            <param index="2">
              <value>
                <![CDATA[http://mfacdrt-cos-vip.test.cloud.fedex.com:9090/mfac/v3/issuePIN]]>
              </value>
            </param>
            <param index="3">
              <value>
                <![CDATA[http://mfacdrt-cos-vip.test.cloud.fedex.com:9090/mfac/v3/verifyPIN]]>
              </value>
            </param>
            <param index="4">
              <value>
                <![CDATA[3]]>
              </value>
            </param>
            <param index="5">
              <value>
                <![CDATA[2]]>
              </value>
            </param>
          </params>
          <reporter-output>
          </reporter-output>
        </test-method> <!-- VerifyPinVelocity -->
        <test-method status="PASS" signature="IssuePin(java.lang.String, java.lang.String, java.lang.String)[pri:2, instance:MFAC.MFAC@5f71c76a]" name="IssuePin" duration-ms="2340" started-at="2018-12-14T17:59:21Z" data-provider="dp" finished-at="2018-12-14T17:59:24Z">
          <params>
            <param index="0">
              <value>
                <![CDATA[FDM-PHONE-PIN]]>
              </value>
            </param>
            <param index="1">
              <value>
                <![CDATA[l7xx1892f99a6f88470ba29abc141cd7bd8d]]>
              </value>
            </param>
            <param index="2">
              <value>
                <![CDATA[https://apidrt.idev.fedex.com:8443/security/v1/pin]]>
              </value>
            </param>
          </params>
          <reporter-output>
          </reporter-output>
        </test-method> <!-- IssuePin -->
        <test-method status="PASS" signature="VerifyPinNoLongerValid(java.lang.String, java.lang.String, java.lang.String, java.lang.String)[pri:2, instance:MFAC.MFAC@5f71c76a]" name="VerifyPinNoLongerValid" duration-ms="18210" started-at="2018-12-14T17:59:21Z" data-provider="dp" finished-at="2018-12-14T17:59:39Z">
          <params>
            <param index="0">
              <value>
                <![CDATA[FDM-PHONE-PIN]]>
              </value>
            </param>
            <param index="1">
              <value>
                <![CDATA[l7xx1892f99a6f88470ba29abc141cd7bd8d]]>
              </value>
            </param>
            <param index="2">
              <value>
                <![CDATA[http://mfacdrt-cos-vip.test.cloud.fedex.com:9090/mfac/v3/issuePIN]]>
              </value>
            </param>
            <param index="3">
              <value>
                <![CDATA[http://mfacdrt-cos-vip.test.cloud.fedex.com:9090/mfac/v3/verifyPIN]]>
              </value>
            </param>
          </params>
          <reporter-output>
          </reporter-output>
        </test-method> <!-- VerifyPinNoLongerValid -->
        <test-method status="PASS" signature="VerifyPinValid(java.lang.String, java.lang.String, java.lang.String, java.lang.String)[pri:2, instance:MFAC.MFAC@5f71c76a]" name="VerifyPinValid" duration-ms="9658" started-at="2018-12-14T17:59:21Z" data-provider="dp" finished-at="2018-12-14T17:59:31Z">
          <params>
            <param index="0">
              <value>
                <![CDATA[FDM-POSTCARD-PIN]]>
              </value>
            </param>
            <param index="1">
              <value>
                <![CDATA[l7xx1892f99a6f88470ba29abc141cd7bd8d]]>
              </value>
            </param>
            <param index="2">
              <value>
                <![CDATA[http://mfacdrt-cos-vip.test.cloud.fedex.com:9090/mfac/v3/issuePIN]]>
              </value>
            </param>
            <param index="3">
              <value>
                <![CDATA[http://mfacdrt-cos-vip.test.cloud.fedex.com:9090/mfac/v3/verifyPIN]]>
              </value>
            </param>
          </params>
          <reporter-output>
          </reporter-output>
        </test-method> <!-- VerifyPinValid -->
        <test-method status="PASS" signature="VerifyPinVelocity(java.lang.String, java.lang.String, java.lang.String, java.lang.String, int, int)[pri:2, instance:MFAC.MFAC@5f71c76a]" name="VerifyPinVelocity" duration-ms="15332" started-at="2018-12-14T17:59:21Z" data-provider="dp" finished-at="2018-12-14T17:59:37Z">
          <params>
            <param index="0">
              <value>
                <![CDATA[FDM-POSTCARD-PIN]]>
              </value>
            </param>
            <param index="1">
              <value>
                <![CDATA[l7xx1892f99a6f88470ba29abc141cd7bd8d]]>
              </value>
            </param>
            <param index="2">
              <value>
                <![CDATA[http://mfacdrt-cos-vip.test.cloud.fedex.com:9090/mfac/v3/issuePIN]]>
              </value>
            </param>
            <param index="3">
              <value>
                <![CDATA[http://mfacdrt-cos-vip.test.cloud.fedex.com:9090/mfac/v3/verifyPIN]]>
              </value>
            </param>
            <param index="4">
              <value>
                <![CDATA[3]]>
              </value>
            </param>
            <param index="5">
              <value>
                <![CDATA[1]]>
              </value>
            </param>
          </params>
          <reporter-output>
          </reporter-output>
        </test-method> <!-- VerifyPinVelocity -->
        <test-method status="PASS" signature="IssuePin(java.lang.String, java.lang.String, java.lang.String)[pri:2, instance:MFAC.MFAC@5f71c76a]" name="IssuePin" duration-ms="6382" started-at="2018-12-14T17:59:21Z" data-provider="dp" finished-at="2018-12-14T17:59:28Z">
          <params>
            <param index="0">
              <value>
                <![CDATA[FDM-PHONE-PIN]]>
              </value>
            </param>
            <param index="1">
              <value>
                <![CDATA[l7xx1892f99a6f88470ba29abc141cd7bd8d]]>
              </value>
            </param>
            <param index="2">
              <value>
                <![CDATA[http://mfacdrt-cos-vip.test.cloud.fedex.com:9090/mfac/v3/issuePIN]]>
              </value>
            </param>
          </params>
          <reporter-output>
          </reporter-output>
        </test-method> <!-- IssuePin -->
        <test-method status="PASS" signature="IssuePin(java.lang.String, java.lang.String, java.lang.String)[pri:2, instance:MFAC.MFAC@5f71c76a]" name="IssuePin" duration-ms="6601" started-at="2018-12-14T17:59:21Z" data-provider="dp" finished-at="2018-12-14T17:59:28Z">
          <params>
            <param index="0">
              <value>
                <![CDATA[FDM-POSTCARD-PIN]]>
              </value>
            </param>
            <param index="1">
              <value>
                <![CDATA[l7xx1892f99a6f88470ba29abc141cd7bd8d]]>
              </value>
            </param>
            <param index="2">
              <value>
                <![CDATA[http://mfacdrt-cos-vip.test.cloud.fedex.com:9090/mfac/v3/issuePIN]]>
              </value>
            </param>
          </params>
          <reporter-output>
          </reporter-output>
        </test-method> <!-- IssuePin -->
        <test-method status="PASS" signature="VerifyPinVelocity(java.lang.String, java.lang.String, java.lang.String, java.lang.String, int, int)[pri:2, instance:MFAC.MFAC@5f71c76a]" name="VerifyPinVelocity" duration-ms="22663" started-at="2018-12-14T17:59:21Z" data-provider="dp" finished-at="2018-12-14T17:59:44Z">
          <params>
            <param index="0">
              <value>
                <![CDATA[FDM-PHONE-PIN]]>
              </value>
            </param>
            <param index="1">
              <value>
                <![CDATA[l7xx1892f99a6f88470ba29abc141cd7bd8d]]>
              </value>
            </param>
            <param index="2">
              <value>
                <![CDATA[http://mfacdrt-cos-vip.test.cloud.fedex.com:9090/mfac/v3/issuePIN]]>
              </value>
            </param>
            <param index="3">
              <value>
                <![CDATA[http://mfacdrt-cos-vip.test.cloud.fedex.com:9090/mfac/v3/verifyPIN]]>
              </value>
            </param>
            <param index="4">
              <value>
                <![CDATA[3]]>
              </value>
            </param>
            <param index="5">
              <value>
                <![CDATA[3]]>
              </value>
            </param>
          </params>
          <reporter-output>
          </reporter-output>
        </test-method> <!-- VerifyPinVelocity -->
        <test-method status="PASS" signature="VerifyPinValid(java.lang.String, java.lang.String, java.lang.String, java.lang.String)[pri:2, instance:MFAC.MFAC@5f71c76a]" name="VerifyPinValid" duration-ms="14390" started-at="2018-12-14T17:59:21Z" data-provider="dp" finished-at="2018-12-14T17:59:36Z">
          <params>
            <param index="0">
              <value>
                <![CDATA[FDM-PHONE-PIN]]>
              </value>
            </param>
            <param index="1">
              <value>
                <![CDATA[l7xx1892f99a6f88470ba29abc141cd7bd8d]]>
              </value>
            </param>
            <param index="2">
              <value>
                <![CDATA[http://mfacdrt-cos-vip.test.cloud.fedex.com:9090/mfac/v3/issuePIN]]>
              </value>
            </param>
            <param index="3">
              <value>
                <![CDATA[http://mfacdrt-cos-vip.test.cloud.fedex.com:9090/mfac/v3/verifyPIN]]>
              </value>
            </param>
          </params>
          <reporter-output>
          </reporter-output>
        </test-method> <!-- VerifyPinValid -->
        <test-method status="PASS" signature="VerifyPinVelocity(java.lang.String, java.lang.String, java.lang.String, java.lang.String, int, int)[pri:2, instance:MFAC.MFAC@5f71c76a]" name="VerifyPinVelocity" duration-ms="19312" started-at="2018-12-14T17:59:21Z" data-provider="dp" finished-at="2018-12-14T17:59:41Z">
          <params>
            <param index="0">
              <value>
                <![CDATA[FDM-POSTCARD-PIN]]>
              </value>
            </param>
            <param index="1">
              <value>
                <![CDATA[l7xx1892f99a6f88470ba29abc141cd7bd8d]]>
              </value>
            </param>
            <param index="2">
              <value>
                <![CDATA[https://apidrt.idev.fedex.com:8443/security/v1/pin]]>
              </value>
            </param>
            <param index="3">
              <value>
                <![CDATA[https://apidrt.idev.fedex.com:8443/security/v1/pin/verify]]>
              </value>
            </param>
            <param index="4">
              <value>
                <![CDATA[3]]>
              </value>
            </param>
            <param index="5">
              <value>
                <![CDATA[2]]>
              </value>
            </param>
          </params>
          <reporter-output>
          </reporter-output>
        </test-method> <!-- VerifyPinVelocity -->
        <test-method status="PASS" signature="VerifyPinVelocity(java.lang.String, java.lang.String, java.lang.String, java.lang.String, int, int)[pri:2, instance:MFAC.MFAC@5f71c76a]" name="VerifyPinVelocity" duration-ms="19206" started-at="2018-12-14T17:59:21Z" data-provider="dp" finished-at="2018-12-14T17:59:40Z">
          <params>
            <param index="0">
              <value>
                <![CDATA[FDM-POSTCARD-PIN]]>
              </value>
            </param>
            <param index="1">
              <value>
                <![CDATA[l7xx1892f99a6f88470ba29abc141cd7bd8d]]>
              </value>
            </param>
            <param index="2">
              <value>
                <![CDATA[https://apidrt.idev.fedex.com:8443/security/v1/pin]]>
              </value>
            </param>
            <param index="3">
              <value>
                <![CDATA[https://apidrt.idev.fedex.com:8443/security/v1/pin/verify]]>
              </value>
            </param>
            <param index="4">
              <value>
                <![CDATA[3]]>
              </value>
            </param>
            <param index="5">
              <value>
                <![CDATA[1]]>
              </value>
            </param>
          </params>
          <reporter-output>
          </reporter-output>
        </test-method> <!-- VerifyPinVelocity -->
        <test-method status="PASS" signature="VerifyPinVelocity(java.lang.String, java.lang.String, java.lang.String, java.lang.String, int, int)[pri:2, instance:MFAC.MFAC@5f71c76a]" name="VerifyPinVelocity" duration-ms="16115" started-at="2018-12-14T17:59:26Z" data-provider="dp" finished-at="2018-12-14T17:59:42Z">
          <params>
            <param index="0">
              <value>
                <![CDATA[FDM-POSTCARD-PIN]]>
              </value>
            </param>
            <param index="1">
              <value>
                <![CDATA[l7xx1892f99a6f88470ba29abc141cd7bd8d]]>
              </value>
            </param>
            <param index="2">
              <value>
                <![CDATA[https://apidrt.idev.fedex.com:8443/security/v1/pin]]>
              </value>
            </param>
            <param index="3">
              <value>
                <![CDATA[https://apidrt.idev.fedex.com:8443/security/v1/pin/verify]]>
              </value>
            </param>
            <param index="4">
              <value>
                <![CDATA[3]]>
              </value>
            </param>
            <param index="5">
              <value>
                <![CDATA[3]]>
              </value>
            </param>
          </params>
          <reporter-output>
          </reporter-output>
        </test-method> <!-- VerifyPinVelocity -->
        <test-method status="PASS" signature="VerifyPinVelocity(java.lang.String, java.lang.String, java.lang.String, java.lang.String, int, int)[pri:2, instance:MFAC.MFAC@5f71c76a]" name="VerifyPinVelocity" duration-ms="11747" started-at="2018-12-14T17:59:33Z" data-provider="dp" finished-at="2018-12-14T17:59:44Z">
          <params>
            <param index="0">
              <value>
                <![CDATA[FDM-POSTCARD-PIN]]>
              </value>
            </param>
            <param index="1">
              <value>
                <![CDATA[l7xx1892f99a6f88470ba29abc141cd7bd8d]]>
              </value>
            </param>
            <param index="2">
              <value>
                <![CDATA[http://mfacdrt-cos-vip.test.cloud.fedex.com:9090/mfac/v3/issuePIN]]>
              </value>
            </param>
            <param index="3">
              <value>
                <![CDATA[http://mfacdrt-cos-vip.test.cloud.fedex.com:9090/mfac/v3/verifyPIN]]>
              </value>
            </param>
            <param index="4">
              <value>
                <![CDATA[3]]>
              </value>
            </param>
            <param index="5">
              <value>
                <![CDATA[3]]>
              </value>
            </param>
          </params>
          <reporter-output>
          </reporter-output>
        </test-method> <!-- VerifyPinVelocity -->
      </class> <!-- MFAC.MFAC -->
      <class name="SupportClasses.Set_Environment">
        <test-method status="PASS" signature="SetEvironmentLevel(java.lang.String)[pri:0, instance:SupportClasses.Set_Environment@27fe3806]" name="SetEvironmentLevel" duration-ms="5" started-at="2018-12-14T17:59:19Z" finished-at="2018-12-14T17:59:19Z">
          <params>
            <param index="0">
              <value>
                <![CDATA[3]]>
              </value>
            </param>
          </params>
          <reporter-output>
          </reporter-output>
        </test-method> <!-- SetEvironmentLevel -->
      </class> <!-- SupportClasses.Set_Environment -->
    </test> <!-- MFAC_Test -->
  </suite> <!-- MFAC_Suit -->
</testng-results>
