<?xml version="1.0" encoding="UTF-8"?>
<testng-results skipped="0" failed="0" ignored="1" total="6" passed="5">
  <reporter-output>
  </reporter-output>
  <suite name="Default suite" duration-ms="25782" started-at="2018-11-07T19:42:58Z" finished-at="2018-11-07T19:43:24Z">
    <groups>
    </groups>
    <test name="Default test" duration-ms="25782" started-at="2018-11-07T19:42:58Z" finished-at="2018-11-07T19:43:24Z">
      <class name="USRC.USRC_FDM">
        <test-method status="PASS" signature="beforeClass()[pri:0, instance:USRC.USRC_FDM@2698dc7]" name="beforeClass" is-config="true" duration-ms="31" started-at="2018-11-07T19:42:58Z" finished-at="2018-11-07T19:42:58Z">
          <reporter-output>
          </reporter-output>
        </test-method> <!-- beforeClass -->
        <test-method status="PASS" signature="CreateUsers(Data_Structures.USRC_Data, int)[pri:0, instance:USRC.USRC_FDM@2698dc7]" name="CreateUsers" duration-ms="10583" started-at="2018-11-07T19:43:01Z" data-provider="dp" finished-at="2018-11-07T19:43:11Z">
          <params>
            <param index="0">
              <value>
                <![CDATA[Data_Structures.USRC_Data@3e9d26fe]]>
              </value>
            </param>
            <param index="1">
              <value>
                <![CDATA[0]]>
              </value>
            </param>
          </params>
          <reporter-output>
          </reporter-output>
        </test-method> <!-- CreateUsers -->
        <test-method status="PASS" signature="CreateUsers(Data_Structures.USRC_Data, int)[pri:0, instance:USRC.USRC_FDM@2698dc7]" name="CreateUsers" duration-ms="23508" started-at="2018-11-07T19:43:01Z" data-provider="dp" finished-at="2018-11-07T19:43:24Z">
          <params>
            <param index="0">
              <value>
                <![CDATA[Data_Structures.USRC_Data@3e9d26fe]]>
              </value>
            </param>
            <param index="1">
              <value>
                <![CDATA[1]]>
              </value>
            </param>
          </params>
          <reporter-output>
          </reporter-output>
        </test-method> <!-- CreateUsers -->
        <test-method status="PASS" signature="CreateUsers(Data_Structures.USRC_Data, int)[pri:0, instance:USRC.USRC_FDM@2698dc7]" name="CreateUsers" duration-ms="19399" started-at="2018-11-07T19:43:01Z" data-provider="dp" finished-at="2018-11-07T19:43:20Z">
          <params>
            <param index="0">
              <value>
                <![CDATA[Data_Structures.USRC_Data@3e9d26fe]]>
              </value>
            </param>
            <param index="1">
              <value>
                <![CDATA[3]]>
              </value>
            </param>
          </params>
          <reporter-output>
          </reporter-output>
        </test-method> <!-- CreateUsers -->
        <test-method status="PASS" signature="CreateUsers(Data_Structures.USRC_Data, int)[pri:0, instance:USRC.USRC_FDM@2698dc7]" name="CreateUsers" duration-ms="5752" started-at="2018-11-07T19:43:01Z" data-provider="dp" finished-at="2018-11-07T19:43:06Z">
          <params>
            <param index="0">
              <value>
                <![CDATA[Data_Structures.USRC_Data@3e9d26fe]]>
              </value>
            </param>
            <param index="1">
              <value>
                <![CDATA[2]]>
              </value>
            </param>
          </params>
          <reporter-output>
          </reporter-output>
        </test-method> <!-- CreateUsers -->
        <test-method status="PASS" signature="CreateUsers(Data_Structures.USRC_Data, int)[pri:0, instance:USRC.USRC_FDM@2698dc7]" name="CreateUsers" duration-ms="14706" started-at="2018-11-07T19:43:01Z" data-provider="dp" finished-at="2018-11-07T19:43:15Z">
          <params>
            <param index="0">
              <value>
                <![CDATA[Data_Structures.USRC_Data@3e9d26fe]]>
              </value>
            </param>
            <param index="1">
              <value>
                <![CDATA[4]]>
              </value>
            </param>
          </params>
          <reporter-output>
          </reporter-output>
        </test-method> <!-- CreateUsers -->
      </class> <!-- USRC.USRC_FDM -->
    </test> <!-- Default test -->
  </suite> <!-- Default suite -->
</testng-results>
