<?xml version="1.0" encoding="UTF-8"?>
<testng-results skipped="0" failed="0" ignored="5" total="29" passed="24">
  <reporter-output>
  </reporter-output>
  <suite name="Default suite" duration-ms="33158" started-at="2018-10-25T02:34:16Z" finished-at="2018-10-25T02:34:49Z">
    <groups>
    </groups>
    <test name="Default test" duration-ms="33158" started-at="2018-10-25T02:34:16Z" finished-at="2018-10-25T02:34:49Z">
      <class name="TestNG.MFAC">
        <test-method status="PASS" signature="beforeClass()[pri:0, instance:TestNG.MFAC@2bea5ab4]" name="beforeClass" is-config="true" duration-ms="1262" started-at="2018-10-25T02:34:16Z" finished-at="2018-10-25T02:34:17Z">
          <reporter-output>
          </reporter-output>
        </test-method> <!-- beforeClass -->
        <test-method status="PASS" signature="AddressVelocity(java.lang.String, java.lang.String, java.lang.String, int)[pri:2, instance:TestNG.MFAC@2bea5ab4]" name="AddressVelocity" duration-ms="10837" started-at="2018-10-25T02:34:17Z" data-provider="dp" finished-at="2018-10-25T02:34:28Z">
          <params>
            <param index="0">
              <value>
                <![CDATA[FDM-POSTCARD-PIN]]>
              </value>
            </param>
            <param index="1">
              <value>
                <![CDATA[l7xx1892f99a6f88470ba29abc141cd7bd8d]]>
              </value>
            </param>
            <param index="2">
              <value>
                <![CDATA[http://mfacdev-cos-vip.test.cloud.fedex.com:9090/mfac/v3/addressVelocityCheck]]>
              </value>
            </param>
            <param index="3">
              <value>
                <![CDATA[10]]>
              </value>
            </param>
          </params>
          <reporter-output>
          </reporter-output>
        </test-method> <!-- AddressVelocity -->
        <test-method status="PASS" signature="AddressVelocity(java.lang.String, java.lang.String, java.lang.String, int)[pri:2, instance:TestNG.MFAC@2bea5ab4]" name="AddressVelocity" duration-ms="11257" started-at="2018-10-25T02:34:17Z" data-provider="dp" finished-at="2018-10-25T02:34:28Z">
          <params>
            <param index="0">
              <value>
                <![CDATA[FDM-PHONE-PIN]]>
              </value>
            </param>
            <param index="1">
              <value>
                <![CDATA[l7xx1892f99a6f88470ba29abc141cd7bd8d]]>
              </value>
            </param>
            <param index="2">
              <value>
                <![CDATA[http://mfacdev-cos-vip.test.cloud.fedex.com:9090/mfac/v3/addressVelocityCheck]]>
              </value>
            </param>
            <param index="3">
              <value>
                <![CDATA[10]]>
              </value>
            </param>
          </params>
          <reporter-output>
          </reporter-output>
        </test-method> <!-- AddressVelocity -->
        <test-method status="PASS" signature="AddressVelocity(java.lang.String, java.lang.String, java.lang.String, int)[pri:2, instance:TestNG.MFAC@2bea5ab4]" name="AddressVelocity" duration-ms="8204" started-at="2018-10-25T02:34:17Z" data-provider="dp" finished-at="2018-10-25T02:34:25Z">
          <params>
            <param index="0">
              <value>
                <![CDATA[FDM-PHONE-PIN]]>
              </value>
            </param>
            <param index="1">
              <value>
                <![CDATA[l7xx1892f99a6f88470ba29abc141cd7bd8d]]>
              </value>
            </param>
            <param index="2">
              <value>
                <![CDATA[https://apidev.idev.fedex.com:8443/security/v1/addresses/velocitycheck]]>
              </value>
            </param>
            <param index="3">
              <value>
                <![CDATA[10]]>
              </value>
            </param>
          </params>
          <reporter-output>
          </reporter-output>
        </test-method> <!-- AddressVelocity -->
        <test-method status="PASS" signature="AddressVelocity(java.lang.String, java.lang.String, java.lang.String, int)[pri:2, instance:TestNG.MFAC@2bea5ab4]" name="AddressVelocity" duration-ms="10211" started-at="2018-10-25T02:34:17Z" data-provider="dp" finished-at="2018-10-25T02:34:27Z">
          <params>
            <param index="0">
              <value>
                <![CDATA[FDM-POSTCARD-PIN]]>
              </value>
            </param>
            <param index="1">
              <value>
                <![CDATA[l7xx1892f99a6f88470ba29abc141cd7bd8d]]>
              </value>
            </param>
            <param index="2">
              <value>
                <![CDATA[https://apidev.idev.fedex.com:8443/security/v1/addresses/velocitycheck]]>
              </value>
            </param>
            <param index="3">
              <value>
                <![CDATA[10]]>
              </value>
            </param>
          </params>
          <reporter-output>
          </reporter-output>
        </test-method> <!-- AddressVelocity -->
        <test-method status="PASS" signature="IssuePin(java.lang.String, java.lang.String, java.lang.String)[pri:2, instance:TestNG.MFAC@2bea5ab4]" name="IssuePin" duration-ms="1597" started-at="2018-10-25T02:34:28Z" data-provider="dp" finished-at="2018-10-25T02:34:30Z">
          <params>
            <param index="0">
              <value>
                <![CDATA[FDM-PHONE-PIN]]>
              </value>
            </param>
            <param index="1">
              <value>
                <![CDATA[l7xx1892f99a6f88470ba29abc141cd7bd8d]]>
              </value>
            </param>
            <param index="2">
              <value>
                <![CDATA[https://apidev.idev.fedex.com:8443/security/v1/pin]]>
              </value>
            </param>
          </params>
          <reporter-output>
          </reporter-output>
        </test-method> <!-- IssuePin -->
        <test-method status="PASS" signature="IssuePin(java.lang.String, java.lang.String, java.lang.String)[pri:2, instance:TestNG.MFAC@2bea5ab4]" name="IssuePin" duration-ms="2351" started-at="2018-10-25T02:34:28Z" data-provider="dp" finished-at="2018-10-25T02:34:31Z">
          <params>
            <param index="0">
              <value>
                <![CDATA[FDM-PHONE-PIN]]>
              </value>
            </param>
            <param index="1">
              <value>
                <![CDATA[l7xx1892f99a6f88470ba29abc141cd7bd8d]]>
              </value>
            </param>
            <param index="2">
              <value>
                <![CDATA[http://mfacdev-cos-vip.test.cloud.fedex.com:9090/mfac/v3/issuePIN]]>
              </value>
            </param>
          </params>
          <reporter-output>
          </reporter-output>
        </test-method> <!-- IssuePin -->
        <test-method status="PASS" signature="IssuePin(java.lang.String, java.lang.String, java.lang.String)[pri:2, instance:TestNG.MFAC@2bea5ab4]" name="IssuePin" duration-ms="2634" started-at="2018-10-25T02:34:28Z" data-provider="dp" finished-at="2018-10-25T02:34:31Z">
          <params>
            <param index="0">
              <value>
                <![CDATA[FDM-POSTCARD-PIN]]>
              </value>
            </param>
            <param index="1">
              <value>
                <![CDATA[l7xx1892f99a6f88470ba29abc141cd7bd8d]]>
              </value>
            </param>
            <param index="2">
              <value>
                <![CDATA[http://mfacdev-cos-vip.test.cloud.fedex.com:9090/mfac/v3/issuePIN]]>
              </value>
            </param>
          </params>
          <reporter-output>
          </reporter-output>
        </test-method> <!-- IssuePin -->
        <test-method status="PASS" signature="IssuePin(java.lang.String, java.lang.String, java.lang.String)[pri:2, instance:TestNG.MFAC@2bea5ab4]" name="IssuePin" duration-ms="2023" started-at="2018-10-25T02:34:28Z" data-provider="dp" finished-at="2018-10-25T02:34:30Z">
          <params>
            <param index="0">
              <value>
                <![CDATA[FDM-POSTCARD-PIN]]>
              </value>
            </param>
            <param index="1">
              <value>
                <![CDATA[l7xx1892f99a6f88470ba29abc141cd7bd8d]]>
              </value>
            </param>
            <param index="2">
              <value>
                <![CDATA[https://apidev.idev.fedex.com:8443/security/v1/pin]]>
              </value>
            </param>
          </params>
          <reporter-output>
          </reporter-output>
        </test-method> <!-- IssuePin -->
        <test-method status="PASS" signature="IssuePinVelocity(java.lang.String, java.lang.String, java.lang.String, int)[pri:2, instance:TestNG.MFAC@2bea5ab4]" name="IssuePinVelocity" duration-ms="3829" started-at="2018-10-25T02:34:31Z" data-provider="dp" finished-at="2018-10-25T02:34:35Z">
          <params>
            <param index="0">
              <value>
                <![CDATA[FDM-PHONE-PIN]]>
              </value>
            </param>
            <param index="1">
              <value>
                <![CDATA[l7xx1892f99a6f88470ba29abc141cd7bd8d]]>
              </value>
            </param>
            <param index="2">
              <value>
                <![CDATA[https://apidev.idev.fedex.com:8443/security/v1/pin]]>
              </value>
            </param>
            <param index="3">
              <value>
                <![CDATA[3]]>
              </value>
            </param>
          </params>
          <reporter-output>
          </reporter-output>
        </test-method> <!-- IssuePinVelocity -->
        <test-method status="PASS" signature="IssuePinVelocity(java.lang.String, java.lang.String, java.lang.String, int)[pri:2, instance:TestNG.MFAC@2bea5ab4]" name="IssuePinVelocity" duration-ms="2590" started-at="2018-10-25T02:34:31Z" data-provider="dp" finished-at="2018-10-25T02:34:33Z">
          <params>
            <param index="0">
              <value>
                <![CDATA[FDM-POSTCARD-PIN]]>
              </value>
            </param>
            <param index="1">
              <value>
                <![CDATA[l7xx1892f99a6f88470ba29abc141cd7bd8d]]>
              </value>
            </param>
            <param index="2">
              <value>
                <![CDATA[https://apidev.idev.fedex.com:8443/security/v1/pin]]>
              </value>
            </param>
            <param index="3">
              <value>
                <![CDATA[3]]>
              </value>
            </param>
          </params>
          <reporter-output>
          </reporter-output>
        </test-method> <!-- IssuePinVelocity -->
        <test-method status="PASS" signature="IssuePinVelocity(java.lang.String, java.lang.String, java.lang.String, int)[pri:2, instance:TestNG.MFAC@2bea5ab4]" name="IssuePinVelocity" duration-ms="2924" started-at="2018-10-25T02:34:31Z" data-provider="dp" finished-at="2018-10-25T02:34:34Z">
          <params>
            <param index="0">
              <value>
                <![CDATA[FDM-PHONE-PIN]]>
              </value>
            </param>
            <param index="1">
              <value>
                <![CDATA[l7xx1892f99a6f88470ba29abc141cd7bd8d]]>
              </value>
            </param>
            <param index="2">
              <value>
                <![CDATA[http://mfacdev-cos-vip.test.cloud.fedex.com:9090/mfac/v3/issuePIN]]>
              </value>
            </param>
            <param index="3">
              <value>
                <![CDATA[3]]>
              </value>
            </param>
          </params>
          <reporter-output>
          </reporter-output>
        </test-method> <!-- IssuePinVelocity -->
        <test-method status="PASS" signature="IssuePinVelocity(java.lang.String, java.lang.String, java.lang.String, int)[pri:2, instance:TestNG.MFAC@2bea5ab4]" name="IssuePinVelocity" duration-ms="3190" started-at="2018-10-25T02:34:31Z" data-provider="dp" finished-at="2018-10-25T02:34:34Z">
          <params>
            <param index="0">
              <value>
                <![CDATA[FDM-POSTCARD-PIN]]>
              </value>
            </param>
            <param index="1">
              <value>
                <![CDATA[l7xx1892f99a6f88470ba29abc141cd7bd8d]]>
              </value>
            </param>
            <param index="2">
              <value>
                <![CDATA[http://mfacdev-cos-vip.test.cloud.fedex.com:9090/mfac/v3/issuePIN]]>
              </value>
            </param>
            <param index="3">
              <value>
                <![CDATA[3]]>
              </value>
            </param>
          </params>
          <reporter-output>
          </reporter-output>
        </test-method> <!-- IssuePinVelocity -->
        <test-method status="PASS" signature="VerifyPinNoLongerValid(java.lang.String, java.lang.String, java.lang.String, java.lang.String)[pri:2, instance:TestNG.MFAC@2bea5ab4]" name="VerifyPinNoLongerValid" duration-ms="3990" started-at="2018-10-25T02:34:35Z" data-provider="dp" finished-at="2018-10-25T02:34:39Z">
          <params>
            <param index="0">
              <value>
                <![CDATA[FDM-POSTCARD-PIN]]>
              </value>
            </param>
            <param index="1">
              <value>
                <![CDATA[l7xx1892f99a6f88470ba29abc141cd7bd8d]]>
              </value>
            </param>
            <param index="2">
              <value>
                <![CDATA[https://apidev.idev.fedex.com:8443/security/v1/pin]]>
              </value>
            </param>
            <param index="3">
              <value>
                <![CDATA[https://apidev.idev.fedex.com:8443/security/v1/pin/verify]]>
              </value>
            </param>
          </params>
          <reporter-output>
          </reporter-output>
        </test-method> <!-- VerifyPinNoLongerValid -->
        <test-method status="PASS" signature="VerifyPinNoLongerValid(java.lang.String, java.lang.String, java.lang.String, java.lang.String)[pri:2, instance:TestNG.MFAC@2bea5ab4]" name="VerifyPinNoLongerValid" duration-ms="3881" started-at="2018-10-25T02:34:35Z" data-provider="dp" finished-at="2018-10-25T02:34:39Z">
          <params>
            <param index="0">
              <value>
                <![CDATA[FDM-PHONE-PIN]]>
              </value>
            </param>
            <param index="1">
              <value>
                <![CDATA[l7xx1892f99a6f88470ba29abc141cd7bd8d]]>
              </value>
            </param>
            <param index="2">
              <value>
                <![CDATA[http://mfacdev-cos-vip.test.cloud.fedex.com:9090/mfac/v3/issuePIN]]>
              </value>
            </param>
            <param index="3">
              <value>
                <![CDATA[http://mfacdev-cos-vip.test.cloud.fedex.com:9090/mfac/v3/verifyPIN]]>
              </value>
            </param>
          </params>
          <reporter-output>
          </reporter-output>
        </test-method> <!-- VerifyPinNoLongerValid -->
        <test-method status="PASS" signature="VerifyPinNoLongerValid(java.lang.String, java.lang.String, java.lang.String, java.lang.String)[pri:2, instance:TestNG.MFAC@2bea5ab4]" name="VerifyPinNoLongerValid" duration-ms="3615" started-at="2018-10-25T02:34:35Z" data-provider="dp" finished-at="2018-10-25T02:34:38Z">
          <params>
            <param index="0">
              <value>
                <![CDATA[FDM-PHONE-PIN]]>
              </value>
            </param>
            <param index="1">
              <value>
                <![CDATA[l7xx1892f99a6f88470ba29abc141cd7bd8d]]>
              </value>
            </param>
            <param index="2">
              <value>
                <![CDATA[https://apidev.idev.fedex.com:8443/security/v1/pin]]>
              </value>
            </param>
            <param index="3">
              <value>
                <![CDATA[https://apidev.idev.fedex.com:8443/security/v1/pin/verify]]>
              </value>
            </param>
          </params>
          <reporter-output>
          </reporter-output>
        </test-method> <!-- VerifyPinNoLongerValid -->
        <test-method status="PASS" signature="VerifyPinNoLongerValid(java.lang.String, java.lang.String, java.lang.String, java.lang.String)[pri:2, instance:TestNG.MFAC@2bea5ab4]" name="VerifyPinNoLongerValid" duration-ms="3771" started-at="2018-10-25T02:34:35Z" data-provider="dp" finished-at="2018-10-25T02:34:39Z">
          <params>
            <param index="0">
              <value>
                <![CDATA[FDM-POSTCARD-PIN]]>
              </value>
            </param>
            <param index="1">
              <value>
                <![CDATA[l7xx1892f99a6f88470ba29abc141cd7bd8d]]>
              </value>
            </param>
            <param index="2">
              <value>
                <![CDATA[http://mfacdev-cos-vip.test.cloud.fedex.com:9090/mfac/v3/issuePIN]]>
              </value>
            </param>
            <param index="3">
              <value>
                <![CDATA[http://mfacdev-cos-vip.test.cloud.fedex.com:9090/mfac/v3/verifyPIN]]>
              </value>
            </param>
          </params>
          <reporter-output>
          </reporter-output>
        </test-method> <!-- VerifyPinNoLongerValid -->
        <test-method status="PASS" signature="VerifyPinValid(java.lang.String, java.lang.String, java.lang.String, java.lang.String)[pri:2, instance:TestNG.MFAC@2bea5ab4]" name="VerifyPinValid" duration-ms="2117" started-at="2018-10-25T02:34:39Z" data-provider="dp" finished-at="2018-10-25T02:34:41Z">
          <params>
            <param index="0">
              <value>
                <![CDATA[FDM-PHONE-PIN]]>
              </value>
            </param>
            <param index="1">
              <value>
                <![CDATA[l7xx1892f99a6f88470ba29abc141cd7bd8d]]>
              </value>
            </param>
            <param index="2">
              <value>
                <![CDATA[https://apidev.idev.fedex.com:8443/security/v1/pin]]>
              </value>
            </param>
            <param index="3">
              <value>
                <![CDATA[https://apidev.idev.fedex.com:8443/security/v1/pin/verify]]>
              </value>
            </param>
          </params>
          <reporter-output>
          </reporter-output>
        </test-method> <!-- VerifyPinValid -->
        <test-method status="PASS" signature="VerifyPinValid(java.lang.String, java.lang.String, java.lang.String, java.lang.String)[pri:2, instance:TestNG.MFAC@2bea5ab4]" name="VerifyPinValid" duration-ms="2431" started-at="2018-10-25T02:34:39Z" data-provider="dp" finished-at="2018-10-25T02:34:41Z">
          <params>
            <param index="0">
              <value>
                <![CDATA[FDM-POSTCARD-PIN]]>
              </value>
            </param>
            <param index="1">
              <value>
                <![CDATA[l7xx1892f99a6f88470ba29abc141cd7bd8d]]>
              </value>
            </param>
            <param index="2">
              <value>
                <![CDATA[https://apidev.idev.fedex.com:8443/security/v1/pin]]>
              </value>
            </param>
            <param index="3">
              <value>
                <![CDATA[https://apidev.idev.fedex.com:8443/security/v1/pin/verify]]>
              </value>
            </param>
          </params>
          <reporter-output>
          </reporter-output>
        </test-method> <!-- VerifyPinValid -->
        <test-method status="PASS" signature="VerifyPinValid(java.lang.String, java.lang.String, java.lang.String, java.lang.String)[pri:2, instance:TestNG.MFAC@2bea5ab4]" name="VerifyPinValid" duration-ms="2306" started-at="2018-10-25T02:34:39Z" data-provider="dp" finished-at="2018-10-25T02:34:41Z">
          <params>
            <param index="0">
              <value>
                <![CDATA[FDM-POSTCARD-PIN]]>
              </value>
            </param>
            <param index="1">
              <value>
                <![CDATA[l7xx1892f99a6f88470ba29abc141cd7bd8d]]>
              </value>
            </param>
            <param index="2">
              <value>
                <![CDATA[http://mfacdev-cos-vip.test.cloud.fedex.com:9090/mfac/v3/issuePIN]]>
              </value>
            </param>
            <param index="3">
              <value>
                <![CDATA[http://mfacdev-cos-vip.test.cloud.fedex.com:9090/mfac/v3/verifyPIN]]>
              </value>
            </param>
          </params>
          <reporter-output>
          </reporter-output>
        </test-method> <!-- VerifyPinValid -->
        <test-method status="PASS" signature="VerifyPinValid(java.lang.String, java.lang.String, java.lang.String, java.lang.String)[pri:2, instance:TestNG.MFAC@2bea5ab4]" name="VerifyPinValid" duration-ms="2210" started-at="2018-10-25T02:34:39Z" data-provider="dp" finished-at="2018-10-25T02:34:41Z">
          <params>
            <param index="0">
              <value>
                <![CDATA[FDM-PHONE-PIN]]>
              </value>
            </param>
            <param index="1">
              <value>
                <![CDATA[l7xx1892f99a6f88470ba29abc141cd7bd8d]]>
              </value>
            </param>
            <param index="2">
              <value>
                <![CDATA[http://mfacdev-cos-vip.test.cloud.fedex.com:9090/mfac/v3/issuePIN]]>
              </value>
            </param>
            <param index="3">
              <value>
                <![CDATA[http://mfacdev-cos-vip.test.cloud.fedex.com:9090/mfac/v3/verifyPIN]]>
              </value>
            </param>
          </params>
          <reporter-output>
          </reporter-output>
        </test-method> <!-- VerifyPinValid -->
        <test-method status="PASS" signature="VerifyPinVelocity(java.lang.String, java.lang.String, java.lang.String, java.lang.String, int)[pri:2, instance:TestNG.MFAC@2bea5ab4]" name="VerifyPinVelocity" duration-ms="7549" started-at="2018-10-25T02:34:41Z" data-provider="dp" finished-at="2018-10-25T02:34:49Z">
          <params>
            <param index="0">
              <value>
                <![CDATA[FDM-PHONE-PIN]]>
              </value>
            </param>
            <param index="1">
              <value>
                <![CDATA[l7xx1892f99a6f88470ba29abc141cd7bd8d]]>
              </value>
            </param>
            <param index="2">
              <value>
                <![CDATA[https://apidev.idev.fedex.com:8443/security/v1/pin]]>
              </value>
            </param>
            <param index="3">
              <value>
                <![CDATA[https://apidev.idev.fedex.com:8443/security/v1/pin/verify]]>
              </value>
            </param>
            <param index="4">
              <value>
                <![CDATA[3]]>
              </value>
            </param>
          </params>
          <reporter-output>
          </reporter-output>
        </test-method> <!-- VerifyPinVelocity -->
        <test-method status="PASS" signature="VerifyPinVelocity(java.lang.String, java.lang.String, java.lang.String, java.lang.String, int)[pri:2, instance:TestNG.MFAC@2bea5ab4]" name="VerifyPinVelocity" duration-ms="6428" started-at="2018-10-25T02:34:41Z" data-provider="dp" finished-at="2018-10-25T02:34:48Z">
          <params>
            <param index="0">
              <value>
                <![CDATA[FDM-POSTCARD-PIN]]>
              </value>
            </param>
            <param index="1">
              <value>
                <![CDATA[l7xx1892f99a6f88470ba29abc141cd7bd8d]]>
              </value>
            </param>
            <param index="2">
              <value>
                <![CDATA[https://apidev.idev.fedex.com:8443/security/v1/pin]]>
              </value>
            </param>
            <param index="3">
              <value>
                <![CDATA[https://apidev.idev.fedex.com:8443/security/v1/pin/verify]]>
              </value>
            </param>
            <param index="4">
              <value>
                <![CDATA[3]]>
              </value>
            </param>
          </params>
          <reporter-output>
          </reporter-output>
        </test-method> <!-- VerifyPinVelocity -->
        <test-method status="PASS" signature="VerifyPinVelocity(java.lang.String, java.lang.String, java.lang.String, java.lang.String, int)[pri:2, instance:TestNG.MFAC@2bea5ab4]" name="VerifyPinVelocity" duration-ms="7063" started-at="2018-10-25T02:34:41Z" data-provider="dp" finished-at="2018-10-25T02:34:48Z">
          <params>
            <param index="0">
              <value>
                <![CDATA[FDM-POSTCARD-PIN]]>
              </value>
            </param>
            <param index="1">
              <value>
                <![CDATA[l7xx1892f99a6f88470ba29abc141cd7bd8d]]>
              </value>
            </param>
            <param index="2">
              <value>
                <![CDATA[http://mfacdev-cos-vip.test.cloud.fedex.com:9090/mfac/v3/issuePIN]]>
              </value>
            </param>
            <param index="3">
              <value>
                <![CDATA[http://mfacdev-cos-vip.test.cloud.fedex.com:9090/mfac/v3/verifyPIN]]>
              </value>
            </param>
            <param index="4">
              <value>
                <![CDATA[3]]>
              </value>
            </param>
          </params>
          <reporter-output>
          </reporter-output>
        </test-method> <!-- VerifyPinVelocity -->
        <test-method status="PASS" signature="VerifyPinVelocity(java.lang.String, java.lang.String, java.lang.String, java.lang.String, int)[pri:2, instance:TestNG.MFAC@2bea5ab4]" name="VerifyPinVelocity" duration-ms="7206" started-at="2018-10-25T02:34:41Z" data-provider="dp" finished-at="2018-10-25T02:34:48Z">
          <params>
            <param index="0">
              <value>
                <![CDATA[FDM-PHONE-PIN]]>
              </value>
            </param>
            <param index="1">
              <value>
                <![CDATA[l7xx1892f99a6f88470ba29abc141cd7bd8d]]>
              </value>
            </param>
            <param index="2">
              <value>
                <![CDATA[http://mfacdev-cos-vip.test.cloud.fedex.com:9090/mfac/v3/issuePIN]]>
              </value>
            </param>
            <param index="3">
              <value>
                <![CDATA[http://mfacdev-cos-vip.test.cloud.fedex.com:9090/mfac/v3/verifyPIN]]>
              </value>
            </param>
            <param index="4">
              <value>
                <![CDATA[3]]>
              </value>
            </param>
          </params>
          <reporter-output>
          </reporter-output>
        </test-method> <!-- VerifyPinVelocity -->
      </class> <!-- TestNG.MFAC -->
    </test> <!-- Default test -->
  </suite> <!-- Default suite -->
</testng-results>
