<?xml version="1.0" encoding="UTF-8"?>
<testng-results skipped="0" failed="0" ignored="0" total="17" passed="17">
  <reporter-output>
  </reporter-output>
  <suite name="Default suite" duration-ms="3385" started-at="2018-11-05T21:00:32Z" finished-at="2018-11-05T21:00:35Z">
    <groups>
    </groups>
    <test name="Default test" duration-ms="3385" started-at="2018-11-05T21:00:32Z" finished-at="2018-11-05T21:00:35Z">
      <class name="CMAC.CMAC_Projects">
        <test-method status="PASS" signature="beforeClass()[pri:0, instance:CMAC.CMAC_Projects@d21a74c]" name="beforeClass" is-config="true" duration-ms="32" started-at="2018-11-05T21:00:32Z" finished-at="2018-11-05T21:00:32Z">
          <reporter-output>
          </reporter-output>
        </test-method> <!-- beforeClass -->
        <test-method status="PASS" signature="CreateProject(java.lang.String, java.lang.String, java.lang.String, java.lang.String, java.lang.String, java.lang.String, java.lang.String, java.lang.String, java.lang.String)[pri:1, instance:CMAC.CMAC_Projects@d21a74c]" name="CreateProject" duration-ms="157" started-at="2018-11-05T21:00:34Z" description="380527" data-provider="dp" finished-at="2018-11-05T21:00:34Z">
          <params>
            <param index="0">
              <value>
                <![CDATA[https://cmac-dev.app.wtcdev2.paas.fedex.com/cmac/v3/projects]]>
              </value>
            </param>
            <param index="1">
              <value>
                <![CDATA[https://cmac-dev.app.wtcdev2.paas.fedex.com/cmac/v3/projects/{UUID}]]>
              </value>
            </param>
            <param index="2">
              <value>
                <![CDATA[]]>
              </value>
            </param>
            <param index="3">
              <value>
                <![CDATA[6000]]>
              </value>
            </param>
            <param index="4">
              <value>
                <![CDATA[1105181500342]]>
              </value>
            </param>
            <param index="5">
              <value>
                <![CDATA[Proj_Creation2 110518T150034]]>
              </value>
            </param>
            <param index="6">
              <value>
                <![CDATA[propreitary]]>
              </value>
            </param>
            <param index="7">
              <value>
                <![CDATA[2]]>
              </value>
            </param>
            <param index="8">
              <value>
                <![CDATA[11-05-18 15:00:34:591]]>
              </value>
            </param>
          </params>
          <reporter-output>
          </reporter-output>
        </test-method> <!-- CreateProject -->
        <test-method status="PASS" signature="CreateProject(java.lang.String, java.lang.String, java.lang.String, java.lang.String, java.lang.String, java.lang.String, java.lang.String, java.lang.String, java.lang.String)[pri:1, instance:CMAC.CMAC_Projects@d21a74c]" name="CreateProject" duration-ms="265" started-at="2018-11-05T21:00:34Z" description="380527" data-provider="dp" finished-at="2018-11-05T21:00:34Z">
          <params>
            <param index="0">
              <value>
                <![CDATA[https://cmac-dev.app.wtcdev2.paas.fedex.com/cmac/v3/projects]]>
              </value>
            </param>
            <param index="1">
              <value>
                <![CDATA[https://cmac-dev.app.wtcdev2.paas.fedex.com/cmac/v3/projects/{UUID}]]>
              </value>
            </param>
            <param index="2">
              <value>
                <![CDATA[]]>
              </value>
            </param>
            <param index="3">
              <value>
                <![CDATA[6000]]>
              </value>
            </param>
            <param index="4">
              <value>
                <![CDATA[1105181500344]]>
              </value>
            </param>
            <param index="5">
              <value>
                <![CDATA[Proj_Creation4 110518T150034]]>
              </value>
            </param>
            <param index="6">
              <value>
                <![CDATA[propreitary]]>
              </value>
            </param>
            <param index="7">
              <value>
                <![CDATA[2]]>
              </value>
            </param>
            <param index="8">
              <value>
                <![CDATA[11-05-18 15:00:34:591]]>
              </value>
            </param>
          </params>
          <reporter-output>
          </reporter-output>
        </test-method> <!-- CreateProject -->
        <test-method status="PASS" signature="CreateProject(java.lang.String, java.lang.String, java.lang.String, java.lang.String, java.lang.String, java.lang.String, java.lang.String, java.lang.String, java.lang.String)[pri:1, instance:CMAC.CMAC_Projects@d21a74c]" name="CreateProject" duration-ms="234" started-at="2018-11-05T21:00:34Z" description="380527" data-provider="dp" finished-at="2018-11-05T21:00:34Z">
          <params>
            <param index="0">
              <value>
                <![CDATA[https://cmac-dev.app.wtcdev2.paas.fedex.com/cmac/v3/projects]]>
              </value>
            </param>
            <param index="1">
              <value>
                <![CDATA[https://cmac-dev.app.wtcdev2.paas.fedex.com/cmac/v3/projects/{UUID}]]>
              </value>
            </param>
            <param index="2">
              <value>
                <![CDATA[]]>
              </value>
            </param>
            <param index="3">
              <value>
                <![CDATA[6000]]>
              </value>
            </param>
            <param index="4">
              <value>
                <![CDATA[1105181500343]]>
              </value>
            </param>
            <param index="5">
              <value>
                <![CDATA[Proj_Creation3 110518T150034]]>
              </value>
            </param>
            <param index="6">
              <value>
                <![CDATA[propreitary]]>
              </value>
            </param>
            <param index="7">
              <value>
                <![CDATA[2]]>
              </value>
            </param>
            <param index="8">
              <value>
                <![CDATA[11-05-18 15:00:34:591]]>
              </value>
            </param>
          </params>
          <reporter-output>
          </reporter-output>
        </test-method> <!-- CreateProject -->
        <test-method status="PASS" signature="CreateProject(java.lang.String, java.lang.String, java.lang.String, java.lang.String, java.lang.String, java.lang.String, java.lang.String, java.lang.String, java.lang.String)[pri:1, instance:CMAC.CMAC_Projects@d21a74c]" name="CreateProject" duration-ms="204" started-at="2018-11-05T21:00:34Z" description="380527" data-provider="dp" finished-at="2018-11-05T21:00:34Z">
          <params>
            <param index="0">
              <value>
                <![CDATA[https://cmac-dev.app.wtcdev2.paas.fedex.com/cmac/v3/projects]]>
              </value>
            </param>
            <param index="1">
              <value>
                <![CDATA[https://cmac-dev.app.wtcdev2.paas.fedex.com/cmac/v3/projects/{UUID}]]>
              </value>
            </param>
            <param index="2">
              <value>
                <![CDATA[]]>
              </value>
            </param>
            <param index="3">
              <value>
                <![CDATA[6000]]>
              </value>
            </param>
            <param index="4">
              <value>
                <![CDATA[1105181500341]]>
              </value>
            </param>
            <param index="5">
              <value>
                <![CDATA[Proj_Creation1 110518T150034]]>
              </value>
            </param>
            <param index="6">
              <value>
                <![CDATA[propreitary]]>
              </value>
            </param>
            <param index="7">
              <value>
                <![CDATA[2]]>
              </value>
            </param>
            <param index="8">
              <value>
                <![CDATA[11-05-18 15:00:34:590]]>
              </value>
            </param>
          </params>
          <reporter-output>
          </reporter-output>
        </test-method> <!-- CreateProject -->
        <test-method status="PASS" signature="RetrieveProjectDetails(java.lang.String, java.lang.String, java.lang.String)[pri:2, instance:CMAC.CMAC_Projects@d21a74c]" name="RetrieveProjectDetails" duration-ms="78" started-at="2018-11-05T21:00:34Z" description="380579 - Details" data-provider="dp" finished-at="2018-11-05T21:00:35Z">
          <params>
            <param index="0">
              <value>
                <![CDATA[https://cmac-dev.app.wtcdev2.paas.fedex.com/cmac/v3/projects/{UUID}]]>
              </value>
            </param>
            <param index="1">
              <value>
                <![CDATA[]]>
              </value>
            </param>
            <param index="2">
              <value>
                <![CDATA[1105181500343]]>
              </value>
            </param>
          </params>
          <reporter-output>
          </reporter-output>
        </test-method> <!-- RetrieveProjectDetails -->
        <test-method status="PASS" signature="RetrieveProjectDetails(java.lang.String, java.lang.String, java.lang.String)[pri:2, instance:CMAC.CMAC_Projects@d21a74c]" name="RetrieveProjectDetails" duration-ms="31" started-at="2018-11-05T21:00:34Z" description="380579 - Details" data-provider="dp" finished-at="2018-11-05T21:00:35Z">
          <params>
            <param index="0">
              <value>
                <![CDATA[https://cmac-dev.app.wtcdev2.paas.fedex.com/cmac/v3/projects/{UUID}]]>
              </value>
            </param>
            <param index="1">
              <value>
                <![CDATA[]]>
              </value>
            </param>
            <param index="2">
              <value>
                <![CDATA[1105181500342]]>
              </value>
            </param>
          </params>
          <reporter-output>
          </reporter-output>
        </test-method> <!-- RetrieveProjectDetails -->
        <test-method status="PASS" signature="RetrieveProjectDetails(java.lang.String, java.lang.String, java.lang.String)[pri:2, instance:CMAC.CMAC_Projects@d21a74c]" name="RetrieveProjectDetails" duration-ms="62" started-at="2018-11-05T21:00:34Z" description="380579 - Details" data-provider="dp" finished-at="2018-11-05T21:00:35Z">
          <params>
            <param index="0">
              <value>
                <![CDATA[https://cmac-dev.app.wtcdev2.paas.fedex.com/cmac/v3/projects/{UUID}]]>
              </value>
            </param>
            <param index="1">
              <value>
                <![CDATA[]]>
              </value>
            </param>
            <param index="2">
              <value>
                <![CDATA[1105181500341]]>
              </value>
            </param>
          </params>
          <reporter-output>
          </reporter-output>
        </test-method> <!-- RetrieveProjectDetails -->
        <test-method status="PASS" signature="RetrieveProjectDetails(java.lang.String, java.lang.String, java.lang.String)[pri:2, instance:CMAC.CMAC_Projects@d21a74c]" name="RetrieveProjectDetails" duration-ms="63" started-at="2018-11-05T21:00:35Z" description="380579 - Details" data-provider="dp" finished-at="2018-11-05T21:00:35Z">
          <params>
            <param index="0">
              <value>
                <![CDATA[https://cmac-dev.app.wtcdev2.paas.fedex.com/cmac/v3/projects/{UUID}]]>
              </value>
            </param>
            <param index="1">
              <value>
                <![CDATA[]]>
              </value>
            </param>
            <param index="2">
              <value>
                <![CDATA[1105181500344]]>
              </value>
            </param>
          </params>
          <reporter-output>
          </reporter-output>
        </test-method> <!-- RetrieveProjectDetails -->
        <test-method status="PASS" signature="RetrieveProjectSummary(java.lang.String, java.lang.String, java.lang.String)[pri:2, instance:CMAC.CMAC_Projects@d21a74c]" name="RetrieveProjectSummary" duration-ms="62" started-at="2018-11-05T21:00:35Z" description="380579 - Summery" data-provider="dp" finished-at="2018-11-05T21:00:35Z">
          <params>
            <param index="0">
              <value>
                <![CDATA[https://cmac-dev.app.wtcdev2.paas.fedex.com/cmac/v3/projects/{UUID}]]>
              </value>
            </param>
            <param index="1">
              <value>
                <![CDATA[]]>
              </value>
            </param>
            <param index="2">
              <value>
                <![CDATA[6000]]>
              </value>
            </param>
          </params>
          <reporter-output>
          </reporter-output>
        </test-method> <!-- RetrieveProjectSummary -->
        <test-method status="PASS" signature="UpdateProject(java.lang.String, java.lang.String, java.lang.String, java.lang.String, java.lang.String, java.lang.String, java.lang.String, java.lang.String, java.lang.String)[pri:2, instance:CMAC.CMAC_Projects@d21a74c]" name="UpdateProject" duration-ms="31" started-at="2018-11-05T21:00:35Z" description="380670" data-provider="dp" finished-at="2018-11-05T21:00:35Z">
          <params>
            <param index="0">
              <value>
                <![CDATA[https://cmac-dev.app.wtcdev2.paas.fedex.com/cmac/v3/updateProject]]>
              </value>
            </param>
            <param index="1">
              <value>
                <![CDATA[https://cmac-dev.app.wtcdev2.paas.fedex.com/cmac/v3/projects/{UUID}]]>
              </value>
            </param>
            <param index="2">
              <value>
                <![CDATA[]]>
              </value>
            </param>
            <param index="3">
              <value>
                <![CDATA[6000]]>
              </value>
            </param>
            <param index="4">
              <value>
                <![CDATA[1105181500342]]>
              </value>
            </param>
            <param index="5">
              <value>
                <![CDATA[Proj_Updated110518T150035]]>
              </value>
            </param>
            <param index="6">
              <value>
                <![CDATA[11-05-18 15:00:35:215]]>
              </value>
            </param>
            <param index="7">
              <value>
                <![CDATA[propreitary]]>
              </value>
            </param>
            <param index="8">
              <value>
                <![CDATA[2]]>
              </value>
            </param>
          </params>
          <reporter-output>
          </reporter-output>
        </test-method> <!-- UpdateProject -->
        <test-method status="PASS" signature="UpdateProject(java.lang.String, java.lang.String, java.lang.String, java.lang.String, java.lang.String, java.lang.String, java.lang.String, java.lang.String, java.lang.String)[pri:2, instance:CMAC.CMAC_Projects@d21a74c]" name="UpdateProject" duration-ms="15" started-at="2018-11-05T21:00:35Z" description="380670" data-provider="dp" finished-at="2018-11-05T21:00:35Z">
          <params>
            <param index="0">
              <value>
                <![CDATA[https://cmac-dev.app.wtcdev2.paas.fedex.com/cmac/v3/updateProject]]>
              </value>
            </param>
            <param index="1">
              <value>
                <![CDATA[https://cmac-dev.app.wtcdev2.paas.fedex.com/cmac/v3/projects/{UUID}]]>
              </value>
            </param>
            <param index="2">
              <value>
                <![CDATA[]]>
              </value>
            </param>
            <param index="3">
              <value>
                <![CDATA[6000]]>
              </value>
            </param>
            <param index="4">
              <value>
                <![CDATA[1105181500344]]>
              </value>
            </param>
            <param index="5">
              <value>
                <![CDATA[Proj_Updated110518T150035]]>
              </value>
            </param>
            <param index="6">
              <value>
                <![CDATA[11-05-18 15:00:35:215]]>
              </value>
            </param>
            <param index="7">
              <value>
                <![CDATA[propreitary]]>
              </value>
            </param>
            <param index="8">
              <value>
                <![CDATA[2]]>
              </value>
            </param>
          </params>
          <reporter-output>
          </reporter-output>
        </test-method> <!-- UpdateProject -->
        <test-method status="PASS" signature="UpdateProject(java.lang.String, java.lang.String, java.lang.String, java.lang.String, java.lang.String, java.lang.String, java.lang.String, java.lang.String, java.lang.String)[pri:2, instance:CMAC.CMAC_Projects@d21a74c]" name="UpdateProject" duration-ms="77" started-at="2018-11-05T21:00:35Z" description="380670" data-provider="dp" finished-at="2018-11-05T21:00:35Z">
          <params>
            <param index="0">
              <value>
                <![CDATA[https://cmac-dev.app.wtcdev2.paas.fedex.com/cmac/v3/updateProject]]>
              </value>
            </param>
            <param index="1">
              <value>
                <![CDATA[https://cmac-dev.app.wtcdev2.paas.fedex.com/cmac/v3/projects/{UUID}]]>
              </value>
            </param>
            <param index="2">
              <value>
                <![CDATA[]]>
              </value>
            </param>
            <param index="3">
              <value>
                <![CDATA[6000]]>
              </value>
            </param>
            <param index="4">
              <value>
                <![CDATA[1105181500341]]>
              </value>
            </param>
            <param index="5">
              <value>
                <![CDATA[Proj_Updated110518T150035]]>
              </value>
            </param>
            <param index="6">
              <value>
                <![CDATA[11-05-18 15:00:35:215]]>
              </value>
            </param>
            <param index="7">
              <value>
                <![CDATA[propreitary]]>
              </value>
            </param>
            <param index="8">
              <value>
                <![CDATA[2]]>
              </value>
            </param>
          </params>
          <reporter-output>
          </reporter-output>
        </test-method> <!-- UpdateProject -->
        <test-method status="PASS" signature="UpdateProject(java.lang.String, java.lang.String, java.lang.String, java.lang.String, java.lang.String, java.lang.String, java.lang.String, java.lang.String, java.lang.String)[pri:2, instance:CMAC.CMAC_Projects@d21a74c]" name="UpdateProject" duration-ms="36" started-at="2018-11-05T21:00:35Z" description="380670" data-provider="dp" finished-at="2018-11-05T21:00:35Z">
          <params>
            <param index="0">
              <value>
                <![CDATA[https://cmac-dev.app.wtcdev2.paas.fedex.com/cmac/v3/updateProject]]>
              </value>
            </param>
            <param index="1">
              <value>
                <![CDATA[https://cmac-dev.app.wtcdev2.paas.fedex.com/cmac/v3/projects/{UUID}]]>
              </value>
            </param>
            <param index="2">
              <value>
                <![CDATA[]]>
              </value>
            </param>
            <param index="3">
              <value>
                <![CDATA[6000]]>
              </value>
            </param>
            <param index="4">
              <value>
                <![CDATA[1105181500343]]>
              </value>
            </param>
            <param index="5">
              <value>
                <![CDATA[Proj_Updated110518T150035]]>
              </value>
            </param>
            <param index="6">
              <value>
                <![CDATA[11-05-18 15:00:35:215]]>
              </value>
            </param>
            <param index="7">
              <value>
                <![CDATA[propreitary]]>
              </value>
            </param>
            <param index="8">
              <value>
                <![CDATA[2]]>
              </value>
            </param>
          </params>
          <reporter-output>
          </reporter-output>
        </test-method> <!-- UpdateProject -->
        <test-method status="PASS" signature="DeleteProject(java.lang.String, java.lang.String, java.lang.String)[pri:3, instance:CMAC.CMAC_Projects@d21a74c]" name="DeleteProject" duration-ms="47" started-at="2018-11-05T21:00:35Z" description="380687" data-provider="dp" finished-at="2018-11-05T21:00:35Z">
          <params>
            <param index="0">
              <value>
                <![CDATA[https://cmac-dev.app.wtcdev2.paas.fedex.com/cmac/v3/projects/{applicationUUID}]]>
              </value>
            </param>
            <param index="1">
              <value>
                <![CDATA[]]>
              </value>
            </param>
            <param index="2">
              <value>
                <![CDATA[1105181500341]]>
              </value>
            </param>
          </params>
          <reporter-output>
          </reporter-output>
        </test-method> <!-- DeleteProject -->
        <test-method status="PASS" signature="DeleteProject(java.lang.String, java.lang.String, java.lang.String)[pri:3, instance:CMAC.CMAC_Projects@d21a74c]" name="DeleteProject" duration-ms="125" started-at="2018-11-05T21:00:35Z" description="380687" data-provider="dp" finished-at="2018-11-05T21:00:35Z">
          <params>
            <param index="0">
              <value>
                <![CDATA[https://cmac-dev.app.wtcdev2.paas.fedex.com/cmac/v3/projects/{applicationUUID}]]>
              </value>
            </param>
            <param index="1">
              <value>
                <![CDATA[]]>
              </value>
            </param>
            <param index="2">
              <value>
                <![CDATA[1105181500344]]>
              </value>
            </param>
          </params>
          <reporter-output>
          </reporter-output>
        </test-method> <!-- DeleteProject -->
        <test-method status="PASS" signature="DeleteProject(java.lang.String, java.lang.String, java.lang.String)[pri:3, instance:CMAC.CMAC_Projects@d21a74c]" name="DeleteProject" duration-ms="109" started-at="2018-11-05T21:00:35Z" description="380687" data-provider="dp" finished-at="2018-11-05T21:00:35Z">
          <params>
            <param index="0">
              <value>
                <![CDATA[https://cmac-dev.app.wtcdev2.paas.fedex.com/cmac/v3/projects/{applicationUUID}]]>
              </value>
            </param>
            <param index="1">
              <value>
                <![CDATA[]]>
              </value>
            </param>
            <param index="2">
              <value>
                <![CDATA[1105181500342]]>
              </value>
            </param>
          </params>
          <reporter-output>
          </reporter-output>
        </test-method> <!-- DeleteProject -->
        <test-method status="PASS" signature="DeleteProject(java.lang.String, java.lang.String, java.lang.String)[pri:3, instance:CMAC.CMAC_Projects@d21a74c]" name="DeleteProject" duration-ms="47" started-at="2018-11-05T21:00:35Z" description="380687" data-provider="dp" finished-at="2018-11-05T21:00:35Z">
          <params>
            <param index="0">
              <value>
                <![CDATA[https://cmac-dev.app.wtcdev2.paas.fedex.com/cmac/v3/projects/{applicationUUID}]]>
              </value>
            </param>
            <param index="1">
              <value>
                <![CDATA[]]>
              </value>
            </param>
            <param index="2">
              <value>
                <![CDATA[1105181500343]]>
              </value>
            </param>
          </params>
          <reporter-output>
          </reporter-output>
        </test-method> <!-- DeleteProject -->
      </class> <!-- CMAC.CMAC_Projects -->
    </test> <!-- Default test -->
  </suite> <!-- Default suite -->
</testng-results>
