<?xml version="1.0" encoding="UTF-8"?>
<testng-results skipped="0" failed="0" ignored="0" total="17" passed="17">
  <reporter-output>
  </reporter-output>
  <suite name="CMAC_Suite" duration-ms="2226" started-at="2018-10-24T20:52:15Z" finished-at="2018-10-24T20:52:17Z">
    <groups>
    </groups>
    <test name="CMAC_Test" duration-ms="2226" started-at="2018-10-24T20:52:15Z" finished-at="2018-10-24T20:52:17Z">
      <class name="TestNG.CMAC">
        <test-method status="PASS" signature="beforeClass()[pri:0, instance:TestNG.CMAC@44f75083]" name="beforeClass" is-config="true" duration-ms="128" started-at="2018-10-24T20:52:15Z" finished-at="2018-10-24T20:52:15Z">
          <reporter-output>
          </reporter-output>
        </test-method> <!-- beforeClass -->
        <test-method status="PASS" signature="CreateProject(java.lang.String, java.lang.String, java.lang.String, java.lang.String, java.lang.String, java.lang.String, java.lang.String, java.lang.String)[pri:1, instance:TestNG.CMAC@44f75083]" name="CreateProject" duration-ms="1519" started-at="2018-10-24T20:52:15Z" description="380527" data-provider="dp" finished-at="2018-10-24T20:52:17Z">
          <params>
            <param index="0">
              <value>
                <![CDATA[https://cmac-dev.app.wtcdev2.paas.fedex.com/cmac/v3/projects]]>
              </value>
            </param>
            <param index="1">
              <value>
                <![CDATA[OAuthTokenNotYetEnabled]]>
              </value>
            </param>
            <param index="2">
              <value>
                <![CDATA[10000]]>
              </value>
            </param>
            <param index="3">
              <value>
                <![CDATA[1024181552154]]>
              </value>
            </param>
            <param index="4">
              <value>
                <![CDATA[Proj_Creation4 102418T155215]]>
              </value>
            </param>
            <param index="5">
              <value>
                <![CDATA[propreitary]]>
              </value>
            </param>
            <param index="6">
              <value>
                <![CDATA[2]]>
              </value>
            </param>
            <param index="7">
              <value>
                <![CDATA[10-24-18 15:52:15:501]]>
              </value>
            </param>
          </params>
          <reporter-output>
          </reporter-output>
        </test-method> <!-- CreateProject -->
        <test-method status="PASS" signature="CreateProject(java.lang.String, java.lang.String, java.lang.String, java.lang.String, java.lang.String, java.lang.String, java.lang.String, java.lang.String)[pri:1, instance:TestNG.CMAC@44f75083]" name="CreateProject" duration-ms="1504" started-at="2018-10-24T20:52:15Z" description="380527" data-provider="dp" finished-at="2018-10-24T20:52:17Z">
          <params>
            <param index="0">
              <value>
                <![CDATA[https://cmac-dev.app.wtcdev2.paas.fedex.com/cmac/v3/projects]]>
              </value>
            </param>
            <param index="1">
              <value>
                <![CDATA[OAuthTokenNotYetEnabled]]>
              </value>
            </param>
            <param index="2">
              <value>
                <![CDATA[10000]]>
              </value>
            </param>
            <param index="3">
              <value>
                <![CDATA[1024181552152]]>
              </value>
            </param>
            <param index="4">
              <value>
                <![CDATA[Proj_Creation2 102418T155215]]>
              </value>
            </param>
            <param index="5">
              <value>
                <![CDATA[propreitary]]>
              </value>
            </param>
            <param index="6">
              <value>
                <![CDATA[2]]>
              </value>
            </param>
            <param index="7">
              <value>
                <![CDATA[10-24-18 15:52:15:501]]>
              </value>
            </param>
          </params>
          <reporter-output>
          </reporter-output>
        </test-method> <!-- CreateProject -->
        <test-method status="PASS" signature="CreateProject(java.lang.String, java.lang.String, java.lang.String, java.lang.String, java.lang.String, java.lang.String, java.lang.String, java.lang.String)[pri:1, instance:TestNG.CMAC@44f75083]" name="CreateProject" duration-ms="1519" started-at="2018-10-24T20:52:15Z" description="380527" data-provider="dp" finished-at="2018-10-24T20:52:17Z">
          <params>
            <param index="0">
              <value>
                <![CDATA[https://cmac-dev.app.wtcdev2.paas.fedex.com/cmac/v3/projects]]>
              </value>
            </param>
            <param index="1">
              <value>
                <![CDATA[OAuthTokenNotYetEnabled]]>
              </value>
            </param>
            <param index="2">
              <value>
                <![CDATA[10000]]>
              </value>
            </param>
            <param index="3">
              <value>
                <![CDATA[1024181552151]]>
              </value>
            </param>
            <param index="4">
              <value>
                <![CDATA[Proj_Creation1 102418T155215]]>
              </value>
            </param>
            <param index="5">
              <value>
                <![CDATA[propreitary]]>
              </value>
            </param>
            <param index="6">
              <value>
                <![CDATA[2]]>
              </value>
            </param>
            <param index="7">
              <value>
                <![CDATA[10-24-18 15:52:15:501]]>
              </value>
            </param>
          </params>
          <reporter-output>
          </reporter-output>
        </test-method> <!-- CreateProject -->
        <test-method status="PASS" signature="CreateProject(java.lang.String, java.lang.String, java.lang.String, java.lang.String, java.lang.String, java.lang.String, java.lang.String, java.lang.String)[pri:1, instance:TestNG.CMAC@44f75083]" name="CreateProject" duration-ms="1504" started-at="2018-10-24T20:52:15Z" description="380527" data-provider="dp" finished-at="2018-10-24T20:52:17Z">
          <params>
            <param index="0">
              <value>
                <![CDATA[https://cmac-dev.app.wtcdev2.paas.fedex.com/cmac/v3/projects]]>
              </value>
            </param>
            <param index="1">
              <value>
                <![CDATA[OAuthTokenNotYetEnabled]]>
              </value>
            </param>
            <param index="2">
              <value>
                <![CDATA[10000]]>
              </value>
            </param>
            <param index="3">
              <value>
                <![CDATA[1024181552153]]>
              </value>
            </param>
            <param index="4">
              <value>
                <![CDATA[Proj_Creation3 102418T155215]]>
              </value>
            </param>
            <param index="5">
              <value>
                <![CDATA[propreitary]]>
              </value>
            </param>
            <param index="6">
              <value>
                <![CDATA[2]]>
              </value>
            </param>
            <param index="7">
              <value>
                <![CDATA[10-24-18 15:52:15:501]]>
              </value>
            </param>
          </params>
          <reporter-output>
          </reporter-output>
        </test-method> <!-- CreateProject -->
        <test-method name="RetrieveProjectDetails" signature="RetrieveProjectDetails(java.lang.String, java.lang.String, java.lang.String)[pri:2, instance:TestNG.CMAC@44f75083]" status="PASS" duration-ms="15" finished-at="2018-10-24T20:52:17Z" started-at="2018-10-24T20:52:17Z" depends-on-methods="TestNG.CMAC.CreateProject" data-provider="dp" description="380579 - Details">
          <params>
            <param index="0">
              <value>
                <![CDATA[https://cmac-dev.app.wtcdev2.paas.fedex.com/cmac/v3/projects/{UUID}]]>
              </value>
            </param>
            <param index="1">
              <value>
                <![CDATA[OAuthTokenNotYetEnabled]]>
              </value>
            </param>
            <param index="2">
              <value>
                <![CDATA[1024181552152]]>
              </value>
            </param>
          </params>
          <reporter-output>
          </reporter-output>
        </test-method> <!-- RetrieveProjectDetails -->
        <test-method name="RetrieveProjectDetails" signature="RetrieveProjectDetails(java.lang.String, java.lang.String, java.lang.String)[pri:2, instance:TestNG.CMAC@44f75083]" status="PASS" duration-ms="16" finished-at="2018-10-24T20:52:17Z" started-at="2018-10-24T20:52:17Z" depends-on-methods="TestNG.CMAC.CreateProject" data-provider="dp" description="380579 - Details">
          <params>
            <param index="0">
              <value>
                <![CDATA[https://cmac-dev.app.wtcdev2.paas.fedex.com/cmac/v3/projects/{UUID}]]>
              </value>
            </param>
            <param index="1">
              <value>
                <![CDATA[OAuthTokenNotYetEnabled]]>
              </value>
            </param>
            <param index="2">
              <value>
                <![CDATA[1024181552154]]>
              </value>
            </param>
          </params>
          <reporter-output>
          </reporter-output>
        </test-method> <!-- RetrieveProjectDetails -->
        <test-method status="PASS" signature="UpdateProject(java.lang.String, java.lang.String, java.lang.String, java.lang.String, java.lang.String, java.lang.String, java.lang.String, java.lang.String, java.lang.String)[pri:2, instance:TestNG.CMAC@44f75083]" name="UpdateProject" duration-ms="114" started-at="2018-10-24T20:52:17Z" description="380670" data-provider="dp" finished-at="2018-10-24T20:52:17Z">
          <params>
            <param index="0">
              <value>
                <![CDATA[https://cmac-dev.app.wtcdev2.paas.fedex.com/cmac/v3/updateProject]]>
              </value>
            </param>
            <param index="1">
              <value>
                <![CDATA[https://cmac-dev.app.wtcdev2.paas.fedex.com/cmac/v3/projects/{UUID}]]>
              </value>
            </param>
            <param index="2">
              <value>
                <![CDATA[OAuthTokenNotYetEnabled]]>
              </value>
            </param>
            <param index="3">
              <value>
                <![CDATA[10000]]>
              </value>
            </param>
            <param index="4">
              <value>
                <![CDATA[1024181552152]]>
              </value>
            </param>
            <param index="5">
              <value>
                <![CDATA[Proj_DEL_Updated102418T155217]]>
              </value>
            </param>
            <param index="6">
              <value>
                <![CDATA[10-24-18 15:52:17:52]]>
              </value>
            </param>
            <param index="7">
              <value>
                <![CDATA[propreitary]]>
              </value>
            </param>
            <param index="8">
              <value>
                <![CDATA[2]]>
              </value>
            </param>
          </params>
          <reporter-output>
          </reporter-output>
        </test-method> <!-- UpdateProject -->
        <test-method name="RetrieveProjectDetails" signature="RetrieveProjectDetails(java.lang.String, java.lang.String, java.lang.String)[pri:2, instance:TestNG.CMAC@44f75083]" status="PASS" duration-ms="47" finished-at="2018-10-24T20:52:17Z" started-at="2018-10-24T20:52:17Z" depends-on-methods="TestNG.CMAC.CreateProject" data-provider="dp" description="380579 - Details">
          <params>
            <param index="0">
              <value>
                <![CDATA[https://cmac-dev.app.wtcdev2.paas.fedex.com/cmac/v3/projects/{UUID}]]>
              </value>
            </param>
            <param index="1">
              <value>
                <![CDATA[OAuthTokenNotYetEnabled]]>
              </value>
            </param>
            <param index="2">
              <value>
                <![CDATA[1024181552153]]>
              </value>
            </param>
          </params>
          <reporter-output>
          </reporter-output>
        </test-method> <!-- RetrieveProjectDetails -->
        <test-method name="RetrieveProjectDetails" signature="RetrieveProjectDetails(java.lang.String, java.lang.String, java.lang.String)[pri:2, instance:TestNG.CMAC@44f75083]" status="PASS" duration-ms="63" finished-at="2018-10-24T20:52:17Z" started-at="2018-10-24T20:52:17Z" depends-on-methods="TestNG.CMAC.CreateProject" data-provider="dp" description="380579 - Details">
          <params>
            <param index="0">
              <value>
                <![CDATA[https://cmac-dev.app.wtcdev2.paas.fedex.com/cmac/v3/projects/{UUID}]]>
              </value>
            </param>
            <param index="1">
              <value>
                <![CDATA[OAuthTokenNotYetEnabled]]>
              </value>
            </param>
            <param index="2">
              <value>
                <![CDATA[1024181552151]]>
              </value>
            </param>
          </params>
          <reporter-output>
          </reporter-output>
        </test-method> <!-- RetrieveProjectDetails -->
        <test-method status="PASS" signature="UpdateProject(java.lang.String, java.lang.String, java.lang.String, java.lang.String, java.lang.String, java.lang.String, java.lang.String, java.lang.String, java.lang.String)[pri:2, instance:TestNG.CMAC@44f75083]" name="UpdateProject" duration-ms="134" started-at="2018-10-24T20:52:17Z" description="380670" data-provider="dp" finished-at="2018-10-24T20:52:17Z">
          <params>
            <param index="0">
              <value>
                <![CDATA[https://cmac-dev.app.wtcdev2.paas.fedex.com/cmac/v3/updateProject]]>
              </value>
            </param>
            <param index="1">
              <value>
                <![CDATA[https://cmac-dev.app.wtcdev2.paas.fedex.com/cmac/v3/projects/{UUID}]]>
              </value>
            </param>
            <param index="2">
              <value>
                <![CDATA[OAuthTokenNotYetEnabled]]>
              </value>
            </param>
            <param index="3">
              <value>
                <![CDATA[10000]]>
              </value>
            </param>
            <param index="4">
              <value>
                <![CDATA[1024181552153]]>
              </value>
            </param>
            <param index="5">
              <value>
                <![CDATA[Proj_DEL_Updated102418T155217]]>
              </value>
            </param>
            <param index="6">
              <value>
                <![CDATA[10-24-18 15:52:17:52]]>
              </value>
            </param>
            <param index="7">
              <value>
                <![CDATA[propreitary]]>
              </value>
            </param>
            <param index="8">
              <value>
                <![CDATA[2]]>
              </value>
            </param>
          </params>
          <reporter-output>
          </reporter-output>
        </test-method> <!-- UpdateProject -->
        <test-method status="PASS" signature="RetrieveProjectSummary(java.lang.String, java.lang.String, java.lang.String)[pri:2, instance:TestNG.CMAC@44f75083]" name="RetrieveProjectSummary" duration-ms="32" started-at="2018-10-24T20:52:17Z" description="380579 - Summery" data-provider="dp" finished-at="2018-10-24T20:52:17Z">
          <params>
            <param index="0">
              <value>
                <![CDATA[https://cmac-dev.app.wtcdev2.paas.fedex.com/cmac/v3/projects/{UUID}]]>
              </value>
            </param>
            <param index="1">
              <value>
                <![CDATA[OAuthTokenNotYetEnabled]]>
              </value>
            </param>
            <param index="2">
              <value>
                <![CDATA[10000]]>
              </value>
            </param>
          </params>
          <reporter-output>
          </reporter-output>
        </test-method> <!-- RetrieveProjectSummary -->
        <test-method status="PASS" signature="UpdateProject(java.lang.String, java.lang.String, java.lang.String, java.lang.String, java.lang.String, java.lang.String, java.lang.String, java.lang.String, java.lang.String)[pri:2, instance:TestNG.CMAC@44f75083]" name="UpdateProject" duration-ms="122" started-at="2018-10-24T20:52:17Z" description="380670" data-provider="dp" finished-at="2018-10-24T20:52:17Z">
          <params>
            <param index="0">
              <value>
                <![CDATA[https://cmac-dev.app.wtcdev2.paas.fedex.com/cmac/v3/updateProject]]>
              </value>
            </param>
            <param index="1">
              <value>
                <![CDATA[https://cmac-dev.app.wtcdev2.paas.fedex.com/cmac/v3/projects/{UUID}]]>
              </value>
            </param>
            <param index="2">
              <value>
                <![CDATA[OAuthTokenNotYetEnabled]]>
              </value>
            </param>
            <param index="3">
              <value>
                <![CDATA[10000]]>
              </value>
            </param>
            <param index="4">
              <value>
                <![CDATA[1024181552154]]>
              </value>
            </param>
            <param index="5">
              <value>
                <![CDATA[Proj_DEL_Updated102418T155217]]>
              </value>
            </param>
            <param index="6">
              <value>
                <![CDATA[10-24-18 15:52:17:52]]>
              </value>
            </param>
            <param index="7">
              <value>
                <![CDATA[propreitary]]>
              </value>
            </param>
            <param index="8">
              <value>
                <![CDATA[2]]>
              </value>
            </param>
          </params>
          <reporter-output>
          </reporter-output>
        </test-method> <!-- UpdateProject -->
        <test-method status="PASS" signature="UpdateProject(java.lang.String, java.lang.String, java.lang.String, java.lang.String, java.lang.String, java.lang.String, java.lang.String, java.lang.String, java.lang.String)[pri:2, instance:TestNG.CMAC@44f75083]" name="UpdateProject" duration-ms="122" started-at="2018-10-24T20:52:17Z" description="380670" data-provider="dp" finished-at="2018-10-24T20:52:17Z">
          <params>
            <param index="0">
              <value>
                <![CDATA[https://cmac-dev.app.wtcdev2.paas.fedex.com/cmac/v3/updateProject]]>
              </value>
            </param>
            <param index="1">
              <value>
                <![CDATA[https://cmac-dev.app.wtcdev2.paas.fedex.com/cmac/v3/projects/{UUID}]]>
              </value>
            </param>
            <param index="2">
              <value>
                <![CDATA[OAuthTokenNotYetEnabled]]>
              </value>
            </param>
            <param index="3">
              <value>
                <![CDATA[10000]]>
              </value>
            </param>
            <param index="4">
              <value>
                <![CDATA[1024181552151]]>
              </value>
            </param>
            <param index="5">
              <value>
                <![CDATA[Proj_DEL_Updated102418T155217]]>
              </value>
            </param>
            <param index="6">
              <value>
                <![CDATA[10-24-18 15:52:17:52]]>
              </value>
            </param>
            <param index="7">
              <value>
                <![CDATA[propreitary]]>
              </value>
            </param>
            <param index="8">
              <value>
                <![CDATA[2]]>
              </value>
            </param>
          </params>
          <reporter-output>
          </reporter-output>
        </test-method> <!-- UpdateProject -->
        <test-method name="DeleteProject" signature="DeleteProject(java.lang.String, java.lang.String, java.lang.String)[pri:3, instance:TestNG.CMAC@44f75083]" status="PASS" duration-ms="80" finished-at="2018-10-24T20:52:17Z" started-at="2018-10-24T20:52:17Z" depends-on-methods="TestNG.CMAC.CreateProject" data-provider="dp" description="380687">
          <params>
            <param index="0">
              <value>
                <![CDATA[https://cmac-dev.app.wtcdev2.paas.fedex.com/cmac/v3/projects/{applicationUUID}]]>
              </value>
            </param>
            <param index="1">
              <value>
                <![CDATA[OAuthTokenNotYetEnabled]]>
              </value>
            </param>
            <param index="2">
              <value>
                <![CDATA[1024181552152]]>
              </value>
            </param>
          </params>
          <reporter-output>
          </reporter-output>
        </test-method> <!-- DeleteProject -->
        <test-method name="DeleteProject" signature="DeleteProject(java.lang.String, java.lang.String, java.lang.String)[pri:3, instance:TestNG.CMAC@44f75083]" status="PASS" duration-ms="97" finished-at="2018-10-24T20:52:17Z" started-at="2018-10-24T20:52:17Z" depends-on-methods="TestNG.CMAC.CreateProject" data-provider="dp" description="380687">
          <params>
            <param index="0">
              <value>
                <![CDATA[https://cmac-dev.app.wtcdev2.paas.fedex.com/cmac/v3/projects/{applicationUUID}]]>
              </value>
            </param>
            <param index="1">
              <value>
                <![CDATA[OAuthTokenNotYetEnabled]]>
              </value>
            </param>
            <param index="2">
              <value>
                <![CDATA[1024181552154]]>
              </value>
            </param>
          </params>
          <reporter-output>
          </reporter-output>
        </test-method> <!-- DeleteProject -->
        <test-method name="DeleteProject" signature="DeleteProject(java.lang.String, java.lang.String, java.lang.String)[pri:3, instance:TestNG.CMAC@44f75083]" status="PASS" duration-ms="82" finished-at="2018-10-24T20:52:17Z" started-at="2018-10-24T20:52:17Z" depends-on-methods="TestNG.CMAC.CreateProject" data-provider="dp" description="380687">
          <params>
            <param index="0">
              <value>
                <![CDATA[https://cmac-dev.app.wtcdev2.paas.fedex.com/cmac/v3/projects/{applicationUUID}]]>
              </value>
            </param>
            <param index="1">
              <value>
                <![CDATA[OAuthTokenNotYetEnabled]]>
              </value>
            </param>
            <param index="2">
              <value>
                <![CDATA[1024181552151]]>
              </value>
            </param>
          </params>
          <reporter-output>
          </reporter-output>
        </test-method> <!-- DeleteProject -->
        <test-method name="DeleteProject" signature="DeleteProject(java.lang.String, java.lang.String, java.lang.String)[pri:3, instance:TestNG.CMAC@44f75083]" status="PASS" duration-ms="31" finished-at="2018-10-24T20:52:17Z" started-at="2018-10-24T20:52:17Z" depends-on-methods="TestNG.CMAC.CreateProject" data-provider="dp" description="380687">
          <params>
            <param index="0">
              <value>
                <![CDATA[https://cmac-dev.app.wtcdev2.paas.fedex.com/cmac/v3/projects/{applicationUUID}]]>
              </value>
            </param>
            <param index="1">
              <value>
                <![CDATA[OAuthTokenNotYetEnabled]]>
              </value>
            </param>
            <param index="2">
              <value>
                <![CDATA[1024181552153]]>
              </value>
            </param>
          </params>
          <reporter-output>
          </reporter-output>
        </test-method> <!-- DeleteProject -->
      </class> <!-- TestNG.CMAC -->
    </test> <!-- CMAC_Test -->
  </suite> <!-- CMAC_Suite -->
</testng-results>
