<?xml version="1.0" encoding="UTF-8"?>
<testng-results skipped="0" failed="0" ignored="0" total="17" passed="17">
  <reporter-output>
  </reporter-output>
  <suite name="CMAC_Suite" duration-ms="3865" started-at="2018-10-25T05:01:41Z" finished-at="2018-10-25T05:01:45Z">
    <groups>
    </groups>
    <test name="CMAC_Test" duration-ms="3865" started-at="2018-10-25T05:01:41Z" finished-at="2018-10-25T05:01:45Z">
      <class name="TestNG.CMAC">
        <test-method status="PASS" signature="beforeClass()[pri:0, instance:TestNG.CMAC@2df32bf7]" name="beforeClass" is-config="true" duration-ms="215" started-at="2018-10-25T05:01:41Z" finished-at="2018-10-25T05:01:41Z">
          <reporter-output>
          </reporter-output>
        </test-method> <!-- beforeClass -->
        <test-method status="PASS" signature="CreateProject(java.lang.String, java.lang.String, java.lang.String, java.lang.String, java.lang.String, java.lang.String, java.lang.String, java.lang.String)[pri:1, instance:TestNG.CMAC@2df32bf7]" name="CreateProject" duration-ms="2285" started-at="2018-10-25T05:01:41Z" description="380527" data-provider="dp" finished-at="2018-10-25T05:01:44Z">
          <params>
            <param index="0">
              <value>
                <![CDATA[https://cmac-dev.app.wtcdev2.paas.fedex.com/cmac/v3/projects]]>
              </value>
            </param>
            <param index="1">
              <value>
                <![CDATA[OAuthTokenNotYetEnabled]]>
              </value>
            </param>
            <param index="2">
              <value>
                <![CDATA[10000]]>
              </value>
            </param>
            <param index="3">
              <value>
                <![CDATA[1025180001411]]>
              </value>
            </param>
            <param index="4">
              <value>
                <![CDATA[Proj_Creation1 102518T000141]]>
              </value>
            </param>
            <param index="5">
              <value>
                <![CDATA[propreitary]]>
              </value>
            </param>
            <param index="6">
              <value>
                <![CDATA[2]]>
              </value>
            </param>
            <param index="7">
              <value>
                <![CDATA[10-25-18 00:01:41:916]]>
              </value>
            </param>
          </params>
          <reporter-output>
          </reporter-output>
        </test-method> <!-- CreateProject -->
        <test-method status="PASS" signature="CreateProject(java.lang.String, java.lang.String, java.lang.String, java.lang.String, java.lang.String, java.lang.String, java.lang.String, java.lang.String)[pri:1, instance:TestNG.CMAC@2df32bf7]" name="CreateProject" duration-ms="1832" started-at="2018-10-25T05:01:41Z" description="380527" data-provider="dp" finished-at="2018-10-25T05:01:43Z">
          <params>
            <param index="0">
              <value>
                <![CDATA[https://cmac-dev.app.wtcdev2.paas.fedex.com/cmac/v3/projects]]>
              </value>
            </param>
            <param index="1">
              <value>
                <![CDATA[OAuthTokenNotYetEnabled]]>
              </value>
            </param>
            <param index="2">
              <value>
                <![CDATA[10000]]>
              </value>
            </param>
            <param index="3">
              <value>
                <![CDATA[1025180001412]]>
              </value>
            </param>
            <param index="4">
              <value>
                <![CDATA[Proj_Creation2 102518T000141]]>
              </value>
            </param>
            <param index="5">
              <value>
                <![CDATA[propreitary]]>
              </value>
            </param>
            <param index="6">
              <value>
                <![CDATA[2]]>
              </value>
            </param>
            <param index="7">
              <value>
                <![CDATA[10-25-18 00:01:41:916]]>
              </value>
            </param>
          </params>
          <reporter-output>
          </reporter-output>
        </test-method> <!-- CreateProject -->
        <test-method status="PASS" signature="CreateProject(java.lang.String, java.lang.String, java.lang.String, java.lang.String, java.lang.String, java.lang.String, java.lang.String, java.lang.String)[pri:1, instance:TestNG.CMAC@2df32bf7]" name="CreateProject" duration-ms="1973" started-at="2018-10-25T05:01:41Z" description="380527" data-provider="dp" finished-at="2018-10-25T05:01:43Z">
          <params>
            <param index="0">
              <value>
                <![CDATA[https://cmac-dev.app.wtcdev2.paas.fedex.com/cmac/v3/projects]]>
              </value>
            </param>
            <param index="1">
              <value>
                <![CDATA[OAuthTokenNotYetEnabled]]>
              </value>
            </param>
            <param index="2">
              <value>
                <![CDATA[10000]]>
              </value>
            </param>
            <param index="3">
              <value>
                <![CDATA[1025180001413]]>
              </value>
            </param>
            <param index="4">
              <value>
                <![CDATA[Proj_Creation3 102518T000141]]>
              </value>
            </param>
            <param index="5">
              <value>
                <![CDATA[propreitary]]>
              </value>
            </param>
            <param index="6">
              <value>
                <![CDATA[2]]>
              </value>
            </param>
            <param index="7">
              <value>
                <![CDATA[10-25-18 00:01:41:916]]>
              </value>
            </param>
          </params>
          <reporter-output>
          </reporter-output>
        </test-method> <!-- CreateProject -->
        <test-method status="PASS" signature="CreateProject(java.lang.String, java.lang.String, java.lang.String, java.lang.String, java.lang.String, java.lang.String, java.lang.String, java.lang.String)[pri:1, instance:TestNG.CMAC@2df32bf7]" name="CreateProject" duration-ms="2114" started-at="2018-10-25T05:01:41Z" description="380527" data-provider="dp" finished-at="2018-10-25T05:01:44Z">
          <params>
            <param index="0">
              <value>
                <![CDATA[https://cmac-dev.app.wtcdev2.paas.fedex.com/cmac/v3/projects]]>
              </value>
            </param>
            <param index="1">
              <value>
                <![CDATA[OAuthTokenNotYetEnabled]]>
              </value>
            </param>
            <param index="2">
              <value>
                <![CDATA[10000]]>
              </value>
            </param>
            <param index="3">
              <value>
                <![CDATA[1025180001414]]>
              </value>
            </param>
            <param index="4">
              <value>
                <![CDATA[Proj_Creation4 102518T000141]]>
              </value>
            </param>
            <param index="5">
              <value>
                <![CDATA[propreitary]]>
              </value>
            </param>
            <param index="6">
              <value>
                <![CDATA[2]]>
              </value>
            </param>
            <param index="7">
              <value>
                <![CDATA[10-25-18 00:01:41:916]]>
              </value>
            </param>
          </params>
          <reporter-output>
          </reporter-output>
        </test-method> <!-- CreateProject -->
        <test-method name="RetrieveProjectDetails" signature="RetrieveProjectDetails(java.lang.String, java.lang.String, java.lang.String)[pri:2, instance:TestNG.CMAC@2df32bf7]" status="PASS" duration-ms="125" finished-at="2018-10-25T05:01:44Z" started-at="2018-10-25T05:01:44Z" depends-on-methods="TestNG.CMAC.CreateProject" data-provider="dp" description="380579 - Details">
          <params>
            <param index="0">
              <value>
                <![CDATA[https://cmac-dev.app.wtcdev2.paas.fedex.com/cmac/v3/projects/{UUID}]]>
              </value>
            </param>
            <param index="1">
              <value>
                <![CDATA[OAuthTokenNotYetEnabled]]>
              </value>
            </param>
            <param index="2">
              <value>
                <![CDATA[1025180001413]]>
              </value>
            </param>
          </params>
          <reporter-output>
          </reporter-output>
        </test-method> <!-- RetrieveProjectDetails -->
        <test-method name="RetrieveProjectDetails" signature="RetrieveProjectDetails(java.lang.String, java.lang.String, java.lang.String)[pri:2, instance:TestNG.CMAC@2df32bf7]" status="PASS" duration-ms="188" finished-at="2018-10-25T05:01:44Z" started-at="2018-10-25T05:01:44Z" depends-on-methods="TestNG.CMAC.CreateProject" data-provider="dp" description="380579 - Details">
          <params>
            <param index="0">
              <value>
                <![CDATA[https://cmac-dev.app.wtcdev2.paas.fedex.com/cmac/v3/projects/{UUID}]]>
              </value>
            </param>
            <param index="1">
              <value>
                <![CDATA[OAuthTokenNotYetEnabled]]>
              </value>
            </param>
            <param index="2">
              <value>
                <![CDATA[1025180001412]]>
              </value>
            </param>
          </params>
          <reporter-output>
          </reporter-output>
        </test-method> <!-- RetrieveProjectDetails -->
        <test-method status="PASS" signature="UpdateProject(java.lang.String, java.lang.String, java.lang.String, java.lang.String, java.lang.String, java.lang.String, java.lang.String, java.lang.String, java.lang.String)[pri:2, instance:TestNG.CMAC@2df32bf7]" name="UpdateProject" duration-ms="776" started-at="2018-10-25T05:01:44Z" description="380670" data-provider="dp" finished-at="2018-10-25T05:01:45Z">
          <params>
            <param index="0">
              <value>
                <![CDATA[https://cmac-dev.app.wtcdev2.paas.fedex.com/cmac/v3/updateProject]]>
              </value>
            </param>
            <param index="1">
              <value>
                <![CDATA[https://cmac-dev.app.wtcdev2.paas.fedex.com/cmac/v3/projects/{UUID}]]>
              </value>
            </param>
            <param index="2">
              <value>
                <![CDATA[OAuthTokenNotYetEnabled]]>
              </value>
            </param>
            <param index="3">
              <value>
                <![CDATA[10000]]>
              </value>
            </param>
            <param index="4">
              <value>
                <![CDATA[1025180001411]]>
              </value>
            </param>
            <param index="5">
              <value>
                <![CDATA[Proj_DEL_Updated102518T000144]]>
              </value>
            </param>
            <param index="6">
              <value>
                <![CDATA[10-25-18 00:01:44:217]]>
              </value>
            </param>
            <param index="7">
              <value>
                <![CDATA[propreitary]]>
              </value>
            </param>
            <param index="8">
              <value>
                <![CDATA[2]]>
              </value>
            </param>
          </params>
          <reporter-output>
          </reporter-output>
        </test-method> <!-- UpdateProject -->
        <test-method name="RetrieveProjectDetails" signature="RetrieveProjectDetails(java.lang.String, java.lang.String, java.lang.String)[pri:2, instance:TestNG.CMAC@2df32bf7]" status="PASS" duration-ms="219" finished-at="2018-10-25T05:01:44Z" started-at="2018-10-25T05:01:44Z" depends-on-methods="TestNG.CMAC.CreateProject" data-provider="dp" description="380579 - Details">
          <params>
            <param index="0">
              <value>
                <![CDATA[https://cmac-dev.app.wtcdev2.paas.fedex.com/cmac/v3/projects/{UUID}]]>
              </value>
            </param>
            <param index="1">
              <value>
                <![CDATA[OAuthTokenNotYetEnabled]]>
              </value>
            </param>
            <param index="2">
              <value>
                <![CDATA[1025180001414]]>
              </value>
            </param>
          </params>
          <reporter-output>
          </reporter-output>
        </test-method> <!-- RetrieveProjectDetails -->
        <test-method status="PASS" signature="UpdateProject(java.lang.String, java.lang.String, java.lang.String, java.lang.String, java.lang.String, java.lang.String, java.lang.String, java.lang.String, java.lang.String)[pri:2, instance:TestNG.CMAC@2df32bf7]" name="UpdateProject" duration-ms="651" started-at="2018-10-25T05:01:44Z" description="380670" data-provider="dp" finished-at="2018-10-25T05:01:44Z">
          <params>
            <param index="0">
              <value>
                <![CDATA[https://cmac-dev.app.wtcdev2.paas.fedex.com/cmac/v3/updateProject]]>
              </value>
            </param>
            <param index="1">
              <value>
                <![CDATA[https://cmac-dev.app.wtcdev2.paas.fedex.com/cmac/v3/projects/{UUID}]]>
              </value>
            </param>
            <param index="2">
              <value>
                <![CDATA[OAuthTokenNotYetEnabled]]>
              </value>
            </param>
            <param index="3">
              <value>
                <![CDATA[10000]]>
              </value>
            </param>
            <param index="4">
              <value>
                <![CDATA[1025180001414]]>
              </value>
            </param>
            <param index="5">
              <value>
                <![CDATA[Proj_DEL_Updated102518T000144]]>
              </value>
            </param>
            <param index="6">
              <value>
                <![CDATA[10-25-18 00:01:44:217]]>
              </value>
            </param>
            <param index="7">
              <value>
                <![CDATA[propreitary]]>
              </value>
            </param>
            <param index="8">
              <value>
                <![CDATA[2]]>
              </value>
            </param>
          </params>
          <reporter-output>
          </reporter-output>
        </test-method> <!-- UpdateProject -->
        <test-method status="PASS" signature="UpdateProject(java.lang.String, java.lang.String, java.lang.String, java.lang.String, java.lang.String, java.lang.String, java.lang.String, java.lang.String, java.lang.String)[pri:2, instance:TestNG.CMAC@2df32bf7]" name="UpdateProject" duration-ms="605" started-at="2018-10-25T05:01:44Z" description="380670" data-provider="dp" finished-at="2018-10-25T05:01:44Z">
          <params>
            <param index="0">
              <value>
                <![CDATA[https://cmac-dev.app.wtcdev2.paas.fedex.com/cmac/v3/updateProject]]>
              </value>
            </param>
            <param index="1">
              <value>
                <![CDATA[https://cmac-dev.app.wtcdev2.paas.fedex.com/cmac/v3/projects/{UUID}]]>
              </value>
            </param>
            <param index="2">
              <value>
                <![CDATA[OAuthTokenNotYetEnabled]]>
              </value>
            </param>
            <param index="3">
              <value>
                <![CDATA[10000]]>
              </value>
            </param>
            <param index="4">
              <value>
                <![CDATA[1025180001413]]>
              </value>
            </param>
            <param index="5">
              <value>
                <![CDATA[Proj_DEL_Updated102518T000144]]>
              </value>
            </param>
            <param index="6">
              <value>
                <![CDATA[10-25-18 00:01:44:217]]>
              </value>
            </param>
            <param index="7">
              <value>
                <![CDATA[propreitary]]>
              </value>
            </param>
            <param index="8">
              <value>
                <![CDATA[2]]>
              </value>
            </param>
          </params>
          <reporter-output>
          </reporter-output>
        </test-method> <!-- UpdateProject -->
        <test-method status="PASS" signature="UpdateProject(java.lang.String, java.lang.String, java.lang.String, java.lang.String, java.lang.String, java.lang.String, java.lang.String, java.lang.String, java.lang.String)[pri:2, instance:TestNG.CMAC@2df32bf7]" name="UpdateProject" duration-ms="714" started-at="2018-10-25T05:01:44Z" description="380670" data-provider="dp" finished-at="2018-10-25T05:01:44Z">
          <params>
            <param index="0">
              <value>
                <![CDATA[https://cmac-dev.app.wtcdev2.paas.fedex.com/cmac/v3/updateProject]]>
              </value>
            </param>
            <param index="1">
              <value>
                <![CDATA[https://cmac-dev.app.wtcdev2.paas.fedex.com/cmac/v3/projects/{UUID}]]>
              </value>
            </param>
            <param index="2">
              <value>
                <![CDATA[OAuthTokenNotYetEnabled]]>
              </value>
            </param>
            <param index="3">
              <value>
                <![CDATA[10000]]>
              </value>
            </param>
            <param index="4">
              <value>
                <![CDATA[1025180001412]]>
              </value>
            </param>
            <param index="5">
              <value>
                <![CDATA[Proj_DEL_Updated102518T000144]]>
              </value>
            </param>
            <param index="6">
              <value>
                <![CDATA[10-25-18 00:01:44:217]]>
              </value>
            </param>
            <param index="7">
              <value>
                <![CDATA[propreitary]]>
              </value>
            </param>
            <param index="8">
              <value>
                <![CDATA[2]]>
              </value>
            </param>
          </params>
          <reporter-output>
          </reporter-output>
        </test-method> <!-- UpdateProject -->
        <test-method name="RetrieveProjectDetails" signature="RetrieveProjectDetails(java.lang.String, java.lang.String, java.lang.String)[pri:2, instance:TestNG.CMAC@2df32bf7]" status="PASS" duration-ms="326" finished-at="2018-10-25T05:01:44Z" started-at="2018-10-25T05:01:44Z" depends-on-methods="TestNG.CMAC.CreateProject" data-provider="dp" description="380579 - Details">
          <params>
            <param index="0">
              <value>
                <![CDATA[https://cmac-dev.app.wtcdev2.paas.fedex.com/cmac/v3/projects/{UUID}]]>
              </value>
            </param>
            <param index="1">
              <value>
                <![CDATA[OAuthTokenNotYetEnabled]]>
              </value>
            </param>
            <param index="2">
              <value>
                <![CDATA[1025180001411]]>
              </value>
            </param>
          </params>
          <reporter-output>
          </reporter-output>
        </test-method> <!-- RetrieveProjectDetails -->
        <test-method status="PASS" signature="RetrieveProjectSummary(java.lang.String, java.lang.String, java.lang.String)[pri:2, instance:TestNG.CMAC@2df32bf7]" name="RetrieveProjectSummary" duration-ms="540" started-at="2018-10-25T05:01:44Z" description="380579 - Summery" data-provider="dp" finished-at="2018-10-25T05:01:44Z">
          <params>
            <param index="0">
              <value>
                <![CDATA[https://cmac-dev.app.wtcdev2.paas.fedex.com/cmac/v3/projects/{UUID}]]>
              </value>
            </param>
            <param index="1">
              <value>
                <![CDATA[OAuthTokenNotYetEnabled]]>
              </value>
            </param>
            <param index="2">
              <value>
                <![CDATA[10000]]>
              </value>
            </param>
          </params>
          <reporter-output>
          </reporter-output>
        </test-method> <!-- RetrieveProjectSummary -->
        <test-method name="DeleteProject" signature="DeleteProject(java.lang.String, java.lang.String, java.lang.String)[pri:3, instance:TestNG.CMAC@2df32bf7]" status="PASS" duration-ms="406" finished-at="2018-10-25T05:01:45Z" started-at="2018-10-25T05:01:45Z" depends-on-methods="TestNG.CMAC.CreateProject" data-provider="dp" description="380687">
          <params>
            <param index="0">
              <value>
                <![CDATA[https://cmac-dev.app.wtcdev2.paas.fedex.com/cmac/v3/projects/{applicationUUID}]]>
              </value>
            </param>
            <param index="1">
              <value>
                <![CDATA[OAuthTokenNotYetEnabled]]>
              </value>
            </param>
            <param index="2">
              <value>
                <![CDATA[1025180001411]]>
              </value>
            </param>
          </params>
          <reporter-output>
          </reporter-output>
        </test-method> <!-- DeleteProject -->
        <test-method name="DeleteProject" signature="DeleteProject(java.lang.String, java.lang.String, java.lang.String)[pri:3, instance:TestNG.CMAC@2df32bf7]" status="PASS" duration-ms="203" finished-at="2018-10-25T05:01:45Z" started-at="2018-10-25T05:01:45Z" depends-on-methods="TestNG.CMAC.CreateProject" data-provider="dp" description="380687">
          <params>
            <param index="0">
              <value>
                <![CDATA[https://cmac-dev.app.wtcdev2.paas.fedex.com/cmac/v3/projects/{applicationUUID}]]>
              </value>
            </param>
            <param index="1">
              <value>
                <![CDATA[OAuthTokenNotYetEnabled]]>
              </value>
            </param>
            <param index="2">
              <value>
                <![CDATA[1025180001414]]>
              </value>
            </param>
          </params>
          <reporter-output>
          </reporter-output>
        </test-method> <!-- DeleteProject -->
        <test-method name="DeleteProject" signature="DeleteProject(java.lang.String, java.lang.String, java.lang.String)[pri:3, instance:TestNG.CMAC@2df32bf7]" status="PASS" duration-ms="359" finished-at="2018-10-25T05:01:45Z" started-at="2018-10-25T05:01:45Z" depends-on-methods="TestNG.CMAC.CreateProject" data-provider="dp" description="380687">
          <params>
            <param index="0">
              <value>
                <![CDATA[https://cmac-dev.app.wtcdev2.paas.fedex.com/cmac/v3/projects/{applicationUUID}]]>
              </value>
            </param>
            <param index="1">
              <value>
                <![CDATA[OAuthTokenNotYetEnabled]]>
              </value>
            </param>
            <param index="2">
              <value>
                <![CDATA[1025180001412]]>
              </value>
            </param>
          </params>
          <reporter-output>
          </reporter-output>
        </test-method> <!-- DeleteProject -->
        <test-method name="DeleteProject" signature="DeleteProject(java.lang.String, java.lang.String, java.lang.String)[pri:3, instance:TestNG.CMAC@2df32bf7]" status="PASS" duration-ms="312" finished-at="2018-10-25T05:01:45Z" started-at="2018-10-25T05:01:45Z" depends-on-methods="TestNG.CMAC.CreateProject" data-provider="dp" description="380687">
          <params>
            <param index="0">
              <value>
                <![CDATA[https://cmac-dev.app.wtcdev2.paas.fedex.com/cmac/v3/projects/{applicationUUID}]]>
              </value>
            </param>
            <param index="1">
              <value>
                <![CDATA[OAuthTokenNotYetEnabled]]>
              </value>
            </param>
            <param index="2">
              <value>
                <![CDATA[1025180001413]]>
              </value>
            </param>
          </params>
          <reporter-output>
          </reporter-output>
        </test-method> <!-- DeleteProject -->
      </class> <!-- TestNG.CMAC -->
    </test> <!-- CMAC_Test -->
  </suite> <!-- CMAC_Suite -->
</testng-results>
