<?xml version="1.0" encoding="UTF-8"?>
<testng-results skipped="0" failed="0" ignored="1" total="20" passed="19">
  <reporter-output>
  </reporter-output>
  <suite name="MFAC_Suit" duration-ms="682928" started-at="2018-11-11T06:27:29Z" finished-at="2018-11-11T06:38:52Z">
    <groups>
    </groups>
    <test name="MFAC_Test" duration-ms="682928" started-at="2018-11-11T06:27:29Z" finished-at="2018-11-11T06:38:52Z">
      <class name="TestNG.MFAC">
        <test-method status="PASS" signature="beforeClass()[pri:0, instance:TestNG.MFAC@1d7acb34]" name="beforeClass" is-config="true" duration-ms="0" started-at="2018-11-11T06:27:29Z" finished-at="2018-11-11T06:27:29Z">
          <reporter-output>
          </reporter-output>
        </test-method> <!-- beforeClass -->
        <test-method status="PASS" signature="IssuePinExpiration(java.lang.String, java.lang.String, java.lang.String, java.lang.String)[pri:1, instance:TestNG.MFAC@1d7acb34]" name="IssuePinExpiration" duration-ms="1906" started-at="2018-11-11T06:27:31Z" data-provider="dp" finished-at="2018-11-11T06:27:33Z">
          <params>
            <param index="0">
              <value>
                <![CDATA[FDM-POSTCARD-PIN]]>
              </value>
            </param>
            <param index="1">
              <value>
                <![CDATA[l7xx1b191a635e37469cbaf159069c943955]]>
              </value>
            </param>
            <param index="2">
              <value>
                <![CDATA[https://api.fedex.com/security/v1/pin]]>
              </value>
            </param>
            <param index="3">
              <value>
                <![CDATA[https://api.fedex.com/security/v1/pin/verify]]>
              </value>
            </param>
          </params>
          <reporter-output>
          </reporter-output>
        </test-method> <!-- IssuePinExpiration -->
        <test-method status="PASS" signature="AdditionalEnrollmentExpiration(java.lang.String, java.lang.String, java.lang.String, java.lang.String, java.lang.String)[pri:1, instance:TestNG.MFAC@1d7acb34]" name="AdditionalEnrollmentExpiration" duration-ms="3004" started-at="2018-11-11T06:27:31Z" data-provider="dp" finished-at="2018-11-11T06:27:34Z">
          <params>
            <param index="0">
              <value>
                <![CDATA[FDM-PHONE-PIN]]>
              </value>
            </param>
            <param index="1">
              <value>
                <![CDATA[FDM-POSTCARD-PIN]]>
              </value>
            </param>
            <param index="2">
              <value>
                <![CDATA[l7xx1b191a635e37469cbaf159069c943955]]>
              </value>
            </param>
            <param index="3">
              <value>
                <![CDATA[https://api.fedex.com/security/v1/pin]]>
              </value>
            </param>
            <param index="4">
              <value>
                <![CDATA[https://api.fedex.com/security/v1/pin/verify]]>
              </value>
            </param>
          </params>
          <reporter-output>
          </reporter-output>
        </test-method> <!-- AdditionalEnrollmentExpiration -->
        <test-method status="PASS" signature="IssuePinExpiration(java.lang.String, java.lang.String, java.lang.String, java.lang.String)[pri:1, instance:TestNG.MFAC@1d7acb34]" name="IssuePinExpiration" duration-ms="2172" started-at="2018-11-11T06:27:31Z" data-provider="dp" finished-at="2018-11-11T06:27:33Z">
          <params>
            <param index="0">
              <value>
                <![CDATA[FDM-PHONE-PIN]]>
              </value>
            </param>
            <param index="1">
              <value>
                <![CDATA[l7xx1b191a635e37469cbaf159069c943955]]>
              </value>
            </param>
            <param index="2">
              <value>
                <![CDATA[https://api.fedex.com/security/v1/pin]]>
              </value>
            </param>
            <param index="3">
              <value>
                <![CDATA[https://api.fedex.com/security/v1/pin/verify]]>
              </value>
            </param>
          </params>
          <reporter-output>
          </reporter-output>
        </test-method> <!-- IssuePinExpiration -->
        <test-method status="PASS" signature="AdditionalEnrollmentExpiration(java.lang.String, java.lang.String, java.lang.String, java.lang.String, java.lang.String)[pri:1, instance:TestNG.MFAC@1d7acb34]" name="AdditionalEnrollmentExpiration" duration-ms="2716" started-at="2018-11-11T06:27:31Z" data-provider="dp" finished-at="2018-11-11T06:27:33Z">
          <params>
            <param index="0">
              <value>
                <![CDATA[FDM-POSTCARD-PIN]]>
              </value>
            </param>
            <param index="1">
              <value>
                <![CDATA[FDM-PHONE-PIN]]>
              </value>
            </param>
            <param index="2">
              <value>
                <![CDATA[l7xx1b191a635e37469cbaf159069c943955]]>
              </value>
            </param>
            <param index="3">
              <value>
                <![CDATA[https://api.fedex.com/security/v1/pin]]>
              </value>
            </param>
            <param index="4">
              <value>
                <![CDATA[https://api.fedex.com/security/v1/pin/verify]]>
              </value>
            </param>
          </params>
          <reporter-output>
          </reporter-output>
        </test-method> <!-- AdditionalEnrollmentExpiration -->
        <test-method status="PASS" signature="AddressVelocity(java.lang.String, java.lang.String, java.lang.String, int)[pri:2, instance:TestNG.MFAC@1d7acb34]" name="AddressVelocity" duration-ms="15411" started-at="2018-11-11T06:27:34Z" data-provider="dp" finished-at="2018-11-11T06:27:49Z">
          <params>
            <param index="0">
              <value>
                <![CDATA[FDM-POSTCARD-PIN]]>
              </value>
            </param>
            <param index="1">
              <value>
                <![CDATA[l7xx1b191a635e37469cbaf159069c943955]]>
              </value>
            </param>
            <param index="2">
              <value>
                <![CDATA[https://api.fedex.com/security/v1/addresses/velocitycheck]]>
              </value>
            </param>
            <param index="3">
              <value>
                <![CDATA[10]]>
              </value>
            </param>
          </params>
          <reporter-output>
          </reporter-output>
        </test-method> <!-- AddressVelocity -->
        <test-method status="PASS" signature="AddressVelocity(java.lang.String, java.lang.String, java.lang.String, int)[pri:2, instance:TestNG.MFAC@1d7acb34]" name="AddressVelocity" duration-ms="16477" started-at="2018-11-11T06:27:34Z" data-provider="dp" finished-at="2018-11-11T06:27:50Z">
          <params>
            <param index="0">
              <value>
                <![CDATA[FDM-PHONE-PIN]]>
              </value>
            </param>
            <param index="1">
              <value>
                <![CDATA[l7xx1b191a635e37469cbaf159069c943955]]>
              </value>
            </param>
            <param index="2">
              <value>
                <![CDATA[https://api.fedex.com/security/v1/addresses/velocitycheck]]>
              </value>
            </param>
            <param index="3">
              <value>
                <![CDATA[10]]>
              </value>
            </param>
          </params>
          <reporter-output>
          </reporter-output>
        </test-method> <!-- AddressVelocity -->
        <test-method status="PASS" signature="VerifyPinValid(java.lang.String, java.lang.String, java.lang.String, java.lang.String)[pri:2, instance:TestNG.MFAC@1d7acb34]" name="VerifyPinValid" duration-ms="4896" started-at="2018-11-11T06:27:34Z" data-provider="dp" finished-at="2018-11-11T06:27:39Z">
          <params>
            <param index="0">
              <value>
                <![CDATA[FDM-PHONE-PIN]]>
              </value>
            </param>
            <param index="1">
              <value>
                <![CDATA[l7xx1b191a635e37469cbaf159069c943955]]>
              </value>
            </param>
            <param index="2">
              <value>
                <![CDATA[https://api.fedex.com/security/v1/pin]]>
              </value>
            </param>
            <param index="3">
              <value>
                <![CDATA[https://api.fedex.com/security/v1/pin/verify]]>
              </value>
            </param>
          </params>
          <reporter-output>
          </reporter-output>
        </test-method> <!-- VerifyPinValid -->
        <test-method status="PASS" signature="VerifyPinValid(java.lang.String, java.lang.String, java.lang.String, java.lang.String)[pri:2, instance:TestNG.MFAC@1d7acb34]" name="VerifyPinValid" duration-ms="4432" started-at="2018-11-11T06:27:34Z" data-provider="dp" finished-at="2018-11-11T06:27:38Z">
          <params>
            <param index="0">
              <value>
                <![CDATA[FDM-POSTCARD-PIN]]>
              </value>
            </param>
            <param index="1">
              <value>
                <![CDATA[l7xx1b191a635e37469cbaf159069c943955]]>
              </value>
            </param>
            <param index="2">
              <value>
                <![CDATA[https://api.fedex.com/security/v1/pin]]>
              </value>
            </param>
            <param index="3">
              <value>
                <![CDATA[https://api.fedex.com/security/v1/pin/verify]]>
              </value>
            </param>
          </params>
          <reporter-output>
          </reporter-output>
        </test-method> <!-- VerifyPinValid -->
        <test-method status="PASS" signature="VerifyPinVelocity(java.lang.String, java.lang.String, java.lang.String, java.lang.String, int)[pri:2, instance:TestNG.MFAC@1d7acb34]" name="VerifyPinVelocity" duration-ms="12649" started-at="2018-11-11T06:27:34Z" data-provider="dp" finished-at="2018-11-11T06:27:46Z">
          <params>
            <param index="0">
              <value>
                <![CDATA[FDM-POSTCARD-PIN]]>
              </value>
            </param>
            <param index="1">
              <value>
                <![CDATA[l7xx1b191a635e37469cbaf159069c943955]]>
              </value>
            </param>
            <param index="2">
              <value>
                <![CDATA[https://api.fedex.com/security/v1/pin]]>
              </value>
            </param>
            <param index="3">
              <value>
                <![CDATA[https://api.fedex.com/security/v1/pin/verify]]>
              </value>
            </param>
            <param index="4">
              <value>
                <![CDATA[3]]>
              </value>
            </param>
          </params>
          <reporter-output>
          </reporter-output>
        </test-method> <!-- VerifyPinVelocity -->
        <test-method status="PASS" signature="VerifyPinVelocity(java.lang.String, java.lang.String, java.lang.String, java.lang.String, int)[pri:2, instance:TestNG.MFAC@1d7acb34]" name="VerifyPinVelocity" duration-ms="14203" started-at="2018-11-11T06:27:34Z" data-provider="dp" finished-at="2018-11-11T06:27:48Z">
          <params>
            <param index="0">
              <value>
                <![CDATA[FDM-PHONE-PIN]]>
              </value>
            </param>
            <param index="1">
              <value>
                <![CDATA[l7xx1b191a635e37469cbaf159069c943955]]>
              </value>
            </param>
            <param index="2">
              <value>
                <![CDATA[https://api.fedex.com/security/v1/pin]]>
              </value>
            </param>
            <param index="3">
              <value>
                <![CDATA[https://api.fedex.com/security/v1/pin/verify]]>
              </value>
            </param>
            <param index="4">
              <value>
                <![CDATA[3]]>
              </value>
            </param>
          </params>
          <reporter-output>
          </reporter-output>
        </test-method> <!-- VerifyPinVelocity -->
        <test-method status="PASS" signature="IssuePin(java.lang.String, java.lang.String, java.lang.String)[pri:2, instance:TestNG.MFAC@1d7acb34]" name="IssuePin" duration-ms="3047" started-at="2018-11-11T06:27:34Z" data-provider="dp" finished-at="2018-11-11T06:27:37Z">
          <params>
            <param index="0">
              <value>
                <![CDATA[FDM-PHONE-PIN]]>
              </value>
            </param>
            <param index="1">
              <value>
                <![CDATA[l7xx1b191a635e37469cbaf159069c943955]]>
              </value>
            </param>
            <param index="2">
              <value>
                <![CDATA[https://api.fedex.com/security/v1/pin]]>
              </value>
            </param>
          </params>
          <reporter-output>
          </reporter-output>
        </test-method> <!-- IssuePin -->
        <test-method status="PASS" signature="IssuePin(java.lang.String, java.lang.String, java.lang.String)[pri:2, instance:TestNG.MFAC@1d7acb34]" name="IssuePin" duration-ms="2746" started-at="2018-11-11T06:27:34Z" data-provider="dp" finished-at="2018-11-11T06:27:37Z">
          <params>
            <param index="0">
              <value>
                <![CDATA[FDM-POSTCARD-PIN]]>
              </value>
            </param>
            <param index="1">
              <value>
                <![CDATA[l7xx1b191a635e37469cbaf159069c943955]]>
              </value>
            </param>
            <param index="2">
              <value>
                <![CDATA[https://api.fedex.com/security/v1/pin]]>
              </value>
            </param>
          </params>
          <reporter-output>
          </reporter-output>
        </test-method> <!-- IssuePin -->
        <test-method status="PASS" signature="IssuePinVelocity(java.lang.String, java.lang.String, java.lang.String, int)[pri:2, instance:TestNG.MFAC@1d7acb34]" name="IssuePinVelocity" duration-ms="11724" started-at="2018-11-11T06:27:34Z" data-provider="dp" finished-at="2018-11-11T06:27:46Z">
          <params>
            <param index="0">
              <value>
                <![CDATA[FDM-PHONE-PIN]]>
              </value>
            </param>
            <param index="1">
              <value>
                <![CDATA[l7xx1b191a635e37469cbaf159069c943955]]>
              </value>
            </param>
            <param index="2">
              <value>
                <![CDATA[https://api.fedex.com/security/v1/pin]]>
              </value>
            </param>
            <param index="3">
              <value>
                <![CDATA[3]]>
              </value>
            </param>
          </params>
          <reporter-output>
          </reporter-output>
        </test-method> <!-- IssuePinVelocity -->
        <test-method status="PASS" signature="IssuePinVelocity(java.lang.String, java.lang.String, java.lang.String, int)[pri:2, instance:TestNG.MFAC@1d7acb34]" name="IssuePinVelocity" duration-ms="11254" started-at="2018-11-11T06:27:34Z" data-provider="dp" finished-at="2018-11-11T06:27:45Z">
          <params>
            <param index="0">
              <value>
                <![CDATA[FDM-POSTCARD-PIN]]>
              </value>
            </param>
            <param index="1">
              <value>
                <![CDATA[l7xx1b191a635e37469cbaf159069c943955]]>
              </value>
            </param>
            <param index="2">
              <value>
                <![CDATA[https://api.fedex.com/security/v1/pin]]>
              </value>
            </param>
            <param index="3">
              <value>
                <![CDATA[3]]>
              </value>
            </param>
          </params>
          <reporter-output>
          </reporter-output>
        </test-method> <!-- IssuePinVelocity -->
        <test-method status="PASS" signature="VerifyPinNoLongerValid(java.lang.String, java.lang.String, java.lang.String, java.lang.String)[pri:2, instance:TestNG.MFAC@1d7acb34]" name="VerifyPinNoLongerValid" duration-ms="11057" started-at="2018-11-11T06:27:34Z" data-provider="dp" finished-at="2018-11-11T06:27:45Z">
          <params>
            <param index="0">
              <value>
                <![CDATA[FDM-POSTCARD-PIN]]>
              </value>
            </param>
            <param index="1">
              <value>
                <![CDATA[l7xx1b191a635e37469cbaf159069c943955]]>
              </value>
            </param>
            <param index="2">
              <value>
                <![CDATA[https://api.fedex.com/security/v1/pin]]>
              </value>
            </param>
            <param index="3">
              <value>
                <![CDATA[https://api.fedex.com/security/v1/pin/verify]]>
              </value>
            </param>
          </params>
          <reporter-output>
          </reporter-output>
        </test-method> <!-- VerifyPinNoLongerValid -->
        <test-method status="PASS" signature="VerifyPinNoLongerValid(java.lang.String, java.lang.String, java.lang.String, java.lang.String)[pri:2, instance:TestNG.MFAC@1d7acb34]" name="VerifyPinNoLongerValid" duration-ms="10909" started-at="2018-11-11T06:27:34Z" data-provider="dp" finished-at="2018-11-11T06:27:45Z">
          <params>
            <param index="0">
              <value>
                <![CDATA[FDM-PHONE-PIN]]>
              </value>
            </param>
            <param index="1">
              <value>
                <![CDATA[l7xx1b191a635e37469cbaf159069c943955]]>
              </value>
            </param>
            <param index="2">
              <value>
                <![CDATA[https://api.fedex.com/security/v1/pin]]>
              </value>
            </param>
            <param index="3">
              <value>
                <![CDATA[https://api.fedex.com/security/v1/pin/verify]]>
              </value>
            </param>
          </params>
          <reporter-output>
          </reporter-output>
        </test-method> <!-- VerifyPinNoLongerValid -->
        <test-method status="PASS" signature="AdditionalEnrollmentExpirationValidate(java.lang.String, java.lang.String, java.lang.String, java.lang.String, java.lang.String, java.lang.String, java.lang.String, java.lang.String)[pri:3, instance:TestNG.MFAC@1d7acb34]" name="AdditionalEnrollmentExpirationValidate" duration-ms="661384" started-at="2018-11-11T06:27:50Z" data-provider="dp" depends-on-methods="TestNG.MFAC.AdditionalEnrollmentExpiration" finished-at="2018-11-11T06:38:52Z">
          <params>
            <param index="0">
              <value>
                <![CDATA[AdditionalEnrollmentExpiration: {"transactionId":"fd403007-9602-44ac-bb35-1e2898ae180f","output":{"pinOTP":"441093","pinExpirationDate":"12/02/2018 06:27 AM GMT"}}]]>
              </value>
            </param>
            <param index="1">
              <value>
                <![CDATA[11/11/2018 06:37 AM GMT]]>
              </value>
            </param>
            <param index="2">
              <value>
                <![CDATA[ajwkrdqlyy-kmnrhhcjqjihcnlbtjiegbbf]]>
              </value>
            </param>
            <param index="3">
              <value>
                <![CDATA[FDM-POSTCARD-PIN]]>
              </value>
            </param>
            <param index="4">
              <value>
                <![CDATA[441093]]>
              </value>
            </param>
            <param index="5">
              <value>
                <![CDATA[https://api.fedex.com/security/v1/pin/verify]]>
              </value>
            </param>
            <param index="6">
              <value>
                <![CDATA[l7xx1b191a635e37469cbaf159069c943955]]>
              </value>
            </param>
            <param index="7">
              <value>
                <![CDATA[Success]]>
              </value>
            </param>
          </params>
          <reporter-output>
          </reporter-output>
        </test-method> <!-- AdditionalEnrollmentExpirationValidate -->
        <test-method status="PASS" signature="IssuePinExpirationValidate(java.lang.String, java.lang.String, java.lang.String, java.lang.String, java.lang.String, java.lang.String, java.lang.String, java.lang.String)[pri:3, instance:TestNG.MFAC@1d7acb34]" name="IssuePinExpirationValidate" duration-ms="660772" started-at="2018-11-11T06:27:50Z" data-provider="dp" depends-on-methods="TestNG.MFAC.IssuePinExpiration" finished-at="2018-11-11T06:38:51Z">
          <params>
            <param index="0">
              <value>
                <![CDATA[IssuePinExpiration:  {"transactionId":"7e69c198-0178-4168-b90a-7ca92a24ec20","output":{"pinOTP":"621015","pinExpirationDate":"11/11/2018 06:37 AM GMT"}}]]>
              </value>
            </param>
            <param index="1">
              <value>
                <![CDATA[11/11/2018 06:37 AM GMT]]>
              </value>
            </param>
            <param index="2">
              <value>
                <![CDATA[jchcxmtwce-wirpzieertswrqtuagjdupta]]>
              </value>
            </param>
            <param index="3">
              <value>
                <![CDATA[FDM-PHONE-PIN]]>
              </value>
            </param>
            <param index="4">
              <value>
                <![CDATA[621015]]>
              </value>
            </param>
            <param index="5">
              <value>
                <![CDATA[https://api.fedex.com/security/v1/pin/verify]]>
              </value>
            </param>
            <param index="6">
              <value>
                <![CDATA[l7xx1b191a635e37469cbaf159069c943955]]>
              </value>
            </param>
            <param index="7">
              <value>
                <![CDATA[PIN.FAILURE]]>
              </value>
            </param>
          </params>
          <reporter-output>
          </reporter-output>
        </test-method> <!-- IssuePinExpirationValidate -->
      </class> <!-- TestNG.MFAC -->
      <class name="SupportClasses.Set_Environment">
        <test-method status="PASS" signature="SetEvironmentLevel(java.lang.String)[pri:0, instance:SupportClasses.Set_Environment@5f71c76a]" name="SetEvironmentLevel" duration-ms="11" started-at="2018-11-11T06:27:29Z" finished-at="2018-11-11T06:27:29Z">
          <params>
            <param index="0">
              <value>
                <![CDATA[7]]>
              </value>
            </param>
          </params>
          <reporter-output>
          </reporter-output>
        </test-method> <!-- SetEvironmentLevel -->
      </class> <!-- SupportClasses.Set_Environment -->
    </test> <!-- MFAC_Test -->
  </suite> <!-- MFAC_Suit -->
</testng-results>
