<?xml version="1.0" encoding="UTF-8"?>
<testng-results skipped="0" failed="0" ignored="4" total="8" passed="4">
  <reporter-output>
  </reporter-output>
  <suite name="Default suite" duration-ms="1606" started-at="2018-10-31T14:52:01Z" finished-at="2018-10-31T14:52:02Z">
    <groups>
    </groups>
    <test name="Default test" duration-ms="1606" started-at="2018-10-31T14:52:01Z" finished-at="2018-10-31T14:52:02Z">
      <class name="CMAC.CMAC_Projects">
        <test-method status="PASS" signature="beforeClass()[pri:0, instance:CMAC.CMAC_Projects@2698dc7]" name="beforeClass" is-config="true" duration-ms="46" started-at="2018-10-31T14:52:01Z" finished-at="2018-10-31T14:52:01Z">
          <reporter-output>
          </reporter-output>
        </test-method> <!-- beforeClass -->
        <test-method status="PASS" signature="CreateProject(java.lang.String, java.lang.String, java.lang.String, java.lang.String, java.lang.String, java.lang.String, java.lang.String, java.lang.String)[pri:1, instance:CMAC.CMAC_Projects@2698dc7]" name="CreateProject" duration-ms="1367" started-at="2018-10-31T14:52:01Z" description="380527" data-provider="dp" finished-at="2018-10-31T14:52:02Z">
          <params>
            <param index="0">
              <value>
                <![CDATA[https://cmac-dev.app.wtcdev2.paas.fedex.com/cmac/v3/projects]]>
              </value>
            </param>
            <param index="1">
              <value>
                <![CDATA[]]>
              </value>
            </param>
            <param index="2">
              <value>
                <![CDATA[10003]]>
              </value>
            </param>
            <param index="3">
              <value>
                <![CDATA[1031180952013]]>
              </value>
            </param>
            <param index="4">
              <value>
                <![CDATA[Proj_Creation3 103118T095201]]>
              </value>
            </param>
            <param index="5">
              <value>
                <![CDATA[propreitary]]>
              </value>
            </param>
            <param index="6">
              <value>
                <![CDATA[2]]>
              </value>
            </param>
            <param index="7">
              <value>
                <![CDATA[10-31-18 09:52:01:381]]>
              </value>
            </param>
          </params>
          <reporter-output>
          </reporter-output>
        </test-method> <!-- CreateProject -->
        <test-method status="PASS" signature="CreateProject(java.lang.String, java.lang.String, java.lang.String, java.lang.String, java.lang.String, java.lang.String, java.lang.String, java.lang.String)[pri:1, instance:CMAC.CMAC_Projects@2698dc7]" name="CreateProject" duration-ms="1367" started-at="2018-10-31T14:52:01Z" description="380527" data-provider="dp" finished-at="2018-10-31T14:52:02Z">
          <params>
            <param index="0">
              <value>
                <![CDATA[https://cmac-dev.app.wtcdev2.paas.fedex.com/cmac/v3/projects]]>
              </value>
            </param>
            <param index="1">
              <value>
                <![CDATA[]]>
              </value>
            </param>
            <param index="2">
              <value>
                <![CDATA[10003]]>
              </value>
            </param>
            <param index="3">
              <value>
                <![CDATA[1031180952014]]>
              </value>
            </param>
            <param index="4">
              <value>
                <![CDATA[Proj_Creation4 103118T095201]]>
              </value>
            </param>
            <param index="5">
              <value>
                <![CDATA[propreitary]]>
              </value>
            </param>
            <param index="6">
              <value>
                <![CDATA[2]]>
              </value>
            </param>
            <param index="7">
              <value>
                <![CDATA[10-31-18 09:52:01:381]]>
              </value>
            </param>
          </params>
          <reporter-output>
          </reporter-output>
        </test-method> <!-- CreateProject -->
        <test-method status="PASS" signature="CreateProject(java.lang.String, java.lang.String, java.lang.String, java.lang.String, java.lang.String, java.lang.String, java.lang.String, java.lang.String)[pri:1, instance:CMAC.CMAC_Projects@2698dc7]" name="CreateProject" duration-ms="1400" started-at="2018-10-31T14:52:01Z" description="380527" data-provider="dp" finished-at="2018-10-31T14:52:02Z">
          <params>
            <param index="0">
              <value>
                <![CDATA[https://cmac-dev.app.wtcdev2.paas.fedex.com/cmac/v3/projects]]>
              </value>
            </param>
            <param index="1">
              <value>
                <![CDATA[]]>
              </value>
            </param>
            <param index="2">
              <value>
                <![CDATA[10003]]>
              </value>
            </param>
            <param index="3">
              <value>
                <![CDATA[1031180952011]]>
              </value>
            </param>
            <param index="4">
              <value>
                <![CDATA[Proj_Creation1 103118T095201]]>
              </value>
            </param>
            <param index="5">
              <value>
                <![CDATA[propreitary]]>
              </value>
            </param>
            <param index="6">
              <value>
                <![CDATA[2]]>
              </value>
            </param>
            <param index="7">
              <value>
                <![CDATA[10-31-18 09:52:01:381]]>
              </value>
            </param>
          </params>
          <reporter-output>
          </reporter-output>
        </test-method> <!-- CreateProject -->
        <test-method status="PASS" signature="CreateProject(java.lang.String, java.lang.String, java.lang.String, java.lang.String, java.lang.String, java.lang.String, java.lang.String, java.lang.String)[pri:1, instance:CMAC.CMAC_Projects@2698dc7]" name="CreateProject" duration-ms="1373" started-at="2018-10-31T14:52:01Z" description="380527" data-provider="dp" finished-at="2018-10-31T14:52:02Z">
          <params>
            <param index="0">
              <value>
                <![CDATA[https://cmac-dev.app.wtcdev2.paas.fedex.com/cmac/v3/projects]]>
              </value>
            </param>
            <param index="1">
              <value>
                <![CDATA[]]>
              </value>
            </param>
            <param index="2">
              <value>
                <![CDATA[10003]]>
              </value>
            </param>
            <param index="3">
              <value>
                <![CDATA[1031180952012]]>
              </value>
            </param>
            <param index="4">
              <value>
                <![CDATA[Proj_Creation2 103118T095201]]>
              </value>
            </param>
            <param index="5">
              <value>
                <![CDATA[propreitary]]>
              </value>
            </param>
            <param index="6">
              <value>
                <![CDATA[2]]>
              </value>
            </param>
            <param index="7">
              <value>
                <![CDATA[10-31-18 09:52:01:381]]>
              </value>
            </param>
          </params>
          <reporter-output>
          </reporter-output>
        </test-method> <!-- CreateProject -->
      </class> <!-- CMAC.CMAC_Projects -->
    </test> <!-- Default test -->
  </suite> <!-- Default suite -->
</testng-results>
