<?xml version="1.0" encoding="UTF-8"?>
<testng-results skipped="0" failed="0" ignored="5" total="65" passed="60">
  <reporter-output>
  </reporter-output>
  <suite name="MFAC_Suit" duration-ms="51089" started-at="2018-10-30T17:06:32Z" finished-at="2018-10-30T17:07:23Z">
    <groups>
    </groups>
    <test name="MFAC_Test" duration-ms="51089" started-at="2018-10-30T17:06:32Z" finished-at="2018-10-30T17:07:23Z">
      <class name="TestNG.MFAC">
        <test-method status="PASS" signature="beforeClass()[pri:0, instance:TestNG.MFAC@1d7acb34]" name="beforeClass" is-config="true" duration-ms="1621" started-at="2018-10-30T17:06:32Z" finished-at="2018-10-30T17:06:34Z">
          <reporter-output>
          </reporter-output>
        </test-method> <!-- beforeClass -->
        <test-method status="PASS" signature="AddressVelocity(java.lang.String, java.lang.String, java.lang.String, int)[pri:2, instance:TestNG.MFAC@1d7acb34]" name="AddressVelocity" duration-ms="47722" started-at="2018-10-30T17:06:34Z" data-provider="dp" finished-at="2018-10-30T17:07:21Z">
          <params>
            <param index="0">
              <value>
                <![CDATA[FDM-POSTCARD-PIN]]>
              </value>
            </param>
            <param index="1">
              <value>
                <![CDATA[]]>
              </value>
            </param>
            <param index="2">
              <value>
                <![CDATA[http://mfacbase-cos-vip.test.cloud.fedex.com:9090/mfac/v3/addressVelocityCheck]]>
              </value>
            </param>
            <param index="3">
              <value>
                <![CDATA[10]]>
              </value>
            </param>
          </params>
          <reporter-output>
          </reporter-output>
        </test-method> <!-- AddressVelocity -->
        <test-method status="PASS" signature="VerifyPinValid(java.lang.String, java.lang.String, java.lang.String, java.lang.String)[pri:2, instance:TestNG.MFAC@1d7acb34]" name="VerifyPinValid" duration-ms="18048" started-at="2018-10-30T17:06:34Z" data-provider="dp" finished-at="2018-10-30T17:06:52Z">
          <params>
            <param index="0">
              <value>
                <![CDATA[FDM-POSTCARD-PIN]]>
              </value>
            </param>
            <param index="1">
              <value>
                <![CDATA[]]>
              </value>
            </param>
            <param index="2">
              <value>
                <![CDATA[http://mfacbase-cos-vip.test.cloud.fedex.com:9090/mfac/v3/issuePIN]]>
              </value>
            </param>
            <param index="3">
              <value>
                <![CDATA[http://mfacbase-cos-vip.test.cloud.fedex.com:9090/mfac/v3/verifyPIN]]>
              </value>
            </param>
          </params>
          <reporter-output>
          </reporter-output>
        </test-method> <!-- VerifyPinValid -->
        <test-method status="PASS" signature="VerifyPinVelocity(java.lang.String, java.lang.String, java.lang.String, java.lang.String, int)[pri:2, instance:TestNG.MFAC@1d7acb34]" name="VerifyPinVelocity" duration-ms="33806" started-at="2018-10-30T17:06:34Z" data-provider="dp" finished-at="2018-10-30T17:07:08Z">
          <params>
            <param index="0">
              <value>
                <![CDATA[FDM-POSTCARD-PIN]]>
              </value>
            </param>
            <param index="1">
              <value>
                <![CDATA[]]>
              </value>
            </param>
            <param index="2">
              <value>
                <![CDATA[http://mfacbase-cos-vip.test.cloud.fedex.com:9090/mfac/v3/issuePIN]]>
              </value>
            </param>
            <param index="3">
              <value>
                <![CDATA[http://mfacbase-cos-vip.test.cloud.fedex.com:9090/mfac/v3/verifyPIN]]>
              </value>
            </param>
            <param index="4">
              <value>
                <![CDATA[3]]>
              </value>
            </param>
          </params>
          <reporter-output>
          </reporter-output>
        </test-method> <!-- VerifyPinVelocity -->
        <test-method status="PASS" signature="VerifyPinNoLongerValid(java.lang.String, java.lang.String, java.lang.String, java.lang.String)[pri:2, instance:TestNG.MFAC@1d7acb34]" name="VerifyPinNoLongerValid" duration-ms="32594" started-at="2018-10-30T17:06:34Z" data-provider="dp" finished-at="2018-10-30T17:07:06Z">
          <params>
            <param index="0">
              <value>
                <![CDATA[FDM-POSTCARD-PIN]]>
              </value>
            </param>
            <param index="1">
              <value>
                <![CDATA[]]>
              </value>
            </param>
            <param index="2">
              <value>
                <![CDATA[http://mfacbase-cos-vip.test.cloud.fedex.com:9090/mfac/v3/issuePIN]]>
              </value>
            </param>
            <param index="3">
              <value>
                <![CDATA[http://mfacbase-cos-vip.test.cloud.fedex.com:9090/mfac/v3/verifyPIN]]>
              </value>
            </param>
          </params>
          <reporter-output>
          </reporter-output>
        </test-method> <!-- VerifyPinNoLongerValid -->
        <test-method status="PASS" signature="IssuePin(java.lang.String, java.lang.String, java.lang.String)[pri:2, instance:TestNG.MFAC@1d7acb34]" name="IssuePin" duration-ms="3570" started-at="2018-10-30T17:06:34Z" data-provider="dp" finished-at="2018-10-30T17:06:37Z">
          <params>
            <param index="0">
              <value>
                <![CDATA[FDM-POSTCARD-PIN]]>
              </value>
            </param>
            <param index="1">
              <value>
                <![CDATA[]]>
              </value>
            </param>
            <param index="2">
              <value>
                <![CDATA[http://mfacbase-cos-vip.test.cloud.fedex.com:9090/mfac/v3/issuePIN]]>
              </value>
            </param>
          </params>
          <reporter-output>
          </reporter-output>
        </test-method> <!-- IssuePin -->
        <test-method status="PASS" signature="VerifyPinNoLongerValid(java.lang.String, java.lang.String, java.lang.String, java.lang.String)[pri:2, instance:TestNG.MFAC@1d7acb34]" name="VerifyPinNoLongerValid" duration-ms="34871" started-at="2018-10-30T17:06:34Z" data-provider="dp" finished-at="2018-10-30T17:07:09Z">
          <params>
            <param index="0">
              <value>
                <![CDATA[FDM-PHONE-PIN]]>
              </value>
            </param>
            <param index="1">
              <value>
                <![CDATA[]]>
              </value>
            </param>
            <param index="2">
              <value>
                <![CDATA[http://mfacbase-cos-vip.test.cloud.fedex.com:9090/mfac/v3/issuePIN]]>
              </value>
            </param>
            <param index="3">
              <value>
                <![CDATA[http://mfacbase-cos-vip.test.cloud.fedex.com:9090/mfac/v3/verifyPIN]]>
              </value>
            </param>
          </params>
          <reporter-output>
          </reporter-output>
        </test-method> <!-- VerifyPinNoLongerValid -->
        <test-method status="PASS" signature="VerifyPinValid(java.lang.String, java.lang.String, java.lang.String, java.lang.String)[pri:2, instance:TestNG.MFAC@1d7acb34]" name="VerifyPinValid" duration-ms="5619" started-at="2018-10-30T17:06:34Z" data-provider="dp" finished-at="2018-10-30T17:06:39Z">
          <params>
            <param index="0">
              <value>
                <![CDATA[FDM-PHONE-PIN]]>
              </value>
            </param>
            <param index="1">
              <value>
                <![CDATA[]]>
              </value>
            </param>
            <param index="2">
              <value>
                <![CDATA[http://mfacbase-cos-vip.test.cloud.fedex.com:9090/mfac/v3/issuePIN]]>
              </value>
            </param>
            <param index="3">
              <value>
                <![CDATA[http://mfacbase-cos-vip.test.cloud.fedex.com:9090/mfac/v3/verifyPIN]]>
              </value>
            </param>
          </params>
          <reporter-output>
          </reporter-output>
        </test-method> <!-- VerifyPinValid -->
        <test-method status="PASS" signature="AddressVelocity(java.lang.String, java.lang.String, java.lang.String, int)[pri:2, instance:TestNG.MFAC@1d7acb34]" name="AddressVelocity" duration-ms="42755" started-at="2018-10-30T17:06:34Z" data-provider="dp" finished-at="2018-10-30T17:07:17Z">
          <params>
            <param index="0">
              <value>
                <![CDATA[FDM-PHONE-PIN]]>
              </value>
            </param>
            <param index="1">
              <value>
                <![CDATA[]]>
              </value>
            </param>
            <param index="2">
              <value>
                <![CDATA[http://mfacbase-cos-vip.test.cloud.fedex.com:9090/mfac/v3/addressVelocityCheck]]>
              </value>
            </param>
            <param index="3">
              <value>
                <![CDATA[10]]>
              </value>
            </param>
          </params>
          <reporter-output>
          </reporter-output>
        </test-method> <!-- AddressVelocity -->
        <test-method status="PASS" signature="AddressVelocity(java.lang.String, java.lang.String, java.lang.String, int)[pri:2, instance:TestNG.MFAC@1d7acb34]" name="AddressVelocity" duration-ms="47222" started-at="2018-10-30T17:06:34Z" data-provider="dp" finished-at="2018-10-30T17:07:21Z">
          <params>
            <param index="0">
              <value>
                <![CDATA[FDM-POSTCARD-PIN]]>
              </value>
            </param>
            <param index="1">
              <value>
                <![CDATA[l7xx1892f99a6f88470ba29abc141cd7bd8d]]>
              </value>
            </param>
            <param index="2">
              <value>
                <![CDATA[https://apidev.idev.fedex.com:8443/security/v1/addresses/velocitycheck]]>
              </value>
            </param>
            <param index="3">
              <value>
                <![CDATA[10]]>
              </value>
            </param>
          </params>
          <reporter-output>
          </reporter-output>
        </test-method> <!-- AddressVelocity -->
        <test-method status="PASS" signature="AddressVelocity(java.lang.String, java.lang.String, java.lang.String, int)[pri:2, instance:TestNG.MFAC@1d7acb34]" name="AddressVelocity" duration-ms="46933" started-at="2018-10-30T17:06:34Z" data-provider="dp" finished-at="2018-10-30T17:07:21Z">
          <params>
            <param index="0">
              <value>
                <![CDATA[FDM-POSTCARD-PIN]]>
              </value>
            </param>
            <param index="1">
              <value>
                <![CDATA[l7xx1892f99a6f88470ba29abc141cd7bd8d]]>
              </value>
            </param>
            <param index="2">
              <value>
                <![CDATA[http://mfacdev-cos-vip.test.cloud.fedex.com:9090/mfac/v3/addressVelocityCheck]]>
              </value>
            </param>
            <param index="3">
              <value>
                <![CDATA[10]]>
              </value>
            </param>
          </params>
          <reporter-output>
          </reporter-output>
        </test-method> <!-- AddressVelocity -->
        <test-method status="PASS" signature="AddressVelocity(java.lang.String, java.lang.String, java.lang.String, int)[pri:2, instance:TestNG.MFAC@1d7acb34]" name="AddressVelocity" duration-ms="48226" started-at="2018-10-30T17:06:34Z" data-provider="dp" finished-at="2018-10-30T17:07:22Z">
          <params>
            <param index="0">
              <value>
                <![CDATA[FDM-PHONE-PIN]]>
              </value>
            </param>
            <param index="1">
              <value>
                <![CDATA[l7xx1892f99a6f88470ba29abc141cd7bd8d]]>
              </value>
            </param>
            <param index="2">
              <value>
                <![CDATA[https://apidev.idev.fedex.com:8443/security/v1/addresses/velocitycheck]]>
              </value>
            </param>
            <param index="3">
              <value>
                <![CDATA[10]]>
              </value>
            </param>
          </params>
          <reporter-output>
          </reporter-output>
        </test-method> <!-- AddressVelocity -->
        <test-method status="PASS" signature="AddressVelocity(java.lang.String, java.lang.String, java.lang.String, int)[pri:2, instance:TestNG.MFAC@1d7acb34]" name="AddressVelocity" duration-ms="46781" started-at="2018-10-30T17:06:34Z" data-provider="dp" finished-at="2018-10-30T17:07:21Z">
          <params>
            <param index="0">
              <value>
                <![CDATA[FDM-PHONE-PIN]]>
              </value>
            </param>
            <param index="1">
              <value>
                <![CDATA[l7xx1892f99a6f88470ba29abc141cd7bd8d]]>
              </value>
            </param>
            <param index="2">
              <value>
                <![CDATA[http://mfacdev-cos-vip.test.cloud.fedex.com:9090/mfac/v3/addressVelocityCheck]]>
              </value>
            </param>
            <param index="3">
              <value>
                <![CDATA[10]]>
              </value>
            </param>
          </params>
          <reporter-output>
          </reporter-output>
        </test-method> <!-- AddressVelocity -->
        <test-method status="PASS" signature="AddressVelocity(java.lang.String, java.lang.String, java.lang.String, int)[pri:2, instance:TestNG.MFAC@1d7acb34]" name="AddressVelocity" duration-ms="47888" started-at="2018-10-30T17:06:34Z" data-provider="dp" finished-at="2018-10-30T17:07:22Z">
          <params>
            <param index="0">
              <value>
                <![CDATA[FDM-POSTCARD-PIN]]>
              </value>
            </param>
            <param index="1">
              <value>
                <![CDATA[l7xx1892f99a6f88470ba29abc141cd7bd8d]]>
              </value>
            </param>
            <param index="2">
              <value>
                <![CDATA[https://apidrt.idev.fedex.com:8443/security/v1/addresses/velocitycheck]]>
              </value>
            </param>
            <param index="3">
              <value>
                <![CDATA[10]]>
              </value>
            </param>
          </params>
          <reporter-output>
          </reporter-output>
        </test-method> <!-- AddressVelocity -->
        <test-method status="PASS" signature="IssuePinVelocity(java.lang.String, java.lang.String, java.lang.String, int)[pri:2, instance:TestNG.MFAC@1d7acb34]" name="IssuePinVelocity" duration-ms="27953" started-at="2018-10-30T17:06:34Z" data-provider="dp" finished-at="2018-10-30T17:07:02Z">
          <params>
            <param index="0">
              <value>
                <![CDATA[FDM-POSTCARD-PIN]]>
              </value>
            </param>
            <param index="1">
              <value>
                <![CDATA[]]>
              </value>
            </param>
            <param index="2">
              <value>
                <![CDATA[http://mfacbase-cos-vip.test.cloud.fedex.com:9090/mfac/v3/issuePIN]]>
              </value>
            </param>
            <param index="3">
              <value>
                <![CDATA[3]]>
              </value>
            </param>
          </params>
          <reporter-output>
          </reporter-output>
        </test-method> <!-- IssuePinVelocity -->
        <test-method status="PASS" signature="AddressVelocity(java.lang.String, java.lang.String, java.lang.String, int)[pri:2, instance:TestNG.MFAC@1d7acb34]" name="AddressVelocity" duration-ms="48914" started-at="2018-10-30T17:06:34Z" data-provider="dp" finished-at="2018-10-30T17:07:23Z">
          <params>
            <param index="0">
              <value>
                <![CDATA[FDM-PHONE-PIN]]>
              </value>
            </param>
            <param index="1">
              <value>
                <![CDATA[l7xx1892f99a6f88470ba29abc141cd7bd8d]]>
              </value>
            </param>
            <param index="2">
              <value>
                <![CDATA[https://apidrt.idev.fedex.com:8443/security/v1/addresses/velocitycheck]]>
              </value>
            </param>
            <param index="3">
              <value>
                <![CDATA[10]]>
              </value>
            </param>
          </params>
          <reporter-output>
          </reporter-output>
        </test-method> <!-- AddressVelocity -->
        <test-method status="PASS" signature="AddressVelocity(java.lang.String, java.lang.String, java.lang.String, int)[pri:2, instance:TestNG.MFAC@1d7acb34]" name="AddressVelocity" duration-ms="48786" started-at="2018-10-30T17:06:34Z" data-provider="dp" finished-at="2018-10-30T17:07:23Z">
          <params>
            <param index="0">
              <value>
                <![CDATA[FDM-POSTCARD-PIN]]>
              </value>
            </param>
            <param index="1">
              <value>
                <![CDATA[l7xx1892f99a6f88470ba29abc141cd7bd8d]]>
              </value>
            </param>
            <param index="2">
              <value>
                <![CDATA[http://mfacdrt-cos-vip.test.cloud.fedex.com:9090/mfac/v3/addressVelocityCheck]]>
              </value>
            </param>
            <param index="3">
              <value>
                <![CDATA[10]]>
              </value>
            </param>
          </params>
          <reporter-output>
          </reporter-output>
        </test-method> <!-- AddressVelocity -->
        <test-method status="PASS" signature="AddressVelocity(java.lang.String, java.lang.String, java.lang.String, int)[pri:2, instance:TestNG.MFAC@1d7acb34]" name="AddressVelocity" duration-ms="49104" started-at="2018-10-30T17:06:34Z" data-provider="dp" finished-at="2018-10-30T17:07:23Z">
          <params>
            <param index="0">
              <value>
                <![CDATA[FDM-PHONE-PIN]]>
              </value>
            </param>
            <param index="1">
              <value>
                <![CDATA[l7xx1892f99a6f88470ba29abc141cd7bd8d]]>
              </value>
            </param>
            <param index="2">
              <value>
                <![CDATA[http://mfacdrt-cos-vip.test.cloud.fedex.com:9090/mfac/v3/addressVelocityCheck]]>
              </value>
            </param>
            <param index="3">
              <value>
                <![CDATA[10]]>
              </value>
            </param>
          </params>
          <reporter-output>
          </reporter-output>
        </test-method> <!-- AddressVelocity -->
        <test-method status="PASS" signature="VerifyPinValid(java.lang.String, java.lang.String, java.lang.String, java.lang.String)[pri:2, instance:TestNG.MFAC@1d7acb34]" name="VerifyPinValid" duration-ms="19725" started-at="2018-10-30T17:06:34Z" data-provider="dp" finished-at="2018-10-30T17:06:54Z">
          <params>
            <param index="0">
              <value>
                <![CDATA[FDM-PHONE-PIN]]>
              </value>
            </param>
            <param index="1">
              <value>
                <![CDATA[l7xx1892f99a6f88470ba29abc141cd7bd8d]]>
              </value>
            </param>
            <param index="2">
              <value>
                <![CDATA[https://apidev.idev.fedex.com:8443/security/v1/pin]]>
              </value>
            </param>
            <param index="3">
              <value>
                <![CDATA[https://apidev.idev.fedex.com:8443/security/v1/pin/verify]]>
              </value>
            </param>
          </params>
          <reporter-output>
          </reporter-output>
        </test-method> <!-- VerifyPinValid -->
        <test-method status="PASS" signature="VerifyPinNoLongerValid(java.lang.String, java.lang.String, java.lang.String, java.lang.String)[pri:2, instance:TestNG.MFAC@1d7acb34]" name="VerifyPinNoLongerValid" duration-ms="36700" started-at="2018-10-30T17:06:34Z" data-provider="dp" finished-at="2018-10-30T17:07:11Z">
          <params>
            <param index="0">
              <value>
                <![CDATA[FDM-POSTCARD-PIN]]>
              </value>
            </param>
            <param index="1">
              <value>
                <![CDATA[l7xx1892f99a6f88470ba29abc141cd7bd8d]]>
              </value>
            </param>
            <param index="2">
              <value>
                <![CDATA[https://apidev.idev.fedex.com:8443/security/v1/pin]]>
              </value>
            </param>
            <param index="3">
              <value>
                <![CDATA[https://apidev.idev.fedex.com:8443/security/v1/pin/verify]]>
              </value>
            </param>
          </params>
          <reporter-output>
          </reporter-output>
        </test-method> <!-- VerifyPinNoLongerValid -->
        <test-method status="PASS" signature="VerifyPinVelocity(java.lang.String, java.lang.String, java.lang.String, java.lang.String, int)[pri:2, instance:TestNG.MFAC@1d7acb34]" name="VerifyPinVelocity" duration-ms="43276" started-at="2018-10-30T17:06:34Z" data-provider="dp" finished-at="2018-10-30T17:07:17Z">
          <params>
            <param index="0">
              <value>
                <![CDATA[FDM-PHONE-PIN]]>
              </value>
            </param>
            <param index="1">
              <value>
                <![CDATA[]]>
              </value>
            </param>
            <param index="2">
              <value>
                <![CDATA[http://mfacbase-cos-vip.test.cloud.fedex.com:9090/mfac/v3/issuePIN]]>
              </value>
            </param>
            <param index="3">
              <value>
                <![CDATA[http://mfacbase-cos-vip.test.cloud.fedex.com:9090/mfac/v3/verifyPIN]]>
              </value>
            </param>
            <param index="4">
              <value>
                <![CDATA[3]]>
              </value>
            </param>
          </params>
          <reporter-output>
          </reporter-output>
        </test-method> <!-- VerifyPinVelocity -->
        <test-method status="PASS" signature="IssuePinVelocity(java.lang.String, java.lang.String, java.lang.String, int)[pri:2, instance:TestNG.MFAC@1d7acb34]" name="IssuePinVelocity" duration-ms="36348" started-at="2018-10-30T17:06:34Z" data-provider="dp" finished-at="2018-10-30T17:07:10Z">
          <params>
            <param index="0">
              <value>
                <![CDATA[FDM-PHONE-PIN]]>
              </value>
            </param>
            <param index="1">
              <value>
                <![CDATA[]]>
              </value>
            </param>
            <param index="2">
              <value>
                <![CDATA[http://mfacbase-cos-vip.test.cloud.fedex.com:9090/mfac/v3/issuePIN]]>
              </value>
            </param>
            <param index="3">
              <value>
                <![CDATA[3]]>
              </value>
            </param>
          </params>
          <reporter-output>
          </reporter-output>
        </test-method> <!-- IssuePinVelocity -->
        <test-method status="PASS" signature="VerifyPinValid(java.lang.String, java.lang.String, java.lang.String, java.lang.String)[pri:2, instance:TestNG.MFAC@1d7acb34]" name="VerifyPinValid" duration-ms="6970" started-at="2018-10-30T17:06:34Z" data-provider="dp" finished-at="2018-10-30T17:06:41Z">
          <params>
            <param index="0">
              <value>
                <![CDATA[FDM-POSTCARD-PIN]]>
              </value>
            </param>
            <param index="1">
              <value>
                <![CDATA[l7xx1892f99a6f88470ba29abc141cd7bd8d]]>
              </value>
            </param>
            <param index="2">
              <value>
                <![CDATA[http://mfacdev-cos-vip.test.cloud.fedex.com:9090/mfac/v3/issuePIN]]>
              </value>
            </param>
            <param index="3">
              <value>
                <![CDATA[http://mfacdev-cos-vip.test.cloud.fedex.com:9090/mfac/v3/verifyPIN]]>
              </value>
            </param>
          </params>
          <reporter-output>
          </reporter-output>
        </test-method> <!-- VerifyPinValid -->
        <test-method status="PASS" signature="VerifyPinVelocity(java.lang.String, java.lang.String, java.lang.String, java.lang.String, int)[pri:2, instance:TestNG.MFAC@1d7acb34]" name="VerifyPinVelocity" duration-ms="36227" started-at="2018-10-30T17:06:34Z" data-provider="dp" finished-at="2018-10-30T17:07:10Z">
          <params>
            <param index="0">
              <value>
                <![CDATA[FDM-POSTCARD-PIN]]>
              </value>
            </param>
            <param index="1">
              <value>
                <![CDATA[l7xx1892f99a6f88470ba29abc141cd7bd8d]]>
              </value>
            </param>
            <param index="2">
              <value>
                <![CDATA[https://apidev.idev.fedex.com:8443/security/v1/pin]]>
              </value>
            </param>
            <param index="3">
              <value>
                <![CDATA[https://apidev.idev.fedex.com:8443/security/v1/pin/verify]]>
              </value>
            </param>
            <param index="4">
              <value>
                <![CDATA[3]]>
              </value>
            </param>
          </params>
          <reporter-output>
          </reporter-output>
        </test-method> <!-- VerifyPinVelocity -->
        <test-method status="PASS" signature="VerifyPinVelocity(java.lang.String, java.lang.String, java.lang.String, java.lang.String, int)[pri:2, instance:TestNG.MFAC@1d7acb34]" name="VerifyPinVelocity" duration-ms="43060" started-at="2018-10-30T17:06:34Z" data-provider="dp" finished-at="2018-10-30T17:07:17Z">
          <params>
            <param index="0">
              <value>
                <![CDATA[FDM-PHONE-PIN]]>
              </value>
            </param>
            <param index="1">
              <value>
                <![CDATA[l7xx1892f99a6f88470ba29abc141cd7bd8d]]>
              </value>
            </param>
            <param index="2">
              <value>
                <![CDATA[https://apidev.idev.fedex.com:8443/security/v1/pin]]>
              </value>
            </param>
            <param index="3">
              <value>
                <![CDATA[https://apidev.idev.fedex.com:8443/security/v1/pin/verify]]>
              </value>
            </param>
            <param index="4">
              <value>
                <![CDATA[3]]>
              </value>
            </param>
          </params>
          <reporter-output>
          </reporter-output>
        </test-method> <!-- VerifyPinVelocity -->
        <test-method status="PASS" signature="IssuePinVelocity(java.lang.String, java.lang.String, java.lang.String, int)[pri:2, instance:TestNG.MFAC@1d7acb34]" name="IssuePinVelocity" duration-ms="35608" started-at="2018-10-30T17:06:34Z" data-provider="dp" finished-at="2018-10-30T17:07:09Z">
          <params>
            <param index="0">
              <value>
                <![CDATA[FDM-POSTCARD-PIN]]>
              </value>
            </param>
            <param index="1">
              <value>
                <![CDATA[l7xx1892f99a6f88470ba29abc141cd7bd8d]]>
              </value>
            </param>
            <param index="2">
              <value>
                <![CDATA[https://apidev.idev.fedex.com:8443/security/v1/pin]]>
              </value>
            </param>
            <param index="3">
              <value>
                <![CDATA[3]]>
              </value>
            </param>
          </params>
          <reporter-output>
          </reporter-output>
        </test-method> <!-- IssuePinVelocity -->
        <test-method status="PASS" signature="VerifyPinNoLongerValid(java.lang.String, java.lang.String, java.lang.String, java.lang.String)[pri:2, instance:TestNG.MFAC@1d7acb34]" name="VerifyPinNoLongerValid" duration-ms="35168" started-at="2018-10-30T17:06:34Z" data-provider="dp" finished-at="2018-10-30T17:07:09Z">
          <params>
            <param index="0">
              <value>
                <![CDATA[FDM-POSTCARD-PIN]]>
              </value>
            </param>
            <param index="1">
              <value>
                <![CDATA[l7xx1892f99a6f88470ba29abc141cd7bd8d]]>
              </value>
            </param>
            <param index="2">
              <value>
                <![CDATA[http://mfacdev-cos-vip.test.cloud.fedex.com:9090/mfac/v3/issuePIN]]>
              </value>
            </param>
            <param index="3">
              <value>
                <![CDATA[http://mfacdev-cos-vip.test.cloud.fedex.com:9090/mfac/v3/verifyPIN]]>
              </value>
            </param>
          </params>
          <reporter-output>
          </reporter-output>
        </test-method> <!-- VerifyPinNoLongerValid -->
        <test-method status="PASS" signature="IssuePin(java.lang.String, java.lang.String, java.lang.String)[pri:2, instance:TestNG.MFAC@1d7acb34]" name="IssuePin" duration-ms="11246" started-at="2018-10-30T17:06:34Z" data-provider="dp" finished-at="2018-10-30T17:06:45Z">
          <params>
            <param index="0">
              <value>
                <![CDATA[FDM-PHONE-PIN]]>
              </value>
            </param>
            <param index="1">
              <value>
                <![CDATA[]]>
              </value>
            </param>
            <param index="2">
              <value>
                <![CDATA[http://mfacbase-cos-vip.test.cloud.fedex.com:9090/mfac/v3/issuePIN]]>
              </value>
            </param>
          </params>
          <reporter-output>
          </reporter-output>
        </test-method> <!-- IssuePin -->
        <test-method status="PASS" signature="VerifyPinNoLongerValid(java.lang.String, java.lang.String, java.lang.String, java.lang.String)[pri:2, instance:TestNG.MFAC@1d7acb34]" name="VerifyPinNoLongerValid" duration-ms="29683" started-at="2018-10-30T17:06:34Z" data-provider="dp" finished-at="2018-10-30T17:07:04Z">
          <params>
            <param index="0">
              <value>
                <![CDATA[FDM-PHONE-PIN]]>
              </value>
            </param>
            <param index="1">
              <value>
                <![CDATA[l7xx1892f99a6f88470ba29abc141cd7bd8d]]>
              </value>
            </param>
            <param index="2">
              <value>
                <![CDATA[http://mfacdev-cos-vip.test.cloud.fedex.com:9090/mfac/v3/issuePIN]]>
              </value>
            </param>
            <param index="3">
              <value>
                <![CDATA[http://mfacdev-cos-vip.test.cloud.fedex.com:9090/mfac/v3/verifyPIN]]>
              </value>
            </param>
          </params>
          <reporter-output>
          </reporter-output>
        </test-method> <!-- VerifyPinNoLongerValid -->
        <test-method status="PASS" signature="VerifyPinNoLongerValid(java.lang.String, java.lang.String, java.lang.String, java.lang.String)[pri:2, instance:TestNG.MFAC@1d7acb34]" name="VerifyPinNoLongerValid" duration-ms="29774" started-at="2018-10-30T17:06:34Z" data-provider="dp" finished-at="2018-10-30T17:07:04Z">
          <params>
            <param index="0">
              <value>
                <![CDATA[FDM-POSTCARD-PIN]]>
              </value>
            </param>
            <param index="1">
              <value>
                <![CDATA[l7xx1892f99a6f88470ba29abc141cd7bd8d]]>
              </value>
            </param>
            <param index="2">
              <value>
                <![CDATA[https://apidrt.idev.fedex.com:8443/security/v1/pin]]>
              </value>
            </param>
            <param index="3">
              <value>
                <![CDATA[https://apidrt.idev.fedex.com:8443/security/v1/pin/verify]]>
              </value>
            </param>
          </params>
          <reporter-output>
          </reporter-output>
        </test-method> <!-- VerifyPinNoLongerValid -->
        <test-method status="PASS" signature="VerifyPinNoLongerValid(java.lang.String, java.lang.String, java.lang.String, java.lang.String)[pri:2, instance:TestNG.MFAC@1d7acb34]" name="VerifyPinNoLongerValid" duration-ms="35685" started-at="2018-10-30T17:06:34Z" data-provider="dp" finished-at="2018-10-30T17:07:10Z">
          <params>
            <param index="0">
              <value>
                <![CDATA[FDM-PHONE-PIN]]>
              </value>
            </param>
            <param index="1">
              <value>
                <![CDATA[l7xx1892f99a6f88470ba29abc141cd7bd8d]]>
              </value>
            </param>
            <param index="2">
              <value>
                <![CDATA[http://mfacdrt-cos-vip.test.cloud.fedex.com:9090/mfac/v3/issuePIN]]>
              </value>
            </param>
            <param index="3">
              <value>
                <![CDATA[http://mfacdrt-cos-vip.test.cloud.fedex.com:9090/mfac/v3/verifyPIN]]>
              </value>
            </param>
          </params>
          <reporter-output>
          </reporter-output>
        </test-method> <!-- VerifyPinNoLongerValid -->
        <test-method status="PASS" signature="VerifyPinVelocity(java.lang.String, java.lang.String, java.lang.String, java.lang.String, int)[pri:2, instance:TestNG.MFAC@1d7acb34]" name="VerifyPinVelocity" duration-ms="40928" started-at="2018-10-30T17:06:34Z" data-provider="dp" finished-at="2018-10-30T17:07:15Z">
          <params>
            <param index="0">
              <value>
                <![CDATA[FDM-PHONE-PIN]]>
              </value>
            </param>
            <param index="1">
              <value>
                <![CDATA[l7xx1892f99a6f88470ba29abc141cd7bd8d]]>
              </value>
            </param>
            <param index="2">
              <value>
                <![CDATA[http://mfacdev-cos-vip.test.cloud.fedex.com:9090/mfac/v3/issuePIN]]>
              </value>
            </param>
            <param index="3">
              <value>
                <![CDATA[http://mfacdev-cos-vip.test.cloud.fedex.com:9090/mfac/v3/verifyPIN]]>
              </value>
            </param>
            <param index="4">
              <value>
                <![CDATA[3]]>
              </value>
            </param>
          </params>
          <reporter-output>
          </reporter-output>
        </test-method> <!-- VerifyPinVelocity -->
        <test-method status="PASS" signature="VerifyPinValid(java.lang.String, java.lang.String, java.lang.String, java.lang.String)[pri:2, instance:TestNG.MFAC@1d7acb34]" name="VerifyPinValid" duration-ms="10286" started-at="2018-10-30T17:06:34Z" data-provider="dp" finished-at="2018-10-30T17:06:44Z">
          <params>
            <param index="0">
              <value>
                <![CDATA[FDM-POSTCARD-PIN]]>
              </value>
            </param>
            <param index="1">
              <value>
                <![CDATA[l7xx1892f99a6f88470ba29abc141cd7bd8d]]>
              </value>
            </param>
            <param index="2">
              <value>
                <![CDATA[https://apidev.idev.fedex.com:8443/security/v1/pin]]>
              </value>
            </param>
            <param index="3">
              <value>
                <![CDATA[https://apidev.idev.fedex.com:8443/security/v1/pin/verify]]>
              </value>
            </param>
          </params>
          <reporter-output>
          </reporter-output>
        </test-method> <!-- VerifyPinValid -->
        <test-method status="PASS" signature="VerifyPinNoLongerValid(java.lang.String, java.lang.String, java.lang.String, java.lang.String)[pri:2, instance:TestNG.MFAC@1d7acb34]" name="VerifyPinNoLongerValid" duration-ms="37001" started-at="2018-10-30T17:06:34Z" data-provider="dp" finished-at="2018-10-30T17:07:11Z">
          <params>
            <param index="0">
              <value>
                <![CDATA[FDM-PHONE-PIN]]>
              </value>
            </param>
            <param index="1">
              <value>
                <![CDATA[l7xx1892f99a6f88470ba29abc141cd7bd8d]]>
              </value>
            </param>
            <param index="2">
              <value>
                <![CDATA[https://apidev.idev.fedex.com:8443/security/v1/pin]]>
              </value>
            </param>
            <param index="3">
              <value>
                <![CDATA[https://apidev.idev.fedex.com:8443/security/v1/pin/verify]]>
              </value>
            </param>
          </params>
          <reporter-output>
          </reporter-output>
        </test-method> <!-- VerifyPinNoLongerValid -->
        <test-method status="PASS" signature="VerifyPinNoLongerValid(java.lang.String, java.lang.String, java.lang.String, java.lang.String)[pri:2, instance:TestNG.MFAC@1d7acb34]" name="VerifyPinNoLongerValid" duration-ms="37083" started-at="2018-10-30T17:06:34Z" data-provider="dp" finished-at="2018-10-30T17:07:11Z">
          <params>
            <param index="0">
              <value>
                <![CDATA[FDM-PHONE-PIN]]>
              </value>
            </param>
            <param index="1">
              <value>
                <![CDATA[l7xx1892f99a6f88470ba29abc141cd7bd8d]]>
              </value>
            </param>
            <param index="2">
              <value>
                <![CDATA[https://apidrt.idev.fedex.com:8443/security/v1/pin]]>
              </value>
            </param>
            <param index="3">
              <value>
                <![CDATA[https://apidrt.idev.fedex.com:8443/security/v1/pin/verify]]>
              </value>
            </param>
          </params>
          <reporter-output>
          </reporter-output>
        </test-method> <!-- VerifyPinNoLongerValid -->
        <test-method status="PASS" signature="VerifyPinNoLongerValid(java.lang.String, java.lang.String, java.lang.String, java.lang.String)[pri:2, instance:TestNG.MFAC@1d7acb34]" name="VerifyPinNoLongerValid" duration-ms="38239" started-at="2018-10-30T17:06:34Z" data-provider="dp" finished-at="2018-10-30T17:07:12Z">
          <params>
            <param index="0">
              <value>
                <![CDATA[FDM-POSTCARD-PIN]]>
              </value>
            </param>
            <param index="1">
              <value>
                <![CDATA[l7xx1892f99a6f88470ba29abc141cd7bd8d]]>
              </value>
            </param>
            <param index="2">
              <value>
                <![CDATA[http://mfacdrt-cos-vip.test.cloud.fedex.com:9090/mfac/v3/issuePIN]]>
              </value>
            </param>
            <param index="3">
              <value>
                <![CDATA[http://mfacdrt-cos-vip.test.cloud.fedex.com:9090/mfac/v3/verifyPIN]]>
              </value>
            </param>
          </params>
          <reporter-output>
          </reporter-output>
        </test-method> <!-- VerifyPinNoLongerValid -->
        <test-method status="PASS" signature="VerifyPinVelocity(java.lang.String, java.lang.String, java.lang.String, java.lang.String, int)[pri:2, instance:TestNG.MFAC@1d7acb34]" name="VerifyPinVelocity" duration-ms="43361" started-at="2018-10-30T17:06:34Z" data-provider="dp" finished-at="2018-10-30T17:07:17Z">
          <params>
            <param index="0">
              <value>
                <![CDATA[FDM-POSTCARD-PIN]]>
              </value>
            </param>
            <param index="1">
              <value>
                <![CDATA[l7xx1892f99a6f88470ba29abc141cd7bd8d]]>
              </value>
            </param>
            <param index="2">
              <value>
                <![CDATA[https://apidrt.idev.fedex.com:8443/security/v1/pin]]>
              </value>
            </param>
            <param index="3">
              <value>
                <![CDATA[https://apidrt.idev.fedex.com:8443/security/v1/pin/verify]]>
              </value>
            </param>
            <param index="4">
              <value>
                <![CDATA[3]]>
              </value>
            </param>
          </params>
          <reporter-output>
          </reporter-output>
        </test-method> <!-- VerifyPinVelocity -->
        <test-method status="PASS" signature="IssuePinVelocity(java.lang.String, java.lang.String, java.lang.String, int)[pri:2, instance:TestNG.MFAC@1d7acb34]" name="IssuePinVelocity" duration-ms="37792" started-at="2018-10-30T17:06:34Z" data-provider="dp" finished-at="2018-10-30T17:07:12Z">
          <params>
            <param index="0">
              <value>
                <![CDATA[FDM-POSTCARD-PIN]]>
              </value>
            </param>
            <param index="1">
              <value>
                <![CDATA[l7xx1892f99a6f88470ba29abc141cd7bd8d]]>
              </value>
            </param>
            <param index="2">
              <value>
                <![CDATA[http://mfacdev-cos-vip.test.cloud.fedex.com:9090/mfac/v3/issuePIN]]>
              </value>
            </param>
            <param index="3">
              <value>
                <![CDATA[3]]>
              </value>
            </param>
          </params>
          <reporter-output>
          </reporter-output>
        </test-method> <!-- IssuePinVelocity -->
        <test-method status="PASS" signature="VerifyPinVelocity(java.lang.String, java.lang.String, java.lang.String, java.lang.String, int)[pri:2, instance:TestNG.MFAC@1d7acb34]" name="VerifyPinVelocity" duration-ms="25503" started-at="2018-10-30T17:06:34Z" data-provider="dp" finished-at="2018-10-30T17:06:59Z">
          <params>
            <param index="0">
              <value>
                <![CDATA[FDM-POSTCARD-PIN]]>
              </value>
            </param>
            <param index="1">
              <value>
                <![CDATA[l7xx1892f99a6f88470ba29abc141cd7bd8d]]>
              </value>
            </param>
            <param index="2">
              <value>
                <![CDATA[http://mfacdrt-cos-vip.test.cloud.fedex.com:9090/mfac/v3/issuePIN]]>
              </value>
            </param>
            <param index="3">
              <value>
                <![CDATA[http://mfacdrt-cos-vip.test.cloud.fedex.com:9090/mfac/v3/verifyPIN]]>
              </value>
            </param>
            <param index="4">
              <value>
                <![CDATA[3]]>
              </value>
            </param>
          </params>
          <reporter-output>
          </reporter-output>
        </test-method> <!-- VerifyPinVelocity -->
        <test-method status="PASS" signature="VerifyPinVelocity(java.lang.String, java.lang.String, java.lang.String, java.lang.String, int)[pri:2, instance:TestNG.MFAC@1d7acb34]" name="VerifyPinVelocity" duration-ms="37937" started-at="2018-10-30T17:06:34Z" data-provider="dp" finished-at="2018-10-30T17:07:12Z">
          <params>
            <param index="0">
              <value>
                <![CDATA[FDM-PHONE-PIN]]>
              </value>
            </param>
            <param index="1">
              <value>
                <![CDATA[l7xx1892f99a6f88470ba29abc141cd7bd8d]]>
              </value>
            </param>
            <param index="2">
              <value>
                <![CDATA[http://mfacdrt-cos-vip.test.cloud.fedex.com:9090/mfac/v3/issuePIN]]>
              </value>
            </param>
            <param index="3">
              <value>
                <![CDATA[http://mfacdrt-cos-vip.test.cloud.fedex.com:9090/mfac/v3/verifyPIN]]>
              </value>
            </param>
            <param index="4">
              <value>
                <![CDATA[3]]>
              </value>
            </param>
          </params>
          <reporter-output>
          </reporter-output>
        </test-method> <!-- VerifyPinVelocity -->
        <test-method status="PASS" signature="VerifyPinVelocity(java.lang.String, java.lang.String, java.lang.String, java.lang.String, int)[pri:2, instance:TestNG.MFAC@1d7acb34]" name="VerifyPinVelocity" duration-ms="43637" started-at="2018-10-30T17:06:34Z" data-provider="dp" finished-at="2018-10-30T17:07:17Z">
          <params>
            <param index="0">
              <value>
                <![CDATA[FDM-PHONE-PIN]]>
              </value>
            </param>
            <param index="1">
              <value>
                <![CDATA[l7xx1892f99a6f88470ba29abc141cd7bd8d]]>
              </value>
            </param>
            <param index="2">
              <value>
                <![CDATA[https://apidrt.idev.fedex.com:8443/security/v1/pin]]>
              </value>
            </param>
            <param index="3">
              <value>
                <![CDATA[https://apidrt.idev.fedex.com:8443/security/v1/pin/verify]]>
              </value>
            </param>
            <param index="4">
              <value>
                <![CDATA[3]]>
              </value>
            </param>
          </params>
          <reporter-output>
          </reporter-output>
        </test-method> <!-- VerifyPinVelocity -->
        <test-method status="PASS" signature="IssuePinVelocity(java.lang.String, java.lang.String, java.lang.String, int)[pri:2, instance:TestNG.MFAC@1d7acb34]" name="IssuePinVelocity" duration-ms="38078" started-at="2018-10-30T17:06:34Z" data-provider="dp" finished-at="2018-10-30T17:07:12Z">
          <params>
            <param index="0">
              <value>
                <![CDATA[FDM-PHONE-PIN]]>
              </value>
            </param>
            <param index="1">
              <value>
                <![CDATA[l7xx1892f99a6f88470ba29abc141cd7bd8d]]>
              </value>
            </param>
            <param index="2">
              <value>
                <![CDATA[https://apidev.idev.fedex.com:8443/security/v1/pin]]>
              </value>
            </param>
            <param index="3">
              <value>
                <![CDATA[3]]>
              </value>
            </param>
          </params>
          <reporter-output>
          </reporter-output>
        </test-method> <!-- IssuePinVelocity -->
        <test-method status="PASS" signature="IssuePinVelocity(java.lang.String, java.lang.String, java.lang.String, int)[pri:2, instance:TestNG.MFAC@1d7acb34]" name="IssuePinVelocity" duration-ms="30847" started-at="2018-10-30T17:06:34Z" data-provider="dp" finished-at="2018-10-30T17:07:05Z">
          <params>
            <param index="0">
              <value>
                <![CDATA[FDM-PHONE-PIN]]>
              </value>
            </param>
            <param index="1">
              <value>
                <![CDATA[l7xx1892f99a6f88470ba29abc141cd7bd8d]]>
              </value>
            </param>
            <param index="2">
              <value>
                <![CDATA[https://apidrt.idev.fedex.com:8443/security/v1/pin]]>
              </value>
            </param>
            <param index="3">
              <value>
                <![CDATA[3]]>
              </value>
            </param>
          </params>
          <reporter-output>
          </reporter-output>
        </test-method> <!-- IssuePinVelocity -->
        <test-method status="PASS" signature="IssuePinVelocity(java.lang.String, java.lang.String, java.lang.String, int)[pri:2, instance:TestNG.MFAC@1d7acb34]" name="IssuePinVelocity" duration-ms="30323" started-at="2018-10-30T17:06:34Z" data-provider="dp" finished-at="2018-10-30T17:07:04Z">
          <params>
            <param index="0">
              <value>
                <![CDATA[FDM-PHONE-PIN]]>
              </value>
            </param>
            <param index="1">
              <value>
                <![CDATA[l7xx1892f99a6f88470ba29abc141cd7bd8d]]>
              </value>
            </param>
            <param index="2">
              <value>
                <![CDATA[http://mfacdrt-cos-vip.test.cloud.fedex.com:9090/mfac/v3/issuePIN]]>
              </value>
            </param>
            <param index="3">
              <value>
                <![CDATA[3]]>
              </value>
            </param>
          </params>
          <reporter-output>
          </reporter-output>
        </test-method> <!-- IssuePinVelocity -->
        <test-method status="PASS" signature="VerifyPinValid(java.lang.String, java.lang.String, java.lang.String, java.lang.String)[pri:2, instance:TestNG.MFAC@1d7acb34]" name="VerifyPinValid" duration-ms="22991" started-at="2018-10-30T17:06:34Z" data-provider="dp" finished-at="2018-10-30T17:06:57Z">
          <params>
            <param index="0">
              <value>
                <![CDATA[FDM-POSTCARD-PIN]]>
              </value>
            </param>
            <param index="1">
              <value>
                <![CDATA[l7xx1892f99a6f88470ba29abc141cd7bd8d]]>
              </value>
            </param>
            <param index="2">
              <value>
                <![CDATA[https://apidrt.idev.fedex.com:8443/security/v1/pin]]>
              </value>
            </param>
            <param index="3">
              <value>
                <![CDATA[https://apidrt.idev.fedex.com:8443/security/v1/pin/verify]]>
              </value>
            </param>
          </params>
          <reporter-output>
          </reporter-output>
        </test-method> <!-- VerifyPinValid -->
        <test-method status="PASS" signature="IssuePinVelocity(java.lang.String, java.lang.String, java.lang.String, int)[pri:2, instance:TestNG.MFAC@1d7acb34]" name="IssuePinVelocity" duration-ms="37453" started-at="2018-10-30T17:06:34Z" data-provider="dp" finished-at="2018-10-30T17:07:11Z">
          <params>
            <param index="0">
              <value>
                <![CDATA[FDM-POSTCARD-PIN]]>
              </value>
            </param>
            <param index="1">
              <value>
                <![CDATA[l7xx1892f99a6f88470ba29abc141cd7bd8d]]>
              </value>
            </param>
            <param index="2">
              <value>
                <![CDATA[https://apidrt.idev.fedex.com:8443/security/v1/pin]]>
              </value>
            </param>
            <param index="3">
              <value>
                <![CDATA[3]]>
              </value>
            </param>
          </params>
          <reporter-output>
          </reporter-output>
        </test-method> <!-- IssuePinVelocity -->
        <test-method status="PASS" signature="IssuePinVelocity(java.lang.String, java.lang.String, java.lang.String, int)[pri:2, instance:TestNG.MFAC@1d7acb34]" name="IssuePinVelocity" duration-ms="37332" started-at="2018-10-30T17:06:34Z" data-provider="dp" finished-at="2018-10-30T17:07:11Z">
          <params>
            <param index="0">
              <value>
                <![CDATA[FDM-POSTCARD-PIN]]>
              </value>
            </param>
            <param index="1">
              <value>
                <![CDATA[l7xx1892f99a6f88470ba29abc141cd7bd8d]]>
              </value>
            </param>
            <param index="2">
              <value>
                <![CDATA[http://mfacdrt-cos-vip.test.cloud.fedex.com:9090/mfac/v3/issuePIN]]>
              </value>
            </param>
            <param index="3">
              <value>
                <![CDATA[3]]>
              </value>
            </param>
          </params>
          <reporter-output>
          </reporter-output>
        </test-method> <!-- IssuePinVelocity -->
        <test-method status="PASS" signature="VerifyPinValid(java.lang.String, java.lang.String, java.lang.String, java.lang.String)[pri:2, instance:TestNG.MFAC@1d7acb34]" name="VerifyPinValid" duration-ms="22890" started-at="2018-10-30T17:06:34Z" data-provider="dp" finished-at="2018-10-30T17:06:57Z">
          <params>
            <param index="0">
              <value>
                <![CDATA[FDM-PHONE-PIN]]>
              </value>
            </param>
            <param index="1">
              <value>
                <![CDATA[l7xx1892f99a6f88470ba29abc141cd7bd8d]]>
              </value>
            </param>
            <param index="2">
              <value>
                <![CDATA[http://mfacdev-cos-vip.test.cloud.fedex.com:9090/mfac/v3/issuePIN]]>
              </value>
            </param>
            <param index="3">
              <value>
                <![CDATA[http://mfacdev-cos-vip.test.cloud.fedex.com:9090/mfac/v3/verifyPIN]]>
              </value>
            </param>
          </params>
          <reporter-output>
          </reporter-output>
        </test-method> <!-- VerifyPinValid -->
        <test-method status="PASS" signature="IssuePinVelocity(java.lang.String, java.lang.String, java.lang.String, int)[pri:2, instance:TestNG.MFAC@1d7acb34]" name="IssuePinVelocity" duration-ms="37619" started-at="2018-10-30T17:06:34Z" data-provider="dp" finished-at="2018-10-30T17:07:11Z">
          <params>
            <param index="0">
              <value>
                <![CDATA[FDM-PHONE-PIN]]>
              </value>
            </param>
            <param index="1">
              <value>
                <![CDATA[l7xx1892f99a6f88470ba29abc141cd7bd8d]]>
              </value>
            </param>
            <param index="2">
              <value>
                <![CDATA[http://mfacdev-cos-vip.test.cloud.fedex.com:9090/mfac/v3/issuePIN]]>
              </value>
            </param>
            <param index="3">
              <value>
                <![CDATA[3]]>
              </value>
            </param>
          </params>
          <reporter-output>
          </reporter-output>
        </test-method> <!-- IssuePinVelocity -->
        <test-method status="PASS" signature="VerifyPinValid(java.lang.String, java.lang.String, java.lang.String, java.lang.String)[pri:2, instance:TestNG.MFAC@1d7acb34]" name="VerifyPinValid" duration-ms="22775" started-at="2018-10-30T17:06:34Z" data-provider="dp" finished-at="2018-10-30T17:06:57Z">
          <params>
            <param index="0">
              <value>
                <![CDATA[FDM-PHONE-PIN]]>
              </value>
            </param>
            <param index="1">
              <value>
                <![CDATA[l7xx1892f99a6f88470ba29abc141cd7bd8d]]>
              </value>
            </param>
            <param index="2">
              <value>
                <![CDATA[https://apidrt.idev.fedex.com:8443/security/v1/pin]]>
              </value>
            </param>
            <param index="3">
              <value>
                <![CDATA[https://apidrt.idev.fedex.com:8443/security/v1/pin/verify]]>
              </value>
            </param>
          </params>
          <reporter-output>
          </reporter-output>
        </test-method> <!-- VerifyPinValid -->
        <test-method status="PASS" signature="IssuePin(java.lang.String, java.lang.String, java.lang.String)[pri:2, instance:TestNG.MFAC@1d7acb34]" name="IssuePin" duration-ms="13461" started-at="2018-10-30T17:06:34Z" data-provider="dp" finished-at="2018-10-30T17:06:47Z">
          <params>
            <param index="0">
              <value>
                <![CDATA[FDM-POSTCARD-PIN]]>
              </value>
            </param>
            <param index="1">
              <value>
                <![CDATA[l7xx1892f99a6f88470ba29abc141cd7bd8d]]>
              </value>
            </param>
            <param index="2">
              <value>
                <![CDATA[https://apidev.idev.fedex.com:8443/security/v1/pin]]>
              </value>
            </param>
          </params>
          <reporter-output>
          </reporter-output>
        </test-method> <!-- IssuePin -->
        <test-method status="PASS" signature="VerifyPinValid(java.lang.String, java.lang.String, java.lang.String, java.lang.String)[pri:2, instance:TestNG.MFAC@1d7acb34]" name="VerifyPinValid" duration-ms="22669" started-at="2018-10-30T17:06:34Z" data-provider="dp" finished-at="2018-10-30T17:06:57Z">
          <params>
            <param index="0">
              <value>
                <![CDATA[FDM-PHONE-PIN]]>
              </value>
            </param>
            <param index="1">
              <value>
                <![CDATA[l7xx1892f99a6f88470ba29abc141cd7bd8d]]>
              </value>
            </param>
            <param index="2">
              <value>
                <![CDATA[http://mfacdrt-cos-vip.test.cloud.fedex.com:9090/mfac/v3/issuePIN]]>
              </value>
            </param>
            <param index="3">
              <value>
                <![CDATA[http://mfacdrt-cos-vip.test.cloud.fedex.com:9090/mfac/v3/verifyPIN]]>
              </value>
            </param>
          </params>
          <reporter-output>
          </reporter-output>
        </test-method> <!-- VerifyPinValid -->
        <test-method status="PASS" signature="IssuePin(java.lang.String, java.lang.String, java.lang.String)[pri:2, instance:TestNG.MFAC@1d7acb34]" name="IssuePin" duration-ms="13058" started-at="2018-10-30T17:06:34Z" data-provider="dp" finished-at="2018-10-30T17:06:47Z">
          <params>
            <param index="0">
              <value>
                <![CDATA[FDM-POSTCARD-PIN]]>
              </value>
            </param>
            <param index="1">
              <value>
                <![CDATA[l7xx1892f99a6f88470ba29abc141cd7bd8d]]>
              </value>
            </param>
            <param index="2">
              <value>
                <![CDATA[http://mfacdev-cos-vip.test.cloud.fedex.com:9090/mfac/v3/issuePIN]]>
              </value>
            </param>
          </params>
          <reporter-output>
          </reporter-output>
        </test-method> <!-- IssuePin -->
        <test-method status="PASS" signature="IssuePin(java.lang.String, java.lang.String, java.lang.String)[pri:2, instance:TestNG.MFAC@1d7acb34]" name="IssuePin" duration-ms="12876" started-at="2018-10-30T17:06:34Z" data-provider="dp" finished-at="2018-10-30T17:06:47Z">
          <params>
            <param index="0">
              <value>
                <![CDATA[FDM-POSTCARD-PIN]]>
              </value>
            </param>
            <param index="1">
              <value>
                <![CDATA[l7xx1892f99a6f88470ba29abc141cd7bd8d]]>
              </value>
            </param>
            <param index="2">
              <value>
                <![CDATA[https://apidrt.idev.fedex.com:8443/security/v1/pin]]>
              </value>
            </param>
          </params>
          <reporter-output>
          </reporter-output>
        </test-method> <!-- IssuePin -->
        <test-method status="PASS" signature="IssuePin(java.lang.String, java.lang.String, java.lang.String)[pri:2, instance:TestNG.MFAC@1d7acb34]" name="IssuePin" duration-ms="13239" started-at="2018-10-30T17:06:34Z" data-provider="dp" finished-at="2018-10-30T17:06:47Z">
          <params>
            <param index="0">
              <value>
                <![CDATA[FDM-PHONE-PIN]]>
              </value>
            </param>
            <param index="1">
              <value>
                <![CDATA[l7xx1892f99a6f88470ba29abc141cd7bd8d]]>
              </value>
            </param>
            <param index="2">
              <value>
                <![CDATA[https://apidev.idev.fedex.com:8443/security/v1/pin]]>
              </value>
            </param>
          </params>
          <reporter-output>
          </reporter-output>
        </test-method> <!-- IssuePin -->
        <test-method status="PASS" signature="VerifyPinValid(java.lang.String, java.lang.String, java.lang.String, java.lang.String)[pri:2, instance:TestNG.MFAC@1d7acb34]" name="VerifyPinValid" duration-ms="13903" started-at="2018-10-30T17:06:34Z" data-provider="dp" finished-at="2018-10-30T17:06:48Z">
          <params>
            <param index="0">
              <value>
                <![CDATA[FDM-POSTCARD-PIN]]>
              </value>
            </param>
            <param index="1">
              <value>
                <![CDATA[l7xx1892f99a6f88470ba29abc141cd7bd8d]]>
              </value>
            </param>
            <param index="2">
              <value>
                <![CDATA[http://mfacdrt-cos-vip.test.cloud.fedex.com:9090/mfac/v3/issuePIN]]>
              </value>
            </param>
            <param index="3">
              <value>
                <![CDATA[http://mfacdrt-cos-vip.test.cloud.fedex.com:9090/mfac/v3/verifyPIN]]>
              </value>
            </param>
          </params>
          <reporter-output>
          </reporter-output>
        </test-method> <!-- VerifyPinValid -->
        <test-method status="PASS" signature="IssuePin(java.lang.String, java.lang.String, java.lang.String)[pri:2, instance:TestNG.MFAC@1d7acb34]" name="IssuePin" duration-ms="12648" started-at="2018-10-30T17:06:34Z" data-provider="dp" finished-at="2018-10-30T17:06:46Z">
          <params>
            <param index="0">
              <value>
                <![CDATA[FDM-PHONE-PIN]]>
              </value>
            </param>
            <param index="1">
              <value>
                <![CDATA[l7xx1892f99a6f88470ba29abc141cd7bd8d]]>
              </value>
            </param>
            <param index="2">
              <value>
                <![CDATA[https://apidrt.idev.fedex.com:8443/security/v1/pin]]>
              </value>
            </param>
          </params>
          <reporter-output>
          </reporter-output>
        </test-method> <!-- IssuePin -->
        <test-method status="PASS" signature="IssuePin(java.lang.String, java.lang.String, java.lang.String)[pri:2, instance:TestNG.MFAC@1d7acb34]" name="IssuePin" duration-ms="12394" started-at="2018-10-30T17:06:34Z" data-provider="dp" finished-at="2018-10-30T17:06:46Z">
          <params>
            <param index="0">
              <value>
                <![CDATA[FDM-PHONE-PIN]]>
              </value>
            </param>
            <param index="1">
              <value>
                <![CDATA[l7xx1892f99a6f88470ba29abc141cd7bd8d]]>
              </value>
            </param>
            <param index="2">
              <value>
                <![CDATA[http://mfacdev-cos-vip.test.cloud.fedex.com:9090/mfac/v3/issuePIN]]>
              </value>
            </param>
          </params>
          <reporter-output>
          </reporter-output>
        </test-method> <!-- IssuePin -->
        <test-method status="PASS" signature="VerifyPinVelocity(java.lang.String, java.lang.String, java.lang.String, java.lang.String, int)[pri:2, instance:TestNG.MFAC@1d7acb34]" name="VerifyPinVelocity" duration-ms="41049" started-at="2018-10-30T17:06:34Z" data-provider="dp" finished-at="2018-10-30T17:07:15Z">
          <params>
            <param index="0">
              <value>
                <![CDATA[FDM-POSTCARD-PIN]]>
              </value>
            </param>
            <param index="1">
              <value>
                <![CDATA[l7xx1892f99a6f88470ba29abc141cd7bd8d]]>
              </value>
            </param>
            <param index="2">
              <value>
                <![CDATA[http://mfacdev-cos-vip.test.cloud.fedex.com:9090/mfac/v3/issuePIN]]>
              </value>
            </param>
            <param index="3">
              <value>
                <![CDATA[http://mfacdev-cos-vip.test.cloud.fedex.com:9090/mfac/v3/verifyPIN]]>
              </value>
            </param>
            <param index="4">
              <value>
                <![CDATA[3]]>
              </value>
            </param>
          </params>
          <reporter-output>
          </reporter-output>
        </test-method> <!-- VerifyPinVelocity -->
        <test-method status="PASS" signature="IssuePin(java.lang.String, java.lang.String, java.lang.String)[pri:2, instance:TestNG.MFAC@1d7acb34]" name="IssuePin" duration-ms="12230" started-at="2018-10-30T17:06:34Z" data-provider="dp" finished-at="2018-10-30T17:06:46Z">
          <params>
            <param index="0">
              <value>
                <![CDATA[FDM-PHONE-PIN]]>
              </value>
            </param>
            <param index="1">
              <value>
                <![CDATA[l7xx1892f99a6f88470ba29abc141cd7bd8d]]>
              </value>
            </param>
            <param index="2">
              <value>
                <![CDATA[http://mfacdrt-cos-vip.test.cloud.fedex.com:9090/mfac/v3/issuePIN]]>
              </value>
            </param>
          </params>
          <reporter-output>
          </reporter-output>
        </test-method> <!-- IssuePin -->
        <test-method status="PASS" signature="IssuePin(java.lang.String, java.lang.String, java.lang.String)[pri:2, instance:TestNG.MFAC@1d7acb34]" name="IssuePin" duration-ms="12053" started-at="2018-10-30T17:06:34Z" data-provider="dp" finished-at="2018-10-30T17:06:46Z">
          <params>
            <param index="0">
              <value>
                <![CDATA[FDM-POSTCARD-PIN]]>
              </value>
            </param>
            <param index="1">
              <value>
                <![CDATA[l7xx1892f99a6f88470ba29abc141cd7bd8d]]>
              </value>
            </param>
            <param index="2">
              <value>
                <![CDATA[http://mfacdrt-cos-vip.test.cloud.fedex.com:9090/mfac/v3/issuePIN]]>
              </value>
            </param>
          </params>
          <reporter-output>
          </reporter-output>
        </test-method> <!-- IssuePin -->
      </class> <!-- TestNG.MFAC -->
    </test> <!-- MFAC_Test -->
  </suite> <!-- MFAC_Suit -->
</testng-results>
