<?xml version="1.0" encoding="UTF-8"?>
<testng-results skipped="0" failed="0" ignored="5" total="65" passed="60">
  <reporter-output>
  </reporter-output>
  <suite name="Default suite" duration-ms="77058" started-at="2018-10-26T03:11:54Z" finished-at="2018-10-26T03:13:11Z">
    <groups>
    </groups>
    <test name="Default test" duration-ms="77058" started-at="2018-10-26T03:11:54Z" finished-at="2018-10-26T03:13:11Z">
      <class name="TestNG.MFAC">
        <test-method status="PASS" signature="beforeClass()[pri:0, instance:TestNG.MFAC@4f51b3e0]" name="beforeClass" is-config="true" duration-ms="1800" started-at="2018-10-26T03:11:54Z" finished-at="2018-10-26T03:11:56Z">
          <reporter-output>
          </reporter-output>
        </test-method> <!-- beforeClass -->
        <test-method status="PASS" signature="AddressVelocity(java.lang.String, java.lang.String, java.lang.String, int)[pri:2, instance:TestNG.MFAC@4f51b3e0]" name="AddressVelocity" duration-ms="22169" started-at="2018-10-26T03:11:56Z" data-provider="dp" finished-at="2018-10-26T03:12:18Z">
          <params>
            <param index="0">
              <value>
                <![CDATA[FDM-POSTCARD-PIN]]>
              </value>
            </param>
            <param index="1">
              <value>
                <![CDATA[l7xx1892f99a6f88470ba29abc141cd7bd8d]]>
              </value>
            </param>
            <param index="2">
              <value>
                <![CDATA[http://mfacbase-cos-vip.test.cloud.fedex.com:9090/mfac/v3/addressVelocityCheck]]>
              </value>
            </param>
            <param index="3">
              <value>
                <![CDATA[10]]>
              </value>
            </param>
          </params>
          <reporter-output>
          </reporter-output>
        </test-method> <!-- AddressVelocity -->
        <test-method status="PASS" signature="AddressVelocity(java.lang.String, java.lang.String, java.lang.String, int)[pri:2, instance:TestNG.MFAC@4f51b3e0]" name="AddressVelocity" duration-ms="20826" started-at="2018-10-26T03:11:56Z" data-provider="dp" finished-at="2018-10-26T03:12:17Z">
          <params>
            <param index="0">
              <value>
                <![CDATA[FDM-PHONE-PIN]]>
              </value>
            </param>
            <param index="1">
              <value>
                <![CDATA[l7xx1892f99a6f88470ba29abc141cd7bd8d]]>
              </value>
            </param>
            <param index="2">
              <value>
                <![CDATA[http://mfacbase-cos-vip.test.cloud.fedex.com:9090/mfac/v3/addressVelocityCheck]]>
              </value>
            </param>
            <param index="3">
              <value>
                <![CDATA[10]]>
              </value>
            </param>
          </params>
          <reporter-output>
          </reporter-output>
        </test-method> <!-- AddressVelocity -->
        <test-method status="PASS" signature="AddressVelocity(java.lang.String, java.lang.String, java.lang.String, int)[pri:2, instance:TestNG.MFAC@4f51b3e0]" name="AddressVelocity" duration-ms="18328" started-at="2018-10-26T03:11:56Z" data-provider="dp" finished-at="2018-10-26T03:12:14Z">
          <params>
            <param index="0">
              <value>
                <![CDATA[FDM-POSTCARD-PIN]]>
              </value>
            </param>
            <param index="1">
              <value>
                <![CDATA[l7xx1892f99a6f88470ba29abc141cd7bd8d]]>
              </value>
            </param>
            <param index="2">
              <value>
                <![CDATA[https://apidev.idev.fedex.com:8443/security/v1/addresses/velocitycheck]]>
              </value>
            </param>
            <param index="3">
              <value>
                <![CDATA[10]]>
              </value>
            </param>
          </params>
          <reporter-output>
          </reporter-output>
        </test-method> <!-- AddressVelocity -->
        <test-method status="PASS" signature="AddressVelocity(java.lang.String, java.lang.String, java.lang.String, int)[pri:2, instance:TestNG.MFAC@4f51b3e0]" name="AddressVelocity" duration-ms="23268" started-at="2018-10-26T03:11:56Z" data-provider="dp" finished-at="2018-10-26T03:12:19Z">
          <params>
            <param index="0">
              <value>
                <![CDATA[FDM-PHONE-PIN]]>
              </value>
            </param>
            <param index="1">
              <value>
                <![CDATA[l7xx1892f99a6f88470ba29abc141cd7bd8d]]>
              </value>
            </param>
            <param index="2">
              <value>
                <![CDATA[https://apidev.idev.fedex.com:8443/security/v1/addresses/velocitycheck]]>
              </value>
            </param>
            <param index="3">
              <value>
                <![CDATA[10]]>
              </value>
            </param>
          </params>
          <reporter-output>
          </reporter-output>
        </test-method> <!-- AddressVelocity -->
        <test-method status="PASS" signature="AddressVelocity(java.lang.String, java.lang.String, java.lang.String, int)[pri:2, instance:TestNG.MFAC@4f51b3e0]" name="AddressVelocity" duration-ms="22264" started-at="2018-10-26T03:11:56Z" data-provider="dp" finished-at="2018-10-26T03:12:18Z">
          <params>
            <param index="0">
              <value>
                <![CDATA[FDM-PHONE-PIN]]>
              </value>
            </param>
            <param index="1">
              <value>
                <![CDATA[l7xx1892f99a6f88470ba29abc141cd7bd8d]]>
              </value>
            </param>
            <param index="2">
              <value>
                <![CDATA[http://mfacdev-cos-vip.test.cloud.fedex.com:9090/mfac/v3/addressVelocityCheck]]>
              </value>
            </param>
            <param index="3">
              <value>
                <![CDATA[10]]>
              </value>
            </param>
          </params>
          <reporter-output>
          </reporter-output>
        </test-method> <!-- AddressVelocity -->
        <test-method status="PASS" signature="AddressVelocity(java.lang.String, java.lang.String, java.lang.String, int)[pri:2, instance:TestNG.MFAC@4f51b3e0]" name="AddressVelocity" duration-ms="21097" started-at="2018-10-26T03:11:56Z" data-provider="dp" finished-at="2018-10-26T03:12:17Z">
          <params>
            <param index="0">
              <value>
                <![CDATA[FDM-POSTCARD-PIN]]>
              </value>
            </param>
            <param index="1">
              <value>
                <![CDATA[l7xx1892f99a6f88470ba29abc141cd7bd8d]]>
              </value>
            </param>
            <param index="2">
              <value>
                <![CDATA[http://mfacdev-cos-vip.test.cloud.fedex.com:9090/mfac/v3/addressVelocityCheck]]>
              </value>
            </param>
            <param index="3">
              <value>
                <![CDATA[10]]>
              </value>
            </param>
          </params>
          <reporter-output>
          </reporter-output>
        </test-method> <!-- AddressVelocity -->
        <test-method status="PASS" signature="AddressVelocity(java.lang.String, java.lang.String, java.lang.String, int)[pri:2, instance:TestNG.MFAC@4f51b3e0]" name="AddressVelocity" duration-ms="22556" started-at="2018-10-26T03:11:56Z" data-provider="dp" finished-at="2018-10-26T03:12:19Z">
          <params>
            <param index="0">
              <value>
                <![CDATA[FDM-PHONE-PIN]]>
              </value>
            </param>
            <param index="1">
              <value>
                <![CDATA[l7xx1892f99a6f88470ba29abc141cd7bd8d]]>
              </value>
            </param>
            <param index="2">
              <value>
                <![CDATA[http://mfacdrt-cos-vip.test.cloud.fedex.com:9090/mfac/v3/addressVelocityCheck]]>
              </value>
            </param>
            <param index="3">
              <value>
                <![CDATA[10]]>
              </value>
            </param>
          </params>
          <reporter-output>
          </reporter-output>
        </test-method> <!-- AddressVelocity -->
        <test-method status="PASS" signature="AddressVelocity(java.lang.String, java.lang.String, java.lang.String, int)[pri:2, instance:TestNG.MFAC@4f51b3e0]" name="AddressVelocity" duration-ms="23084" started-at="2018-10-26T03:11:56Z" data-provider="dp" finished-at="2018-10-26T03:12:19Z">
          <params>
            <param index="0">
              <value>
                <![CDATA[FDM-POSTCARD-PIN]]>
              </value>
            </param>
            <param index="1">
              <value>
                <![CDATA[l7xx1892f99a6f88470ba29abc141cd7bd8d]]>
              </value>
            </param>
            <param index="2">
              <value>
                <![CDATA[http://mfacdrt-cos-vip.test.cloud.fedex.com:9090/mfac/v3/addressVelocityCheck]]>
              </value>
            </param>
            <param index="3">
              <value>
                <![CDATA[10]]>
              </value>
            </param>
          </params>
          <reporter-output>
          </reporter-output>
        </test-method> <!-- AddressVelocity -->
        <test-method status="PASS" signature="AddressVelocity(java.lang.String, java.lang.String, java.lang.String, int)[pri:2, instance:TestNG.MFAC@4f51b3e0]" name="AddressVelocity" duration-ms="23800" started-at="2018-10-26T03:11:56Z" data-provider="dp" finished-at="2018-10-26T03:12:20Z">
          <params>
            <param index="0">
              <value>
                <![CDATA[FDM-PHONE-PIN]]>
              </value>
            </param>
            <param index="1">
              <value>
                <![CDATA[l7xx1892f99a6f88470ba29abc141cd7bd8d]]>
              </value>
            </param>
            <param index="2">
              <value>
                <![CDATA[https://apidrt.idev.fedex.com:8443/security/v1/addresses/velocitycheck]]>
              </value>
            </param>
            <param index="3">
              <value>
                <![CDATA[10]]>
              </value>
            </param>
          </params>
          <reporter-output>
          </reporter-output>
        </test-method> <!-- AddressVelocity -->
        <test-method status="PASS" signature="AddressVelocity(java.lang.String, java.lang.String, java.lang.String, int)[pri:2, instance:TestNG.MFAC@4f51b3e0]" name="AddressVelocity" duration-ms="23392" started-at="2018-10-26T03:11:56Z" data-provider="dp" finished-at="2018-10-26T03:12:20Z">
          <params>
            <param index="0">
              <value>
                <![CDATA[FDM-POSTCARD-PIN]]>
              </value>
            </param>
            <param index="1">
              <value>
                <![CDATA[l7xx1892f99a6f88470ba29abc141cd7bd8d]]>
              </value>
            </param>
            <param index="2">
              <value>
                <![CDATA[https://apidrt.idev.fedex.com:8443/security/v1/addresses/velocitycheck]]>
              </value>
            </param>
            <param index="3">
              <value>
                <![CDATA[10]]>
              </value>
            </param>
          </params>
          <reporter-output>
          </reporter-output>
        </test-method> <!-- AddressVelocity -->
        <test-method status="PASS" signature="IssuePin(java.lang.String, java.lang.String, java.lang.String)[pri:2, instance:TestNG.MFAC@4f51b3e0]" name="IssuePin" duration-ms="556" started-at="2018-10-26T03:12:20Z" data-provider="dp" finished-at="2018-10-26T03:12:20Z">
          <params>
            <param index="0">
              <value>
                <![CDATA[FDM-PHONE-PIN]]>
              </value>
            </param>
            <param index="1">
              <value>
                <![CDATA[l7xx1892f99a6f88470ba29abc141cd7bd8d]]>
              </value>
            </param>
            <param index="2">
              <value>
                <![CDATA[http://mfacdev-cos-vip.test.cloud.fedex.com:9090/mfac/v3/issuePIN]]>
              </value>
            </param>
          </params>
          <reporter-output>
          </reporter-output>
        </test-method> <!-- IssuePin -->
        <test-method status="PASS" signature="IssuePin(java.lang.String, java.lang.String, java.lang.String)[pri:2, instance:TestNG.MFAC@4f51b3e0]" name="IssuePin" duration-ms="1249" started-at="2018-10-26T03:12:20Z" data-provider="dp" finished-at="2018-10-26T03:12:21Z">
          <params>
            <param index="0">
              <value>
                <![CDATA[FDM-POSTCARD-PIN]]>
              </value>
            </param>
            <param index="1">
              <value>
                <![CDATA[l7xx1892f99a6f88470ba29abc141cd7bd8d]]>
              </value>
            </param>
            <param index="2">
              <value>
                <![CDATA[http://mfacbase-cos-vip.test.cloud.fedex.com:9090/mfac/v3/issuePIN]]>
              </value>
            </param>
          </params>
          <reporter-output>
          </reporter-output>
        </test-method> <!-- IssuePin -->
        <test-method status="PASS" signature="IssuePin(java.lang.String, java.lang.String, java.lang.String)[pri:2, instance:TestNG.MFAC@4f51b3e0]" name="IssuePin" duration-ms="320" started-at="2018-10-26T03:12:20Z" data-provider="dp" finished-at="2018-10-26T03:12:20Z">
          <params>
            <param index="0">
              <value>
                <![CDATA[FDM-POSTCARD-PIN]]>
              </value>
            </param>
            <param index="1">
              <value>
                <![CDATA[l7xx1892f99a6f88470ba29abc141cd7bd8d]]>
              </value>
            </param>
            <param index="2">
              <value>
                <![CDATA[http://mfacdev-cos-vip.test.cloud.fedex.com:9090/mfac/v3/issuePIN]]>
              </value>
            </param>
          </params>
          <reporter-output>
          </reporter-output>
        </test-method> <!-- IssuePin -->
        <test-method status="PASS" signature="IssuePin(java.lang.String, java.lang.String, java.lang.String)[pri:2, instance:TestNG.MFAC@4f51b3e0]" name="IssuePin" duration-ms="1534" started-at="2018-10-26T03:12:20Z" data-provider="dp" finished-at="2018-10-26T03:12:21Z">
          <params>
            <param index="0">
              <value>
                <![CDATA[FDM-PHONE-PIN]]>
              </value>
            </param>
            <param index="1">
              <value>
                <![CDATA[l7xx1892f99a6f88470ba29abc141cd7bd8d]]>
              </value>
            </param>
            <param index="2">
              <value>
                <![CDATA[http://mfacbase-cos-vip.test.cloud.fedex.com:9090/mfac/v3/issuePIN]]>
              </value>
            </param>
          </params>
          <reporter-output>
          </reporter-output>
        </test-method> <!-- IssuePin -->
        <test-method status="PASS" signature="IssuePin(java.lang.String, java.lang.String, java.lang.String)[pri:2, instance:TestNG.MFAC@4f51b3e0]" name="IssuePin" duration-ms="3217" started-at="2018-10-26T03:12:20Z" data-provider="dp" finished-at="2018-10-26T03:12:23Z">
          <params>
            <param index="0">
              <value>
                <![CDATA[FDM-POSTCARD-PIN]]>
              </value>
            </param>
            <param index="1">
              <value>
                <![CDATA[l7xx1892f99a6f88470ba29abc141cd7bd8d]]>
              </value>
            </param>
            <param index="2">
              <value>
                <![CDATA[https://apidev.idev.fedex.com:8443/security/v1/pin]]>
              </value>
            </param>
          </params>
          <reporter-output>
          </reporter-output>
        </test-method> <!-- IssuePin -->
        <test-method status="PASS" signature="IssuePin(java.lang.String, java.lang.String, java.lang.String)[pri:2, instance:TestNG.MFAC@4f51b3e0]" name="IssuePin" duration-ms="2150" started-at="2018-10-26T03:12:20Z" data-provider="dp" finished-at="2018-10-26T03:12:22Z">
          <params>
            <param index="0">
              <value>
                <![CDATA[FDM-PHONE-PIN]]>
              </value>
            </param>
            <param index="1">
              <value>
                <![CDATA[l7xx1892f99a6f88470ba29abc141cd7bd8d]]>
              </value>
            </param>
            <param index="2">
              <value>
                <![CDATA[https://apidev.idev.fedex.com:8443/security/v1/pin]]>
              </value>
            </param>
          </params>
          <reporter-output>
          </reporter-output>
        </test-method> <!-- IssuePin -->
        <test-method status="PASS" signature="IssuePin(java.lang.String, java.lang.String, java.lang.String)[pri:2, instance:TestNG.MFAC@4f51b3e0]" name="IssuePin" duration-ms="3932" started-at="2018-10-26T03:12:20Z" data-provider="dp" finished-at="2018-10-26T03:12:24Z">
          <params>
            <param index="0">
              <value>
                <![CDATA[FDM-PHONE-PIN]]>
              </value>
            </param>
            <param index="1">
              <value>
                <![CDATA[l7xx1892f99a6f88470ba29abc141cd7bd8d]]>
              </value>
            </param>
            <param index="2">
              <value>
                <![CDATA[http://mfacdrt-cos-vip.test.cloud.fedex.com:9090/mfac/v3/issuePIN]]>
              </value>
            </param>
          </params>
          <reporter-output>
          </reporter-output>
        </test-method> <!-- IssuePin -->
        <test-method status="PASS" signature="IssuePin(java.lang.String, java.lang.String, java.lang.String)[pri:2, instance:TestNG.MFAC@4f51b3e0]" name="IssuePin" duration-ms="4178" started-at="2018-10-26T03:12:20Z" data-provider="dp" finished-at="2018-10-26T03:12:24Z">
          <params>
            <param index="0">
              <value>
                <![CDATA[FDM-PHONE-PIN]]>
              </value>
            </param>
            <param index="1">
              <value>
                <![CDATA[l7xx1892f99a6f88470ba29abc141cd7bd8d]]>
              </value>
            </param>
            <param index="2">
              <value>
                <![CDATA[https://apidrt.idev.fedex.com:8443/security/v1/pin]]>
              </value>
            </param>
          </params>
          <reporter-output>
          </reporter-output>
        </test-method> <!-- IssuePin -->
        <test-method status="PASS" signature="IssuePin(java.lang.String, java.lang.String, java.lang.String)[pri:2, instance:TestNG.MFAC@4f51b3e0]" name="IssuePin" duration-ms="3685" started-at="2018-10-26T03:12:20Z" data-provider="dp" finished-at="2018-10-26T03:12:24Z">
          <params>
            <param index="0">
              <value>
                <![CDATA[FDM-POSTCARD-PIN]]>
              </value>
            </param>
            <param index="1">
              <value>
                <![CDATA[l7xx1892f99a6f88470ba29abc141cd7bd8d]]>
              </value>
            </param>
            <param index="2">
              <value>
                <![CDATA[http://mfacdrt-cos-vip.test.cloud.fedex.com:9090/mfac/v3/issuePIN]]>
              </value>
            </param>
          </params>
          <reporter-output>
          </reporter-output>
        </test-method> <!-- IssuePin -->
        <test-method status="PASS" signature="IssuePin(java.lang.String, java.lang.String, java.lang.String)[pri:2, instance:TestNG.MFAC@4f51b3e0]" name="IssuePin" duration-ms="2906" started-at="2018-10-26T03:12:20Z" data-provider="dp" finished-at="2018-10-26T03:12:23Z">
          <params>
            <param index="0">
              <value>
                <![CDATA[FDM-POSTCARD-PIN]]>
              </value>
            </param>
            <param index="1">
              <value>
                <![CDATA[l7xx1892f99a6f88470ba29abc141cd7bd8d]]>
              </value>
            </param>
            <param index="2">
              <value>
                <![CDATA[https://apidrt.idev.fedex.com:8443/security/v1/pin]]>
              </value>
            </param>
          </params>
          <reporter-output>
          </reporter-output>
        </test-method> <!-- IssuePin -->
        <test-method status="PASS" signature="IssuePinVelocity(java.lang.String, java.lang.String, java.lang.String, int)[pri:2, instance:TestNG.MFAC@4f51b3e0]" name="IssuePinVelocity" duration-ms="9173" started-at="2018-10-26T03:12:24Z" data-provider="dp" finished-at="2018-10-26T03:12:33Z">
          <params>
            <param index="0">
              <value>
                <![CDATA[FDM-PHONE-PIN]]>
              </value>
            </param>
            <param index="1">
              <value>
                <![CDATA[l7xx1892f99a6f88470ba29abc141cd7bd8d]]>
              </value>
            </param>
            <param index="2">
              <value>
                <![CDATA[http://mfacbase-cos-vip.test.cloud.fedex.com:9090/mfac/v3/issuePIN]]>
              </value>
            </param>
            <param index="3">
              <value>
                <![CDATA[3]]>
              </value>
            </param>
          </params>
          <reporter-output>
          </reporter-output>
        </test-method> <!-- IssuePinVelocity -->
        <test-method status="PASS" signature="IssuePinVelocity(java.lang.String, java.lang.String, java.lang.String, int)[pri:2, instance:TestNG.MFAC@4f51b3e0]" name="IssuePinVelocity" duration-ms="8865" started-at="2018-10-26T03:12:24Z" data-provider="dp" finished-at="2018-10-26T03:12:33Z">
          <params>
            <param index="0">
              <value>
                <![CDATA[FDM-POSTCARD-PIN]]>
              </value>
            </param>
            <param index="1">
              <value>
                <![CDATA[l7xx1892f99a6f88470ba29abc141cd7bd8d]]>
              </value>
            </param>
            <param index="2">
              <value>
                <![CDATA[http://mfacbase-cos-vip.test.cloud.fedex.com:9090/mfac/v3/issuePIN]]>
              </value>
            </param>
            <param index="3">
              <value>
                <![CDATA[3]]>
              </value>
            </param>
          </params>
          <reporter-output>
          </reporter-output>
        </test-method> <!-- IssuePinVelocity -->
        <test-method status="PASS" signature="IssuePinVelocity(java.lang.String, java.lang.String, java.lang.String, int)[pri:2, instance:TestNG.MFAC@4f51b3e0]" name="IssuePinVelocity" duration-ms="10065" started-at="2018-10-26T03:12:24Z" data-provider="dp" finished-at="2018-10-26T03:12:34Z">
          <params>
            <param index="0">
              <value>
                <![CDATA[FDM-PHONE-PIN]]>
              </value>
            </param>
            <param index="1">
              <value>
                <![CDATA[l7xx1892f99a6f88470ba29abc141cd7bd8d]]>
              </value>
            </param>
            <param index="2">
              <value>
                <![CDATA[https://apidrt.idev.fedex.com:8443/security/v1/pin]]>
              </value>
            </param>
            <param index="3">
              <value>
                <![CDATA[3]]>
              </value>
            </param>
          </params>
          <reporter-output>
          </reporter-output>
        </test-method> <!-- IssuePinVelocity -->
        <test-method status="PASS" signature="IssuePinVelocity(java.lang.String, java.lang.String, java.lang.String, int)[pri:2, instance:TestNG.MFAC@4f51b3e0]" name="IssuePinVelocity" duration-ms="9317" started-at="2018-10-26T03:12:24Z" data-provider="dp" finished-at="2018-10-26T03:12:33Z">
          <params>
            <param index="0">
              <value>
                <![CDATA[FDM-POSTCARD-PIN]]>
              </value>
            </param>
            <param index="1">
              <value>
                <![CDATA[l7xx1892f99a6f88470ba29abc141cd7bd8d]]>
              </value>
            </param>
            <param index="2">
              <value>
                <![CDATA[http://mfacdrt-cos-vip.test.cloud.fedex.com:9090/mfac/v3/issuePIN]]>
              </value>
            </param>
            <param index="3">
              <value>
                <![CDATA[3]]>
              </value>
            </param>
          </params>
          <reporter-output>
          </reporter-output>
        </test-method> <!-- IssuePinVelocity -->
        <test-method status="PASS" signature="IssuePinVelocity(java.lang.String, java.lang.String, java.lang.String, int)[pri:2, instance:TestNG.MFAC@4f51b3e0]" name="IssuePinVelocity" duration-ms="9901" started-at="2018-10-26T03:12:24Z" data-provider="dp" finished-at="2018-10-26T03:12:34Z">
          <params>
            <param index="0">
              <value>
                <![CDATA[FDM-POSTCARD-PIN]]>
              </value>
            </param>
            <param index="1">
              <value>
                <![CDATA[l7xx1892f99a6f88470ba29abc141cd7bd8d]]>
              </value>
            </param>
            <param index="2">
              <value>
                <![CDATA[https://apidev.idev.fedex.com:8443/security/v1/pin]]>
              </value>
            </param>
            <param index="3">
              <value>
                <![CDATA[3]]>
              </value>
            </param>
          </params>
          <reporter-output>
          </reporter-output>
        </test-method> <!-- IssuePinVelocity -->
        <test-method status="PASS" signature="IssuePinVelocity(java.lang.String, java.lang.String, java.lang.String, int)[pri:2, instance:TestNG.MFAC@4f51b3e0]" name="IssuePinVelocity" duration-ms="9473" started-at="2018-10-26T03:12:24Z" data-provider="dp" finished-at="2018-10-26T03:12:34Z">
          <params>
            <param index="0">
              <value>
                <![CDATA[FDM-POSTCARD-PIN]]>
              </value>
            </param>
            <param index="1">
              <value>
                <![CDATA[l7xx1892f99a6f88470ba29abc141cd7bd8d]]>
              </value>
            </param>
            <param index="2">
              <value>
                <![CDATA[http://mfacdev-cos-vip.test.cloud.fedex.com:9090/mfac/v3/issuePIN]]>
              </value>
            </param>
            <param index="3">
              <value>
                <![CDATA[3]]>
              </value>
            </param>
          </params>
          <reporter-output>
          </reporter-output>
        </test-method> <!-- IssuePinVelocity -->
        <test-method status="PASS" signature="IssuePinVelocity(java.lang.String, java.lang.String, java.lang.String, int)[pri:2, instance:TestNG.MFAC@4f51b3e0]" name="IssuePinVelocity" duration-ms="9689" started-at="2018-10-26T03:12:24Z" data-provider="dp" finished-at="2018-10-26T03:12:34Z">
          <params>
            <param index="0">
              <value>
                <![CDATA[FDM-PHONE-PIN]]>
              </value>
            </param>
            <param index="1">
              <value>
                <![CDATA[l7xx1892f99a6f88470ba29abc141cd7bd8d]]>
              </value>
            </param>
            <param index="2">
              <value>
                <![CDATA[http://mfacdrt-cos-vip.test.cloud.fedex.com:9090/mfac/v3/issuePIN]]>
              </value>
            </param>
            <param index="3">
              <value>
                <![CDATA[3]]>
              </value>
            </param>
          </params>
          <reporter-output>
          </reporter-output>
        </test-method> <!-- IssuePinVelocity -->
        <test-method status="PASS" signature="IssuePinVelocity(java.lang.String, java.lang.String, java.lang.String, int)[pri:2, instance:TestNG.MFAC@4f51b3e0]" name="IssuePinVelocity" duration-ms="11156" started-at="2018-10-26T03:12:24Z" data-provider="dp" finished-at="2018-10-26T03:12:35Z">
          <params>
            <param index="0">
              <value>
                <![CDATA[FDM-PHONE-PIN]]>
              </value>
            </param>
            <param index="1">
              <value>
                <![CDATA[l7xx1892f99a6f88470ba29abc141cd7bd8d]]>
              </value>
            </param>
            <param index="2">
              <value>
                <![CDATA[http://mfacdev-cos-vip.test.cloud.fedex.com:9090/mfac/v3/issuePIN]]>
              </value>
            </param>
            <param index="3">
              <value>
                <![CDATA[3]]>
              </value>
            </param>
          </params>
          <reporter-output>
          </reporter-output>
        </test-method> <!-- IssuePinVelocity -->
        <test-method status="PASS" signature="IssuePinVelocity(java.lang.String, java.lang.String, java.lang.String, int)[pri:2, instance:TestNG.MFAC@4f51b3e0]" name="IssuePinVelocity" duration-ms="10497" started-at="2018-10-26T03:12:24Z" data-provider="dp" finished-at="2018-10-26T03:12:35Z">
          <params>
            <param index="0">
              <value>
                <![CDATA[FDM-POSTCARD-PIN]]>
              </value>
            </param>
            <param index="1">
              <value>
                <![CDATA[l7xx1892f99a6f88470ba29abc141cd7bd8d]]>
              </value>
            </param>
            <param index="2">
              <value>
                <![CDATA[https://apidrt.idev.fedex.com:8443/security/v1/pin]]>
              </value>
            </param>
            <param index="3">
              <value>
                <![CDATA[3]]>
              </value>
            </param>
          </params>
          <reporter-output>
          </reporter-output>
        </test-method> <!-- IssuePinVelocity -->
        <test-method status="PASS" signature="IssuePinVelocity(java.lang.String, java.lang.String, java.lang.String, int)[pri:2, instance:TestNG.MFAC@4f51b3e0]" name="IssuePinVelocity" duration-ms="10961" started-at="2018-10-26T03:12:24Z" data-provider="dp" finished-at="2018-10-26T03:12:35Z">
          <params>
            <param index="0">
              <value>
                <![CDATA[FDM-PHONE-PIN]]>
              </value>
            </param>
            <param index="1">
              <value>
                <![CDATA[l7xx1892f99a6f88470ba29abc141cd7bd8d]]>
              </value>
            </param>
            <param index="2">
              <value>
                <![CDATA[https://apidev.idev.fedex.com:8443/security/v1/pin]]>
              </value>
            </param>
            <param index="3">
              <value>
                <![CDATA[3]]>
              </value>
            </param>
          </params>
          <reporter-output>
          </reporter-output>
        </test-method> <!-- IssuePinVelocity -->
        <test-method status="PASS" signature="VerifyPinNoLongerValid(java.lang.String, java.lang.String, java.lang.String, java.lang.String)[pri:2, instance:TestNG.MFAC@4f51b3e0]" name="VerifyPinNoLongerValid" duration-ms="8766" started-at="2018-10-26T03:12:35Z" data-provider="dp" finished-at="2018-10-26T03:12:44Z">
          <params>
            <param index="0">
              <value>
                <![CDATA[FDM-POSTCARD-PIN]]>
              </value>
            </param>
            <param index="1">
              <value>
                <![CDATA[l7xx1892f99a6f88470ba29abc141cd7bd8d]]>
              </value>
            </param>
            <param index="2">
              <value>
                <![CDATA[http://mfacbase-cos-vip.test.cloud.fedex.com:9090/mfac/v3/issuePIN]]>
              </value>
            </param>
            <param index="3">
              <value>
                <![CDATA[http://mfacbase-cos-vip.test.cloud.fedex.com:9090/mfac/v3/verifyPIN]]>
              </value>
            </param>
          </params>
          <reporter-output>
          </reporter-output>
        </test-method> <!-- VerifyPinNoLongerValid -->
        <test-method status="PASS" signature="VerifyPinNoLongerValid(java.lang.String, java.lang.String, java.lang.String, java.lang.String)[pri:2, instance:TestNG.MFAC@4f51b3e0]" name="VerifyPinNoLongerValid" duration-ms="9875" started-at="2018-10-26T03:12:35Z" data-provider="dp" finished-at="2018-10-26T03:12:45Z">
          <params>
            <param index="0">
              <value>
                <![CDATA[FDM-POSTCARD-PIN]]>
              </value>
            </param>
            <param index="1">
              <value>
                <![CDATA[l7xx1892f99a6f88470ba29abc141cd7bd8d]]>
              </value>
            </param>
            <param index="2">
              <value>
                <![CDATA[http://mfacdev-cos-vip.test.cloud.fedex.com:9090/mfac/v3/issuePIN]]>
              </value>
            </param>
            <param index="3">
              <value>
                <![CDATA[http://mfacdev-cos-vip.test.cloud.fedex.com:9090/mfac/v3/verifyPIN]]>
              </value>
            </param>
          </params>
          <reporter-output>
          </reporter-output>
        </test-method> <!-- VerifyPinNoLongerValid -->
        <test-method status="PASS" signature="VerifyPinNoLongerValid(java.lang.String, java.lang.String, java.lang.String, java.lang.String)[pri:2, instance:TestNG.MFAC@4f51b3e0]" name="VerifyPinNoLongerValid" duration-ms="5895" started-at="2018-10-26T03:12:35Z" data-provider="dp" finished-at="2018-10-26T03:12:41Z">
          <params>
            <param index="0">
              <value>
                <![CDATA[FDM-PHONE-PIN]]>
              </value>
            </param>
            <param index="1">
              <value>
                <![CDATA[l7xx1892f99a6f88470ba29abc141cd7bd8d]]>
              </value>
            </param>
            <param index="2">
              <value>
                <![CDATA[http://mfacbase-cos-vip.test.cloud.fedex.com:9090/mfac/v3/issuePIN]]>
              </value>
            </param>
            <param index="3">
              <value>
                <![CDATA[http://mfacbase-cos-vip.test.cloud.fedex.com:9090/mfac/v3/verifyPIN]]>
              </value>
            </param>
          </params>
          <reporter-output>
          </reporter-output>
        </test-method> <!-- VerifyPinNoLongerValid -->
        <test-method status="PASS" signature="VerifyPinNoLongerValid(java.lang.String, java.lang.String, java.lang.String, java.lang.String)[pri:2, instance:TestNG.MFAC@4f51b3e0]" name="VerifyPinNoLongerValid" duration-ms="9227" started-at="2018-10-26T03:12:35Z" data-provider="dp" finished-at="2018-10-26T03:12:45Z">
          <params>
            <param index="0">
              <value>
                <![CDATA[FDM-POSTCARD-PIN]]>
              </value>
            </param>
            <param index="1">
              <value>
                <![CDATA[l7xx1892f99a6f88470ba29abc141cd7bd8d]]>
              </value>
            </param>
            <param index="2">
              <value>
                <![CDATA[https://apidrt.idev.fedex.com:8443/security/v1/pin]]>
              </value>
            </param>
            <param index="3">
              <value>
                <![CDATA[https://apidrt.idev.fedex.com:8443/security/v1/pin/verify]]>
              </value>
            </param>
          </params>
          <reporter-output>
          </reporter-output>
        </test-method> <!-- VerifyPinNoLongerValid -->
        <test-method status="PASS" signature="VerifyPinNoLongerValid(java.lang.String, java.lang.String, java.lang.String, java.lang.String)[pri:2, instance:TestNG.MFAC@4f51b3e0]" name="VerifyPinNoLongerValid" duration-ms="9102" started-at="2018-10-26T03:12:35Z" data-provider="dp" finished-at="2018-10-26T03:12:44Z">
          <params>
            <param index="0">
              <value>
                <![CDATA[FDM-PHONE-PIN]]>
              </value>
            </param>
            <param index="1">
              <value>
                <![CDATA[l7xx1892f99a6f88470ba29abc141cd7bd8d]]>
              </value>
            </param>
            <param index="2">
              <value>
                <![CDATA[https://apidrt.idev.fedex.com:8443/security/v1/pin]]>
              </value>
            </param>
            <param index="3">
              <value>
                <![CDATA[https://apidrt.idev.fedex.com:8443/security/v1/pin/verify]]>
              </value>
            </param>
          </params>
          <reporter-output>
          </reporter-output>
        </test-method> <!-- VerifyPinNoLongerValid -->
        <test-method status="PASS" signature="VerifyPinNoLongerValid(java.lang.String, java.lang.String, java.lang.String, java.lang.String)[pri:2, instance:TestNG.MFAC@4f51b3e0]" name="VerifyPinNoLongerValid" duration-ms="6648" started-at="2018-10-26T03:12:35Z" data-provider="dp" finished-at="2018-10-26T03:12:42Z">
          <params>
            <param index="0">
              <value>
                <![CDATA[FDM-PHONE-PIN]]>
              </value>
            </param>
            <param index="1">
              <value>
                <![CDATA[l7xx1892f99a6f88470ba29abc141cd7bd8d]]>
              </value>
            </param>
            <param index="2">
              <value>
                <![CDATA[https://apidev.idev.fedex.com:8443/security/v1/pin]]>
              </value>
            </param>
            <param index="3">
              <value>
                <![CDATA[https://apidev.idev.fedex.com:8443/security/v1/pin/verify]]>
              </value>
            </param>
          </params>
          <reporter-output>
          </reporter-output>
        </test-method> <!-- VerifyPinNoLongerValid -->
        <test-method status="PASS" signature="VerifyPinNoLongerValid(java.lang.String, java.lang.String, java.lang.String, java.lang.String)[pri:2, instance:TestNG.MFAC@4f51b3e0]" name="VerifyPinNoLongerValid" duration-ms="9579" started-at="2018-10-26T03:12:35Z" data-provider="dp" finished-at="2018-10-26T03:12:45Z">
          <params>
            <param index="0">
              <value>
                <![CDATA[FDM-POSTCARD-PIN]]>
              </value>
            </param>
            <param index="1">
              <value>
                <![CDATA[l7xx1892f99a6f88470ba29abc141cd7bd8d]]>
              </value>
            </param>
            <param index="2">
              <value>
                <![CDATA[https://apidev.idev.fedex.com:8443/security/v1/pin]]>
              </value>
            </param>
            <param index="3">
              <value>
                <![CDATA[https://apidev.idev.fedex.com:8443/security/v1/pin/verify]]>
              </value>
            </param>
          </params>
          <reporter-output>
          </reporter-output>
        </test-method> <!-- VerifyPinNoLongerValid -->
        <test-method status="PASS" signature="VerifyPinNoLongerValid(java.lang.String, java.lang.String, java.lang.String, java.lang.String)[pri:2, instance:TestNG.MFAC@4f51b3e0]" name="VerifyPinNoLongerValid" duration-ms="10159" started-at="2018-10-26T03:12:35Z" data-provider="dp" finished-at="2018-10-26T03:12:45Z">
          <params>
            <param index="0">
              <value>
                <![CDATA[FDM-POSTCARD-PIN]]>
              </value>
            </param>
            <param index="1">
              <value>
                <![CDATA[l7xx1892f99a6f88470ba29abc141cd7bd8d]]>
              </value>
            </param>
            <param index="2">
              <value>
                <![CDATA[http://mfacdrt-cos-vip.test.cloud.fedex.com:9090/mfac/v3/issuePIN]]>
              </value>
            </param>
            <param index="3">
              <value>
                <![CDATA[http://mfacdrt-cos-vip.test.cloud.fedex.com:9090/mfac/v3/verifyPIN]]>
              </value>
            </param>
          </params>
          <reporter-output>
          </reporter-output>
        </test-method> <!-- VerifyPinNoLongerValid -->
        <test-method status="PASS" signature="VerifyPinNoLongerValid(java.lang.String, java.lang.String, java.lang.String, java.lang.String)[pri:2, instance:TestNG.MFAC@4f51b3e0]" name="VerifyPinNoLongerValid" duration-ms="10047" started-at="2018-10-26T03:12:35Z" data-provider="dp" finished-at="2018-10-26T03:12:45Z">
          <params>
            <param index="0">
              <value>
                <![CDATA[FDM-PHONE-PIN]]>
              </value>
            </param>
            <param index="1">
              <value>
                <![CDATA[l7xx1892f99a6f88470ba29abc141cd7bd8d]]>
              </value>
            </param>
            <param index="2">
              <value>
                <![CDATA[http://mfacdrt-cos-vip.test.cloud.fedex.com:9090/mfac/v3/issuePIN]]>
              </value>
            </param>
            <param index="3">
              <value>
                <![CDATA[http://mfacdrt-cos-vip.test.cloud.fedex.com:9090/mfac/v3/verifyPIN]]>
              </value>
            </param>
          </params>
          <reporter-output>
          </reporter-output>
        </test-method> <!-- VerifyPinNoLongerValid -->
        <test-method status="PASS" signature="VerifyPinNoLongerValid(java.lang.String, java.lang.String, java.lang.String, java.lang.String)[pri:2, instance:TestNG.MFAC@4f51b3e0]" name="VerifyPinNoLongerValid" duration-ms="9771" started-at="2018-10-26T03:12:35Z" data-provider="dp" finished-at="2018-10-26T03:12:45Z">
          <params>
            <param index="0">
              <value>
                <![CDATA[FDM-PHONE-PIN]]>
              </value>
            </param>
            <param index="1">
              <value>
                <![CDATA[l7xx1892f99a6f88470ba29abc141cd7bd8d]]>
              </value>
            </param>
            <param index="2">
              <value>
                <![CDATA[http://mfacdev-cos-vip.test.cloud.fedex.com:9090/mfac/v3/issuePIN]]>
              </value>
            </param>
            <param index="3">
              <value>
                <![CDATA[http://mfacdev-cos-vip.test.cloud.fedex.com:9090/mfac/v3/verifyPIN]]>
              </value>
            </param>
          </params>
          <reporter-output>
          </reporter-output>
        </test-method> <!-- VerifyPinNoLongerValid -->
        <test-method status="PASS" signature="VerifyPinValid(java.lang.String, java.lang.String, java.lang.String, java.lang.String)[pri:2, instance:TestNG.MFAC@4f51b3e0]" name="VerifyPinValid" duration-ms="2892" started-at="2018-10-26T03:12:45Z" data-provider="dp" finished-at="2018-10-26T03:12:48Z">
          <params>
            <param index="0">
              <value>
                <![CDATA[FDM-POSTCARD-PIN]]>
              </value>
            </param>
            <param index="1">
              <value>
                <![CDATA[l7xx1892f99a6f88470ba29abc141cd7bd8d]]>
              </value>
            </param>
            <param index="2">
              <value>
                <![CDATA[https://apidev.idev.fedex.com:8443/security/v1/pin]]>
              </value>
            </param>
            <param index="3">
              <value>
                <![CDATA[https://apidev.idev.fedex.com:8443/security/v1/pin/verify]]>
              </value>
            </param>
          </params>
          <reporter-output>
          </reporter-output>
        </test-method> <!-- VerifyPinValid -->
        <test-method status="PASS" signature="VerifyPinValid(java.lang.String, java.lang.String, java.lang.String, java.lang.String)[pri:2, instance:TestNG.MFAC@4f51b3e0]" name="VerifyPinValid" duration-ms="3448" started-at="2018-10-26T03:12:45Z" data-provider="dp" finished-at="2018-10-26T03:12:49Z">
          <params>
            <param index="0">
              <value>
                <![CDATA[FDM-PHONE-PIN]]>
              </value>
            </param>
            <param index="1">
              <value>
                <![CDATA[l7xx1892f99a6f88470ba29abc141cd7bd8d]]>
              </value>
            </param>
            <param index="2">
              <value>
                <![CDATA[http://mfacbase-cos-vip.test.cloud.fedex.com:9090/mfac/v3/issuePIN]]>
              </value>
            </param>
            <param index="3">
              <value>
                <![CDATA[http://mfacbase-cos-vip.test.cloud.fedex.com:9090/mfac/v3/verifyPIN]]>
              </value>
            </param>
          </params>
          <reporter-output>
          </reporter-output>
        </test-method> <!-- VerifyPinValid -->
        <test-method status="PASS" signature="VerifyPinValid(java.lang.String, java.lang.String, java.lang.String, java.lang.String)[pri:2, instance:TestNG.MFAC@4f51b3e0]" name="VerifyPinValid" duration-ms="3200" started-at="2018-10-26T03:12:45Z" data-provider="dp" finished-at="2018-10-26T03:12:49Z">
          <params>
            <param index="0">
              <value>
                <![CDATA[FDM-POSTCARD-PIN]]>
              </value>
            </param>
            <param index="1">
              <value>
                <![CDATA[l7xx1892f99a6f88470ba29abc141cd7bd8d]]>
              </value>
            </param>
            <param index="2">
              <value>
                <![CDATA[http://mfacbase-cos-vip.test.cloud.fedex.com:9090/mfac/v3/issuePIN]]>
              </value>
            </param>
            <param index="3">
              <value>
                <![CDATA[http://mfacbase-cos-vip.test.cloud.fedex.com:9090/mfac/v3/verifyPIN]]>
              </value>
            </param>
          </params>
          <reporter-output>
          </reporter-output>
        </test-method> <!-- VerifyPinValid -->
        <test-method status="PASS" signature="VerifyPinValid(java.lang.String, java.lang.String, java.lang.String, java.lang.String)[pri:2, instance:TestNG.MFAC@4f51b3e0]" name="VerifyPinValid" duration-ms="3576" started-at="2018-10-26T03:12:45Z" data-provider="dp" finished-at="2018-10-26T03:12:49Z">
          <params>
            <param index="0">
              <value>
                <![CDATA[FDM-POSTCARD-PIN]]>
              </value>
            </param>
            <param index="1">
              <value>
                <![CDATA[l7xx1892f99a6f88470ba29abc141cd7bd8d]]>
              </value>
            </param>
            <param index="2">
              <value>
                <![CDATA[http://mfacdev-cos-vip.test.cloud.fedex.com:9090/mfac/v3/issuePIN]]>
              </value>
            </param>
            <param index="3">
              <value>
                <![CDATA[http://mfacdev-cos-vip.test.cloud.fedex.com:9090/mfac/v3/verifyPIN]]>
              </value>
            </param>
          </params>
          <reporter-output>
          </reporter-output>
        </test-method> <!-- VerifyPinValid -->
        <test-method status="PASS" signature="VerifyPinValid(java.lang.String, java.lang.String, java.lang.String, java.lang.String)[pri:2, instance:TestNG.MFAC@4f51b3e0]" name="VerifyPinValid" duration-ms="3336" started-at="2018-10-26T03:12:45Z" data-provider="dp" finished-at="2018-10-26T03:12:49Z">
          <params>
            <param index="0">
              <value>
                <![CDATA[FDM-PHONE-PIN]]>
              </value>
            </param>
            <param index="1">
              <value>
                <![CDATA[l7xx1892f99a6f88470ba29abc141cd7bd8d]]>
              </value>
            </param>
            <param index="2">
              <value>
                <![CDATA[https://apidev.idev.fedex.com:8443/security/v1/pin]]>
              </value>
            </param>
            <param index="3">
              <value>
                <![CDATA[https://apidev.idev.fedex.com:8443/security/v1/pin/verify]]>
              </value>
            </param>
          </params>
          <reporter-output>
          </reporter-output>
        </test-method> <!-- VerifyPinValid -->
        <test-method status="PASS" signature="VerifyPinValid(java.lang.String, java.lang.String, java.lang.String, java.lang.String)[pri:2, instance:TestNG.MFAC@4f51b3e0]" name="VerifyPinValid" duration-ms="3720" started-at="2018-10-26T03:12:45Z" data-provider="dp" finished-at="2018-10-26T03:12:49Z">
          <params>
            <param index="0">
              <value>
                <![CDATA[FDM-PHONE-PIN]]>
              </value>
            </param>
            <param index="1">
              <value>
                <![CDATA[l7xx1892f99a6f88470ba29abc141cd7bd8d]]>
              </value>
            </param>
            <param index="2">
              <value>
                <![CDATA[http://mfacdev-cos-vip.test.cloud.fedex.com:9090/mfac/v3/issuePIN]]>
              </value>
            </param>
            <param index="3">
              <value>
                <![CDATA[http://mfacdev-cos-vip.test.cloud.fedex.com:9090/mfac/v3/verifyPIN]]>
              </value>
            </param>
          </params>
          <reporter-output>
          </reporter-output>
        </test-method> <!-- VerifyPinValid -->
        <test-method status="PASS" signature="VerifyPinValid(java.lang.String, java.lang.String, java.lang.String, java.lang.String)[pri:2, instance:TestNG.MFAC@4f51b3e0]" name="VerifyPinValid" duration-ms="4168" started-at="2018-10-26T03:12:45Z" data-provider="dp" finished-at="2018-10-26T03:12:50Z">
          <params>
            <param index="0">
              <value>
                <![CDATA[FDM-POSTCARD-PIN]]>
              </value>
            </param>
            <param index="1">
              <value>
                <![CDATA[l7xx1892f99a6f88470ba29abc141cd7bd8d]]>
              </value>
            </param>
            <param index="2">
              <value>
                <![CDATA[http://mfacdrt-cos-vip.test.cloud.fedex.com:9090/mfac/v3/issuePIN]]>
              </value>
            </param>
            <param index="3">
              <value>
                <![CDATA[http://mfacdrt-cos-vip.test.cloud.fedex.com:9090/mfac/v3/verifyPIN]]>
              </value>
            </param>
          </params>
          <reporter-output>
          </reporter-output>
        </test-method> <!-- VerifyPinValid -->
        <test-method status="PASS" signature="VerifyPinValid(java.lang.String, java.lang.String, java.lang.String, java.lang.String)[pri:2, instance:TestNG.MFAC@4f51b3e0]" name="VerifyPinValid" duration-ms="4064" started-at="2018-10-26T03:12:45Z" data-provider="dp" finished-at="2018-10-26T03:12:50Z">
          <params>
            <param index="0">
              <value>
                <![CDATA[FDM-PHONE-PIN]]>
              </value>
            </param>
            <param index="1">
              <value>
                <![CDATA[l7xx1892f99a6f88470ba29abc141cd7bd8d]]>
              </value>
            </param>
            <param index="2">
              <value>
                <![CDATA[https://apidrt.idev.fedex.com:8443/security/v1/pin]]>
              </value>
            </param>
            <param index="3">
              <value>
                <![CDATA[https://apidrt.idev.fedex.com:8443/security/v1/pin/verify]]>
              </value>
            </param>
          </params>
          <reporter-output>
          </reporter-output>
        </test-method> <!-- VerifyPinValid -->
        <test-method status="PASS" signature="VerifyPinValid(java.lang.String, java.lang.String, java.lang.String, java.lang.String)[pri:2, instance:TestNG.MFAC@4f51b3e0]" name="VerifyPinValid" duration-ms="3948" started-at="2018-10-26T03:12:45Z" data-provider="dp" finished-at="2018-10-26T03:12:49Z">
          <params>
            <param index="0">
              <value>
                <![CDATA[FDM-POSTCARD-PIN]]>
              </value>
            </param>
            <param index="1">
              <value>
                <![CDATA[l7xx1892f99a6f88470ba29abc141cd7bd8d]]>
              </value>
            </param>
            <param index="2">
              <value>
                <![CDATA[https://apidrt.idev.fedex.com:8443/security/v1/pin]]>
              </value>
            </param>
            <param index="3">
              <value>
                <![CDATA[https://apidrt.idev.fedex.com:8443/security/v1/pin/verify]]>
              </value>
            </param>
          </params>
          <reporter-output>
          </reporter-output>
        </test-method> <!-- VerifyPinValid -->
        <test-method status="PASS" signature="VerifyPinValid(java.lang.String, java.lang.String, java.lang.String, java.lang.String)[pri:2, instance:TestNG.MFAC@4f51b3e0]" name="VerifyPinValid" duration-ms="3832" started-at="2018-10-26T03:12:45Z" data-provider="dp" finished-at="2018-10-26T03:12:49Z">
          <params>
            <param index="0">
              <value>
                <![CDATA[FDM-PHONE-PIN]]>
              </value>
            </param>
            <param index="1">
              <value>
                <![CDATA[l7xx1892f99a6f88470ba29abc141cd7bd8d]]>
              </value>
            </param>
            <param index="2">
              <value>
                <![CDATA[http://mfacdrt-cos-vip.test.cloud.fedex.com:9090/mfac/v3/issuePIN]]>
              </value>
            </param>
            <param index="3">
              <value>
                <![CDATA[http://mfacdrt-cos-vip.test.cloud.fedex.com:9090/mfac/v3/verifyPIN]]>
              </value>
            </param>
          </params>
          <reporter-output>
          </reporter-output>
        </test-method> <!-- VerifyPinValid -->
        <test-method status="PASS" signature="VerifyPinVelocity(java.lang.String, java.lang.String, java.lang.String, java.lang.String, int)[pri:2, instance:TestNG.MFAC@4f51b3e0]" name="VerifyPinVelocity" duration-ms="18887" started-at="2018-10-26T03:12:50Z" data-provider="dp" finished-at="2018-10-26T03:13:09Z">
          <params>
            <param index="0">
              <value>
                <![CDATA[FDM-PHONE-PIN]]>
              </value>
            </param>
            <param index="1">
              <value>
                <![CDATA[l7xx1892f99a6f88470ba29abc141cd7bd8d]]>
              </value>
            </param>
            <param index="2">
              <value>
                <![CDATA[http://mfacbase-cos-vip.test.cloud.fedex.com:9090/mfac/v3/issuePIN]]>
              </value>
            </param>
            <param index="3">
              <value>
                <![CDATA[http://mfacbase-cos-vip.test.cloud.fedex.com:9090/mfac/v3/verifyPIN]]>
              </value>
            </param>
            <param index="4">
              <value>
                <![CDATA[3]]>
              </value>
            </param>
          </params>
          <reporter-output>
          </reporter-output>
        </test-method> <!-- VerifyPinVelocity -->
        <test-method status="PASS" signature="VerifyPinVelocity(java.lang.String, java.lang.String, java.lang.String, java.lang.String, int)[pri:2, instance:TestNG.MFAC@4f51b3e0]" name="VerifyPinVelocity" duration-ms="19051" started-at="2018-10-26T03:12:50Z" data-provider="dp" finished-at="2018-10-26T03:13:09Z">
          <params>
            <param index="0">
              <value>
                <![CDATA[FDM-POSTCARD-PIN]]>
              </value>
            </param>
            <param index="1">
              <value>
                <![CDATA[l7xx1892f99a6f88470ba29abc141cd7bd8d]]>
              </value>
            </param>
            <param index="2">
              <value>
                <![CDATA[http://mfacbase-cos-vip.test.cloud.fedex.com:9090/mfac/v3/issuePIN]]>
              </value>
            </param>
            <param index="3">
              <value>
                <![CDATA[http://mfacbase-cos-vip.test.cloud.fedex.com:9090/mfac/v3/verifyPIN]]>
              </value>
            </param>
            <param index="4">
              <value>
                <![CDATA[3]]>
              </value>
            </param>
          </params>
          <reporter-output>
          </reporter-output>
        </test-method> <!-- VerifyPinVelocity -->
        <test-method status="PASS" signature="VerifyPinVelocity(java.lang.String, java.lang.String, java.lang.String, java.lang.String, int)[pri:2, instance:TestNG.MFAC@4f51b3e0]" name="VerifyPinVelocity" duration-ms="14546" started-at="2018-10-26T03:12:50Z" data-provider="dp" finished-at="2018-10-26T03:13:04Z">
          <params>
            <param index="0">
              <value>
                <![CDATA[FDM-POSTCARD-PIN]]>
              </value>
            </param>
            <param index="1">
              <value>
                <![CDATA[l7xx1892f99a6f88470ba29abc141cd7bd8d]]>
              </value>
            </param>
            <param index="2">
              <value>
                <![CDATA[https://apidev.idev.fedex.com:8443/security/v1/pin]]>
              </value>
            </param>
            <param index="3">
              <value>
                <![CDATA[https://apidev.idev.fedex.com:8443/security/v1/pin/verify]]>
              </value>
            </param>
            <param index="4">
              <value>
                <![CDATA[3]]>
              </value>
            </param>
          </params>
          <reporter-output>
          </reporter-output>
        </test-method> <!-- VerifyPinVelocity -->
        <test-method status="PASS" signature="VerifyPinVelocity(java.lang.String, java.lang.String, java.lang.String, java.lang.String, int)[pri:2, instance:TestNG.MFAC@4f51b3e0]" name="VerifyPinVelocity" duration-ms="17058" started-at="2018-10-26T03:12:50Z" data-provider="dp" finished-at="2018-10-26T03:13:07Z">
          <params>
            <param index="0">
              <value>
                <![CDATA[FDM-PHONE-PIN]]>
              </value>
            </param>
            <param index="1">
              <value>
                <![CDATA[l7xx1892f99a6f88470ba29abc141cd7bd8d]]>
              </value>
            </param>
            <param index="2">
              <value>
                <![CDATA[http://mfacdev-cos-vip.test.cloud.fedex.com:9090/mfac/v3/issuePIN]]>
              </value>
            </param>
            <param index="3">
              <value>
                <![CDATA[http://mfacdev-cos-vip.test.cloud.fedex.com:9090/mfac/v3/verifyPIN]]>
              </value>
            </param>
            <param index="4">
              <value>
                <![CDATA[3]]>
              </value>
            </param>
          </params>
          <reporter-output>
          </reporter-output>
        </test-method> <!-- VerifyPinVelocity -->
        <test-method status="PASS" signature="VerifyPinVelocity(java.lang.String, java.lang.String, java.lang.String, java.lang.String, int)[pri:2, instance:TestNG.MFAC@4f51b3e0]" name="VerifyPinVelocity" duration-ms="17961" started-at="2018-10-26T03:12:50Z" data-provider="dp" finished-at="2018-10-26T03:13:08Z">
          <params>
            <param index="0">
              <value>
                <![CDATA[FDM-POSTCARD-PIN]]>
              </value>
            </param>
            <param index="1">
              <value>
                <![CDATA[l7xx1892f99a6f88470ba29abc141cd7bd8d]]>
              </value>
            </param>
            <param index="2">
              <value>
                <![CDATA[https://apidrt.idev.fedex.com:8443/security/v1/pin]]>
              </value>
            </param>
            <param index="3">
              <value>
                <![CDATA[https://apidrt.idev.fedex.com:8443/security/v1/pin/verify]]>
              </value>
            </param>
            <param index="4">
              <value>
                <![CDATA[3]]>
              </value>
            </param>
          </params>
          <reporter-output>
          </reporter-output>
        </test-method> <!-- VerifyPinVelocity -->
        <test-method status="PASS" signature="VerifyPinVelocity(java.lang.String, java.lang.String, java.lang.String, java.lang.String, int)[pri:2, instance:TestNG.MFAC@4f51b3e0]" name="VerifyPinVelocity" duration-ms="19387" started-at="2018-10-26T03:12:50Z" data-provider="dp" finished-at="2018-10-26T03:13:09Z">
          <params>
            <param index="0">
              <value>
                <![CDATA[FDM-PHONE-PIN]]>
              </value>
            </param>
            <param index="1">
              <value>
                <![CDATA[l7xx1892f99a6f88470ba29abc141cd7bd8d]]>
              </value>
            </param>
            <param index="2">
              <value>
                <![CDATA[https://apidev.idev.fedex.com:8443/security/v1/pin]]>
              </value>
            </param>
            <param index="3">
              <value>
                <![CDATA[https://apidev.idev.fedex.com:8443/security/v1/pin/verify]]>
              </value>
            </param>
            <param index="4">
              <value>
                <![CDATA[3]]>
              </value>
            </param>
          </params>
          <reporter-output>
          </reporter-output>
        </test-method> <!-- VerifyPinVelocity -->
        <test-method status="PASS" signature="VerifyPinVelocity(java.lang.String, java.lang.String, java.lang.String, java.lang.String, int)[pri:2, instance:TestNG.MFAC@4f51b3e0]" name="VerifyPinVelocity" duration-ms="19563" started-at="2018-10-26T03:12:50Z" data-provider="dp" finished-at="2018-10-26T03:13:09Z">
          <params>
            <param index="0">
              <value>
                <![CDATA[FDM-POSTCARD-PIN]]>
              </value>
            </param>
            <param index="1">
              <value>
                <![CDATA[l7xx1892f99a6f88470ba29abc141cd7bd8d]]>
              </value>
            </param>
            <param index="2">
              <value>
                <![CDATA[http://mfacdev-cos-vip.test.cloud.fedex.com:9090/mfac/v3/issuePIN]]>
              </value>
            </param>
            <param index="3">
              <value>
                <![CDATA[http://mfacdev-cos-vip.test.cloud.fedex.com:9090/mfac/v3/verifyPIN]]>
              </value>
            </param>
            <param index="4">
              <value>
                <![CDATA[3]]>
              </value>
            </param>
          </params>
          <reporter-output>
          </reporter-output>
        </test-method> <!-- VerifyPinVelocity -->
        <test-method status="PASS" signature="VerifyPinVelocity(java.lang.String, java.lang.String, java.lang.String, java.lang.String, int)[pri:2, instance:TestNG.MFAC@4f51b3e0]" name="VerifyPinVelocity" duration-ms="20013" started-at="2018-10-26T03:12:50Z" data-provider="dp" finished-at="2018-10-26T03:13:10Z">
          <params>
            <param index="0">
              <value>
                <![CDATA[FDM-PHONE-PIN]]>
              </value>
            </param>
            <param index="1">
              <value>
                <![CDATA[l7xx1892f99a6f88470ba29abc141cd7bd8d]]>
              </value>
            </param>
            <param index="2">
              <value>
                <![CDATA[https://apidrt.idev.fedex.com:8443/security/v1/pin]]>
              </value>
            </param>
            <param index="3">
              <value>
                <![CDATA[https://apidrt.idev.fedex.com:8443/security/v1/pin/verify]]>
              </value>
            </param>
            <param index="4">
              <value>
                <![CDATA[3]]>
              </value>
            </param>
          </params>
          <reporter-output>
          </reporter-output>
        </test-method> <!-- VerifyPinVelocity -->
        <test-method status="PASS" signature="VerifyPinVelocity(java.lang.String, java.lang.String, java.lang.String, java.lang.String, int)[pri:2, instance:TestNG.MFAC@4f51b3e0]" name="VerifyPinVelocity" duration-ms="21253" started-at="2018-10-26T03:12:50Z" data-provider="dp" finished-at="2018-10-26T03:13:11Z">
          <params>
            <param index="0">
              <value>
                <![CDATA[FDM-POSTCARD-PIN]]>
              </value>
            </param>
            <param index="1">
              <value>
                <![CDATA[l7xx1892f99a6f88470ba29abc141cd7bd8d]]>
              </value>
            </param>
            <param index="2">
              <value>
                <![CDATA[http://mfacdrt-cos-vip.test.cloud.fedex.com:9090/mfac/v3/issuePIN]]>
              </value>
            </param>
            <param index="3">
              <value>
                <![CDATA[http://mfacdrt-cos-vip.test.cloud.fedex.com:9090/mfac/v3/verifyPIN]]>
              </value>
            </param>
            <param index="4">
              <value>
                <![CDATA[3]]>
              </value>
            </param>
          </params>
          <reporter-output>
          </reporter-output>
        </test-method> <!-- VerifyPinVelocity -->
        <test-method status="PASS" signature="VerifyPinVelocity(java.lang.String, java.lang.String, java.lang.String, java.lang.String, int)[pri:2, instance:TestNG.MFAC@4f51b3e0]" name="VerifyPinVelocity" duration-ms="21488" started-at="2018-10-26T03:12:50Z" data-provider="dp" finished-at="2018-10-26T03:13:11Z">
          <params>
            <param index="0">
              <value>
                <![CDATA[FDM-PHONE-PIN]]>
              </value>
            </param>
            <param index="1">
              <value>
                <![CDATA[l7xx1892f99a6f88470ba29abc141cd7bd8d]]>
              </value>
            </param>
            <param index="2">
              <value>
                <![CDATA[http://mfacdrt-cos-vip.test.cloud.fedex.com:9090/mfac/v3/issuePIN]]>
              </value>
            </param>
            <param index="3">
              <value>
                <![CDATA[http://mfacdrt-cos-vip.test.cloud.fedex.com:9090/mfac/v3/verifyPIN]]>
              </value>
            </param>
            <param index="4">
              <value>
                <![CDATA[3]]>
              </value>
            </param>
          </params>
          <reporter-output>
          </reporter-output>
        </test-method> <!-- VerifyPinVelocity -->
      </class> <!-- TestNG.MFAC -->
    </test> <!-- Default test -->
  </suite> <!-- Default suite -->
</testng-results>
