<?xml version="1.0" encoding="UTF-8"?>
<testng-results skipped="0" failed="0" ignored="0" total="18" passed="18">
  <reporter-output>
  </reporter-output>
  <suite name="CMAC_Suite" duration-ms="3451" started-at="2018-10-29T21:31:46Z" finished-at="2018-10-29T21:31:50Z">
    <groups>
    </groups>
    <test name="CMAC_Test" duration-ms="3451" started-at="2018-10-29T21:31:46Z" finished-at="2018-10-29T21:31:50Z">
      <class name="TestNG.CMAC">
        <test-method status="PASS" signature="beforeClass()[pri:0, instance:TestNG.CMAC@5f71c76a]" name="beforeClass" is-config="true" duration-ms="2" started-at="2018-10-29T21:31:47Z" finished-at="2018-10-29T21:31:47Z">
          <reporter-output>
          </reporter-output>
        </test-method> <!-- beforeClass -->
        <test-method status="PASS" signature="CreateProject(java.lang.String, java.lang.String, java.lang.String, java.lang.String, java.lang.String, java.lang.String, java.lang.String, java.lang.String)[pri:1, instance:TestNG.CMAC@5f71c76a]" name="CreateProject" duration-ms="2290" started-at="2018-10-29T21:31:47Z" description="380527" data-provider="dp" finished-at="2018-10-29T21:31:49Z">
          <params>
            <param index="0">
              <value>
                <![CDATA[https://cmac-dev.app.wtcdev2.paas.fedex.com/cmac/v3/projects]]>
              </value>
            </param>
            <param index="1">
              <value>
                <![CDATA[]]>
              </value>
            </param>
            <param index="2">
              <value>
                <![CDATA[10000]]>
              </value>
            </param>
            <param index="3">
              <value>
                <![CDATA[1029181631471]]>
              </value>
            </param>
            <param index="4">
              <value>
                <![CDATA[Proj_Creation1 102918T163147]]>
              </value>
            </param>
            <param index="5">
              <value>
                <![CDATA[propreitary]]>
              </value>
            </param>
            <param index="6">
              <value>
                <![CDATA[2]]>
              </value>
            </param>
            <param index="7">
              <value>
                <![CDATA[10-29-18 16:31:47:126]]>
              </value>
            </param>
          </params>
          <reporter-output>
          </reporter-output>
        </test-method> <!-- CreateProject -->
        <test-method status="PASS" signature="CreateProject(java.lang.String, java.lang.String, java.lang.String, java.lang.String, java.lang.String, java.lang.String, java.lang.String, java.lang.String)[pri:1, instance:TestNG.CMAC@5f71c76a]" name="CreateProject" duration-ms="2339" started-at="2018-10-29T21:31:47Z" description="380527" data-provider="dp" finished-at="2018-10-29T21:31:49Z">
          <params>
            <param index="0">
              <value>
                <![CDATA[https://cmac-dev.app.wtcdev2.paas.fedex.com/cmac/v3/projects]]>
              </value>
            </param>
            <param index="1">
              <value>
                <![CDATA[]]>
              </value>
            </param>
            <param index="2">
              <value>
                <![CDATA[10000]]>
              </value>
            </param>
            <param index="3">
              <value>
                <![CDATA[1029181631472]]>
              </value>
            </param>
            <param index="4">
              <value>
                <![CDATA[Proj_Creation2 102918T163147]]>
              </value>
            </param>
            <param index="5">
              <value>
                <![CDATA[propreitary]]>
              </value>
            </param>
            <param index="6">
              <value>
                <![CDATA[2]]>
              </value>
            </param>
            <param index="7">
              <value>
                <![CDATA[10-29-18 16:31:47:128]]>
              </value>
            </param>
          </params>
          <reporter-output>
          </reporter-output>
        </test-method> <!-- CreateProject -->
        <test-method status="PASS" signature="CreateProject(java.lang.String, java.lang.String, java.lang.String, java.lang.String, java.lang.String, java.lang.String, java.lang.String, java.lang.String)[pri:1, instance:TestNG.CMAC@5f71c76a]" name="CreateProject" duration-ms="2346" started-at="2018-10-29T21:31:47Z" description="380527" data-provider="dp" finished-at="2018-10-29T21:31:49Z">
          <params>
            <param index="0">
              <value>
                <![CDATA[https://cmac-dev.app.wtcdev2.paas.fedex.com/cmac/v3/projects]]>
              </value>
            </param>
            <param index="1">
              <value>
                <![CDATA[]]>
              </value>
            </param>
            <param index="2">
              <value>
                <![CDATA[10000]]>
              </value>
            </param>
            <param index="3">
              <value>
                <![CDATA[1029181631473]]>
              </value>
            </param>
            <param index="4">
              <value>
                <![CDATA[Proj_Creation3 102918T163147]]>
              </value>
            </param>
            <param index="5">
              <value>
                <![CDATA[propreitary]]>
              </value>
            </param>
            <param index="6">
              <value>
                <![CDATA[2]]>
              </value>
            </param>
            <param index="7">
              <value>
                <![CDATA[10-29-18 16:31:47:130]]>
              </value>
            </param>
          </params>
          <reporter-output>
          </reporter-output>
        </test-method> <!-- CreateProject -->
        <test-method status="PASS" signature="CreateProject(java.lang.String, java.lang.String, java.lang.String, java.lang.String, java.lang.String, java.lang.String, java.lang.String, java.lang.String)[pri:1, instance:TestNG.CMAC@5f71c76a]" name="CreateProject" duration-ms="2269" started-at="2018-10-29T21:31:47Z" description="380527" data-provider="dp" finished-at="2018-10-29T21:31:49Z">
          <params>
            <param index="0">
              <value>
                <![CDATA[https://cmac-dev.app.wtcdev2.paas.fedex.com/cmac/v3/projects]]>
              </value>
            </param>
            <param index="1">
              <value>
                <![CDATA[]]>
              </value>
            </param>
            <param index="2">
              <value>
                <![CDATA[10000]]>
              </value>
            </param>
            <param index="3">
              <value>
                <![CDATA[1029181631474]]>
              </value>
            </param>
            <param index="4">
              <value>
                <![CDATA[Proj_Creation4 102918T163147]]>
              </value>
            </param>
            <param index="5">
              <value>
                <![CDATA[propreitary]]>
              </value>
            </param>
            <param index="6">
              <value>
                <![CDATA[2]]>
              </value>
            </param>
            <param index="7">
              <value>
                <![CDATA[10-29-18 16:31:47:133]]>
              </value>
            </param>
          </params>
          <reporter-output>
          </reporter-output>
        </test-method> <!-- CreateProject -->
        <test-method name="RetrieveProjectDetails" signature="RetrieveProjectDetails(java.lang.String, java.lang.String, java.lang.String)[pri:2, instance:TestNG.CMAC@5f71c76a]" status="PASS" duration-ms="20" finished-at="2018-10-29T21:31:49Z" started-at="2018-10-29T21:31:49Z" depends-on-methods="TestNG.CMAC.CreateProject" data-provider="dp" description="380579 - Details">
          <params>
            <param index="0">
              <value>
                <![CDATA[https://cmac-dev.app.wtcdev2.paas.fedex.com/cmac/v3/projects/{UUID}]]>
              </value>
            </param>
            <param index="1">
              <value>
                <![CDATA[]]>
              </value>
            </param>
            <param index="2">
              <value>
                <![CDATA[1029181631471]]>
              </value>
            </param>
          </params>
          <reporter-output>
          </reporter-output>
        </test-method> <!-- RetrieveProjectDetails -->
        <test-method name="RetrieveProjectDetails" signature="RetrieveProjectDetails(java.lang.String, java.lang.String, java.lang.String)[pri:2, instance:TestNG.CMAC@5f71c76a]" status="PASS" duration-ms="119" finished-at="2018-10-29T21:31:49Z" started-at="2018-10-29T21:31:49Z" depends-on-methods="TestNG.CMAC.CreateProject" data-provider="dp" description="380579 - Details">
          <params>
            <param index="0">
              <value>
                <![CDATA[https://cmac-dev.app.wtcdev2.paas.fedex.com/cmac/v3/projects/{UUID}]]>
              </value>
            </param>
            <param index="1">
              <value>
                <![CDATA[]]>
              </value>
            </param>
            <param index="2">
              <value>
                <![CDATA[1029181631474]]>
              </value>
            </param>
          </params>
          <reporter-output>
          </reporter-output>
        </test-method> <!-- RetrieveProjectDetails -->
        <test-method name="RetrieveProjectDetails" signature="RetrieveProjectDetails(java.lang.String, java.lang.String, java.lang.String)[pri:2, instance:TestNG.CMAC@5f71c76a]" status="PASS" duration-ms="78" finished-at="2018-10-29T21:31:49Z" started-at="2018-10-29T21:31:49Z" depends-on-methods="TestNG.CMAC.CreateProject" data-provider="dp" description="380579 - Details">
          <params>
            <param index="0">
              <value>
                <![CDATA[https://cmac-dev.app.wtcdev2.paas.fedex.com/cmac/v3/projects/{UUID}]]>
              </value>
            </param>
            <param index="1">
              <value>
                <![CDATA[]]>
              </value>
            </param>
            <param index="2">
              <value>
                <![CDATA[1029181631473]]>
              </value>
            </param>
          </params>
          <reporter-output>
          </reporter-output>
        </test-method> <!-- RetrieveProjectDetails -->
        <test-method name="RetrieveProjectDetails" signature="RetrieveProjectDetails(java.lang.String, java.lang.String, java.lang.String)[pri:2, instance:TestNG.CMAC@5f71c76a]" status="PASS" duration-ms="49" finished-at="2018-10-29T21:31:49Z" started-at="2018-10-29T21:31:49Z" depends-on-methods="TestNG.CMAC.CreateProject" data-provider="dp" description="380579 - Details">
          <params>
            <param index="0">
              <value>
                <![CDATA[https://cmac-dev.app.wtcdev2.paas.fedex.com/cmac/v3/projects/{UUID}]]>
              </value>
            </param>
            <param index="1">
              <value>
                <![CDATA[]]>
              </value>
            </param>
            <param index="2">
              <value>
                <![CDATA[1029181631472]]>
              </value>
            </param>
          </params>
          <reporter-output>
          </reporter-output>
        </test-method> <!-- RetrieveProjectDetails -->
        <test-method status="PASS" signature="RetrieveProjectSummary(java.lang.String, java.lang.String, java.lang.String)[pri:2, instance:TestNG.CMAC@5f71c76a]" name="RetrieveProjectSummary" duration-ms="258" started-at="2018-10-29T21:31:49Z" description="380579 - Summery" data-provider="dp" finished-at="2018-10-29T21:31:49Z">
          <params>
            <param index="0">
              <value>
                <![CDATA[https://cmac-dev.app.wtcdev2.paas.fedex.com/cmac/v3/projects/{UUID}]]>
              </value>
            </param>
            <param index="1">
              <value>
                <![CDATA[]]>
              </value>
            </param>
            <param index="2">
              <value>
                <![CDATA[10000]]>
              </value>
            </param>
          </params>
          <reporter-output>
          </reporter-output>
        </test-method> <!-- RetrieveProjectSummary -->
        <test-method status="PASS" signature="UpdateProject(java.lang.String, java.lang.String, java.lang.String, java.lang.String, java.lang.String, java.lang.String, java.lang.String, java.lang.String, java.lang.String)[pri:2, instance:TestNG.CMAC@5f71c76a]" name="UpdateProject" duration-ms="309" started-at="2018-10-29T21:31:49Z" description="380670" data-provider="dp" finished-at="2018-10-29T21:31:49Z">
          <params>
            <param index="0">
              <value>
                <![CDATA[https://cmac-dev.app.wtcdev2.paas.fedex.com/cmac/v3/updateProject]]>
              </value>
            </param>
            <param index="1">
              <value>
                <![CDATA[https://cmac-dev.app.wtcdev2.paas.fedex.com/cmac/v3/projects/{UUID}]]>
              </value>
            </param>
            <param index="2">
              <value>
                <![CDATA[]]>
              </value>
            </param>
            <param index="3">
              <value>
                <![CDATA[10000]]>
              </value>
            </param>
            <param index="4">
              <value>
                <![CDATA[1029181631474]]>
              </value>
            </param>
            <param index="5">
              <value>
                <![CDATA[Proj_DEL_Updated102918T163149]]>
              </value>
            </param>
            <param index="6">
              <value>
                <![CDATA[10-29-18 16:31:49:521]]>
              </value>
            </param>
            <param index="7">
              <value>
                <![CDATA[propreitary]]>
              </value>
            </param>
            <param index="8">
              <value>
                <![CDATA[2]]>
              </value>
            </param>
          </params>
          <reporter-output>
          </reporter-output>
        </test-method> <!-- UpdateProject -->
        <test-method status="PASS" signature="UpdateProject(java.lang.String, java.lang.String, java.lang.String, java.lang.String, java.lang.String, java.lang.String, java.lang.String, java.lang.String, java.lang.String)[pri:2, instance:TestNG.CMAC@5f71c76a]" name="UpdateProject" duration-ms="345" started-at="2018-10-29T21:31:49Z" description="380670" data-provider="dp" finished-at="2018-10-29T21:31:49Z">
          <params>
            <param index="0">
              <value>
                <![CDATA[https://cmac-dev.app.wtcdev2.paas.fedex.com/cmac/v3/updateProject]]>
              </value>
            </param>
            <param index="1">
              <value>
                <![CDATA[https://cmac-dev.app.wtcdev2.paas.fedex.com/cmac/v3/projects/{UUID}]]>
              </value>
            </param>
            <param index="2">
              <value>
                <![CDATA[]]>
              </value>
            </param>
            <param index="3">
              <value>
                <![CDATA[10000]]>
              </value>
            </param>
            <param index="4">
              <value>
                <![CDATA[1029181631471]]>
              </value>
            </param>
            <param index="5">
              <value>
                <![CDATA[Proj_DEL_Updated102918T163149]]>
              </value>
            </param>
            <param index="6">
              <value>
                <![CDATA[10-29-18 16:31:49:521]]>
              </value>
            </param>
            <param index="7">
              <value>
                <![CDATA[propreitary]]>
              </value>
            </param>
            <param index="8">
              <value>
                <![CDATA[2]]>
              </value>
            </param>
          </params>
          <reporter-output>
          </reporter-output>
        </test-method> <!-- UpdateProject -->
        <test-method status="PASS" signature="UpdateProject(java.lang.String, java.lang.String, java.lang.String, java.lang.String, java.lang.String, java.lang.String, java.lang.String, java.lang.String, java.lang.String)[pri:2, instance:TestNG.CMAC@5f71c76a]" name="UpdateProject" duration-ms="154" started-at="2018-10-29T21:31:49Z" description="380670" data-provider="dp" finished-at="2018-10-29T21:31:49Z">
          <params>
            <param index="0">
              <value>
                <![CDATA[https://cmac-dev.app.wtcdev2.paas.fedex.com/cmac/v3/updateProject]]>
              </value>
            </param>
            <param index="1">
              <value>
                <![CDATA[https://cmac-dev.app.wtcdev2.paas.fedex.com/cmac/v3/projects/{UUID}]]>
              </value>
            </param>
            <param index="2">
              <value>
                <![CDATA[]]>
              </value>
            </param>
            <param index="3">
              <value>
                <![CDATA[10000]]>
              </value>
            </param>
            <param index="4">
              <value>
                <![CDATA[1029181631473]]>
              </value>
            </param>
            <param index="5">
              <value>
                <![CDATA[Proj_DEL_Updated102918T163149]]>
              </value>
            </param>
            <param index="6">
              <value>
                <![CDATA[10-29-18 16:31:49:525]]>
              </value>
            </param>
            <param index="7">
              <value>
                <![CDATA[propreitary]]>
              </value>
            </param>
            <param index="8">
              <value>
                <![CDATA[2]]>
              </value>
            </param>
          </params>
          <reporter-output>
          </reporter-output>
        </test-method> <!-- UpdateProject -->
        <test-method status="PASS" signature="UpdateProject(java.lang.String, java.lang.String, java.lang.String, java.lang.String, java.lang.String, java.lang.String, java.lang.String, java.lang.String, java.lang.String)[pri:2, instance:TestNG.CMAC@5f71c76a]" name="UpdateProject" duration-ms="223" started-at="2018-10-29T21:31:49Z" description="380670" data-provider="dp" finished-at="2018-10-29T21:31:49Z">
          <params>
            <param index="0">
              <value>
                <![CDATA[https://cmac-dev.app.wtcdev2.paas.fedex.com/cmac/v3/updateProject]]>
              </value>
            </param>
            <param index="1">
              <value>
                <![CDATA[https://cmac-dev.app.wtcdev2.paas.fedex.com/cmac/v3/projects/{UUID}]]>
              </value>
            </param>
            <param index="2">
              <value>
                <![CDATA[]]>
              </value>
            </param>
            <param index="3">
              <value>
                <![CDATA[10000]]>
              </value>
            </param>
            <param index="4">
              <value>
                <![CDATA[1029181631472]]>
              </value>
            </param>
            <param index="5">
              <value>
                <![CDATA[Proj_DEL_Updated102918T163149]]>
              </value>
            </param>
            <param index="6">
              <value>
                <![CDATA[10-29-18 16:31:49:523]]>
              </value>
            </param>
            <param index="7">
              <value>
                <![CDATA[propreitary]]>
              </value>
            </param>
            <param index="8">
              <value>
                <![CDATA[2]]>
              </value>
            </param>
          </params>
          <reporter-output>
          </reporter-output>
        </test-method> <!-- UpdateProject -->
        <test-method name="DeleteProject" signature="DeleteProject(java.lang.String, java.lang.String, java.lang.String)[pri:3, instance:TestNG.CMAC@5f71c76a]" status="PASS" duration-ms="61" finished-at="2018-10-29T21:31:49Z" started-at="2018-10-29T21:31:49Z" depends-on-methods="TestNG.CMAC.CreateProject" data-provider="dp" description="380687">
          <params>
            <param index="0">
              <value>
                <![CDATA[https://cmac-dev.app.wtcdev2.paas.fedex.com/cmac/v3/projects/{applicationUUID}]]>
              </value>
            </param>
            <param index="1">
              <value>
                <![CDATA[]]>
              </value>
            </param>
            <param index="2">
              <value>
                <![CDATA[1029181631471]]>
              </value>
            </param>
          </params>
          <reporter-output>
          </reporter-output>
        </test-method> <!-- DeleteProject -->
        <test-method name="DeleteProject" signature="DeleteProject(java.lang.String, java.lang.String, java.lang.String)[pri:3, instance:TestNG.CMAC@5f71c76a]" status="PASS" duration-ms="106" finished-at="2018-10-29T21:31:50Z" started-at="2018-10-29T21:31:49Z" depends-on-methods="TestNG.CMAC.CreateProject" data-provider="dp" description="380687">
          <params>
            <param index="0">
              <value>
                <![CDATA[https://cmac-dev.app.wtcdev2.paas.fedex.com/cmac/v3/projects/{applicationUUID}]]>
              </value>
            </param>
            <param index="1">
              <value>
                <![CDATA[]]>
              </value>
            </param>
            <param index="2">
              <value>
                <![CDATA[1029181631474]]>
              </value>
            </param>
          </params>
          <reporter-output>
          </reporter-output>
        </test-method> <!-- DeleteProject -->
        <test-method name="DeleteProject" signature="DeleteProject(java.lang.String, java.lang.String, java.lang.String)[pri:3, instance:TestNG.CMAC@5f71c76a]" status="PASS" duration-ms="139" finished-at="2018-10-29T21:31:50Z" started-at="2018-10-29T21:31:49Z" depends-on-methods="TestNG.CMAC.CreateProject" data-provider="dp" description="380687">
          <params>
            <param index="0">
              <value>
                <![CDATA[https://cmac-dev.app.wtcdev2.paas.fedex.com/cmac/v3/projects/{applicationUUID}]]>
              </value>
            </param>
            <param index="1">
              <value>
                <![CDATA[]]>
              </value>
            </param>
            <param index="2">
              <value>
                <![CDATA[1029181631472]]>
              </value>
            </param>
          </params>
          <reporter-output>
          </reporter-output>
        </test-method> <!-- DeleteProject -->
        <test-method name="DeleteProject" signature="DeleteProject(java.lang.String, java.lang.String, java.lang.String)[pri:3, instance:TestNG.CMAC@5f71c76a]" status="PASS" duration-ms="186" finished-at="2018-10-29T21:31:50Z" started-at="2018-10-29T21:31:49Z" depends-on-methods="TestNG.CMAC.CreateProject" data-provider="dp" description="380687">
          <params>
            <param index="0">
              <value>
                <![CDATA[https://cmac-dev.app.wtcdev2.paas.fedex.com/cmac/v3/projects/{applicationUUID}]]>
              </value>
            </param>
            <param index="1">
              <value>
                <![CDATA[]]>
              </value>
            </param>
            <param index="2">
              <value>
                <![CDATA[1029181631473]]>
              </value>
            </param>
          </params>
          <reporter-output>
          </reporter-output>
        </test-method> <!-- DeleteProject -->
      </class> <!-- TestNG.CMAC -->
      <class name="SupportClasses.Set_Environment">
        <test-method status="PASS" signature="testMethod(java.lang.String)[pri:0, instance:SupportClasses.Set_Environment@27fe3806]" name="testMethod" duration-ms="29" started-at="2018-10-29T21:31:47Z" finished-at="2018-10-29T21:31:47Z">
          <params>
            <param index="0">
              <value>
                <![CDATA[2]]>
              </value>
            </param>
          </params>
          <reporter-output>
          </reporter-output>
        </test-method> <!-- testMethod -->
      </class> <!-- SupportClasses.Set_Environment -->
    </test> <!-- CMAC_Test -->
  </suite> <!-- CMAC_Suite -->
</testng-results>
