<?xml version="1.0" encoding="UTF-8"?>
<testng-results skipped="0" failed="0" ignored="0" total="17" passed="17">
  <reporter-output>
  </reporter-output>
  <suite name="Default suite" duration-ms="2645" started-at="2018-10-25T04:55:55Z" finished-at="2018-10-25T04:55:57Z">
    <groups>
    </groups>
    <test name="Default test" duration-ms="2645" started-at="2018-10-25T04:55:55Z" finished-at="2018-10-25T04:55:57Z">
      <class name="TestNG.CMAC">
        <test-method status="PASS" signature="beforeClass()[pri:0, instance:TestNG.CMAC@76b10754]" name="beforeClass" is-config="true" duration-ms="178" started-at="2018-10-25T04:55:55Z" finished-at="2018-10-25T04:55:55Z">
          <reporter-output>
          </reporter-output>
        </test-method> <!-- beforeClass -->
        <test-method status="PASS" signature="CreateProject(java.lang.String, java.lang.String, java.lang.String, java.lang.String, java.lang.String, java.lang.String, java.lang.String, java.lang.String)[pri:1, instance:TestNG.CMAC@76b10754]" name="CreateProject" duration-ms="1315" started-at="2018-10-25T04:55:55Z" description="380527" data-provider="dp" finished-at="2018-10-25T04:55:56Z">
          <params>
            <param index="0">
              <value>
                <![CDATA[https://cmac-dev.app.wtcdev2.paas.fedex.com/cmac/v3/projects]]>
              </value>
            </param>
            <param index="1">
              <value>
                <![CDATA[OAuthTokenNotYetEnabled]]>
              </value>
            </param>
            <param index="2">
              <value>
                <![CDATA[10000]]>
              </value>
            </param>
            <param index="3">
              <value>
                <![CDATA[1024182355552]]>
              </value>
            </param>
            <param index="4">
              <value>
                <![CDATA[Proj_Creation2 102418T235555]]>
              </value>
            </param>
            <param index="5">
              <value>
                <![CDATA[propreitary]]>
              </value>
            </param>
            <param index="6">
              <value>
                <![CDATA[2]]>
              </value>
            </param>
            <param index="7">
              <value>
                <![CDATA[10-24-18 23:55:55:447]]>
              </value>
            </param>
          </params>
          <reporter-output>
          </reporter-output>
        </test-method> <!-- CreateProject -->
        <test-method status="PASS" signature="CreateProject(java.lang.String, java.lang.String, java.lang.String, java.lang.String, java.lang.String, java.lang.String, java.lang.String, java.lang.String)[pri:1, instance:TestNG.CMAC@76b10754]" name="CreateProject" duration-ms="1207" started-at="2018-10-25T04:55:55Z" description="380527" data-provider="dp" finished-at="2018-10-25T04:55:56Z">
          <params>
            <param index="0">
              <value>
                <![CDATA[https://cmac-dev.app.wtcdev2.paas.fedex.com/cmac/v3/projects]]>
              </value>
            </param>
            <param index="1">
              <value>
                <![CDATA[OAuthTokenNotYetEnabled]]>
              </value>
            </param>
            <param index="2">
              <value>
                <![CDATA[10000]]>
              </value>
            </param>
            <param index="3">
              <value>
                <![CDATA[1024182355553]]>
              </value>
            </param>
            <param index="4">
              <value>
                <![CDATA[Proj_Creation3 102418T235555]]>
              </value>
            </param>
            <param index="5">
              <value>
                <![CDATA[propreitary]]>
              </value>
            </param>
            <param index="6">
              <value>
                <![CDATA[2]]>
              </value>
            </param>
            <param index="7">
              <value>
                <![CDATA[10-24-18 23:55:55:447]]>
              </value>
            </param>
          </params>
          <reporter-output>
          </reporter-output>
        </test-method> <!-- CreateProject -->
        <test-method status="PASS" signature="CreateProject(java.lang.String, java.lang.String, java.lang.String, java.lang.String, java.lang.String, java.lang.String, java.lang.String, java.lang.String)[pri:1, instance:TestNG.CMAC@76b10754]" name="CreateProject" duration-ms="1179" started-at="2018-10-25T04:55:55Z" description="380527" data-provider="dp" finished-at="2018-10-25T04:55:56Z">
          <params>
            <param index="0">
              <value>
                <![CDATA[https://cmac-dev.app.wtcdev2.paas.fedex.com/cmac/v3/projects]]>
              </value>
            </param>
            <param index="1">
              <value>
                <![CDATA[OAuthTokenNotYetEnabled]]>
              </value>
            </param>
            <param index="2">
              <value>
                <![CDATA[10000]]>
              </value>
            </param>
            <param index="3">
              <value>
                <![CDATA[1024182355554]]>
              </value>
            </param>
            <param index="4">
              <value>
                <![CDATA[Proj_Creation4 102418T235555]]>
              </value>
            </param>
            <param index="5">
              <value>
                <![CDATA[propreitary]]>
              </value>
            </param>
            <param index="6">
              <value>
                <![CDATA[2]]>
              </value>
            </param>
            <param index="7">
              <value>
                <![CDATA[10-24-18 23:55:55:451]]>
              </value>
            </param>
          </params>
          <reporter-output>
          </reporter-output>
        </test-method> <!-- CreateProject -->
        <test-method status="PASS" signature="CreateProject(java.lang.String, java.lang.String, java.lang.String, java.lang.String, java.lang.String, java.lang.String, java.lang.String, java.lang.String)[pri:1, instance:TestNG.CMAC@76b10754]" name="CreateProject" duration-ms="1271" started-at="2018-10-25T04:55:55Z" description="380527" data-provider="dp" finished-at="2018-10-25T04:55:56Z">
          <params>
            <param index="0">
              <value>
                <![CDATA[https://cmac-dev.app.wtcdev2.paas.fedex.com/cmac/v3/projects]]>
              </value>
            </param>
            <param index="1">
              <value>
                <![CDATA[OAuthTokenNotYetEnabled]]>
              </value>
            </param>
            <param index="2">
              <value>
                <![CDATA[10000]]>
              </value>
            </param>
            <param index="3">
              <value>
                <![CDATA[1024182355551]]>
              </value>
            </param>
            <param index="4">
              <value>
                <![CDATA[Proj_Creation1 102418T235555]]>
              </value>
            </param>
            <param index="5">
              <value>
                <![CDATA[propreitary]]>
              </value>
            </param>
            <param index="6">
              <value>
                <![CDATA[2]]>
              </value>
            </param>
            <param index="7">
              <value>
                <![CDATA[10-24-18 23:55:55:447]]>
              </value>
            </param>
          </params>
          <reporter-output>
          </reporter-output>
        </test-method> <!-- CreateProject -->
        <test-method name="RetrieveProjectDetails" signature="RetrieveProjectDetails(java.lang.String, java.lang.String, java.lang.String)[pri:2, instance:TestNG.CMAC@76b10754]" status="PASS" duration-ms="48" finished-at="2018-10-25T04:55:56Z" started-at="2018-10-25T04:55:56Z" depends-on-methods="TestNG.CMAC.CreateProject" data-provider="dp" description="380579 - Details">
          <params>
            <param index="0">
              <value>
                <![CDATA[https://cmac-dev.app.wtcdev2.paas.fedex.com/cmac/v3/projects/{UUID}]]>
              </value>
            </param>
            <param index="1">
              <value>
                <![CDATA[OAuthTokenNotYetEnabled]]>
              </value>
            </param>
            <param index="2">
              <value>
                <![CDATA[1024182355554]]>
              </value>
            </param>
          </params>
          <reporter-output>
          </reporter-output>
        </test-method> <!-- RetrieveProjectDetails -->
        <test-method name="RetrieveProjectDetails" signature="RetrieveProjectDetails(java.lang.String, java.lang.String, java.lang.String)[pri:2, instance:TestNG.CMAC@76b10754]" status="PASS" duration-ms="92" finished-at="2018-10-25T04:55:56Z" started-at="2018-10-25T04:55:56Z" depends-on-methods="TestNG.CMAC.CreateProject" data-provider="dp" description="380579 - Details">
          <params>
            <param index="0">
              <value>
                <![CDATA[https://cmac-dev.app.wtcdev2.paas.fedex.com/cmac/v3/projects/{UUID}]]>
              </value>
            </param>
            <param index="1">
              <value>
                <![CDATA[OAuthTokenNotYetEnabled]]>
              </value>
            </param>
            <param index="2">
              <value>
                <![CDATA[1024182355553]]>
              </value>
            </param>
          </params>
          <reporter-output>
          </reporter-output>
        </test-method> <!-- RetrieveProjectDetails -->
        <test-method name="RetrieveProjectDetails" signature="RetrieveProjectDetails(java.lang.String, java.lang.String, java.lang.String)[pri:2, instance:TestNG.CMAC@76b10754]" status="PASS" duration-ms="132" finished-at="2018-10-25T04:55:56Z" started-at="2018-10-25T04:55:56Z" depends-on-methods="TestNG.CMAC.CreateProject" data-provider="dp" description="380579 - Details">
          <params>
            <param index="0">
              <value>
                <![CDATA[https://cmac-dev.app.wtcdev2.paas.fedex.com/cmac/v3/projects/{UUID}]]>
              </value>
            </param>
            <param index="1">
              <value>
                <![CDATA[OAuthTokenNotYetEnabled]]>
              </value>
            </param>
            <param index="2">
              <value>
                <![CDATA[1024182355552]]>
              </value>
            </param>
          </params>
          <reporter-output>
          </reporter-output>
        </test-method> <!-- RetrieveProjectDetails -->
        <test-method name="RetrieveProjectDetails" signature="RetrieveProjectDetails(java.lang.String, java.lang.String, java.lang.String)[pri:2, instance:TestNG.CMAC@76b10754]" status="PASS" duration-ms="176" finished-at="2018-10-25T04:55:56Z" started-at="2018-10-25T04:55:56Z" depends-on-methods="TestNG.CMAC.CreateProject" data-provider="dp" description="380579 - Details">
          <params>
            <param index="0">
              <value>
                <![CDATA[https://cmac-dev.app.wtcdev2.paas.fedex.com/cmac/v3/projects/{UUID}]]>
              </value>
            </param>
            <param index="1">
              <value>
                <![CDATA[OAuthTokenNotYetEnabled]]>
              </value>
            </param>
            <param index="2">
              <value>
                <![CDATA[1024182355551]]>
              </value>
            </param>
          </params>
          <reporter-output>
          </reporter-output>
        </test-method> <!-- RetrieveProjectDetails -->
        <test-method status="PASS" signature="RetrieveProjectSummary(java.lang.String, java.lang.String, java.lang.String)[pri:2, instance:TestNG.CMAC@76b10754]" name="RetrieveProjectSummary" duration-ms="48" started-at="2018-10-25T04:55:56Z" description="380579 - Summery" data-provider="dp" finished-at="2018-10-25T04:55:57Z">
          <params>
            <param index="0">
              <value>
                <![CDATA[https://cmac-dev.app.wtcdev2.paas.fedex.com/cmac/v3/projects/{UUID}]]>
              </value>
            </param>
            <param index="1">
              <value>
                <![CDATA[OAuthTokenNotYetEnabled]]>
              </value>
            </param>
            <param index="2">
              <value>
                <![CDATA[10000]]>
              </value>
            </param>
          </params>
          <reporter-output>
          </reporter-output>
        </test-method> <!-- RetrieveProjectSummary -->
        <test-method status="PASS" signature="UpdateProject(java.lang.String, java.lang.String, java.lang.String, java.lang.String, java.lang.String, java.lang.String, java.lang.String, java.lang.String, java.lang.String)[pri:2, instance:TestNG.CMAC@76b10754]" name="UpdateProject" duration-ms="292" started-at="2018-10-25T04:55:57Z" description="380670" data-provider="dp" finished-at="2018-10-25T04:55:57Z">
          <params>
            <param index="0">
              <value>
                <![CDATA[https://cmac-dev.app.wtcdev2.paas.fedex.com/cmac/v3/updateProject]]>
              </value>
            </param>
            <param index="1">
              <value>
                <![CDATA[https://cmac-dev.app.wtcdev2.paas.fedex.com/cmac/v3/projects/{UUID}]]>
              </value>
            </param>
            <param index="2">
              <value>
                <![CDATA[OAuthTokenNotYetEnabled]]>
              </value>
            </param>
            <param index="3">
              <value>
                <![CDATA[10000]]>
              </value>
            </param>
            <param index="4">
              <value>
                <![CDATA[1024182355554]]>
              </value>
            </param>
            <param index="5">
              <value>
                <![CDATA[Proj_DEL_Updated102418T235557]]>
              </value>
            </param>
            <param index="6">
              <value>
                <![CDATA[10-24-18 23:55:57:18]]>
              </value>
            </param>
            <param index="7">
              <value>
                <![CDATA[propreitary]]>
              </value>
            </param>
            <param index="8">
              <value>
                <![CDATA[2]]>
              </value>
            </param>
          </params>
          <reporter-output>
          </reporter-output>
        </test-method> <!-- UpdateProject -->
        <test-method status="PASS" signature="UpdateProject(java.lang.String, java.lang.String, java.lang.String, java.lang.String, java.lang.String, java.lang.String, java.lang.String, java.lang.String, java.lang.String)[pri:2, instance:TestNG.CMAC@76b10754]" name="UpdateProject" duration-ms="244" started-at="2018-10-25T04:55:57Z" description="380670" data-provider="dp" finished-at="2018-10-25T04:55:57Z">
          <params>
            <param index="0">
              <value>
                <![CDATA[https://cmac-dev.app.wtcdev2.paas.fedex.com/cmac/v3/updateProject]]>
              </value>
            </param>
            <param index="1">
              <value>
                <![CDATA[https://cmac-dev.app.wtcdev2.paas.fedex.com/cmac/v3/projects/{UUID}]]>
              </value>
            </param>
            <param index="2">
              <value>
                <![CDATA[OAuthTokenNotYetEnabled]]>
              </value>
            </param>
            <param index="3">
              <value>
                <![CDATA[10000]]>
              </value>
            </param>
            <param index="4">
              <value>
                <![CDATA[1024182355553]]>
              </value>
            </param>
            <param index="5">
              <value>
                <![CDATA[Proj_DEL_Updated102418T235557]]>
              </value>
            </param>
            <param index="6">
              <value>
                <![CDATA[10-24-18 23:55:57:18]]>
              </value>
            </param>
            <param index="7">
              <value>
                <![CDATA[propreitary]]>
              </value>
            </param>
            <param index="8">
              <value>
                <![CDATA[2]]>
              </value>
            </param>
          </params>
          <reporter-output>
          </reporter-output>
        </test-method> <!-- UpdateProject -->
        <test-method status="PASS" signature="UpdateProject(java.lang.String, java.lang.String, java.lang.String, java.lang.String, java.lang.String, java.lang.String, java.lang.String, java.lang.String, java.lang.String)[pri:2, instance:TestNG.CMAC@76b10754]" name="UpdateProject" duration-ms="376" started-at="2018-10-25T04:55:57Z" description="380670" data-provider="dp" finished-at="2018-10-25T04:55:57Z">
          <params>
            <param index="0">
              <value>
                <![CDATA[https://cmac-dev.app.wtcdev2.paas.fedex.com/cmac/v3/updateProject]]>
              </value>
            </param>
            <param index="1">
              <value>
                <![CDATA[https://cmac-dev.app.wtcdev2.paas.fedex.com/cmac/v3/projects/{UUID}]]>
              </value>
            </param>
            <param index="2">
              <value>
                <![CDATA[OAuthTokenNotYetEnabled]]>
              </value>
            </param>
            <param index="3">
              <value>
                <![CDATA[10000]]>
              </value>
            </param>
            <param index="4">
              <value>
                <![CDATA[1024182355551]]>
              </value>
            </param>
            <param index="5">
              <value>
                <![CDATA[Proj_DEL_Updated102418T235557]]>
              </value>
            </param>
            <param index="6">
              <value>
                <![CDATA[10-24-18 23:55:57:18]]>
              </value>
            </param>
            <param index="7">
              <value>
                <![CDATA[propreitary]]>
              </value>
            </param>
            <param index="8">
              <value>
                <![CDATA[2]]>
              </value>
            </param>
          </params>
          <reporter-output>
          </reporter-output>
        </test-method> <!-- UpdateProject -->
        <test-method status="PASS" signature="UpdateProject(java.lang.String, java.lang.String, java.lang.String, java.lang.String, java.lang.String, java.lang.String, java.lang.String, java.lang.String, java.lang.String)[pri:2, instance:TestNG.CMAC@76b10754]" name="UpdateProject" duration-ms="328" started-at="2018-10-25T04:55:57Z" description="380670" data-provider="dp" finished-at="2018-10-25T04:55:57Z">
          <params>
            <param index="0">
              <value>
                <![CDATA[https://cmac-dev.app.wtcdev2.paas.fedex.com/cmac/v3/updateProject]]>
              </value>
            </param>
            <param index="1">
              <value>
                <![CDATA[https://cmac-dev.app.wtcdev2.paas.fedex.com/cmac/v3/projects/{UUID}]]>
              </value>
            </param>
            <param index="2">
              <value>
                <![CDATA[OAuthTokenNotYetEnabled]]>
              </value>
            </param>
            <param index="3">
              <value>
                <![CDATA[10000]]>
              </value>
            </param>
            <param index="4">
              <value>
                <![CDATA[1024182355552]]>
              </value>
            </param>
            <param index="5">
              <value>
                <![CDATA[Proj_DEL_Updated102418T235557]]>
              </value>
            </param>
            <param index="6">
              <value>
                <![CDATA[10-24-18 23:55:57:18]]>
              </value>
            </param>
            <param index="7">
              <value>
                <![CDATA[propreitary]]>
              </value>
            </param>
            <param index="8">
              <value>
                <![CDATA[2]]>
              </value>
            </param>
          </params>
          <reporter-output>
          </reporter-output>
        </test-method> <!-- UpdateProject -->
        <test-method name="DeleteProject" signature="DeleteProject(java.lang.String, java.lang.String, java.lang.String)[pri:3, instance:TestNG.CMAC@76b10754]" status="PASS" duration-ms="279" finished-at="2018-10-25T04:55:57Z" started-at="2018-10-25T04:55:57Z" depends-on-methods="TestNG.CMAC.CreateProject" data-provider="dp" description="380687">
          <params>
            <param index="0">
              <value>
                <![CDATA[https://cmac-dev.app.wtcdev2.paas.fedex.com/cmac/v3/projects/{applicationUUID}]]>
              </value>
            </param>
            <param index="1">
              <value>
                <![CDATA[OAuthTokenNotYetEnabled]]>
              </value>
            </param>
            <param index="2">
              <value>
                <![CDATA[1024182355554]]>
              </value>
            </param>
          </params>
          <reporter-output>
          </reporter-output>
        </test-method> <!-- DeleteProject -->
        <test-method name="DeleteProject" signature="DeleteProject(java.lang.String, java.lang.String, java.lang.String)[pri:3, instance:TestNG.CMAC@76b10754]" status="PASS" duration-ms="234" finished-at="2018-10-25T04:55:57Z" started-at="2018-10-25T04:55:57Z" depends-on-methods="TestNG.CMAC.CreateProject" data-provider="dp" description="380687">
          <params>
            <param index="0">
              <value>
                <![CDATA[https://cmac-dev.app.wtcdev2.paas.fedex.com/cmac/v3/projects/{applicationUUID}]]>
              </value>
            </param>
            <param index="1">
              <value>
                <![CDATA[OAuthTokenNotYetEnabled]]>
              </value>
            </param>
            <param index="2">
              <value>
                <![CDATA[1024182355553]]>
              </value>
            </param>
          </params>
          <reporter-output>
          </reporter-output>
        </test-method> <!-- DeleteProject -->
        <test-method name="DeleteProject" signature="DeleteProject(java.lang.String, java.lang.String, java.lang.String)[pri:3, instance:TestNG.CMAC@76b10754]" status="PASS" duration-ms="371" finished-at="2018-10-25T04:55:57Z" started-at="2018-10-25T04:55:57Z" depends-on-methods="TestNG.CMAC.CreateProject" data-provider="dp" description="380687">
          <params>
            <param index="0">
              <value>
                <![CDATA[https://cmac-dev.app.wtcdev2.paas.fedex.com/cmac/v3/projects/{applicationUUID}]]>
              </value>
            </param>
            <param index="1">
              <value>
                <![CDATA[OAuthTokenNotYetEnabled]]>
              </value>
            </param>
            <param index="2">
              <value>
                <![CDATA[1024182355552]]>
              </value>
            </param>
          </params>
          <reporter-output>
          </reporter-output>
        </test-method> <!-- DeleteProject -->
        <test-method name="DeleteProject" signature="DeleteProject(java.lang.String, java.lang.String, java.lang.String)[pri:3, instance:TestNG.CMAC@76b10754]" status="PASS" duration-ms="323" finished-at="2018-10-25T04:55:57Z" started-at="2018-10-25T04:55:57Z" depends-on-methods="TestNG.CMAC.CreateProject" data-provider="dp" description="380687">
          <params>
            <param index="0">
              <value>
                <![CDATA[https://cmac-dev.app.wtcdev2.paas.fedex.com/cmac/v3/projects/{applicationUUID}]]>
              </value>
            </param>
            <param index="1">
              <value>
                <![CDATA[OAuthTokenNotYetEnabled]]>
              </value>
            </param>
            <param index="2">
              <value>
                <![CDATA[1024182355551]]>
              </value>
            </param>
          </params>
          <reporter-output>
          </reporter-output>
        </test-method> <!-- DeleteProject -->
      </class> <!-- TestNG.CMAC -->
    </test> <!-- Default test -->
  </suite> <!-- Default suite -->
</testng-results>
