<?xml version="1.0" encoding="UTF-8"?>
<testng-results skipped="0" failed="0" ignored="3" total="7" passed="4">
  <reporter-output>
  </reporter-output>
  <suite name="Default suite" duration-ms="1157" started-at="2018-11-01T15:32:37Z" finished-at="2018-11-01T15:32:38Z">
    <groups>
    </groups>
    <test name="Default test" duration-ms="1157" started-at="2018-11-01T15:32:37Z" finished-at="2018-11-01T15:32:38Z">
      <class name="CMAC.CMAC_Resources">
        <test-method status="PASS" signature="beforeClass()[pri:0, instance:CMAC.CMAC_Resources@2698dc7]" name="beforeClass" is-config="true" duration-ms="5" started-at="2018-11-01T15:32:37Z" finished-at="2018-11-01T15:32:37Z">
          <reporter-output>
          </reporter-output>
        </test-method> <!-- beforeClass -->
        <test-method status="PASS" signature="DeleteResource(java.lang.String, java.lang.String, java.lang.String)[pri:3, instance:CMAC.CMAC_Resources@2698dc7]" name="DeleteResource" duration-ms="113" started-at="2018-11-01T15:32:38Z" description="380692 - Delete Resource" data-provider="dp_resources" finished-at="2018-11-01T15:32:38Z">
          <params>
            <param index="0">
              <value>
                <![CDATA[https://cmac-dev.app.wtcdev2.paas.fedex.com/cmac/v3/resources/{applicationUUID}]]>
              </value>
            </param>
            <param index="1">
              <value>
                <![CDATA[]]>
              </value>
            </param>
            <param index="2">
              <value>
                <![CDATA[1101181025094]]>
              </value>
            </param>
          </params>
          <reporter-output>
          </reporter-output>
        </test-method> <!-- DeleteResource -->
        <test-method status="PASS" signature="DeleteResource(java.lang.String, java.lang.String, java.lang.String)[pri:3, instance:CMAC.CMAC_Resources@2698dc7]" name="DeleteResource" duration-ms="81" started-at="2018-11-01T15:32:38Z" description="380692 - Delete Resource" data-provider="dp_resources" finished-at="2018-11-01T15:32:38Z">
          <params>
            <param index="0">
              <value>
                <![CDATA[https://cmac-dev.app.wtcdev2.paas.fedex.com/cmac/v3/resources/{applicationUUID}]]>
              </value>
            </param>
            <param index="1">
              <value>
                <![CDATA[]]>
              </value>
            </param>
            <param index="2">
              <value>
                <![CDATA[1101181025093]]>
              </value>
            </param>
          </params>
          <reporter-output>
          </reporter-output>
        </test-method> <!-- DeleteResource -->
        <test-method status="PASS" signature="DeleteResource(java.lang.String, java.lang.String, java.lang.String)[pri:3, instance:CMAC.CMAC_Resources@2698dc7]" name="DeleteResource" duration-ms="174" started-at="2018-11-01T15:32:38Z" description="380692 - Delete Resource" data-provider="dp_resources" finished-at="2018-11-01T15:32:38Z">
          <params>
            <param index="0">
              <value>
                <![CDATA[https://cmac-dev.app.wtcdev2.paas.fedex.com/cmac/v3/resources/{applicationUUID}]]>
              </value>
            </param>
            <param index="1">
              <value>
                <![CDATA[]]>
              </value>
            </param>
            <param index="2">
              <value>
                <![CDATA[1101181025092]]>
              </value>
            </param>
          </params>
          <reporter-output>
          </reporter-output>
        </test-method> <!-- DeleteResource -->
        <test-method status="PASS" signature="DeleteResource(java.lang.String, java.lang.String, java.lang.String)[pri:3, instance:CMAC.CMAC_Resources@2698dc7]" name="DeleteResource" duration-ms="143" started-at="2018-11-01T15:32:38Z" description="380692 - Delete Resource" data-provider="dp_resources" finished-at="2018-11-01T15:32:38Z">
          <params>
            <param index="0">
              <value>
                <![CDATA[https://cmac-dev.app.wtcdev2.paas.fedex.com/cmac/v3/resources/{applicationUUID}]]>
              </value>
            </param>
            <param index="1">
              <value>
                <![CDATA[]]>
              </value>
            </param>
            <param index="2">
              <value>
                <![CDATA[1101181025091]]>
              </value>
            </param>
          </params>
          <reporter-output>
          </reporter-output>
        </test-method> <!-- DeleteResource -->
      </class> <!-- CMAC.CMAC_Resources -->
    </test> <!-- Default test -->
  </suite> <!-- Default suite -->
</testng-results>
