<?xml version="1.0" encoding="UTF-8"?>
<!-- Generated by org.testng.reporters.JUnitXMLReporter -->
<testsuite hostname="WTC-5159473-l2" ignored="0" name="CMAC_Test" tests="17" failures="0" timestamp="24 Oct 2018 20:52:17 GMT" time="2.226" errors="0">
  <testcase name="CreateProject" time="1.504" classname="TestNG.CMAC"/>
  <testcase name="CreateProject" time="1.504" classname="TestNG.CMAC"/>
  <testcase name="CreateProject" time="1.519" classname="TestNG.CMAC"/>
  <testcase name="CreateProject" time="1.519" classname="TestNG.CMAC"/>
  <testcase name="RetrieveProjectDetails" time="0.015" classname="TestNG.CMAC"/>
  <testcase name="RetrieveProjectDetails" time="0.016" classname="TestNG.CMAC"/>
  <testcase name="RetrieveProjectSummary" time="0.032" classname="TestNG.CMAC"/>
  <testcase name="RetrieveProjectDetails" time="0.047" classname="TestNG.CMAC"/>
  <testcase name="RetrieveProjectDetails" time="0.063" classname="TestNG.CMAC"/>
  <testcase name="UpdateProject" time="0.114" classname="TestNG.CMAC"/>
  <testcase name="UpdateProject" time="0.134" classname="TestNG.CMAC"/>
  <testcase name="UpdateProject" time="0.122" classname="TestNG.CMAC"/>
  <testcase name="UpdateProject" time="0.122" classname="TestNG.CMAC"/>
  <testcase name="DeleteProject" time="0.031" classname="TestNG.CMAC"/>
  <testcase name="DeleteProject" time="0.08" classname="TestNG.CMAC"/>
  <testcase name="DeleteProject" time="0.082" classname="TestNG.CMAC"/>
  <testcase name="DeleteProject" time="0.097" classname="TestNG.CMAC"/>
</testsuite> <!-- CMAC_Test -->
