<?xml version="1.0" encoding="UTF-8"?>
<!-- Generated by org.testng.reporters.JUnitXMLReporter -->
<testsuite hostname="WTC-5159473-l2" ignored="0" name="CMAC_Test" tests="17" failures="0" timestamp="25 Oct 2018 04:44:42 GMT" time="3.82" errors="0">
  <testcase name="CreateProject" time="1.182" classname="TestNG.CMAC"/>
  <testcase name="CreateProject" time="1.229" classname="TestNG.CMAC"/>
  <testcase name="CreateProject" time="1.276" classname="TestNG.CMAC"/>
  <testcase name="CreateProject" time="1.323" classname="TestNG.CMAC"/>
  <testcase name="RetrieveProjectSummary" time="0.062" classname="TestNG.CMAC"/>
  <testcase name="RetrieveProjectDetails" time="0.109" classname="TestNG.CMAC"/>
  <testcase name="RetrieveProjectDetails" time="0.203" classname="TestNG.CMAC"/>
  <testcase name="RetrieveProjectDetails" time="0.234" classname="TestNG.CMAC"/>
  <testcase name="RetrieveProjectDetails" time="0.578" classname="TestNG.CMAC"/>
  <testcase name="UpdateProject" time="0.853" classname="TestNG.CMAC"/>
  <testcase name="UpdateProject" time="0.896" classname="TestNG.CMAC"/>
  <testcase name="UpdateProject" time="0.975" classname="TestNG.CMAC"/>
  <testcase name="UpdateProject" time="1.101" classname="TestNG.CMAC"/>
  <testcase name="DeleteProject" time="0.408" classname="TestNG.CMAC"/>
  <testcase name="DeleteProject" time="0.66" classname="TestNG.CMAC"/>
  <testcase name="DeleteProject" time="0.834" classname="TestNG.CMAC"/>
  <testcase name="DeleteProject" time="0.976" classname="TestNG.CMAC"/>
</testsuite> <!-- CMAC_Test -->
