<?xml version="1.0" encoding="UTF-8"?>
<!-- Generated by org.testng.reporters.JUnitXMLReporter -->
<testsuite hostname="WTC-5159473-l2" ignored="4" name="Default test" tests="32" failures="0" timestamp="01 Nov 2018 03:01:30 GMT" time="5.671" errors="0">
  <testcase name="DeleteProject" time="1.569" classname="CMAC.CMAC_Projects"/>
  <testcase name="DeleteProject" time="1.635" classname="CMAC.CMAC_Projects"/>
  <testcase name="DeleteProject" time="1.707" classname="CMAC.CMAC_Projects"/>
  <testcase name="DeleteProject" time="1.771" classname="CMAC.CMAC_Projects"/>
  <testcase name="DeleteProject" time="1.843" classname="CMAC.CMAC_Projects"/>
  <testcase name="DeleteProject" time="1.907" classname="CMAC.CMAC_Projects"/>
  <testcase name="DeleteProject" time="1.983" classname="CMAC.CMAC_Projects"/>
  <testcase name="DeleteProject" time="2.039" classname="CMAC.CMAC_Projects"/>
  <testcase name="DeleteProject" time="2.107" classname="CMAC.CMAC_Projects"/>
  <testcase name="DeleteProject" time="2.167" classname="CMAC.CMAC_Projects"/>
  <testcase name="DeleteProject" time="1.272" classname="CMAC.CMAC_Projects"/>
  <testcase name="DeleteProject" time="1.256" classname="CMAC.CMAC_Projects"/>
  <testcase name="DeleteProject" time="1.244" classname="CMAC.CMAC_Projects"/>
  <testcase name="DeleteProject" time="1.236" classname="CMAC.CMAC_Projects"/>
  <testcase name="DeleteProject" time="1.224" classname="CMAC.CMAC_Projects"/>
  <testcase name="DeleteProject" time="1.22" classname="CMAC.CMAC_Projects"/>
  <testcase name="DeleteProject" time="1.2" classname="CMAC.CMAC_Projects"/>
  <testcase name="DeleteProject" time="1.204" classname="CMAC.CMAC_Projects"/>
  <testcase name="DeleteProject" time="1.2" classname="CMAC.CMAC_Projects"/>
  <testcase name="DeleteProject" time="1.196" classname="CMAC.CMAC_Projects"/>
  <testcase name="DeleteProject" time="1.076" classname="CMAC.CMAC_Projects"/>
  <testcase name="DeleteProject" time="1.068" classname="CMAC.CMAC_Projects"/>
  <testcase name="DeleteProject" time="1.064" classname="CMAC.CMAC_Projects"/>
  <testcase name="DeleteProject" time="1.06" classname="CMAC.CMAC_Projects"/>
  <testcase name="DeleteProject" time="1.052" classname="CMAC.CMAC_Projects"/>
  <testcase name="DeleteProject" time="1.048" classname="CMAC.CMAC_Projects"/>
  <testcase name="DeleteProject" time="1.044" classname="CMAC.CMAC_Projects"/>
  <testcase name="DeleteProject" time="1.032" classname="CMAC.CMAC_Projects"/>
  <testcase name="DeleteProject" time="1.028" classname="CMAC.CMAC_Projects"/>
  <testcase name="DeleteProject" time="1.024" classname="CMAC.CMAC_Projects"/>
  <testcase name="DeleteProject" time="0.648" classname="CMAC.CMAC_Projects"/>
  <testcase name="DeleteProject" time="0.661" classname="CMAC.CMAC_Projects"/>
  <testcase name="RetrieveProjectSummary" time="0.0" classname="CMAC.CMAC_Projects">
    <ignored/>
  </testcase> <!-- RetrieveProjectSummary -->
  <testcase name="CreateProject" time="0.0" classname="CMAC.CMAC_Projects">
    <ignored/>
  </testcase> <!-- CreateProject -->
  <testcase name="RetrieveProjectDetails" time="0.0" classname="CMAC.CMAC_Projects">
    <ignored/>
  </testcase> <!-- RetrieveProjectDetails -->
  <testcase name="UpdateProject" time="0.0" classname="CMAC.CMAC_Projects">
    <ignored/>
  </testcase> <!-- UpdateProject -->
</testsuite> <!-- Default test -->
