<?xml version="1.0" encoding="UTF-8"?>
<!-- Generated by org.testng.reporters.JUnitXMLReporter -->
<testsuite hostname="WTC-5159473-l2" ignored="4" name="Default test" tests="4" failures="0" timestamp="31 Oct 2018 14:52:03 GMT" time="1.606" errors="0">
  <testcase name="CreateProject" time="1.367" classname="CMAC.CMAC_Projects"/>
  <testcase name="CreateProject" time="1.367" classname="CMAC.CMAC_Projects"/>
  <testcase name="CreateProject" time="1.373" classname="CMAC.CMAC_Projects"/>
  <testcase name="CreateProject" time="1.4" classname="CMAC.CMAC_Projects"/>
  <testcase name="RetrieveProjectSummary" time="0.0" classname="CMAC.CMAC_Projects">
    <ignored/>
  </testcase> <!-- RetrieveProjectSummary -->
  <testcase name="RetrieveProjectDetails" time="0.0" classname="CMAC.CMAC_Projects">
    <ignored/>
  </testcase> <!-- RetrieveProjectDetails -->
  <testcase name="UpdateProject" time="0.0" classname="CMAC.CMAC_Projects">
    <ignored/>
  </testcase> <!-- UpdateProject -->
  <testcase name="DeleteProject" time="0.0" classname="CMAC.CMAC_Projects">
    <ignored/>
  </testcase> <!-- DeleteProject -->
</testsuite> <!-- Default test -->
