<?xml version="1.0" encoding="UTF-8"?>
<!-- Generated by org.testng.reporters.JUnitXMLReporter -->
<testsuite hostname="WTC-5159473-l2" ignored="1" name="Default test" tests="1" failures="0" timestamp="03 Jan 2019 21:24:46 GMT" time="13.243" errors="0">
  <testcase name="EndtoEndEnrollment" time="11.928" classname="USRC.USRC_FDM"/>
  <testcase name="EndtoEndEnrollment_UserID" time="0.0" classname="USRC.USRC_FDM">
    <ignored/>
  </testcase> <!-- EndtoEndEnrollment_UserID -->
</testsuite> <!-- Default test -->
