<?xml version="1.0" encoding="UTF-8"?>
<!-- Generated by org.testng.reporters.JUnitXMLReporter -->
<testsuite hostname="WTC-5159473-l2" ignored="0" name="Default test" tests="17" failures="0" timestamp="05 Nov 2018 21:01:19 GMT" time="3.385" errors="0">
  <testcase name="CreateProject" time="0.157" classname="CMAC.CMAC_Projects"/>
  <testcase name="CreateProject" time="0.204" classname="CMAC.CMAC_Projects"/>
  <testcase name="CreateProject" time="0.234" classname="CMAC.CMAC_Projects"/>
  <testcase name="CreateProject" time="0.265" classname="CMAC.CMAC_Projects"/>
  <testcase name="RetrieveProjectDetails" time="0.031" classname="CMAC.CMAC_Projects"/>
  <testcase name="RetrieveProjectDetails" time="0.062" classname="CMAC.CMAC_Projects"/>
  <testcase name="RetrieveProjectDetails" time="0.078" classname="CMAC.CMAC_Projects"/>
  <testcase name="RetrieveProjectDetails" time="0.063" classname="CMAC.CMAC_Projects"/>
  <testcase name="RetrieveProjectSummary" time="0.062" classname="CMAC.CMAC_Projects"/>
  <testcase name="UpdateProject" time="0.015" classname="CMAC.CMAC_Projects"/>
  <testcase name="UpdateProject" time="0.031" classname="CMAC.CMAC_Projects"/>
  <testcase name="UpdateProject" time="0.036" classname="CMAC.CMAC_Projects"/>
  <testcase name="UpdateProject" time="0.077" classname="CMAC.CMAC_Projects"/>
  <testcase name="DeleteProject" time="0.047" classname="CMAC.CMAC_Projects"/>
  <testcase name="DeleteProject" time="0.047" classname="CMAC.CMAC_Projects"/>
  <testcase name="DeleteProject" time="0.109" classname="CMAC.CMAC_Projects"/>
  <testcase name="DeleteProject" time="0.125" classname="CMAC.CMAC_Projects"/>
</testsuite> <!-- Default test -->
