<?xml version="1.0" encoding="UTF-8"?>
<!-- Generated by org.testng.reporters.JUnitXMLReporter -->
<testsuite hostname="WTC-5159473-l2" ignored="0" name="Default test" tests="10" failures="2" timestamp="11 Nov 2018 01:35:35 GMT" time="2.394" errors="0">
  <testcase name="CreateCompany" time="1.271" classname="CMAC.CMAC_Company"/>
  <testcase name="CreateCompany" time="1.353" classname="CMAC.CMAC_Company"/>
  <testcase name="RetrieveCompanybyCompanycd" time="0.076" classname="CMAC.CMAC_Company"/>
  <testcase name="RetrieveCompanybyCompanycd" time="0.169" classname="CMAC.CMAC_Company"/>
  <testcase name="RetrieveCompanybyOrganizationUUID" time="0.071" classname="CMAC.CMAC_Company"/>
  <testcase name="RetrieveCompanybyOrganizationUUID" time="0.168" classname="CMAC.CMAC_Company"/>
  <testcase name="UpdateCompany" time="0.117" classname="CMAC.CMAC_Company">
    <failure type="java.lang.AssertionError" message="
Expected: a string containing &amp;quot;transactionId&amp;quot;
     but: was &amp;quot;{&amp;quot;timestamp&amp;quot;:1541900134244,&amp;quot;status&amp;quot;:400,&amp;quot;error&amp;quot;:&amp;quot;Bad Request&amp;quot;,&amp;quot;exception&amp;quot;:&amp;quot;org.springframework.http.converter.HttpMessageNotReadableException&amp;quot;,&amp;quot;message&amp;quot;:&amp;quot;JSON parse error: Can not deserialize instance of java.lang.String out of START_ARRAY token; nested exception is com.fasterxml.jackson.databind.JsonMappingException: Can not deserialize instance of java.lang.String out of START_ARRAY token\n at [Source: java.io.PushbackInputStream@124c786; line: 1, column: 21] (through reference chain: com.fedex.cxs.cmac.v3.vo.ProjectProfileInputVO[\&amp;quot;organizationUUID\&amp;quot;])&amp;quot;,&amp;quot;path&amp;quot;:&amp;quot;/cmac/v3/updateProject&amp;quot;}&amp;quot;">
      <![CDATA[java.lang.AssertionError: 
Expected: a string containing "transactionId"
     but: was "{"timestamp":1541900134244,"status":400,"error":"Bad Request","exception":"org.springframework.http.converter.HttpMessageNotReadableException","message":"JSON parse error: Can not deserialize instance of java.lang.String out of START_ARRAY token; nested exception is com.fasterxml.jackson.databind.JsonMappingException: Can not deserialize instance of java.lang.String out of START_ARRAY token\n at [Source: java.io.PushbackInputStream@124c786; line: 1, column: 21] (through reference chain: com.fedex.cxs.cmac.v3.vo.ProjectProfileInputVO[\"organizationUUID\"])","path":"/cmac/v3/updateProject"}"
at org.hamcrest.MatcherAssert.assertThat(MatcherAssert.java:20)
at org.junit.Assert.assertThat(Assert.java:956)
at org.junit.Assert.assertThat(Assert.java:923)
at CMAC.CMAC_Company.UpdateCompany(CMAC_Company.java:147)
at sun.reflect.NativeMethodAccessorImpl.invoke0(Native Method)
at sun.reflect.NativeMethodAccessorImpl.invoke(Unknown Source)
at sun.reflect.DelegatingMethodAccessorImpl.invoke(Unknown Source)
at java.lang.reflect.Method.invoke(Unknown Source)
at org.testng.internal.MethodInvocationHelper.invokeMethod(MethodInvocationHelper.java:124)
at org.testng.internal.Invoker.invokeMethod(Invoker.java:580)
at org.testng.internal.Invoker.invokeTestMethod(Invoker.java:716)
at org.testng.internal.TestMethodWithDataProviderMethodWorker.call(TestMethodWithDataProviderMethodWorker.java:71)
at org.testng.internal.TestMethodWithDataProviderMethodWorker.call(TestMethodWithDataProviderMethodWorker.java:14)
at java.util.concurrent.FutureTask.run(Unknown Source)
at java.util.concurrent.Executors$RunnableAdapter.call(Unknown Source)
at java.util.concurrent.FutureTask.run(Unknown Source)
at java.util.concurrent.ThreadPoolExecutor.runWorker(Unknown Source)
at java.util.concurrent.ThreadPoolExecutor$Worker.run(Unknown Source)
at java.lang.Thread.run(Unknown Source)
]]>
    </failure>
  </testcase> <!-- UpdateCompany -->
  <testcase name="UpdateCompany" time="0.179" classname="CMAC.CMAC_Company">
    <failure type="java.lang.AssertionError" message="
Expected: a string containing &amp;quot;transactionId&amp;quot;
     but: was &amp;quot;{&amp;quot;timestamp&amp;quot;:1541900134330,&amp;quot;status&amp;quot;:400,&amp;quot;error&amp;quot;:&amp;quot;Bad Request&amp;quot;,&amp;quot;exception&amp;quot;:&amp;quot;org.springframework.http.converter.HttpMessageNotReadableException&amp;quot;,&amp;quot;message&amp;quot;:&amp;quot;JSON parse error: Can not deserialize instance of java.lang.String out of START_ARRAY token; nested exception is com.fasterxml.jackson.databind.JsonMappingException: Can not deserialize instance of java.lang.String out of START_ARRAY token\n at [Source: java.io.PushbackInputStream@43543e39; line: 1, column: 21] (through reference chain: com.fedex.cxs.cmac.v3.vo.ProjectProfileInputVO[\&amp;quot;organizationUUID\&amp;quot;])&amp;quot;,&amp;quot;path&amp;quot;:&amp;quot;/cmac/v3/updateProject&amp;quot;}&amp;quot;">
      <![CDATA[java.lang.AssertionError: 
Expected: a string containing "transactionId"
     but: was "{"timestamp":1541900134330,"status":400,"error":"Bad Request","exception":"org.springframework.http.converter.HttpMessageNotReadableException","message":"JSON parse error: Can not deserialize instance of java.lang.String out of START_ARRAY token; nested exception is com.fasterxml.jackson.databind.JsonMappingException: Can not deserialize instance of java.lang.String out of START_ARRAY token\n at [Source: java.io.PushbackInputStream@43543e39; line: 1, column: 21] (through reference chain: com.fedex.cxs.cmac.v3.vo.ProjectProfileInputVO[\"organizationUUID\"])","path":"/cmac/v3/updateProject"}"
at org.hamcrest.MatcherAssert.assertThat(MatcherAssert.java:20)
at org.junit.Assert.assertThat(Assert.java:956)
at org.junit.Assert.assertThat(Assert.java:923)
at CMAC.CMAC_Company.UpdateCompany(CMAC_Company.java:147)
at sun.reflect.NativeMethodAccessorImpl.invoke0(Native Method)
at sun.reflect.NativeMethodAccessorImpl.invoke(Unknown Source)
at sun.reflect.DelegatingMethodAccessorImpl.invoke(Unknown Source)
at java.lang.reflect.Method.invoke(Unknown Source)
at org.testng.internal.MethodInvocationHelper.invokeMethod(MethodInvocationHelper.java:124)
at org.testng.internal.Invoker.invokeMethod(Invoker.java:580)
at org.testng.internal.Invoker.invokeTestMethod(Invoker.java:716)
at org.testng.internal.TestMethodWithDataProviderMethodWorker.call(TestMethodWithDataProviderMethodWorker.java:71)
at org.testng.internal.TestMethodWithDataProviderMethodWorker.call(TestMethodWithDataProviderMethodWorker.java:14)
at java.util.concurrent.FutureTask.run(Unknown Source)
at java.util.concurrent.Executors$RunnableAdapter.call(Unknown Source)
at java.util.concurrent.FutureTask.run(Unknown Source)
at java.util.concurrent.ThreadPoolExecutor.runWorker(Unknown Source)
at java.util.concurrent.ThreadPoolExecutor$Worker.run(Unknown Source)
at java.lang.Thread.run(Unknown Source)
]]>
    </failure>
  </testcase> <!-- UpdateCompany -->
  <testcase name="DeleteCompanybyCompanycd" time="0.146" classname="CMAC.CMAC_Company"/>
  <testcase name="DeleteCompanybyOrganizationUUID" time="0.278" classname="CMAC.CMAC_Company"/>
</testsuite> <!-- Default test -->
