<?xml version="1.0" encoding="UTF-8"?>
<!-- Generated by org.testng.reporters.JUnitXMLReporter -->
<testsuite hostname="WTC-5159473-l2" ignored="1" name="Default test" tests="5" failures="0" timestamp="07 Nov 2018 19:43:24 GMT" time="25.782" errors="0">
  <testcase name="CreateUsers" time="5.752" classname="USRC.USRC_FDM"/>
  <testcase name="CreateUsers" time="10.583" classname="USRC.USRC_FDM"/>
  <testcase name="CreateUsers" time="14.706" classname="USRC.USRC_FDM"/>
  <testcase name="CreateUsers" time="19.399" classname="USRC.USRC_FDM"/>
  <testcase name="CreateUsers" time="23.508" classname="USRC.USRC_FDM"/>
  <testcase name="EndtoEndEnrollment" time="0.0" classname="USRC.USRC_FDM">
    <ignored/>
  </testcase> <!-- EndtoEndEnrollment -->
</testsuite> <!-- Default test -->
