<?xml version="1.0" encoding="UTF-8"?>
<!-- Generated by org.testng.reporters.JUnitXMLReporter -->
<testsuite hostname="WTC-5159473-l2" ignored="5" name="Default test" tests="32" failures="0" timestamp="14 Nov 2018 17:12:32 GMT" time="39.625" errors="0">
  <testcase name="AddressVelocity" time="9.138" classname="MFAC.MFAC"/>
  <testcase name="AddressVelocity" time="12.201" classname="MFAC.MFAC"/>
  <testcase name="AddressVelocity" time="13.324" classname="MFAC.MFAC"/>
  <testcase name="AddressVelocity" time="14.275" classname="MFAC.MFAC"/>
  <testcase name="IssuePin" time="2.105" classname="MFAC.MFAC"/>
  <testcase name="IssuePin" time="2.439" classname="MFAC.MFAC"/>
  <testcase name="IssuePin" time="3.415" classname="MFAC.MFAC"/>
  <testcase name="IssuePin" time="3.877" classname="MFAC.MFAC"/>
  <testcase name="IssuePinVelocity" time="1.953" classname="MFAC.MFAC"/>
  <testcase name="IssuePinVelocity" time="2.956" classname="MFAC.MFAC"/>
  <testcase name="IssuePinVelocity" time="3.521" classname="MFAC.MFAC"/>
  <testcase name="IssuePinVelocity" time="3.89" classname="MFAC.MFAC"/>
  <testcase name="VerifyPinNoLongerValid" time="2.981" classname="MFAC.MFAC"/>
  <testcase name="VerifyPinNoLongerValid" time="3.233" classname="MFAC.MFAC"/>
  <testcase name="VerifyPinNoLongerValid" time="3.748" classname="MFAC.MFAC"/>
  <testcase name="VerifyPinNoLongerValid" time="3.85" classname="MFAC.MFAC"/>
  <testcase name="VerifyPinValid" time="0.369" classname="MFAC.MFAC"/>
  <testcase name="VerifyPinValid" time="0.736" classname="MFAC.MFAC"/>
  <testcase name="VerifyPinValid" time="1.228" classname="MFAC.MFAC"/>
  <testcase name="VerifyPinValid" time="1.316" classname="MFAC.MFAC"/>
  <testcase name="VerifyPinVelocity" time="4.542" classname="MFAC.MFAC"/>
  <testcase name="VerifyPinVelocity" time="4.936" classname="MFAC.MFAC"/>
  <testcase name="VerifyPinVelocity" time="5.279" classname="MFAC.MFAC"/>
  <testcase name="VerifyPinVelocity" time="5.655" classname="MFAC.MFAC"/>
  <testcase name="VerifyPinVelocity" time="6.057" classname="MFAC.MFAC"/>
  <testcase name="VerifyPinVelocity" time="6.491" classname="MFAC.MFAC"/>
  <testcase name="VerifyPinVelocity" time="6.899" classname="MFAC.MFAC"/>
  <testcase name="VerifyPinVelocity" time="8.806" classname="MFAC.MFAC"/>
  <testcase name="VerifyPinVelocity" time="8.902" classname="MFAC.MFAC"/>
  <testcase name="VerifyPinVelocity" time="9.061" classname="MFAC.MFAC"/>
  <testcase name="VerifyPinVelocity" time="5.938" classname="MFAC.MFAC"/>
  <testcase name="VerifyPinVelocity" time="5.655" classname="MFAC.MFAC"/>
  <testcase name="AdditionalEnrollmentExpirationValidate" time="0.0" classname="MFAC.MFAC">
    <ignored/>
  </testcase> <!-- AdditionalEnrollmentExpirationValidate -->
  <testcase name="IssuePinExpirationValidate" time="0.0" classname="MFAC.MFAC">
    <ignored/>
  </testcase> <!-- IssuePinExpirationValidate -->
  <testcase name="IssuePinExpiration" time="0.0" classname="MFAC.MFAC">
    <ignored/>
  </testcase> <!-- IssuePinExpiration -->
  <testcase name="DetermineLockoutTime" time="0.0" classname="MFAC.MFAC">
    <ignored/>
  </testcase> <!-- DetermineLockoutTime -->
  <testcase name="AdditionalEnrollmentExpiration" time="0.0" classname="MFAC.MFAC">
    <ignored/>
  </testcase> <!-- AdditionalEnrollmentExpiration -->
</testsuite> <!-- Default test -->
