<?xml version="1.0" encoding="UTF-8"?>
<!-- Generated by org.testng.reporters.JUnitXMLReporter -->
<testsuite hostname="WTC-5159473-l2" ignored="3" name="Default test" tests="4" failures="0" timestamp="01 Nov 2018 15:32:38 GMT" time="1.157" errors="0">
  <testcase name="DeleteResource" time="0.081" classname="CMAC.CMAC_Resources"/>
  <testcase name="DeleteResource" time="0.113" classname="CMAC.CMAC_Resources"/>
  <testcase name="DeleteResource" time="0.143" classname="CMAC.CMAC_Resources"/>
  <testcase name="DeleteResource" time="0.174" classname="CMAC.CMAC_Resources"/>
  <testcase name="RetrieveResource" time="0.0" classname="CMAC.CMAC_Resources">
    <ignored/>
  </testcase> <!-- RetrieveResource -->
  <testcase name="UpdateResource" time="0.0" classname="CMAC.CMAC_Resources">
    <ignored/>
  </testcase> <!-- UpdateResource -->
  <testcase name="CreateResource" time="0.0" classname="CMAC.CMAC_Resources">
    <ignored/>
  </testcase> <!-- CreateResource -->
</testsuite> <!-- Default test -->
