<?xml version="1.0" encoding="UTF-8"?>
<!-- Generated by org.testng.reporters.JUnitXMLReporter -->
<testsuite hostname="WTC-5159473-l2" ignored="5" name="Default test" tests="24" failures="0" timestamp="25 Oct 2018 02:34:49 GMT" time="33.158" errors="0">
  <testcase name="AddressVelocity" time="8.204" classname="TestNG.MFAC"/>
  <testcase name="AddressVelocity" time="10.211" classname="TestNG.MFAC"/>
  <testcase name="AddressVelocity" time="10.837" classname="TestNG.MFAC"/>
  <testcase name="AddressVelocity" time="11.257" classname="TestNG.MFAC"/>
  <testcase name="IssuePin" time="1.597" classname="TestNG.MFAC"/>
  <testcase name="IssuePin" time="2.023" classname="TestNG.MFAC"/>
  <testcase name="IssuePin" time="2.351" classname="TestNG.MFAC"/>
  <testcase name="IssuePin" time="2.634" classname="TestNG.MFAC"/>
  <testcase name="IssuePinVelocity" time="2.59" classname="TestNG.MFAC"/>
  <testcase name="IssuePinVelocity" time="2.924" classname="TestNG.MFAC"/>
  <testcase name="IssuePinVelocity" time="3.19" classname="TestNG.MFAC"/>
  <testcase name="IssuePinVelocity" time="3.829" classname="TestNG.MFAC"/>
  <testcase name="VerifyPinNoLongerValid" time="3.615" classname="TestNG.MFAC"/>
  <testcase name="VerifyPinNoLongerValid" time="3.771" classname="TestNG.MFAC"/>
  <testcase name="VerifyPinNoLongerValid" time="3.881" classname="TestNG.MFAC"/>
  <testcase name="VerifyPinNoLongerValid" time="3.99" classname="TestNG.MFAC"/>
  <testcase name="VerifyPinValid" time="2.117" classname="TestNG.MFAC"/>
  <testcase name="VerifyPinValid" time="2.21" classname="TestNG.MFAC"/>
  <testcase name="VerifyPinValid" time="2.306" classname="TestNG.MFAC"/>
  <testcase name="VerifyPinValid" time="2.431" classname="TestNG.MFAC"/>
  <testcase name="VerifyPinVelocity" time="6.428" classname="TestNG.MFAC"/>
  <testcase name="VerifyPinVelocity" time="7.063" classname="TestNG.MFAC"/>
  <testcase name="VerifyPinVelocity" time="7.206" classname="TestNG.MFAC"/>
  <testcase name="VerifyPinVelocity" time="7.549" classname="TestNG.MFAC"/>
  <testcase name="IssuePinExpiration" time="0.0" classname="TestNG.MFAC">
    <ignored/>
  </testcase> <!-- IssuePinExpiration -->
  <testcase name="AdditionalEnrollmentExpiration" time="0.0" classname="TestNG.MFAC">
    <ignored/>
  </testcase> <!-- AdditionalEnrollmentExpiration -->
  <testcase name="DetermineLockoutTime" time="0.0" classname="TestNG.MFAC">
    <ignored/>
  </testcase> <!-- DetermineLockoutTime -->
  <testcase name="AdditionalEnrollmentExpirationValidate" time="0.0" classname="TestNG.MFAC">
    <ignored/>
  </testcase> <!-- AdditionalEnrollmentExpirationValidate -->
  <testcase name="IssuePinExpirationValidate" time="0.0" classname="TestNG.MFAC">
    <ignored/>
  </testcase> <!-- IssuePinExpirationValidate -->
</testsuite> <!-- Default test -->
