<?xml version="1.0" encoding="UTF-8"?>
<!-- Generated by org.testng.reporters.JUnitXMLReporter -->
<testsuite hostname="WTC-5159473-l2" ignored="5" name="Default test" tests="4" failures="0" timestamp="24 Oct 2018 20:48:20 GMT" time="1.766" errors="0">
  <testcase name="CreateProject" time="1.328" classname="TestNG.CMAC"/>
  <testcase name="CreateProject" time="1.312" classname="TestNG.CMAC"/>
  <testcase name="CreateProject" time="1.331" classname="TestNG.CMAC"/>
  <testcase name="CreateProject" time="1.347" classname="TestNG.CMAC"/>
  <testcase name="RetrieveProjectSummary" time="0.0" classname="TestNG.CMAC">
    <ignored/>
  </testcase> <!-- RetrieveProjectSummary -->
  <testcase name="UpdateProject" time="0.0" classname="TestNG.CMAC">
    <ignored/>
  </testcase> <!-- UpdateProject -->
  <testcase name="DeleteProject" time="0.0" classname="TestNG.CMAC">
    <ignored/>
  </testcase> <!-- DeleteProject -->
  <testcase name="DeleteAllApps" time="0.0" classname="TestNG.CMAC">
    <ignored/>
  </testcase> <!-- DeleteAllApps -->
  <testcase name="RetrieveProjectDetails" time="0.0" classname="TestNG.CMAC">
    <ignored/>
  </testcase> <!-- RetrieveProjectDetails -->
</testsuite> <!-- Default test -->
