<?xml version="1.0" encoding="UTF-8"?>
<!-- Generated by org.testng.reporters.JUnitXMLReporter -->
<testsuite hostname="WTC-5159473-l2" ignored="5" name="Default test" tests="1" failures="0" timestamp="29 Oct 2018 21:30:57 GMT" time="3.036" errors="0">
  <testcase name="DeleteAllApps" time="2.58" classname="TestNG.CMAC"/>
  <testcase name="RetrieveProjectSummary" time="0.0" classname="TestNG.CMAC">
    <ignored/>
  </testcase> <!-- RetrieveProjectSummary -->
  <testcase name="UpdateProject" time="0.0" classname="TestNG.CMAC">
    <ignored/>
  </testcase> <!-- UpdateProject -->
  <testcase name="CreateProject" time="0.0" classname="TestNG.CMAC">
    <ignored/>
  </testcase> <!-- CreateProject -->
  <testcase name="DeleteProject" time="0.0" classname="TestNG.CMAC">
    <ignored/>
  </testcase> <!-- DeleteProject -->
  <testcase name="RetrieveProjectDetails" time="0.0" classname="TestNG.CMAC">
    <ignored/>
  </testcase> <!-- RetrieveProjectDetails -->
</testsuite> <!-- Default test -->
