<?xml version="1.0" encoding="UTF-8"?>
<!-- Generated by org.testng.reporters.JUnitXMLReporter -->
<testsuite hostname="WTC-5159473-l2" ignored="0" name="Default test" tests="64" failures="0" timestamp="14 Dec 2018 17:57:40 GMT" time="56.208" errors="0">
  <testcase name="AddressVelocity" time="8.014" classname="MFAC.MFAC"/>
  <testcase name="AddressVelocity" time="13.035" classname="MFAC.MFAC"/>
  <testcase name="AddressVelocity" time="14.366" classname="MFAC.MFAC"/>
  <testcase name="AddressVelocity" time="15.055" classname="MFAC.MFAC"/>
  <testcase name="AddressVelocity" time="15.328" classname="MFAC.MFAC"/>
  <testcase name="AddressVelocity" time="15.547" classname="MFAC.MFAC"/>
  <testcase name="AddressVelocity" time="15.922" classname="MFAC.MFAC"/>
  <testcase name="AddressVelocity" time="16.093" classname="MFAC.MFAC"/>
  <testcase name="IssuePin" time="1.001" classname="MFAC.MFAC"/>
  <testcase name="IssuePin" time="1.804" classname="MFAC.MFAC"/>
  <testcase name="IssuePin" time="2.131" classname="MFAC.MFAC"/>
  <testcase name="IssuePin" time="2.385" classname="MFAC.MFAC"/>
  <testcase name="IssuePin" time="2.801" classname="MFAC.MFAC"/>
  <testcase name="IssuePin" time="3.098" classname="MFAC.MFAC"/>
  <testcase name="IssuePin" time="3.332" classname="MFAC.MFAC"/>
  <testcase name="IssuePin" time="3.595" classname="MFAC.MFAC"/>
  <testcase name="IssuePinVelocity" time="4.05" classname="MFAC.MFAC"/>
  <testcase name="IssuePinVelocity" time="5.071" classname="MFAC.MFAC"/>
  <testcase name="IssuePinVelocity" time="5.665" classname="MFAC.MFAC"/>
  <testcase name="IssuePinVelocity" time="6.246" classname="MFAC.MFAC"/>
  <testcase name="IssuePinVelocity" time="6.477" classname="MFAC.MFAC"/>
  <testcase name="IssuePinVelocity" time="6.783" classname="MFAC.MFAC"/>
  <testcase name="IssuePinVelocity" time="6.934" classname="MFAC.MFAC"/>
  <testcase name="IssuePinVelocity" time="7.253" classname="MFAC.MFAC"/>
  <testcase name="VerifyPinNoLongerValid" time="4.212" classname="MFAC.MFAC"/>
  <testcase name="VerifyPinNoLongerValid" time="4.897" classname="MFAC.MFAC"/>
  <testcase name="VerifyPinNoLongerValid" time="4.994" classname="MFAC.MFAC"/>
  <testcase name="VerifyPinNoLongerValid" time="5.347" classname="MFAC.MFAC"/>
  <testcase name="VerifyPinNoLongerValid" time="5.645" classname="MFAC.MFAC"/>
  <testcase name="VerifyPinNoLongerValid" time="5.827" classname="MFAC.MFAC"/>
  <testcase name="VerifyPinNoLongerValid" time="6.122" classname="MFAC.MFAC"/>
  <testcase name="VerifyPinNoLongerValid" time="6.265" classname="MFAC.MFAC"/>
  <testcase name="VerifyPinValid" time="0.633" classname="MFAC.MFAC"/>
  <testcase name="VerifyPinValid" time="1.533" classname="MFAC.MFAC"/>
  <testcase name="VerifyPinValid" time="2.374" classname="MFAC.MFAC"/>
  <testcase name="VerifyPinValid" time="2.414" classname="MFAC.MFAC"/>
  <testcase name="VerifyPinValid" time="2.496" classname="MFAC.MFAC"/>
  <testcase name="VerifyPinValid" time="2.635" classname="MFAC.MFAC"/>
  <testcase name="VerifyPinValid" time="2.725" classname="MFAC.MFAC"/>
  <testcase name="VerifyPinValid" time="2.874" classname="MFAC.MFAC"/>
  <testcase name="VerifyPinVelocity" time="0.657" classname="MFAC.MFAC"/>
  <testcase name="VerifyPinVelocity" time="4.868" classname="MFAC.MFAC"/>
  <testcase name="VerifyPinVelocity" time="5.824" classname="MFAC.MFAC"/>
  <testcase name="VerifyPinVelocity" time="6.26" classname="MFAC.MFAC"/>
  <testcase name="VerifyPinVelocity" time="6.927" classname="MFAC.MFAC"/>
  <testcase name="VerifyPinVelocity" time="8.261" classname="MFAC.MFAC"/>
  <testcase name="VerifyPinVelocity" time="8.35" classname="MFAC.MFAC"/>
  <testcase name="VerifyPinVelocity" time="8.446" classname="MFAC.MFAC"/>
  <testcase name="VerifyPinVelocity" time="8.596" classname="MFAC.MFAC"/>
  <testcase name="VerifyPinVelocity" time="9.658" classname="MFAC.MFAC"/>
  <testcase name="VerifyPinVelocity" time="5.362" classname="MFAC.MFAC"/>
  <testcase name="VerifyPinVelocity" time="5.412" classname="MFAC.MFAC"/>
  <testcase name="VerifyPinVelocity" time="5.227" classname="MFAC.MFAC"/>
  <testcase name="VerifyPinVelocity" time="11.614" classname="MFAC.MFAC"/>
  <testcase name="VerifyPinVelocity" time="5.306" classname="MFAC.MFAC"/>
  <testcase name="VerifyPinVelocity" time="4.837" classname="MFAC.MFAC"/>
  <testcase name="VerifyPinVelocity" time="7.093" classname="MFAC.MFAC"/>
  <testcase name="VerifyPinVelocity" time="7.512" classname="MFAC.MFAC"/>
  <testcase name="VerifyPinVelocity" time="7.685" classname="MFAC.MFAC"/>
  <testcase name="VerifyPinVelocity" time="7.404" classname="MFAC.MFAC"/>
  <testcase name="VerifyPinVelocity" time="8.803" classname="MFAC.MFAC"/>
  <testcase name="VerifyPinVelocity" time="6.013" classname="MFAC.MFAC"/>
  <testcase name="VerifyPinVelocity" time="6.675" classname="MFAC.MFAC"/>
  <testcase name="VerifyPinVelocity" time="6.694" classname="MFAC.MFAC"/>
</testsuite> <!-- Default test -->
