<?xml version="1.0" encoding="UTF-8"?>
<!-- Generated by org.testng.reporters.JUnitXMLReporter -->
<testsuite hostname="WTC-5159473-l2" ignored="5" name="Default test" tests="60" failures="0" timestamp="26 Oct 2018 03:13:11 GMT" time="77.058" errors="0">
  <testcase name="AddressVelocity" time="18.328" classname="TestNG.MFAC"/>
  <testcase name="AddressVelocity" time="20.826" classname="TestNG.MFAC"/>
  <testcase name="AddressVelocity" time="21.097" classname="TestNG.MFAC"/>
  <testcase name="AddressVelocity" time="22.169" classname="TestNG.MFAC"/>
  <testcase name="AddressVelocity" time="22.264" classname="TestNG.MFAC"/>
  <testcase name="AddressVelocity" time="22.556" classname="TestNG.MFAC"/>
  <testcase name="AddressVelocity" time="23.084" classname="TestNG.MFAC"/>
  <testcase name="AddressVelocity" time="23.268" classname="TestNG.MFAC"/>
  <testcase name="AddressVelocity" time="23.392" classname="TestNG.MFAC"/>
  <testcase name="AddressVelocity" time="23.8" classname="TestNG.MFAC"/>
  <testcase name="IssuePin" time="0.32" classname="TestNG.MFAC"/>
  <testcase name="IssuePin" time="0.556" classname="TestNG.MFAC"/>
  <testcase name="IssuePin" time="1.249" classname="TestNG.MFAC"/>
  <testcase name="IssuePin" time="1.534" classname="TestNG.MFAC"/>
  <testcase name="IssuePin" time="2.15" classname="TestNG.MFAC"/>
  <testcase name="IssuePin" time="2.906" classname="TestNG.MFAC"/>
  <testcase name="IssuePin" time="3.217" classname="TestNG.MFAC"/>
  <testcase name="IssuePin" time="3.685" classname="TestNG.MFAC"/>
  <testcase name="IssuePin" time="3.932" classname="TestNG.MFAC"/>
  <testcase name="IssuePin" time="4.178" classname="TestNG.MFAC"/>
  <testcase name="IssuePinVelocity" time="8.865" classname="TestNG.MFAC"/>
  <testcase name="IssuePinVelocity" time="9.173" classname="TestNG.MFAC"/>
  <testcase name="IssuePinVelocity" time="9.317" classname="TestNG.MFAC"/>
  <testcase name="IssuePinVelocity" time="9.473" classname="TestNG.MFAC"/>
  <testcase name="IssuePinVelocity" time="9.689" classname="TestNG.MFAC"/>
  <testcase name="IssuePinVelocity" time="9.901" classname="TestNG.MFAC"/>
  <testcase name="IssuePinVelocity" time="10.065" classname="TestNG.MFAC"/>
  <testcase name="IssuePinVelocity" time="10.497" classname="TestNG.MFAC"/>
  <testcase name="IssuePinVelocity" time="10.961" classname="TestNG.MFAC"/>
  <testcase name="IssuePinVelocity" time="11.156" classname="TestNG.MFAC"/>
  <testcase name="VerifyPinNoLongerValid" time="5.895" classname="TestNG.MFAC"/>
  <testcase name="VerifyPinNoLongerValid" time="6.648" classname="TestNG.MFAC"/>
  <testcase name="VerifyPinNoLongerValid" time="8.766" classname="TestNG.MFAC"/>
  <testcase name="VerifyPinNoLongerValid" time="9.102" classname="TestNG.MFAC"/>
  <testcase name="VerifyPinNoLongerValid" time="9.227" classname="TestNG.MFAC"/>
  <testcase name="VerifyPinNoLongerValid" time="9.579" classname="TestNG.MFAC"/>
  <testcase name="VerifyPinNoLongerValid" time="9.771" classname="TestNG.MFAC"/>
  <testcase name="VerifyPinNoLongerValid" time="9.875" classname="TestNG.MFAC"/>
  <testcase name="VerifyPinNoLongerValid" time="10.047" classname="TestNG.MFAC"/>
  <testcase name="VerifyPinNoLongerValid" time="10.159" classname="TestNG.MFAC"/>
  <testcase name="VerifyPinValid" time="2.892" classname="TestNG.MFAC"/>
  <testcase name="VerifyPinValid" time="3.2" classname="TestNG.MFAC"/>
  <testcase name="VerifyPinValid" time="3.336" classname="TestNG.MFAC"/>
  <testcase name="VerifyPinValid" time="3.448" classname="TestNG.MFAC"/>
  <testcase name="VerifyPinValid" time="3.576" classname="TestNG.MFAC"/>
  <testcase name="VerifyPinValid" time="3.72" classname="TestNG.MFAC"/>
  <testcase name="VerifyPinValid" time="3.832" classname="TestNG.MFAC"/>
  <testcase name="VerifyPinValid" time="3.948" classname="TestNG.MFAC"/>
  <testcase name="VerifyPinValid" time="4.064" classname="TestNG.MFAC"/>
  <testcase name="VerifyPinValid" time="4.168" classname="TestNG.MFAC"/>
  <testcase name="VerifyPinVelocity" time="14.546" classname="TestNG.MFAC"/>
  <testcase name="VerifyPinVelocity" time="17.058" classname="TestNG.MFAC"/>
  <testcase name="VerifyPinVelocity" time="17.961" classname="TestNG.MFAC"/>
  <testcase name="VerifyPinVelocity" time="18.887" classname="TestNG.MFAC"/>
  <testcase name="VerifyPinVelocity" time="19.051" classname="TestNG.MFAC"/>
  <testcase name="VerifyPinVelocity" time="19.387" classname="TestNG.MFAC"/>
  <testcase name="VerifyPinVelocity" time="19.563" classname="TestNG.MFAC"/>
  <testcase name="VerifyPinVelocity" time="20.013" classname="TestNG.MFAC"/>
  <testcase name="VerifyPinVelocity" time="21.253" classname="TestNG.MFAC"/>
  <testcase name="VerifyPinVelocity" time="21.488" classname="TestNG.MFAC"/>
  <testcase name="IssuePinExpiration" time="0.0" classname="TestNG.MFAC">
    <ignored/>
  </testcase> <!-- IssuePinExpiration -->
  <testcase name="AdditionalEnrollmentExpiration" time="0.0" classname="TestNG.MFAC">
    <ignored/>
  </testcase> <!-- AdditionalEnrollmentExpiration -->
  <testcase name="DetermineLockoutTime" time="0.0" classname="TestNG.MFAC">
    <ignored/>
  </testcase> <!-- DetermineLockoutTime -->
  <testcase name="AdditionalEnrollmentExpirationValidate" time="0.0" classname="TestNG.MFAC">
    <ignored/>
  </testcase> <!-- AdditionalEnrollmentExpirationValidate -->
  <testcase name="IssuePinExpirationValidate" time="0.0" classname="TestNG.MFAC">
    <ignored/>
  </testcase> <!-- IssuePinExpirationValidate -->
</testsuite> <!-- Default test -->
