<?xml version="1.0" encoding="UTF-8"?>
<!-- Generated by org.testng.reporters.JUnitXMLReporter -->
<testsuite hostname="WTC-5159473-l2" ignored="0" name="Default test" tests="17" failures="0" timestamp="25 Oct 2018 04:55:57 GMT" time="2.645" errors="0">
  <testcase name="CreateProject" time="1.179" classname="TestNG.CMAC"/>
  <testcase name="CreateProject" time="1.207" classname="TestNG.CMAC"/>
  <testcase name="CreateProject" time="1.271" classname="TestNG.CMAC"/>
  <testcase name="CreateProject" time="1.315" classname="TestNG.CMAC"/>
  <testcase name="RetrieveProjectDetails" time="0.048" classname="TestNG.CMAC"/>
  <testcase name="RetrieveProjectDetails" time="0.092" classname="TestNG.CMAC"/>
  <testcase name="RetrieveProjectDetails" time="0.132" classname="TestNG.CMAC"/>
  <testcase name="RetrieveProjectDetails" time="0.176" classname="TestNG.CMAC"/>
  <testcase name="RetrieveProjectSummary" time="0.048" classname="TestNG.CMAC"/>
  <testcase name="UpdateProject" time="0.244" classname="TestNG.CMAC"/>
  <testcase name="UpdateProject" time="0.292" classname="TestNG.CMAC"/>
  <testcase name="UpdateProject" time="0.328" classname="TestNG.CMAC"/>
  <testcase name="UpdateProject" time="0.376" classname="TestNG.CMAC"/>
  <testcase name="DeleteProject" time="0.234" classname="TestNG.CMAC"/>
  <testcase name="DeleteProject" time="0.279" classname="TestNG.CMAC"/>
  <testcase name="DeleteProject" time="0.323" classname="TestNG.CMAC"/>
  <testcase name="DeleteProject" time="0.371" classname="TestNG.CMAC"/>
</testsuite> <!-- Default test -->
