<?xml version="1.0" encoding="UTF-8"?>
<!-- Generated by org.testng.reporters.JUnitXMLReporter -->
<testsuite hostname="WTC-5159473-l2" ignored="0" name="Default test" tests="17" failures="0" timestamp="25 Oct 2018 05:01:17 GMT" time="2.812" errors="0">
  <testcase name="CreateProject" time="1.201" classname="TestNG.CMAC"/>
  <testcase name="CreateProject" time="1.248" classname="TestNG.CMAC"/>
  <testcase name="CreateProject" time="1.295" classname="TestNG.CMAC"/>
  <testcase name="CreateProject" time="1.342" classname="TestNG.CMAC"/>
  <testcase name="RetrieveProjectDetails" time="0.047" classname="TestNG.CMAC"/>
  <testcase name="RetrieveProjectDetails" time="0.125" classname="TestNG.CMAC"/>
  <testcase name="RetrieveProjectDetails" time="0.172" classname="TestNG.CMAC"/>
  <testcase name="RetrieveProjectDetails" time="0.237" classname="TestNG.CMAC"/>
  <testcase name="RetrieveProjectSummary" time="0.063" classname="TestNG.CMAC"/>
  <testcase name="UpdateProject" time="0.171" classname="TestNG.CMAC"/>
  <testcase name="UpdateProject" time="0.314" classname="TestNG.CMAC"/>
  <testcase name="UpdateProject" time="0.36" classname="TestNG.CMAC"/>
  <testcase name="UpdateProject" time="0.408" classname="TestNG.CMAC"/>
  <testcase name="DeleteProject" time="0.25" classname="TestNG.CMAC"/>
  <testcase name="DeleteProject" time="0.297" classname="TestNG.CMAC"/>
  <testcase name="DeleteProject" time="0.344" classname="TestNG.CMAC"/>
  <testcase name="DeleteProject" time="0.391" classname="TestNG.CMAC"/>
</testsuite> <!-- Default test -->
